
👶 ZION Birth Cycle - 2026-05-10 00:30
👶 Alaric (elite) → Kael (middle) born with 59.50 ZION
👶 Santiago (elite) → Drake (elite) born with 59.50 ZION
👶 Soren (elite) → Kael (elite) born with 59.50 ZION
👶 Haruto (elite) → Dorn (middle) born with 59.50 ZION
👶 Luca (elite) → Vex (elite) born with 59.50 ZION
👶 Rami (elite) → Drake (middle) born with 59.50 ZION
👶 Jasper (elite) → Kael (elite) born with 59.50 ZION
👶 Omar (elite) → Axel (elite) born with 59.50 ZION
👶 Dante (elite) → Dorn (elite) born with 59.50 ZION
👶 Leander (elite) → Cain (elite) born with 59.50 ZION
👶 Zephyr (elite) → Axel (middle) born with 59.50 ZION
👶 Zaid (elite) → Dorn (elite) born with 59.50 ZION
👶 Thiago (elite) → Vex (elite) born with 59.50 ZION
👶 Tatsuya (elite) → Zorn (elite) born with 59.50 ZION
👶 Kenji (elite) → Vex (middle) born with 59.50 ZION
👶 Ibrahim (elite) → Axel (middle) born with 59.50 ZION
👶 Arjun (elite) → Cain (middle) born with 59.50 ZION
👶 Andrei (elite) → Zorn (elite) born with 59.50 ZION
👶 Enzo (elite) → Cain (middle) born with 59.50 ZION
👶 Aaliyah (middle) → Vess (middle) born with 23.80 ZION
👶 Noura (middle) → Tara (middle) born with 23.80 ZION
👶 Rhea (middle) → Vess (middle) born with 23.80 ZION
👶 Linh (middle) → Orin (middle) born with 23.80 ZION
👶 Nia (middle) → Bram (middle) born with 23.80 ZION
👶 Defne (middle) → Mire (middle) born with 23.80 ZION
👶 Kavya (middle) → Lena (middle) born with 23.80 ZION
👶 Sumin (middle) → Orin (middle) born with 23.80 ZION
👶 Anaya (middle) → Lena (middle) born with 23.80 ZION
👶 Mila (middle) → Sera (middle) born with 23.80 ZION
👶 Chiara (middle) → Orin (middle) born with 23.80 ZION
👶 Iryna (middle) → Tara (middle) born with 23.80 ZION
👶 Nadia (middle) → Olan (middle) born with 23.80 ZION
👶 Soraya (middle) → Mire (middle) born with 23.80 ZION
👶 Isabel (middle) → Orin (middle) born with 23.80 ZION
👶 Lucia A (middle) → Vess (middle) born with 23.80 ZION
👶 Salma A (middle) → Vess (middle) born with 23.80 ZION
👶 Jiwoo A (middle) → Vess (middle) born with 23.80 ZION
👶 Kavya A (middle) → Mire (middle) born with 23.80 ZION
👶 Marco A (middle) → Tara (middle) born with 23.80 ZION
👶 Alba A (middle) → Olan (middle) born with 23.80 ZION
👶 Layla A (middle) → Vess (middle) born with 23.80 ZION
👶 Ksenia A (middle) → Mire (middle) born with 23.80 ZION
👶 Nari A (middle) → Olan (middle) born with 23.80 ZION
👶 Yuki A (middle) → Mire (middle) born with 23.80 ZION
👶 Amina A (middle) → Sera (middle) born with 23.80 ZION
👶 Yara A (middle) → Lena (middle) born with 23.80 ZION
👶 Zara A (middle) → Vess (middle) born with 23.80 ZION
👶 Isabel A (middle) → Lena (middle) born with 23.80 ZION
👶 Ines A (middle) → Olan (middle) born with 23.80 ZION
👶 Lucia B (middle) → Bram (middle) born with 23.80 ZION
👶 Salma B (middle) → Mire (middle) born with 23.80 ZION
👶 Leila B (middle) → Lena (middle) born with 23.80 ZION
👶 Jiwoo B (middle) → Olan (middle) born with 23.80 ZION
👶 Tereza B (middle) → Tara (middle) born with 23.80 ZION
👶 Nia B (middle) → Vess (middle) born with 23.80 ZION
👶 Defne B (middle) → Orin (middle) born with 23.80 ZION
👶 Farid B (middle) → Sera (middle) born with 23.80 ZION
👶 Thandi B (middle) → Olan (middle) born with 23.80 ZION
👶 Sumin B (middle) → Olan (middle) born with 23.80 ZION
👶 Marco B (middle) → Mire (middle) born with 23.80 ZION
👶 Iryna B (middle) → Vess (middle) born with 23.80 ZION
👶 Nadia B (middle) → Orin (middle) born with 23.80 ZION
👶 Elif B (middle) → Mire (middle) born with 23.80 ZION
👶 Mariam B (middle) → Vess (middle) born with 23.80 ZION
👶 Yuki B (middle) → Vess (middle) born with 23.80 ZION
👶 Selin B (middle) → Lena (middle) born with 23.80 ZION
👶 Lucia C (middle) → Bram (middle) born with 23.80 ZION
👶 Aaliyah C (middle) → Bram (middle) born with 23.80 ZION
👶 Tereza C (middle) → Sera (middle) born with 23.80 ZION
👶 Imani C (middle) → Vess (middle) born with 23.80 ZION
👶 Noura C (middle) → Olan (middle) born with 23.80 ZION
👶 Samira C (middle) → Orin (middle) born with 23.80 ZION
👶 Farid C (middle) → Olan (middle) born with 23.80 ZION
👶 Kavya C (middle) → Bram (middle) born with 23.80 ZION
👶 Diya C (middle) → Tara (middle) born with 23.80 ZION
👶 Mei C (middle) → Lena (middle) born with 23.80 ZION
👶 Omar D (middle) → Bram (middle) born with 23.80 ZION
👶 Sumin C (middle) → Lena (middle) born with 23.80 ZION
👶 Marco C (middle) → Orin (middle) born with 23.80 ZION
👶 Alba C (middle) → Bram (middle) born with 23.80 ZION
👶 Layla C (middle) → Sera (middle) born with 23.80 ZION
👶 Petra C (middle) → Bram (middle) born with 23.80 ZION
👶 Mariam C (middle) → Olan (middle) born with 23.80 ZION
👶 Nari C (middle) → Bram (middle) born with 23.80 ZION
👶 Soraya C (middle) → Mire (middle) born with 23.80 ZION
👶 Zara C (middle) → Mire (middle) born with 23.80 ZION
👶 Isabel C (middle) → Orin (middle) born with 23.80 ZION
👶 Sakura C (middle) → Lena (middle) born with 23.80 ZION
👶 Leila D (middle) → Lena (middle) born with 23.80 ZION
👶 Tereza D (middle) → Lena (middle) born with 23.80 ZION
👶 Noor D (middle) → Tara (middle) born with 23.80 ZION
👶 Rhea D (middle) → Tara (middle) born with 23.80 ZION
👶 Linh D (middle) → Bram (middle) born with 23.80 ZION
👶 Mei D (middle) → Tara (middle) born with 23.80 ZION
👶 Omar E (middle) → Tara (middle) born with 23.80 ZION
👶 Thandi D (middle) → Olan (middle) born with 23.80 ZION
👶 Sumin D (middle) → Bram (middle) born with 23.80 ZION
👶 Amahle D (middle) → Orin (middle) born with 23.80 ZION
👶 Anaya D (middle) → Vess (middle) born with 23.80 ZION
👶 Mila D (middle) → Mire (middle) born with 23.80 ZION
👶 Alba D (middle) → Olan (middle) born with 23.80 ZION
👶 Layla D (middle) → Vess (middle) born with 23.80 ZION
👶 Dalia D (middle) → Bram (middle) born with 23.80 ZION
👶 Iryna D (middle) → Vess (middle) born with 23.80 ZION
👶 Anika D (middle) → Vess (middle) born with 23.80 ZION
👶 Nadia D (middle) → Vess (middle) born with 23.80 ZION
👶 Mariam D (middle) → Sera (middle) born with 23.80 ZION
👶 Nari D (middle) → Vess (middle) born with 23.80 ZION
👶 Lucia E (middle) → Vess (middle) born with 23.80 ZION
👶 Imani E (middle) → Sera (middle) born with 23.80 ZION
👶 Samira E (middle) → Bram (middle) born with 23.80 ZION
👶 Noor E (middle) → Bram (middle) born with 23.80 ZION
👶 Rhea E (middle) → Vess (middle) born with 23.80 ZION
👶 Linh E (middle) → Mire (middle) born with 23.80 ZION
👶 Nia E (middle) → Vess (middle) born with 23.80 ZION
👶 Defne E (middle) → Olan (middle) born with 23.80 ZION

📊 Births this cycle: 116 | Total alive: 1116
✅ Birth cycle complete!


👶 ZION Birth Cycle - 2026-05-11 00:30
👶 Yong Feng (elite) → Vex Loginov (middle) born with 59.50 ZION
👶 Clara Harrington (elite) → Zorn Kapoor (middle) born with 59.50 ZION
👶 Ayse Keskin (elite) → Vex Garcia (middle) born with 59.50 ZION
👶 Carla Ortega (elite) → Vex Petrov (middle) born with 59.50 ZION
👶 Frida Rasmussen (elite) → Axel Castellan (elite) born with 59.50 ZION
👶 Abasi Akinyi (elite) → Drake Stormborn (elite) born with 59.50 ZION
👶 Alfred Blackwood (elite) → Vex Tanaka (middle) born with 59.50 ZION
👶 Akin Ogunleye (elite) → Kael Castellan (elite) born with 59.50 ZION
👶 Xinyi Feng (elite) → Zorn Ironside (elite) born with 59.50 ZION
👶 Bruno Cortez (elite) → Raze Blackwood (elite) born with 59.50 ZION
👶 Sigrid Larsson (middle) → Vess Kowalski (middle) born with 23.80 ZION
👶 Noemie Bernard (middle) → Sera Diallo (middle) born with 23.80 ZION
👶 Buse Toprak (middle) → Vess Okafor (middle) born with 23.80 ZION
👶 Reina Fujita (middle) → Sera Rossi (middle) born with 23.80 ZION
👶 Qiao Zhao (middle) → Olan Kowalski (middle) born with 23.80 ZION
👶 Estelle Merrick (middle) → Orin Mbeki (middle) born with 23.80 ZION
👶 Ozge Karaca (middle) → Lena Nguyen (middle) born with 23.80 ZION
👶 Priya Tripathi (middle) → Orin Loginov (middle) born with 23.80 ZION
👶 Marina Blackwood (middle) → Olan Rossi (middle) born with 23.80 ZION
👶 Alessia Bianchi (middle) → Bram Mueller (middle) born with 23.80 ZION
👶 Sung Shin (middle) → Olan Garcia (middle) born with 23.80 ZION
👶 Claire Laurent (middle) → Sera Petrov (middle) born with 23.80 ZION
👶 Salma Khoury (middle) → Mire Garcia (middle) born with 23.80 ZION
👶 Samir Nasri (middle) → Mire Tanaka (middle) born with 23.80 ZION
👶 Elena Crawford (middle) → Tara Kowalski (middle) born with 23.80 ZION
👶 Noemie Moreau (middle) → Tara Santos (middle) born with 23.80 ZION
👶 Haruto Hashimoto (middle) → Tara Garcia (middle) born with 23.80 ZION
👶 Kristian Lindberg (middle) → Sera Kowalski (middle) born with 23.80 ZION
👶 Mio Yamamoto (middle) → Tara Mueller (middle) born with 23.80 ZION
👶 Priya Yadav (middle) → Orin Kowalski (middle) born with 23.80 ZION
👶 Defne Kilic (middle) → Vess Loginov (middle) born with 23.80 ZION
👶 Kojo Kamara (middle) → Bram Garcia (middle) born with 23.80 ZION
👶 Paola Escobar (middle) → Orin Santos (middle) born with 23.80 ZION
👶 Hugo Roux (middle) → Tara Mbeki (middle) born with 23.80 ZION
👶 Mandla Mbeki (middle) → Orin Rossi (middle) born with 23.80 ZION
👶 Benedict Sterling (middle) → Vess Yamamoto (middle) born with 23.80 ZION
👶 Sven Lindqvist (middle) → Olan Yamamoto (middle) born with 23.80 ZION
👶 Dagny Madsen (middle) → Vess Parker (middle) born with 23.80 ZION
👶 Jorge Ramirez (middle) → Olan Mbeki (middle) born with 23.80 ZION
👶 Nkechi Ojo (middle) → Olan Mueller (middle) born with 23.80 ZION
👶 Pooja Chauhan (middle) → Tara Parker (middle) born with 23.80 ZION
👶 Pranav Bhat (middle) → Orin Tanaka (middle) born with 23.80 ZION
👶 Reem Barakat (middle) → Tara Okafor (middle) born with 23.80 ZION
👶 Beatriz Teixeira (middle) → Orin Petrov (middle) born with 23.80 ZION
👶 Vitor Cavalcante (middle) → Sera Loginov (middle) born with 23.80 ZION
👶 Imani Okoro (middle) → Sera Tanaka (middle) born with 23.80 ZION
👶 Folami Chirwa (middle) → Tara Tanaka (middle) born with 23.80 ZION
👶 Jiwoo Sun (middle) → Sera Nguyen (middle) born with 23.80 ZION
👶 Hugo Romano (middle) → Vess Petrov (middle) born with 23.80 ZION
👶 Brynja Nystrom (middle) → Bram Loginov (middle) born with 23.80 ZION
👶 Kabir Bansal (middle) → Olan Loginov (middle) born with 23.80 ZION
👶 Nari Kwon (middle) → Tara Kapoor (middle) born with 23.80 ZION
👶 Claire Dubois (middle) → Vess Santos (middle) born with 23.80 ZION
👶 Diya Yadav (middle) → Tara Nguyen (middle) born with 23.80 ZION
👶 Nia Keita (middle) → Orin Garcia (middle) born with 23.80 ZION
👶 Kola Ekwueme (middle) → Olan Parker (middle) born with 23.80 ZION
👶 Estelle Ellington (middle) → Vess Nguyen (middle) born with 23.80 ZION
👶 Rahul Bhat (middle) → Tara Yamamoto (middle) born with 23.80 ZION
👶 Yasmin Haddad (middle) → Mire Santos (middle) born with 23.80 ZION
👶 Leticia Souza (middle) → Tara Diallo (middle) born with 23.80 ZION
👶 Kola Obi (middle) → Olan Kapoor (middle) born with 23.80 ZION
👶 Karin Nielsen (middle) → Lena Mbeki (middle) born with 23.80 ZION
👶 Ginevra Bianchi (middle) → Lena Petrov (middle) born with 23.80 ZION
👶 Zeynep Bozkurt (middle) → Bram Nguyen (middle) born with 23.80 ZION
👶 Yuto Saito (middle) → Sera Kapoor (middle) born with 23.80 ZION
👶 Rashid Hakim (middle) → Mire Kapoor (middle) born with 23.80 ZION
👶 Emi Yamaguchi (middle) → Mire Parker (middle) born with 23.80 ZION
👶 Dorian Kingsley (middle) → Tara Loginov (middle) born with 23.80 ZION
👶 Fatma Erdem (middle) → Vess Rossi (middle) born with 23.80 ZION
👶 Fela Bello (middle) → Tara Petrov (middle) born with 23.80 ZION
👶 Yuna Song (middle) → Orin Yamamoto (middle) born with 23.80 ZION
👶 Kesia Adewale (middle) → Sera Santos (middle) born with 23.80 ZION
👶 Helga Bergstrom (middle) → Vess Diallo (middle) born with 23.80 ZION
👶 Emre Polat (middle) → Orin Okafor (middle) born with 23.80 ZION
👶 Jin Tang (middle) → Mire Loginov (middle) born with 23.80 ZION
👶 Zaid Saleh (middle) → Tara Rossi (middle) born with 23.80 ZION
👶 Cecilia Windsor (middle) → Olan Nguyen (middle) born with 23.80 ZION
👶 Emre Yaman (middle) → Bram Yamamoto (middle) born with 23.80 ZION
👶 Jae Tang (middle) → Vess Garcia (middle) born with 23.80 ZION
👶 Meilin Wu (middle) → Mire Yamamoto (middle) born with 23.80 ZION
👶 Chidi Madueke (middle) → Lena Yamamoto (middle) born with 23.80 ZION
👶 Marco Leroy (middle) → Mire Petrov (middle) born with 23.80 ZION
👶 Sakura Goto (middle) → Lena Parker (middle) born with 23.80 ZION
👶 Alejandro Reyes (middle) → Lena Diallo (middle) born with 23.80 ZION
👶 Yuki Mori (middle) → Olan Petrov (middle) born with 23.80 ZION
👶 Kemi Adeleke (middle) → Tara Rossi 2 (middle) born with 23.80 ZION
👶 Florence Hartwell (middle) → Olan Diallo (middle) born with 23.80 ZION
👶 Rafael Rojas (middle) → Olan Santos (middle) born with 23.80 ZION
👶 Manon Moreau (middle) → Lena Okafor (middle) born with 23.80 ZION
👶 Nandi Nkrumah (middle) → Sera Yamamoto (middle) born with 23.80 ZION

📊 Births this cycle: 90 | Total alive: 1090
✅ Birth cycle complete!


👶 ZION Birth Cycle - 2026-05-12 00:30
👶 Amara Diop (elite) → Dorn Santos (middle) born with 76.16 ZION
👶 Benedict Fairchild (elite) → Cain Stormborn (elite) born with 50.57 ZION
👶 Ricardo Garcia (elite) → Drake Parker (middle) born with 50.57 ZION
👶 Nils Hansen (elite) → Vex Stormborn (elite) born with 50.57 ZION
👶 Adel Taher (elite) → Drake Garcia (middle) born with 50.57 ZION
👶 Kojo Bello (elite) → Dorn Castellan (elite) born with 50.57 ZION
👶 Melis Kurt (elite) → Raze Kapoor (middle) born with 50.57 ZION
👶 Uche Mohammed (elite) → Dorn Parker (middle) born with 50.34 ZION
👶 Pierre Faure (elite) → Kael Vexlar (elite) born with 50.07 ZION
👶 Johan Pedersen (elite) → Dorn Voltaire (elite) born with 50.07 ZION
👶 Lethabo Banda (elite) → Cain Ravenswood (elite) born with 49.83 ZION
👶 Kai Lin (elite) → Zorn Castellan (elite) born with 45.52 ZION
👶 Tommaso Perrin (elite) → Drake Drakon (elite) born with 45.52 ZION
👶 Kenji Saito (elite) → Kael Drakon (elite) born with 45.52 ZION
👶 Kazuki Shimizu (elite) → Drake Petrov (middle) born with 45.52 ZION
👶 Sefu Diop (elite) → Dorn Sterling (elite) born with 44.83 ZION
👶 Akin Ogunleye (elite) → Kael Diallo (middle) born with 36.18 ZION
👶 Abasi Akinyi (elite) → Dorn Blackstone (elite) born with 36.05 ZION
👶 Vex Loginov (middle) → Vess Mueller (middle) born with 28.04 ZION
👶 Adel Abbas (middle) → Vess Tanaka (middle) born with 20.23 ZION
👶 Fela Afolayan (middle) → Vess Kapoor (middle) born with 20.23 ZION
👶 Burak Bayrak (middle) → Lena Loginov (middle) born with 20.23 ZION
👶 Mandla Chirwa (middle) → Bram Petrov (middle) born with 20.23 ZION
👶 Paola Romero (middle) → Bram Santos (middle) born with 20.23 ZION
👶 Santiago Paredes (middle) → Sera Parker (middle) born with 20.23 ZION
👶 Remy Fournier (middle) → Orin Kapoor (middle) born with 20.23 ZION
👶 Amara Omondi (middle) → Tara Tanaka 2 (middle) born with 20.23 ZION
👶 Jae Han (middle) → Vess Mbeki (middle) born with 20.23 ZION
👶 Torben Ekstrom (middle) → Vess Loginov 2 (middle) born with 20.23 ZION
👶 Jisoo Chen (middle) → Orin Parker (middle) born with 20.23 ZION
👶 Haruto Hayashi (middle) → Lena Mueller (middle) born with 20.23 ZION
👶 Clara Somerset (middle) → Mire Mbeki (middle) born with 20.03 ZION
👶 Riko Ogawa (middle) → Tara Nguyen 2 (middle) born with 20.03 ZION
👶 Minji Shin (middle) → Mire Mueller (middle) born with 20.03 ZION
👶 Nasser Darwish (middle) → Mire Diallo (middle) born with 20.03 ZION
👶 Lan Shin (middle) → Lena Rossi (middle) born with 20.03 ZION
👶 Nkechi Ekanem (middle) → Mire Rossi (middle) born with 20.03 ZION
👶 Manon Costa (middle) → Orin Mueller (middle) born with 20.03 ZION
👶 Yusuf Polat (middle) → Tara Nguyen 3 (middle) born with 20.03 ZION
👶 Sofia Garcia (middle) → Sera Mbeki (middle) born with 20.03 ZION
👶 Ragna Johansson (middle) → Lena Kowalski (middle) born with 20.03 ZION
👶 Vivienne Kingsley (middle) → Lena Garcia (middle) born with 20.03 ZION
👶 Neslihan Kara (middle) → Vess Mbeki 2 (middle) born with 19.28 ZION
👶 Vivienne Lockwood (middle) → Lena Kapoor (middle) born with 19.28 ZION
👶 Jing Gao (middle) → Orin Nguyen (middle) born with 19.28 ZION
👶 Valeria Gonzalez (middle) → Vess Santos 2 (middle) born with 19.28 ZION
👶 Zola Adewale (middle) → Mire Nguyen (middle) born with 19.28 ZION
👶 Rohan Tripathi (middle) → Mire Kowalski (middle) born with 19.28 ZION
👶 Iman Al-Rashid (middle) → Tara Tanaka 3 (middle) born with 19.28 ZION
👶 Kojo Toure (middle) → Bram Rossi (middle) born with 19.28 ZION
👶 Selim Guler (middle) → Orin Diallo (middle) born with 18.21 ZION
👶 Adaeze Moyo (middle) → Olan Tanaka (middle) born with 18.21 ZION
👶 Sakura Hasegawa (middle) → Vess Okafor 2 (middle) born with 18.21 ZION
👶 Nasser Khalil (middle) → Sera Mueller (middle) born with 18.21 ZION
👶 Fernando Peralta (middle) → Mire Okafor (middle) born with 18.21 ZION
👶 Meilin Chen (middle) → Olan Okafor (middle) born with 18.21 ZION
👶 Adeline Somerset (middle) → Mire Garcia 2 (middle) born with 18.21 ZION
👶 Dong Zhao (middle) → Vess Tanaka 2 (middle) born with 18.21 ZION
👶 Yuki Ikeda (middle) → Bram Tanaka (middle) born with 18.21 ZION
👶 Kwame Ba (middle) → Sera Garcia (middle) born with 18.21 ZION
👶 Nozomi Shimizu (middle) → Tara Petrov 2 (middle) born with 18.21 ZION
👶 Liv Olofsson (middle) → Sera Okafor (middle) born with 18.21 ZION
👶 Maximilian Lennox (middle) → Orin Diallo 2 (middle) born with 18.03 ZION
👶 Damilola Bamidele (middle) → Mire Kapoor 2 (middle) born with 18.03 ZION
👶 Gustavo Ribeiro (middle) → Mire Diallo 2 (middle) born with 18.03 ZION
👶 Jelani Mbeki (middle) → Vess Kowalski 2 (middle) born with 17.25 ZION
👶 Jomo Akinyi (middle) → Olan Petrov 2 (middle) born with 17.25 ZION
👶 Chiara Lambert (middle) → Lena Santos (middle) born with 17.25 ZION
👶 Dele Ajayi (middle) → Mire Diallo 3 (middle) born with 17.09 ZION
👶 Bram Garcia (middle) → Sera Santos 2 (middle) born with 11.33 ZION
👶 Tara Rossi (middle) → Bram Kapoor (middle) born with 11.33 ZION
👶 Vess Parker (middle) → Lena Tanaka (middle) born with 11.33 ZION
👶 Vess Yamamoto (middle) → Bram Parker (middle) born with 11.33 ZION
👶 Bram Mueller (middle) → Mire Garcia 3 (middle) born with 11.33 ZION
👶 Tara Garcia (middle) → Tara Garcia 2 (middle) born with 11.33 ZION
👶 Vess Santos (middle) → Tara Mueller 2 (middle) born with 11.33 ZION
👶 Lena Petrov (middle) → Sera Parker 2 (middle) born with 11.33 ZION
👶 Bram Loginov (middle) → Vess Garcia 2 (middle) born with 11.33 ZION
👶 Mire Garcia (middle) → Olan Yamamoto 2 (middle) born with 11.22 ZION
👶 Olan Kapoor (middle) → Sera Yamamoto 2 (middle) born with 11.22 ZION
👶 Tara Santos (middle) → Olan Yamamoto 3 (middle) born with 11.22 ZION
👶 Sera Nguyen (middle) → Sera Nguyen 2 (middle) born with 11.22 ZION
👶 Tara Mueller (middle) → Bram Kowalski (middle) born with 11.22 ZION
👶 Vess Rossi (middle) → Mire Diallo 4 (middle) born with 10.38 ZION
👶 Orin Okafor (middle) → Sera Mbeki 2 (middle) born with 10.38 ZION
👶 Orin Loginov (middle) → Vess Tanaka 3 (middle) born with 10.27 ZION
👶 Lena Mbeki (middle) → Tara Nguyen 4 (middle) born with 10.27 ZION
👶 Olan Nguyen (middle) → Mire Yamamoto 2 (middle) born with 10.20 ZION
👶 Orin Yamamoto (middle) → Vess Rossi 2 (middle) born with 10.20 ZION
👶 Olan Garcia (middle) → Orin Yamamoto 2 (middle) born with 10.20 ZION
👶 Tara Kowalski (middle) → Sera Parker 3 (middle) born with 10.20 ZION
👶 Sera Loginov (middle) → Orin Okafor 2 (middle) born with 10.20 ZION
👶 Mire Tanaka (middle) → Olan Mueller 2 (middle) born with 10.10 ZION
👶 Vess Nguyen (middle) → Bram Okafor (middle) born with 10.10 ZION
👶 Tara Rossi 2 (middle) → Mire Parker 2 (middle) born with 9.25 ZION
👶 Orin Garcia (middle) → Tara Mueller 3 (middle) born with 9.16 ZION

📊 Births this cycle: 96 | Total alive: 1186
✅ Birth cycle complete!


👶 ZION Birth Cycle - 2026-05-13 00:30
👶 Fernanda Monteiro (elite) → Cain Parker (middle) born with 42.56 ZION
👶 Murat Erdem (elite) → Drake Okafor (middle) born with 42.56 ZION
👶 Kai Lin (elite) → Kael Nguyen (middle) born with 40.54 ZION
👶 Amara Diop (elite) → Axel Rossi (middle) born with 39.22 ZION
👶 Beatrice Sterling (elite) → Kael Yamamoto (middle) born with 38.69 ZION
👶 Astrid Lindberg (elite) → Kael Thornton (elite) born with 38.69 ZION
👶 Erik Johansson (elite) → Dorn Loginov (middle) born with 38.10 ZION
👶 Murat Aksoy (elite) → Cain Coldwell (elite) born with 38.10 ZION
👶 Marcos Machado (elite) → Cain Yamamoto (middle) born with 36.54 ZION
👶 Kojo Bello (elite) → Zorn Rossi (middle) born with 34.39 ZION
👶 Adel Taher (elite) → Vex Thornton (elite) born with 34.39 ZION
👶 Melis Kurt (elite) → Raze Thornton (elite) born with 34.05 ZION
👶 Alfred Blackwood (elite) → Zorn Okafor (middle) born with 30.95 ZION
👶 Yong Feng (elite) → Vex Diallo (middle) born with 30.77 ZION
👶 Xinyi Feng (elite) → Axel Okafor (middle) born with 30.71 ZION
👶 Pierre Faure (elite) → Zorn Garcia (middle) born with 30.64 ZION
👶 Carla Ortega (elite) → Zorn Santos (middle) born with 30.64 ZION
👶 Akin Ogunleye (elite) → Kael Ashford (elite) born with 24.35 ZION
👶 Kael Diallo (middle) → Tara Garcia 3 (middle) born with 17.22 ZION
👶 Xinyi Zhou (middle) → Mire Santos 2 (middle) born with 17.20 ZION
👶 Tariq Saad (middle) → Lena Yamamoto 2 (middle) born with 17.20 ZION
👶 Ece Karaca (middle) → Lena Kowalski 2 (middle) born with 17.20 ZION
👶 Liliana Fuentes (middle) → Orin Loginov 2 (middle) born with 17.20 ZION
👶 Hao Gao (middle) → Tara Okafor 2 (middle) born with 17.20 ZION
👶 Sefu Mugabe (middle) → Mire Garcia 4 (middle) born with 17.20 ZION
👶 Beatriz Moura (middle) → Lena Okafor 2 (middle) born with 17.20 ZION
👶 Iman Adib (middle) → Bram Diallo (middle) born with 17.20 ZION
👶 Pablo Castillo (middle) → Sera Mbeki 3 (middle) born with 17.20 ZION
👶 Diego Cavalcante (middle) → Sera Mbeki 4 (middle) born with 17.20 ZION
👶 Kunle Onyeka (middle) → Mire Loginov 2 (middle) born with 17.02 ZION
👶 Hyun Kim (middle) → Olan Diallo 2 (middle) born with 17.02 ZION
👶 Nnamdi Madueke (middle) → Sera Loginov 2 (middle) born with 17.02 ZION
👶 Riko Hashimoto (middle) → Orin Mbeki 2 (middle) born with 17.02 ZION
👶 Beatriz Cardoso (middle) → Tara Loginov 2 (middle) born with 17.02 ZION
👶 Nomsa Bello (middle) → Tara Kapoor 2 (middle) born with 16.86 ZION
👶 Dagny Holm (middle) → Lena Rossi 2 (middle) born with 16.86 ZION
👶 Ifeanyi Ojo (middle) → Orin Kowalski 2 (middle) born with 16.86 ZION
👶 Matteo Gallo (middle) → Orin Petrov 2 (middle) born with 16.23 ZION
👶 Yuri Wu (middle) → Sera Rossi 2 (middle) born with 16.23 ZION
👶 Chao Deng (middle) → Bram Mbeki (middle) born with 16.23 ZION
👶 Gabriel Marin (middle) → Tara Loginov 3 (middle) born with 16.08 ZION
👶 Xia Chen (middle) → Orin Petrov 3 (middle) born with 16.07 ZION
👶 Pranav Reddy (middle) → Bram Okafor 2 (middle) born with 15.92 ZION
👶 Gustavo Lima (middle) → Bram Yamamoto 2 (middle) born with 15.48 ZION
👶 Neha Jain (middle) → Vess Mbeki 3 (middle) born with 15.48 ZION
👶 Carlos Acosta (middle) → Sera Garcia 2 (middle) born with 15.47 ZION
👶 Sota Kato (middle) → Tara Diallo 2 (middle) born with 15.47 ZION
👶 Lan Zhang (middle) → Bram Mueller 2 (middle) born with 15.47 ZION
👶 Pablo Ortega (middle) → Lena Diallo 2 (middle) born with 15.47 ZION
👶 Tau Toure (middle) → Orin Diallo 3 (middle) born with 15.47 ZION
👶 Haruka Matsumoto (middle) → Bram Garcia 2 (middle) born with 15.32 ZION
👶 Folake Ojo (middle) → Vess Petrov 2 (middle) born with 15.32 ZION
👶 Mahmoud Bakr (middle) → Bram Kowalski 2 (middle) born with 15.32 ZION
👶 Matteo Michel (middle) → Sera Kowalski 2 (middle) born with 15.32 ZION
👶 Joao Lima (middle) → Bram Okafor 3 (middle) born with 15.32 ZION
👶 Victor Kensington (middle) → Lena Rossi 3 (middle) born with 15.32 ZION
👶 Maja Nystrom (middle) → Bram Mueller 3 (middle) born with 15.32 ZION
👶 Zara Majid (middle) → Lena Santos 2 (middle) born with 15.32 ZION
👶 Hala Al-Rashid (middle) → Vess Rossi 3 (middle) born with 15.32 ZION
👶 Rami Rahman (middle) → Olan Kapoor 2 (middle) born with 15.32 ZION
👶 Amina Mansour (middle) → Vess Kowalski 3 (middle) born with 15.17 ZION
👶 Nikhil Reddy (middle) → Orin Parker 2 (middle) born with 15.17 ZION
👶 Kavya Malhotra (middle) → Vess Petrov 3 (middle) born with 14.75 ZION
👶 Lars Lundberg (middle) → Lena Garcia 2 (middle) born with 14.75 ZION
👶 Onur Bulut (middle) → Vess Loginov 3 (middle) born with 14.75 ZION
👶 Akari Ikeda (middle) → Mire Loginov 3 (middle) born with 14.60 ZION
👶 Andre Souza (middle) → Sera Loginov 3 (middle) born with 14.52 ZION
👶 Bhekizizwe Nyang (middle) → Lena Tanaka 2 (middle) born with 14.52 ZION
👶 Lola Adebayo (middle) → Tara Okafor 3 (middle) born with 14.52 ZION
👶 Femi Balogun (middle) → Bram Nguyen 2 (middle) born with 14.52 ZION
👶 Sola Udo (middle) → Mire Kapoor 3 (middle) born with 14.38 ZION
👶 Theodore Kingsley (middle) → Mire Nguyen 2 (middle) born with 14.23 ZION
👶 Santiago Peralta (middle) → Sera Diallo 2 (middle) born with 14.23 ZION
👶 Bram Petrov (middle) → Tara Okafor 4 (middle) born with 9.63 ZION
👶 Olan Mueller (middle) → Vess Okafor 3 (middle) born with 9.63 ZION
👶 Vess Loginov (middle) → Lena Diallo 3 (middle) born with 9.63 ZION
👶 Tara Yamamoto (middle) → Vess Santos 3 (middle) born with 9.63 ZION
👶 Orin Petrov (middle) → Bram Santos 2 (middle) born with 9.54 ZION
👶 Sera Petrov (middle) → Sera Diallo 3 (middle) born with 9.54 ZION
👶 Tara Tanaka 3 (middle) → Vess Mbeki 4 (middle) born with 9.18 ZION
👶 Sera Kapoor (middle) → Olan Nguyen 2 (middle) born with 8.73 ZION
👶 Sera Tanaka (middle) → Tara Parker 2 (middle) born with 8.67 ZION
👶 Mire Kapoor (middle) → Orin Kowalski 3 (middle) born with 8.67 ZION
👶 Lena Parker (middle) → Lena Loginov 2 (middle) born with 8.67 ZION
👶 Vess Kapoor (middle) → Lena Loginov 3 (middle) born with 8.67 ZION
👶 Vess Tanaka (middle) → Bram Garcia 3 (middle) born with 8.67 ZION
👶 Mire Mueller (middle) → Tara Nguyen 5 (middle) born with 8.58 ZION
👶 Tara Diallo (middle) → Bram Mbeki 2 (middle) born with 8.58 ZION
👶 Lena Kowalski (middle) → Lena Petrov 2 (middle) born with 8.58 ZION
👶 Tara Parker (middle) → Mire Parker 3 (middle) born with 8.58 ZION
👶 Mire Diallo 3 (middle) → Bram Petrov 2 (middle) born with 8.14 ZION
👶 Tara Kapoor (middle) → Sera Rossi 3 (middle) born with 7.78 ZION
👶 Tara Tanaka (middle) → Lena Petrov 3 (middle) born with 7.72 ZION
👶 Bram Tanaka (middle) → Bram Kowalski 3 (middle) born with 7.64 ZION
👶 Mire Diallo 2 (middle) → Mire Nguyen 3 (middle) born with 6.78 ZION
👶 Olan Loginov (middle) → Olan Loginov 2 (middle) born with 6.78 ZION

📊 Births this cycle: 96 | Total alive: 1282
✅ Birth cycle complete!


👶 ZION Birth Cycle - 2026-05-14 00:30
👶 Hande Tas (elite) → Axel Kowalski (middle) born with 36.54 ZION
👶 Samira Sharif (elite) → Vex Whitmore (elite) born with 36.44 ZION
👶 Beatrice Sterling (elite) → Drake Diallo (middle) born with 33.97 ZION
👶 Frida Rasmussen (elite) → Kael Okafor (middle) born with 33.86 ZION
👶 Juliette Perrin (elite) → Axel Kapoor (middle) born with 32.89 ZION
👶 Giovanni Conte (elite) → Cain Vexlar (elite) born with 32.89 ZION
👶 Dina Shammas (elite) → Vex Okafor (middle) born with 32.56 ZION
👶 Natalia Vargas (elite) → Dorn Goldstein (elite) born with 32.23 ZION
👶 Murat Cetin (elite) → Axel Yamamoto (middle) born with 30.75 ZION
👶 Tommaso Perrin (elite) → Vex Goldstein (elite) born with 26.05 ZION
👶 Akin Ogunleye (elite) → Cain Tanaka (middle) born with 21.31 ZION
👶 Alfred Blackwood (elite) → Raze Voltaire (elite) born with 20.84 ZION
👶 Pierre Faure (elite) → Dorn Thornton (elite) born with 20.84 ZION
👶 Yong Feng (elite) → Zorn Nguyen (middle) born with 20.68 ZION
👶 Melis Kurt (elite) → Zorn Vexlar (elite) born with 20.63 ZION
👶 Jomo Chirwa (middle) → Mire Kapoor 4 (middle) born with 19.00 ZION
👶 Adewale Nnamani (middle) → Vess Petrov 4 (middle) born with 18.81 ZION
👶 Kael Yamamoto (middle) → Vess Nguyen 2 (middle) born with 18.42 ZION
👶 Kael Nguyen (middle) → Vess Petrov 5 (middle) born with 18.16 ZION
👶 Leticia Araujo (middle) → Vess Kowalski 4 (middle) born with 17.58 ZION
👶 Cain Yamamoto (middle) → Sera Okafor 2 (middle) born with 17.39 ZION
👶 Zorn Kapoor (middle) → Sera Yamamoto 3 (middle) born with 17.28 ZION
👶 Andre Correia (middle) → Lena Rossi 4 (middle) born with 17.16 ZION
👶 Ida Svendsen (middle) → Bram Diallo 2 (middle) born with 17.10 ZION
👶 Gabriela Ibarra (middle) → Bram Garcia 4 (middle) born with 17.10 ZION
👶 Can Tas (middle) → Lena Mbeki 2 (middle) born with 16.99 ZION
👶 Davide Faure (middle) → Lena Mueller 2 (middle) born with 16.93 ZION
👶 Melis Erdem (middle) → Vess Diallo 2 (middle) born with 16.93 ZION
👶 Ahmet Bozkurt (middle) → Bram Tanaka 2 (middle) born with 16.93 ZION
👶 Seun Adebayo (middle) → Tara Garcia 4 (middle) born with 16.76 ZION
👶 Ishaan Kapoor (middle) → Vess Garcia 3 (middle) born with 16.76 ZION
👶 Maximilian Redgrave (middle) → Vess Santos 4 (middle) born with 16.13 ZION
👶 Zaid Rahman (middle) → Vess Tanaka 4 (middle) born with 15.98 ZION
👶 Jamal Farouk (middle) → Mire Tanaka 2 (middle) born with 15.81 ZION
👶 Zorn Rossi (middle) → Sera Nguyen 3 (middle) born with 15.42 ZION
👶 Roland Ellington (middle) → Vess Mbeki 5 (middle) born with 15.34 ZION
👶 Halima Omondi (middle) → Bram Rossi 2 (middle) born with 14.98 ZION
👶 Joao Gomes (middle) → Tara Mbeki 2 (middle) born with 14.47 ZION
👶 Mio Ishikawa (middle) → Bram Mbeki 3 (middle) born with 14.47 ZION
👶 Tae Kim (middle) → Bram Tanaka 3 (middle) born with 13.81 ZION
👶 Tove Hansen (middle) → Olan Mueller 3 (middle) born with 13.66 ZION
👶 Valentina Girard (middle) → Mire Kowalski 2 (middle) born with 13.66 ZION
👶 Defne Celik (middle) → Bram Diallo 3 (middle) born with 13.15 ZION
👶 Riya Malhotra (middle) → Vess Parker 2 (middle) born with 13.03 ZION
👶 Bisi Ekwueme (middle) → Lena Kapoor 2 (middle) born with 12.90 ZION
👶 Dominic Wentworth (middle) → Sera Yamamoto 4 (middle) born with 12.42 ZION
👶 Sefu Nyang (middle) → Vess Garcia 4 (middle) born with 12.42 ZION
👶 Ryota Ogawa (middle) → Tara Parker 3 (middle) born with 12.30 ZION
👶 Juliana Rocha (middle) → Bram Okafor 4 (middle) born with 12.22 ZION
👶 Abasi Diallo (middle) → Bram Garcia 5 (middle) born with 12.07 ZION
👶 Jomo Kone (middle) → Lena Loginov 4 (middle) born with 12.07 ZION
👶 Sylvia Thornton (middle) → Sera Rossi 4 (middle) born with 12.07 ZION
👶 Ragnar Nielsen (middle) → Mire Diallo 5 (middle) born with 11.94 ZION
👶 Daichi Ishikawa (middle) → Bram Mueller 4 (middle) born with 11.22 ZION
👶 Sofia Merrick (middle) → Orin Parker 3 (middle) born with 11.14 ZION
👶 Olan Yamamoto (middle) → Mire Loginov 4 (middle) born with 10.54 ZION
👶 Sera Loginov 2 (middle) → Lena Mbeki 3 (middle) born with 10.53 ZION
👶 Tara Mbeki (middle) → Olan Okafor 2 (middle) born with 10.43 ZION
👶 Bram Mbeki (middle) → Bram Rossi 3 (middle) born with 10.05 ZION
👶 Bram Diallo (middle) → Tara Yamamoto 2 (middle) born with 9.60 ZION
👶 Olan Tanaka (middle) → Olan Okafor 3 (middle) born with 9.58 ZION
👶 Olan Santos (middle) → Vess Santos 5 (middle) born with 9.58 ZION
👶 Tara Petrov 2 (middle) → Olan Kapoor 3 (middle) born with 9.58 ZION
👶 Orin Santos (middle) → Mire Loginov 5 (middle) born with 9.49 ZION
👶 Orin Mueller (middle) → Orin Diallo 4 (middle) born with 9.49 ZION
👶 Mire Santos (middle) → Lena Okafor 3 (middle) born with 9.49 ZION
👶 Mire Loginov 3 (middle) → Mire Petrov 2 (middle) born with 9.03 ZION
👶 Olan Petrov 2 (middle) → Olan Nguyen 3 (middle) born with 8.99 ZION
👶 Sera Loginov 3 (middle) → Orin Okafor 3 (middle) born with 8.99 ZION
👶 Mire Nguyen 2 (middle) → Bram Parker 2 (middle) born with 8.81 ZION
👶 Tara Petrov (middle) → Olan Petrov 3 (middle) born with 8.68 ZION
👶 Tara Garcia 3 (middle) → Orin Mueller 2 (middle) born with 8.20 ZION
👶 Orin Kapoor (middle) → Lena Garcia 3 (middle) born with 8.19 ZION
👶 Sera Parker (middle) → Lena Garcia 4 (middle) born with 8.02 ZION
👶 Lena Okafor (middle) → Lena Santos 3 (middle) born with 7.55 ZION
👶 Bram Santos (middle) → Sera Yamamoto 5 (middle) born with 7.37 ZION
👶 Olan Diallo (middle) → Orin Loginov 3 (middle) born with 7.30 ZION
👶 Olan Petrov (middle) → Sera Kapoor 2 (middle) born with 7.30 ZION
👶 Bram Kowalski 2 (middle) → Tara Okafor 5 (middle) born with 7.22 ZION
👶 Lena Rossi 2 (middle) → Orin Nguyen 2 (middle) born with 7.15 ZION
👶 Lena Tanaka 2 (middle) → Tara Santos 2 (middle) born with 6.91 ZION
👶 Orin Nguyen (middle) → Mire Nguyen 4 (middle) born with 6.78 ZION

📊 Births this cycle: 82 | Total alive: 1364
✅ Birth cycle complete!


👶 ZION Birth Cycle - 2026-05-15 00:30
👶 Sefu Diop (elite) → Drake Tanaka (middle) born with 33.10 ZION
👶 Fernanda Monteiro (elite) → Drake Loginov (middle) born with 31.78 ZION
👶 Ayse Keskin (elite) → Cain Kowalski (middle) born with 31.74 ZION
👶 Estelle Somerset (elite) → Zorn Thornton (elite) born with 27.75 ZION
👶 Axel Andersson (elite) → Dorn Okafor (middle) born with 27.68 ZION
👶 Samira Sharif (elite) → Kael Tanaka (middle) born with 24.78 ZION
👶 Giovanni Conte (elite) → Dorn Yamamoto (middle) born with 20.52 ZION
👶 Greta Kristensen (elite) → Raze Loginov (middle) born with 20.30 ZION
👶 Lethabo Banda (elite) → Cain Mueller (middle) born with 18.20 ZION
👶 Sola Onyeka (elite) → Dorn Rossi (middle) born with 17.68 ZION
👶 Abasi Akinyi (elite) → Cain Kapoor (middle) born with 17.51 ZION
👶 Drake Okafor (middle) → Mire Mbeki 2 (middle) born with 19.00 ZION
👶 Axel Kowalski (middle) → Tara Diallo 3 (middle) born with 17.39 ZION
👶 Drake Parker (middle) → Tara Nguyen 6 (middle) born with 14.84 ZION
👶 Vex Petrov (middle) → Sera Kapoor 3 (middle) born with 14.82 ZION
👶 Sekou Akinyi (middle) → Sera Loginov 4 (middle) born with 14.39 ZION
👶 Dorn Parker (middle) → Sera Mbeki 5 (middle) born with 13.80 ZION
👶 Leon Lennox (middle) → Bram Rossi 4 (middle) born with 13.67 ZION
👶 Nabil Al-Rashid (middle) → Mire Nguyen 5 (middle) born with 13.50 ZION
👶 Imran Khalil (middle) → Tara Kowalski 2 (middle) born with 13.45 ZION
👶 Vinicius Freitas (middle) → Bram Loginov 2 (middle) born with 12.77 ZION
👶 Seok Wang (middle) → Olan Santos 2 (middle) born with 11.84 ZION
👶 Yusuf Yilmaz (middle) → Mire Loginov 6 (middle) born with 11.07 ZION
👶 Thandi Dlamini (middle) → Bram Diallo 4 (middle) born with 10.96 ZION
👶 Amit Arora (middle) → Sera Parker 4 (middle) born with 10.96 ZION
👶 Mariana Costa (middle) → Mire Yamamoto 3 (middle) born with 10.49 ZION
👶 Marina Windsor (middle) → Lena Petrov 4 (middle) born with 10.24 ZION
👶 Cain Parker (middle) → Tara Diallo 4 (middle) born with 10.07 ZION
👶 Juliette Gallo (middle) → Bram Kapoor 2 (middle) born with 9.86 ZION
👶 Miguel Rojas (middle) → Lena Loginov 5 (middle) born with 9.35 ZION
👶 Tarik Koc (middle) → Bram Tanaka 4 (middle) born with 9.35 ZION
👶 Helga Svendsen (middle) → Sera Loginov 5 (middle) born with 8.86 ZION
👶 Bruna Oliveira (middle) → Olan Mbeki 2 (middle) born with 8.78 ZION
👶 Vess Petrov 5 (middle) → Bram Tanaka 5 (middle) born with 8.65 ZION
👶 Vex Tanaka (middle) → Vess Yamamoto 2 (middle) born with 8.35 ZION
👶 Vess Kowalski (middle) → Bram Parker 3 (middle) born with 8.14 ZION
👶 Sera Yamamoto 3 (middle) → Vess Petrov 6 (middle) born with 8.14 ZION
👶 Vess Petrov (middle) → Lena Mueller 3 (middle) born with 8.14 ZION
👶 Tara Kapoor 2 (middle) → Lena Mbeki 4 (middle) born with 7.90 ZION
👶 Sera Rossi 2 (middle) → Orin Mbeki 3 (middle) born with 7.60 ZION
👶 Lena Mueller 2 (middle) → Mire Petrov 3 (middle) born with 7.25 ZION
👶 Tommaso Costa (middle) → Olan Nguyen 4 (middle) born with 7.20 ZION
👶 Qiao Park (middle) → Lena Parker 2 (middle) born with 7.20 ZION
👶 Matteo Ricci (middle) → Bram Kowalski 4 (middle) born with 7.20 ZION
👶 Derya Celik (middle) → Vess Garcia 5 (middle) born with 7.20 ZION
👶 Vess Diallo 2 (middle) → Tara Parker 4 (middle) born with 7.03 ZION
👶 Mire Tanaka 2 (middle) → Bram Santos 3 (middle) born with 6.78 ZION

📊 Births this cycle: 47 | Total alive: 1311
✅ Birth cycle complete!


👶 ZION Birth Cycle - 2026-05-16 00:30
👶 Arthur Merrick (elite) → Ares Navarro (middle) born with 26.71 ZION
👶 Murat Aksoy (elite) → Cato Ekwueme (middle) born with 24.95 ZION
👶 Clara Harrington (elite) → Ares Icarus (elite) born with 24.46 ZION
👶 Sefu Diop (elite) → Kael Castellano (middle) born with 22.05 ZION
👶 Ayse Keskin (elite) → Vincent Prescott (elite) born with 21.13 ZION
👶 Axel Andersson (elite) → Ares Voss (elite) born with 18.82 ZION
👶 Astrid Lindberg (elite) → Dorian Oberon (elite) born with 18.81 ZION
👶 Nils Hansen (elite) → Gideon Everton (elite) born with 18.63 ZION
👶 Benedict Fairchild (elite) → Ignatius Tran (middle) born with 18.19 ZION
👶 Murat Erdem (elite) → Wolfgang Nguyen (middle) born with 17.67 ZION
👶 Giovanni Conte (elite) → Darius Hexum (elite) born with 17.60 ZION
👶 Drake Garcia (middle) → Tess Usman (middle) born with 17.12 ZION
👶 Dorn Santos (middle) → Glen Fonseca (middle) born with 13.03 ZION
👶 Diego Rojas (middle) → Kira Silva (middle) born with 12.24 ZION
👶 Priscila Araujo (middle) → Zara Adeyemi (middle) born with 11.99 ZION
👶 Dorn Okafor (middle) → Flynn Okafor (middle) born with 10.80 ZION
👶 Tomas Escobar (middle) → Uma Mbeki (middle) born with 10.74 ZION
👶 Sven Norberg (middle) → Beck Kato (middle) born with 10.58 ZION
👶 Dorian Somerset (middle) → Gaia Obasi (middle) born with 10.58 ZION
👶 Estelle Fairfax (middle) → Vess Bergmann (middle) born with 9.41 ZION
👶 Drake Diallo (middle) → Luna Lavoie (middle) born with 8.84 ZION
👶 Sven Holm (middle) → Uma Quiroga (middle) born with 8.80 ZION
👶 Yuri Lin (middle) → Beck Tran (middle) born with 8.62 ZION
👶 Hyeon Sun (middle) → Tess Gupta (middle) born with 8.60 ZION
👶 Takashi Kobayashi (middle) → Luna Araujo (middle) born with 8.03 ZION
👶 Orin Parker (middle) → Kurt Ramirez (middle) born with 7.69 ZION
👶 Drake Petrov (middle) → Sana Ekwueme (middle) born with 7.48 ZION
👶 Zorn Garcia (middle) → Kira Nakata (middle) born with 7.21 ZION
👶 Sera Mbeki 4 (middle) → Tara Suzuki (middle) born with 6.92 ZION
👶 Abasi Keita (middle) → Neil Gupta (middle) born with 6.73 ZION

📊 Births this cycle: 30 | Total alive: 1341
✅ Birth cycle complete!


👶 ZION Birth Cycle - 2026-05-17 00:30
👶 Sefu Diop (elite) → Cato Queensbury (elite) born with 179.86 ZION
👶 Amara Diop (elite) → Cyrus Loginov (middle) born with 87.63 ZION
👶 Hana Kitamura 2 (middle) → Neil Herrera 2 (middle) born with 26.47 ZION
👶 Aria Emeka (middle) → Hugo Kimura 2 (middle) born with 10.11 ZION
👶 Ivor Demir (middle) → Aria Vieira 4 (middle) born with 10.07 ZION
👶 Opal Silva (middle) → Opal Torres 2 (middle) born with 9.35 ZION
👶 Maya Kowalski (middle) → Nora Bakker 2 (middle) born with 9.18 ZION
👶 Neil Ekwueme (middle) → Rena Araujo 2 (middle) born with 9.10 ZION
👶 Wren Pham (middle) → Nora Lopez 2 (middle) born with 8.38 ZION
👶 Aria Ibarra (middle) → Tess Loginov 2 (middle) born with 7.71 ZION
👶 Pita Watanabe (middle) → Opal Ferreira 2 (middle) born with 7.66 ZION
👶 Pita Castillo (middle) → Glen Ramirez 2 (middle) born with 7.59 ZION
👶 Yuki Mueller (middle) → Xena Ferreira 2 (middle) born with 7.56 ZION
👶 Gaia Johansson (middle) → Hugo Oliveira 3 (middle) born with 7.51 ZION
👶 Dana Yamamoto (middle) → Nora Loginov 2 (middle) born with 7.35 ZION
👶 Yuki Kitamura (middle) → Uma Kimura 2 (middle) born with 7.35 ZION
👶 Kira Kimura (middle) → Sera Guerrero 3 (middle) born with 7.17 ZION
👶 Sean Mbeki (middle) → Glen Kimura 6 (middle) born with 7.14 ZION

📊 Births this cycle: 18 | Total alive: 14700
✅ Birth cycle complete!


👶 ZION Birth Cycle - 2026-05-17 07:22

📊 Births this cycle: 0 | Total alive: 2117
✅ Birth cycle complete!


👶 ZION Birth Cycle - 2026-05-17 07:52

📊 Births this cycle: 0 | Total alive: 1859
✅ Birth cycle complete!

