
☀️  No catastrophe today - civilization is safe!

☀️  No catastrophe today - civilization is safe!

☀️  No catastrophe today - civilization is safe!

💰 BLESSING: Golden Rain!
  ✨ Nandi Nkrumah receives 1.66 ZION bonus!
  ✨ Kazuki Kimura receives 0.92 ZION bonus!
  ✨ Rami Darwish receives 0.92 ZION bonus!
  ✨ Jamal Farouk receives 8.13 ZION bonus!
  ✨ Vess Petrov receives 4.64 ZION bonus!
  ✨ Bianca Vega receives 0.49 ZION bonus!
  ✨ Min Kwon receives 0.92 ZION bonus!
  ✨ Yuna Okada receives 0.92 ZION bonus!
  ✨ Benedict Sterling receives 1.27 ZION bonus!
  ✨ Nyasha Dlamini receives 0.92 ZION bonus!
  ✨ Emi Shimizu receives 0.92 ZION bonus!
  ✨ Olan Mueller 2 receives 2.29 ZION bonus!
  ✨ Orin Rossi receives 4.64 ZION bonus!
  ✨ Rafael Garcia receives 0.92 ZION bonus!
  ✨ Rin Okada receives 0.92 ZION bonus!
  ✨ Bo Han receives 0.92 ZION bonus!
  ✨ Laura Whitmore receives 0.92 ZION bonus!
  ✨ Kavya Arora receives 0.92 ZION bonus!
  ✨ Kristian Bergstrom receives 0.92 ZION bonus!
  ✨ Yasmin Haddad receives 1.66 ZION bonus!
  ✨ Sekou Nkrumah receives 0.92 ZION bonus!
  ✨ Kwame Mwangi receives 82.91 ZION bonus!
  ✨ Sigrid Larsson receives 1.66 ZION bonus!
  ✨ Helga Svendsen receives 7.86 ZION bonus!
  ✨ Eren Ilhan receives 0.92 ZION bonus!
  ✨ Yasmin Alami receives 8.21 ZION bonus!
  ✨ Etienne Fournier receives 0.92 ZION bonus!
  ✨ Defne Cetin receives 0.92 ZION bonus!
  ✨ Orin Loginov 2 receives 5.16 ZION bonus!
  ✨ Vess Mbeki 4 receives 2.48 ZION bonus!
  ✨ Olan Mueller receives 1.03 ZION bonus!
  ✨ Sola Udo receives 1.54 ZION bonus!
  ✨ Amahle Mugabe receives 0.49 ZION bonus!
  ✨ Buse Yilmaz receives 0.41 ZION bonus!
  ✨ Sefu Dlamini receives 0.92 ZION bonus!
  ✨ Selin Aksoy receives 0.41 ZION bonus!
  ✨ Alessandro Lambert receives 0.41 ZION bonus!
  ✨ Leon Lennox receives 9.21 ZION bonus!
  ✨ Akari Mori receives 0.92 ZION bonus!
  ✨ Arthur Walton receives 8.21 ZION bonus!
  ✨ Clara Holloway receives 0.92 ZION bonus!
  ✨ Bram Mbeki receives 4.87 ZION bonus!
  ✨ Sneha Arora receives 0.92 ZION bonus!
  ✨ Beatriz Gomes receives 0.92 ZION bonus!
  ✨ Rami Rahman receives 1.64 ZION bonus!
  ✨ Zaid Rahman receives 8.21 ZION bonus!
  ✨ Reem Barakat receives 1.66 ZION bonus!
  ✨ Vess Diallo receives 4.21 ZION bonus!
  ✨ Diego Acosta receives 0.49 ZION bonus!
  ✨ Sakura Hasegawa receives 1.66 ZION bonus!
  ✨ Annelise Holloway receives 0.92 ZION bonus!
  ✨ Nomsa Bello receives 1.81 ZION bonus!
  ✨ Pelin Koc receives 0.41 ZION bonus!
  ✨ Tara Nguyen 5 receives 2.57 ZION bonus!
  ✨ Enzo Marin receives 0.92 ZION bonus!
  ✨ Neha Joshi receives 0.92 ZION bonus!
  ✨ Estelle Merrick receives 1.41 ZION bonus!
  ✨ Antoine Perrin receives 0.92 ZION bonus!
  ✨ Felipe Batista receives 0.92 ZION bonus!
  ✨ Leticia Araujo receives 8.61 ZION bonus!
  ✨ Jelani Mbeki receives 1.57 ZION bonus!
  ✨ Julien Rossi receives 0.41 ZION bonus!
  ✨ Tae Seo receives 0.92 ZION bonus!
  ✨ Olan Yamamoto 2 receives 2.58 ZION bonus!
  ✨ Sung Song receives 0.49 ZION bonus!
  ✨ Hugo Roux receives 1.66 ZION bonus!
  ✨ Khaled Sabri receives 0.49 ZION bonus!
  ✨ Vinicius Almeida receives 0.92 ZION bonus!
  ✨ Tristan Somerset receives 8.29 ZION bonus!
  ✨ Gabriel Santos receives 0.41 ZION bonus!
  ✨ Zorn Okafor receives 8.36 ZION bonus!
  ✨ Davide Andre receives 0.92 ZION bonus!
  ✨ Adewale Nnamani receives 9.21 ZION bonus!
  ✨ Vess Santos receives 0.93 ZION bonus!
  ✨ Matteo Michel receives 1.64 ZION bonus!
  ✨ Tatiana Almeida receives 0.92 ZION bonus!
  ✨ Sera Santos 2 receives 2.89 ZION bonus!
  ✨ Sera Nguyen receives 0.51 ZION bonus!
  ✨ Dorn Castellan receives 11.49 ZION bonus!
  ✨ Pranav Reddy receives 1.70 ZION bonus!
  ✨ Nicolas Windsor receives 0.92 ZION bonus!
  ✨ Imani Okoro receives 1.15 ZION bonus!
  ✨ Vess Kowalski receives 4.64 ZION bonus!
  ✨ Yuki Mori receives 1.84 ZION bonus!
  ✨ Lena Kowalski 2 receives 5.16 ZION bonus!
  ✨ Bram Mueller receives 0.93 ZION bonus!
  ✨ Lola Ekwueme receives 0.41 ZION bonus!
  ✨ Hiro Inoue receives 0.92 ZION bonus!
  ✨ Morayo Udo receives 0.92 ZION bonus!
  ✨ Bruna Oliveira receives 7.78 ZION bonus!
  ✨ Iman Al-Rashid receives 1.12 ZION bonus!
  ✨ Mire Petrov receives 3.74 ZION bonus!
  ✨ Ida Svendsen receives 8.29 ZION bonus!
  ✨ Pierre Ferrari receives 0.92 ZION bonus!
  ✨ Patricia Vargas receives 0.49 ZION bonus!
  ✨ Tara Rossi receives 1.03 ZION bonus!
  ✨ Emeka Ekanem receives 0.92 ZION bonus!
  ✨ Ahmet Celik receives 9.12 ZION bonus!
  ✨ Sera Yamamoto receives 5.16 ZION bonus!
  ✨ Xinyi Song receives 0.92 ZION bonus!
  ✨ Javier Vega receives 7.83 ZION bonus!
  ✨ Caio Teixeira receives 0.92 ZION bonus!
  ✨ Sera Kowalski receives 5.16 ZION bonus!
  ✨ Javier Romero receives 0.92 ZION bonus!
  ✨ Dorian Kingsley receives 1.15 ZION bonus!
  ✨ Mire Parker 2 receives 1.61 ZION bonus!
  ✨ Leonardo Perrin receives 0.49 ZION bonus!
  ✨ Rodrigo Monteiro receives 0.49 ZION bonus!
  ✨ Pelin Sahin receives 0.92 ZION bonus!
  ✨ Tara Loginov receives 5.16 ZION bonus!
  ✨ Diego Rojas receives 8.21 ZION bonus!
  ✨ Priscila Araujo receives 8.21 ZION bonus!
  ✨ Alessandro Rossi receives 0.92 ZION bonus!
  ✨ Sonal Sharma receives 0.92 ZION bonus!
  ✨ Sera Mbeki 2 receives 1.87 ZION bonus!
  ✨ Dorn Voltaire receives 12.77 ZION bonus!
  ✨ Folami Chirwa receives 1.84 ZION bonus!
  ✨ Khaled Taher receives 0.92 ZION bonus!
  ✨ Bianca Lopez receives 0.92 ZION bonus!
  ✨ Akin Ogunleye receives 41.75 ZION bonus!
  ✨ Folake Bamidele receives 0.49 ZION bonus!
  ✨ Roland Ellington receives 7.90 ZION bonus!
  ✨ Titilayo Nwosu receives 0.92 ZION bonus!
  ✨ Sera Parker 3 receives 2.34 ZION bonus!
  ✨ Sera Garcia receives 4.14 ZION bonus!
  ✨ Nkechi Mohammed receives 0.49 ZION bonus!
  ✨ Melis Erdem receives 8.29 ZION bonus!
  ✨ Bram Diallo receives 5.16 ZION bonus!
  ✨ Julian Montgomery receives 0.92 ZION bonus!
  ✨ Drake Okafor receives 11.49 ZION bonus!
  ✨ Zaid Fahmy receives 0.92 ZION bonus!
  ✨ Yejin Liang receives 0.49 ZION bonus!
  ✨ Leila Saad receives 0.92 ZION bonus!
  ✨ Jorge Gonzalez receives 0.92 ZION bonus!
  ✨ Wei Kim receives 0.92 ZION bonus!
  ✨ Rodrigo Gomes receives 0.49 ZION bonus!
  ✨ Joao Lima receives 1.64 ZION bonus!
  ✨ Rashid Taher receives 0.92 ZION bonus!
  ✨ Lena Okafor receives 3.66 ZION bonus!
  ✨ Serkan Kurt receives 0.49 ZION bonus!
  ✨ Orhan Kurt receives 0.92 ZION bonus!
  ✨ Vess Kowalski 3 receives 4.55 ZION bonus!
  ✨ Carolina Souza receives 0.92 ZION bonus!
  ✨ Olan Tanaka receives 4.64 ZION bonus!
  ✨ Cedric Somerset receives 0.92 ZION bonus!
  ✨ Tara Mbeki receives 5.11 ZION bonus!
  ✨ Bhekizizwe Nyang receives 1.56 ZION bonus!
  ✨ Dorn Loginov receives 10.29 ZION bonus!
  ✨ Iman Zein receives 0.92 ZION bonus!
  ✨ Fernanda Monteiro receives 72.96 ZION bonus!
  ✨ Ayodele Onyeka receives 0.92 ZION bonus!
  ✨ Nicolas Merrick receives 0.49 ZION bonus!
  ✨ Adaeze Ajayi receives 0.49 ZION bonus!
  ✨ Nari Zhao receives 0.92 ZION bonus!
  ✨ Orin Parker receives 5.16 ZION bonus!
  ✨ Zola Okoye receives 0.92 ZION bonus!
  ✨ Rashid Nasser receives 0.92 ZION bonus!
  ✨ Paola Escobar receives 1.84 ZION bonus!
  ✨ Clara Somerset receives 1.82 ZION bonus!
  ✨ Murat Dogan receives 0.41 ZION bonus!
  ✨ Leandro Monteiro receives 0.92 ZION bonus!
  ✨ Lena Kowalski receives 0.92 ZION bonus!
  ✨ Emeka Adeleke receives 0.92 ZION bonus!
  ✨ Asuka Hashimoto receives 0.92 ZION bonus!
  ✨ Tara Okafor 2 receives 5.16 ZION bonus!
  ✨ Sefu Mugabe receives 1.84 ZION bonus!
  ✨ Orin Okafor 2 receives 2.57 ZION bonus!
  ✨ Yasemin Guler receives 0.92 ZION bonus!
  ✨ Jorge Ramirez receives 1.66 ZION bonus!
  ✨ Ahmet Bozkurt receives 8.29 ZION bonus!
  ✨ Elena Crawford receives 1.66 ZION bonus!
  ✨ Fernanda Lima receives 0.92 ZION bonus!
  ✨ Stellan Nystrom receives 0.41 ZION bonus!
  ✨ Mire Santos 2 receives 5.16 ZION bonus!
  ✨ Mire Rossi receives 4.60 ZION bonus!
  ✨ Riko Ogawa receives 1.31 ZION bonus!
  ✨ Clara Crawford receives 0.92 ZION bonus!
  ✨ Dagny Madsen receives 1.66 ZION bonus!
  ✨ Mire Kapoor receives 0.93 ZION bonus!
  ✨ Burak Koc receives 0.92 ZION bonus!
  ✨ Idris Bello receives 0.92 ZION bonus!
  ✨ Annika Karlsson receives 0.92 ZION bonus!
  ✨ Murat Aksoy receives 65.32 ZION bonus!
  ✨ Sven Norberg receives 7.78 ZION bonus!
  ✨ Haruto Nakajima receives 0.41 ZION bonus!
  ✨ Tara Garcia receives 1.03 ZION bonus!
  ✨ Nasser Haddad receives 0.92 ZION bonus!
  ✨ Vikram Chopra receives 0.49 ZION bonus!
  ✨ Olan Petrov 2 receives 4.36 ZION bonus!
  ✨ Orin Santos receives 4.60 ZION bonus!
  ✨ Eshe Mutombo receives 0.49 ZION bonus!
  ✨ Chiara Romano receives 0.92 ZION bonus!
  ✨ Can Tas receives 8.78 ZION bonus!
  ✨ Ragna Hansen receives 9.12 ZION bonus!
  ✨ Mire Loginov 3 receives 4.38 ZION bonus!
  ✨ Karim Khoury receives 0.92 ZION bonus!
  ✨ Riko Hashimoto receives 1.64 ZION bonus!
  ✨ Carolina Lima receives 0.49 ZION bonus!
  ✨ Fatma Yaman receives 0.92 ZION bonus!
  ✨ Frida Rasmussen receives 65.66 ZION bonus!
  ✨ Lucas Oliveira receives 0.92 ZION bonus!
  ✨ Kang Liu receives 0.92 ZION bonus!
  ✨ Sera Kowalski 2 receives 4.60 ZION bonus!
  ✨ Ayse Ucar receives 0.49 ZION bonus!
  ✨ Rania Qureshi receives 0.92 ZION bonus!
  ✨ Tara Santos receives 0.92 ZION bonus!
  ✨ Chioma Mohammed receives 0.92 ZION bonus!
  ✨ Naledi Bello receives 0.41 ZION bonus!
  ✨ Vitor Cavalcante receives 1.84 ZION bonus!
  ✨ Cedric Langford receives 0.92 ZION bonus!
  ✨ Amir Nasri receives 0.41 ZION bonus!
  ✨ Sipho Moyo receives 0.92 ZION bonus!
  ✨ Eren Demir receives 0.92 ZION bonus!
  ✨ Ricardo Paredes receives 8.29 ZION bonus!
  ✨ Obinna Afolabi receives 0.41 ZION bonus!
  ✨ Bram Kapoor receives 2.89 ZION bonus!
  ✨ Selim Guler receives 1.15 ZION bonus!
  ✨ Vivienne Lockwood receives 1.76 ZION bonus!
  ✨ Amahle Sow receives 0.49 ZION bonus!
  ✨ Abasi Keita receives 7.78 ZION bonus!
  ✨ Mire Loginov receives 4.60 ZION bonus!
  ✨ Tanvi Iyer receives 0.41 ZION bonus!
  ✨ Tomas Escobar receives 8.29 ZION bonus!
  ✨ Miguel Ortega receives 0.92 ZION bonus!
  ✨ Tarik Koc receives 9.12 ZION bonus!
  ✨ Bruna Souza receives 0.92 ZION bonus!
  ✨ Sera Kapoor receives 0.94 ZION bonus!
  ✨ Benedict Wentworth receives 0.41 ZION bonus!
  ✨ Amahle Dlamini receives 0.41 ZION bonus!
  ✨ Nari Lee receives 0.41 ZION bonus!
  ✨ Orin Mueller receives 4.60 ZION bonus!
  ✨ Mire Mbeki receives 4.55 ZION bonus!
  ✨ Takashi Ito receives 0.92 ZION bonus!
  ✨ Burak Polat receives 0.92 ZION bonus!
  ✨ Liliana Fuentes receives 1.84 ZION bonus!
  ✨ Tae Jung receives 0.92 ZION bonus!
  ✨ Sekou Akinyi receives 9.12 ZION bonus!
  ✨ Annelise Fitzgerald receives 0.92 ZION bonus!
  ✨ Mire Santos receives 4.60 ZION bonus!
  ✨ Tariq Sharif receives 0.92 ZION bonus!
  ✨ Hiro Hayashi receives 0.41 ZION bonus!
  ✨ Tara Petrov 2 receives 4.64 ZION bonus!
  ✨ Lethabo Banda receives 72.61 ZION bonus!
  ✨ Can Keskin receives 0.92 ZION bonus!
  ✨ Nasser Khalil receives 1.66 ZION bonus!
  ✨ Zeynep Bozkurt receives 1.66 ZION bonus!
  ✨ Amara Banda receives 0.92 ZION bonus!
  ✨ Nkechi Ekanem receives 1.31 ZION bonus!
  ✨ Gabriel Marin receives 1.55 ZION bonus!
  ✨ Axel Castellan receives 11.61 ZION bonus!
  ✨ Amina Ndlovu receives 0.92 ZION bonus!
  ✨ Abena Traore receives 0.92 ZION bonus!
  ✨ Caio Barbosa receives 0.92 ZION bonus!
  ✨ Jamal Saleh receives 0.92 ZION bonus!
  ✨ Xinyi Feng receives 52.65 ZION bonus!
  ✨ Tsubasa Saito receives 0.92 ZION bonus!
  ✨ Kristian Lindberg receives 1.27 ZION bonus!
  ✨ Rashid Hakim receives 1.84 ZION bonus!
  ✨ Murat Bulut receives 0.92 ZION bonus!
  ✨ Dina Fahmy receives 7.78 ZION bonus!
  ✨ Tara Mueller 3 receives 2.10 ZION bonus!
  ✨ Hugo Holloway receives 0.92 ZION bonus!
  ✨ Uche Udo receives 0.92 ZION bonus!
  ✨ Juliette Chevalier receives 0.49 ZION bonus!
  ✨ Astrid Ekstrom receives 0.92 ZION bonus!
  ✨ Bianca Leroy receives 0.92 ZION bonus!
  ✨ Antoine Bonnet receives 0.92 ZION bonus!
  ✨ Olan Yamamoto receives 5.11 ZION bonus!
  ✨ Alessandro Romano receives 0.92 ZION bonus!
  ✨ Radhika Mishra receives 0.92 ZION bonus!
  ✨ Sera Mbeki 4 receives 4.64 ZION bonus!
  ✨ Pelin Kara receives 0.41 ZION bonus!
  ✨ Imani Mugabe receives 0.49 ZION bonus!
  ✨ Anika Desai receives 0.92 ZION bonus!
  ✨ Jorge Fuentes receives 0.92 ZION bonus!
  ✨ Clara Harrington receives 65.66 ZION bonus!
  ✨ Abena Okoye receives 0.49 ZION bonus!
  ✨ Sora Gao receives 0.92 ZION bonus!
  ✨ Amara Omondi receives 1.66 ZION bonus!
  ✨ Orin Yamamoto receives 0.93 ZION bonus!
  ✨ Jae Sun receives 0.41 ZION bonus!
  ✨ Maximilian Redgrave receives 7.90 ZION bonus!
  ✨ Tara Okafor 4 receives 2.60 ZION bonus!
  ✨ Bram Garcia 2 receives 4.14 ZION bonus!
  ✨ Nasser Darwish receives 1.64 ZION bonus!
  ✨ Manon Lambert receives 0.92 ZION bonus!
  ✨ Takashi Kobayashi receives 9.21 ZION bonus!
  ✨ Vess Parker receives 1.03 ZION bonus!
  ✨ Jun Yoon receives 0.92 ZION bonus!
  ✨ Ayo Akinyi receives 82.52 ZION bonus!
  ✨ Linnea Nielsen receives 0.92 ZION bonus!
  ✨ Sota Hasegawa receives 0.49 ZION bonus!
  ✨ Yue Han receives 0.92 ZION bonus!
  ✨ Vess Santos 2 receives 4.87 ZION bonus!
  ✨ Nozomi Shimizu receives 1.15 ZION bonus!
  ✨ Drake Garcia receives 11.49 ZION bonus!
  ✨ Chidi Arowolo receives 0.92 ZION bonus!
  ✨ Diya Sharma receives 0.92 ZION bonus!
  ✨ Chidi Madueke receives 1.66 ZION bonus!
  ✨ Akari Nakajima receives 0.49 ZION bonus!
  ✨ Selin Yildiz receives 0.49 ZION bonus!
  ✨ Rohan Chauhan receives 0.49 ZION bonus!
  ✨ Lars Lundberg receives 1.58 ZION bonus!
  ✨ Andres Acosta receives 0.49 ZION bonus!
  ✨ Alejandro Reyes receives 1.84 ZION bonus!
  ✨ Tolga Sahin receives 0.49 ZION bonus!
  ✨ Tara Yamamoto receives 0.93 ZION bonus!
  ✨ Vex Garcia receives 11.10 ZION bonus!
  ✨ Fatima Khoury receives 0.92 ZION bonus!
  ✨ Neslihan Kaya receives 0.92 ZION bonus!
  ✨ Francesco Fournier receives 8.29 ZION bonus!
  ✨ Sera Loginov 2 receives 5.11 ZION bonus!
  ✨ Gabriela Ibarra receives 8.29 ZION bonus!
  ✨ Andre Correia receives 8.78 ZION bonus!
  ✨ Dev Singh receives 0.49 ZION bonus!
  ✨ Murat Erdem receives 72.96 ZION bonus!
  ✨ Emil Svendsen receives 0.92 ZION bonus!
  ✨ Kristian Lindqvist receives 0.92 ZION bonus!
  ✨ Hana Matsumoto receives 0.92 ZION bonus!
  ✨ Kemi Ajayi receives 0.41 ZION bonus!
  ✨ Kael Thornton receives 10.45 ZION bonus!
  ✨ Yong Xu receives 0.92 ZION bonus!
  ✨ Mio Yamamoto receives 1.33 ZION bonus!
  ✨ Nkechi Afolabi receives 0.92 ZION bonus!
  ✨ Rohan Tripathi receives 1.58 ZION bonus!
  ✨ Zeynep Ozturk receives 0.92 ZION bonus!
  ✨ Samir Nasri receives 1.66 ZION bonus!
  ✨ Qiao Zhou receives 0.92 ZION bonus!
  ✨ Jun Park receives 0.49 ZION bonus!
  ✨ Adeline Somerset receives 1.66 ZION bonus!
  ✨ Vess Tanaka 3 receives 2.36 ZION bonus!
  ✨ Dev Kulkarni receives 0.92 ZION bonus!
  ✨ Amara Mugabe receives 0.92 ZION bonus!
  ✨ Mehmet Dogan receives 0.41 ZION bonus!
  ✨ Merve Guler receives 0.92 ZION bonus!
  ✨ Brynja Johansen receives 0.92 ZION bonus!
  ✨ Kojo Chirwa receives 0.49 ZION bonus!
  ✨ Sera Rossi receives 4.60 ZION bonus!
  ✨ Bhekizizwe Ba receives 7.78 ZION bonus!
  ✨ Sade Adeleke receives 0.41 ZION bonus!
  ✨ Olan Nguyen 2 receives 2.62 ZION bonus!
  ✨ Vess Santos 3 receives 2.89 ZION bonus!
  ✨ Seun Adebayo receives 8.21 ZION bonus!
  ✨ Dorn Sterling receives 11.43 ZION bonus!
  ✨ Nabil Al-Rashid receives 7.70 ZION bonus!
  ✨ Serkan Guler receives 0.92 ZION bonus!
  ✨ Nozomi Hashimoto receives 0.41 ZION bonus!
  ✨ Nanami Kimura receives 0.92 ZION bonus!
  ✨ Naoki Shimizu receives 0.92 ZION bonus!
  ✨ Marina Blackwood receives 1.15 ZION bonus!
  ✨ Olan Yamamoto 3 receives 2.35 ZION bonus!
  ✨ Giulia Costa receives 0.92 ZION bonus!
  ✨ Bianca Ferrari receives 0.41 ZION bonus!
  ✨ Camille Faure receives 0.92 ZION bonus!
  ✨ Tara Parker receives 0.92 ZION bonus!
  ✨ Manon Costa receives 1.64 ZION bonus!
  ✨ Orin Okafor receives 0.39 ZION bonus!
  ✨ Sofia Garcia receives 1.64 ZION bonus!
  ✨ Serkan Karaca receives 0.92 ZION bonus!
  ✨ Kaito Abe receives 0.41 ZION bonus!
  ✨ Orin Parker 2 receives 4.55 ZION bonus!
  ✨ Maja Karlsson receives 0.49 ZION bonus!
  ✨ Cesar Castillo receives 0.92 ZION bonus!
  ✨ Vess Petrov 3 receives 4.42 ZION bonus!
  ✨ Meilin Wu receives 1.84 ZION bonus!
  ✨ Deniz Yaman receives 0.92 ZION bonus!
  ✨ Sera Okafor receives 4.64 ZION bonus!
  ✨ Mire Nguyen 2 receives 4.27 ZION bonus!
  ✨ Amal Abbas receives 0.92 ZION bonus!
  ✨ Santiago Peralta receives 1.52 ZION bonus!
  ✨ Christian Winchester receives 0.41 ZION bonus!
  ✨ Akin Mohammed receives 0.92 ZION bonus!
  ✨ Theo Girard receives 0.92 ZION bonus!
  ✨ Adewale Mohammed receives 0.49 ZION bonus!
  ✨ Helena Sterling receives 0.92 ZION bonus!
  ✨ Sebastian Hawthorne receives 0.92 ZION bonus!
  ✨ Greta Kristensen receives 82.52 ZION bonus!
  ✨ Yuto Inoue receives 0.41 ZION bonus!
  ✨ Kazuki Nakamura receives 7.78 ZION bonus!
  ✨ Adel Taher receives 58.96 ZION bonus!
  ✨ Amina Mansour receives 1.63 ZION bonus!
  ✨ Olan Santos receives 4.64 ZION bonus!
  ✨ Bram Santos 2 receives 2.58 ZION bonus!
  ✨ Sara Saad receives 0.49 ZION bonus!
  ✨ Amara Keita receives 0.92 ZION bonus!
  ✨ Mire Loginov 2 receives 5.11 ZION bonus!
  ✨ Ayse Keskin receives 72.96 ZION bonus!
  ✨ Bianca Moreau receives 8.29 ZION bonus!
  ✨ Rania Hamdan receives 0.92 ZION bonus!
  ✨ Tara Tanaka 3 receives 0.98 ZION bonus!
  ✨ Kesia Adewale receives 1.84 ZION bonus!
  ✨ Francesca Ferrari receives 0.92 ZION bonus!
  ✨ Arjun Chauhan receives 0.92 ZION bonus!
  ✨ Jisoo Han receives 0.92 ZION bonus!
  ✨ Nicolas Crawford receives 0.92 ZION bonus!
  ✨ Ishaan Kapoor receives 8.21 ZION bonus!
  ✨ Jae Kwon receives 7.90 ZION bonus!
  ✨ Jae Han receives 1.20 ZION bonus!
  ✨ Maximilian Beckett receives 0.92 ZION bonus!
  ✨ Kael Ashford receives 7.30 ZION bonus!
  ✨ Rafael Rojas receives 1.66 ZION bonus!
  ✨ Diego Cavalcante receives 1.84 ZION bonus!
  ✨ Toma Fujita receives 0.92 ZION bonus!
  ✨ Chao Han receives 0.92 ZION bonus!
  ✨ Miguel Rojas receives 8.29 ZION bonus!
  ✨ Bram Loginov receives 0.42 ZION bonus!
  ✨ Pelin Kilic receives 0.41 ZION bonus!
  ✨ Sofia Hartwell receives 0.41 ZION bonus!
  ✨ Jin Choi receives 0.92 ZION bonus!
  ✨ Neha Jain receives 1.66 ZION bonus!
  ✨ Dele Okafor receives 0.41 ZION bonus!
  ✨ Chioma Ekanem receives 0.49 ZION bonus!
  ✨ Etienne Ferrari receives 0.49 ZION bonus!
  ✨ Fela Afolayan receives 1.66 ZION bonus!
  ✨ Imran Khalil receives 7.67 ZION bonus!
  ✨ Vivienne Kingsley receives 1.13 ZION bonus!
  ✨ Ishaan Nair receives 0.92 ZION bonus!
  ✨ Lena Parker receives 0.93 ZION bonus!
  ✨ Tarik Sahin receives 0.92 ZION bonus!
  ✨ Pelin Tas receives 0.49 ZION bonus!
  ✨ Shin Abe receives 0.92 ZION bonus!
  ✨ Sera Loginov 3 receives 4.36 ZION bonus!
  ✨ Derya Tas receives 0.92 ZION bonus!
  ✨ Carla Ortega receives 52.53 ZION bonus!
  ✨ Lena Petrov receives 0.93 ZION bonus!
  ✨ Sofia Ferrari receives 0.92 ZION bonus!
  ✨ Lars Olofsson receives 0.92 ZION bonus!
  ✨ Tomas Martinez receives 0.92 ZION bonus!
  ✨ Orin Kowalski 2 receives 4.55 ZION bonus!
  ✨ Kenta Mori receives 0.41 ZION bonus!
  ✨ Sven Svensson receives 8.21 ZION bonus!
  ✨ Adrian Redgrave receives 0.92 ZION bonus!
  ✨ Bayo Okafor receives 0.92 ZION bonus!
  ✨ Vex Loginov receives 1.84 ZION bonus!
  ✨ Imran Hamdan receives 91.20 ZION bonus!
  ✨ Haruto Hayashi receives 1.66 ZION bonus!
  ✨ Mariam Mansour receives 0.92 ZION bonus!
  ✨ Benedict Beckett receives 0.92 ZION bonus!
  ✨ Ragna Johansson receives 1.64 ZION bonus!
  ✨ Aiko Nakamura receives 0.49 ZION bonus!
  ✨ Gabriel Lambert receives 0.41 ZION bonus!
  ✨ Mire Garcia 4 receives 5.16 ZION bonus!
  ✨ Seok Shin receives 0.92 ZION bonus!
  ✨ Zara Majid receives 1.64 ZION bonus!
  ✨ Tariq Hakim receives 0.92 ZION bonus!
  ✨ Isabella Santos receives 0.92 ZION bonus!
  ✨ Naoki Kimura receives 0.92 ZION bonus!
  ✨ Vex Stormborn receives 11.49 ZION bonus!
  ✨ Tau Toure receives 1.66 ZION bonus!
  ✨ Kavya Iyer receives 0.92 ZION bonus!
  ✨ Linnea Persson receives 0.49 ZION bonus!
  ✨ Andres Paredes receives 0.92 ZION bonus!
  ✨ Bram Okafor 2 receives 4.78 ZION bonus!
  ✨ Gustavo Costa receives 0.92 ZION bonus!
  ✨ Lan He receives 0.92 ZION bonus!
  ✨ Femi Madueke receives 0.41 ZION bonus!
  ✨ Pablo Castillo receives 1.66 ZION bonus!
  ✨ Tommaso Fontana receives 0.92 ZION bonus!
  ✨ Kristian Dahlberg receives 0.92 ZION bonus!
  ✨ Ifeoma Ekwueme receives 0.92 ZION bonus!
  ✨ Mire Garcia 3 receives 2.86 ZION bonus!
  ✨ Alisha Sharma receives 0.92 ZION bonus!
  ✨ Samira Sharif receives 83.60 ZION bonus!
  ✨ Tara Petrov receives 4.21 ZION bonus!
  ✨ Raze Blackwood receives 11.49 ZION bonus!
  ✨ Burak Bayrak receives 1.66 ZION bonus!
  ✨ Salma Khoury receives 1.27 ZION bonus!
  ✨ Sera Rossi 2 receives 4.87 ZION bonus!
  ✨ Sara Shammas receives 0.41 ZION bonus!
  ✨ Benedict Kensington receives 0.49 ZION bonus!
  ✨ Yong Zhou receives 0.92 ZION bonus!
  ✨ Aiko Ikeda receives 8.21 ZION bonus!
  ✨ Hyun Seo receives 0.41 ZION bonus!
  ✨ Drake Stormborn receives 11.10 ZION bonus!
  ✨ Zaid Saleh receives 1.66 ZION bonus!
  ✨ Emma Perrin receives 0.92 ZION bonus!
  ✨ Kavya Kapoor receives 0.49 ZION bonus!
  ✨ Dorian Remington receives 0.92 ZION bonus!
  ✨ Noemie Moreau receives 1.27 ZION bonus!
  ✨ Tristan Whitmore receives 8.29 ZION bonus!
  ✨ Nyasha Mbeki receives 0.41 ZION bonus!
  ✨ Sigrid Kristensen receives 0.49 ZION bonus!
  ✨ Davide Faure receives 8.29 ZION bonus!
  ✨ Vess Nguyen receives 0.92 ZION bonus!
  ✨ Emilio Acosta receives 0.92 ZION bonus!
  ✨ Liv Ekstrom receives 0.92 ZION bonus!
  ✨ Lan Zhang receives 1.66 ZION bonus!
  ✨ Thandi Keita receives 8.29 ZION bonus!
  ✨ Hyun Kim receives 1.82 ZION bonus!
  ✨ Orin Yamamoto 2 receives 1.83 ZION bonus!
  ✨ Lena Mueller receives 4.60 ZION bonus!
  ✨ Sera Petrov receives 0.92 ZION bonus!
  ✨ Axel Okafor receives 8.29 ZION bonus!
  ✨ Thiago Nascimento receives 0.92 ZION bonus!
  ✨ Zorn Castellan receives 9.99 ZION bonus!
  ✨ Nandi Kone receives 0.49 ZION bonus!
  ✨ Shin Nakajima receives 93.01 ZION bonus!
  ✨ Adriana Escobar receives 0.92 ZION bonus!
  ✨ Kazuki Shimizu receives 66.33 ZION bonus!
  ✨ Olan Loginov 2 receives 1.83 ZION bonus!
  ✨ Carlos Acosta receives 1.66 ZION bonus!
  ✨ Sven Lindqvist receives 1.15 ZION bonus!
  ✨ Nkechi Okonkwo receives 0.92 ZION bonus!
  ✨ Nnamdi Afolabi receives 0.92 ZION bonus!
  ✨ Tara Kapoor 2 receives 4.55 ZION bonus!
  ✨ Rajat Chauhan receives 0.92 ZION bonus!
  ✨ Elin Kristensen receives 0.41 ZION bonus!
  ✨ Tanvi Kapoor receives 0.49 ZION bonus!
  ✨ Tara Parker 2 receives 2.60 ZION bonus!
  ✨ Jomo Chirwa receives 9.21 ZION bonus!
  ✨ Seok Liang receives 0.92 ZION bonus!
  ✨ Yusuf Bulut receives 0.49 ZION bonus!
  ✨ Dorian Somerset receives 7.90 ZION bonus!
  ✨ Kaori Hasegawa receives 0.41 ZION bonus!
  ✨ Vex Thornton receives 10.32 ZION bonus!
  ✨ Lena Nguyen receives 4.60 ZION bonus!
  ✨ Adrian Lennox receives 0.92 ZION bonus!
  ✨ Beatrice Sterling receives 66.33 ZION bonus!
  ✨ Halima Omondi receives 7.26 ZION bonus!
  ✨ Caio Moura receives 0.92 ZION bonus!
  ✨ Carlos Diaz receives 0.92 ZION bonus!
  ✨ Imran Bakr receives 0.92 ZION bonus!
  ✨ Orin Diallo 2 receives 4.14 ZION bonus!
  ✨ Vinicius Freitas receives 8.29 ZION bonus!
  ✨ Misaki Hasegawa receives 0.92 ZION bonus!
  ✨ Vess Petrov 2 receives 4.60 ZION bonus!
  ✨ Yuki Ikeda receives 1.66 ZION bonus!
  ✨ Orin Diallo 3 receives 4.64 ZION bonus!
  ✨ Kavya Malhotra receives 1.58 ZION bonus!
  ✨ Lena Garcia receives 4.60 ZION bonus!
  ✨ Jelani Okoye receives 0.92 ZION bonus!
  ✨ Amara Diop receives 67.24 ZION bonus!
  ✨ Ricardo Alvarez receives 0.41 ZION bonus!
  ✨ Funke Okonkwo receives 0.92 ZION bonus!
  ✨ Orin Petrov receives 1.02 ZION bonus!
  ✨ Sera Loginov receives 0.93 ZION bonus!
  ✨ Mariana Suarez receives 0.49 ZION bonus!
  ✨ Seun Udo receives 0.41 ZION bonus!
  ✨ Bo Jung receives 0.41 ZION bonus!
  ✨ Rami Majid receives 0.92 ZION bonus!
  ✨ Matteo Gallo receives 1.74 ZION bonus!
  ✨ Qiao Zhao receives 1.66 ZION bonus!
  ✨ Gustavo Ribeiro receives 1.64 ZION bonus!
  ✨ Helga Gustafsson receives 0.49 ZION bonus!
  ✨ Yue Sun receives 0.92 ZION bonus!
  ✨ Zorn Garcia receives 8.27 ZION bonus!

⚔️ CATASTROPHE: Civil War!
Affecting 607 out of 1364 agents...

  ⚔️ Aiko Nakamura: 1.79 → 1.16 ZION
  ⚔️ Lars Olofsson: 3.39 → 2.20 ZION
  💀 Asuka Watanabe DIED in Civil War!
  ⚔️ Sylvia Thornton: 4.31 → 2.80 ZION
  💀 Annika Eriksson DIED in Civil War!
  ⚔️ Annika Karlsson: 3.39 → 2.20 ZION
  ⚔️ Olan Mueller: 2.10 → 1.37 ZION
  ⚔️ Orin Mueller: 3.39 → 2.20 ZION
  ⚔️ Elena Crawford: 6.11 → 3.97 ZION
  ⚔️ Xinyi Zhou: 4.70 → 3.06 ZION
  ⚔️ Zorn Kapoor: 6.17 → 4.01 ZION
  ⚔️ Hala Al-Rashid: 4.65 → 3.02 ZION
  ⚔️ Lena Kowalski 2: 19.01 → 12.36 ZION
  ⚔️ Roland Ellington: 5.48 → 3.56 ZION
  ⚔️ Bram Garcia 3: 7.37 → 4.79 ZION
  ⚔️ Sera Mbeki 3: 12.92 → 8.40 ZION
  ⚔️ Tau Toure: 6.11 → 3.97 ZION
  ⚔️ Aylin Kilic: 23.25 → 15.11 ZION
  ⚔️ Rania Rahman: 2.61 → 1.70 ZION
  ⚔️ Tara Petrov 2: 3.42 → 2.22 ZION
  ⚔️ Seok Jang: 2.61 → 1.70 ZION
  ⚔️ Tope Adeleke: 2.61 → 1.70 ZION
  ⚔️ Mire Garcia 4: 18.82 → 12.23 ZION
  ⚔️ Astrid Ekstrom: 1.69 → 1.10 ZION
  ⚔️ Riya Chopra: 2.61 → 1.70 ZION
  💀 Anika Chauhan DIED in Civil War!
  ⚔️ Folake Ojo: 4.65 → 3.02 ZION
  ⚔️ Sera Mueller: 11.33 → 7.36 ZION
  💀 Amina Bello DIED in Civil War!
  ⚔️ Orin Kowalski: 11.59 → 7.53 ZION
  ⚔️ Murat Cetin: 158.13 → 102.78 ZION
  ⚔️ Olan Mueller 3: 12.29 → 7.99 ZION
  💀 Eshe Diop DIED in Civil War!
  ⚔️ Yasemin Guler: 3.39 → 2.20 ZION
  💀 Naoki Hayashi DIED in Civil War!
  ⚔️ Miguel Ortega: 3.39 → 2.20 ZION
  ⚔️ Bram Nguyen 2: 10.64 → 6.92 ZION
  ⚔️ Sinan Kurt: 2.61 → 1.70 ZION
  ⚔️ Sofia Ferrari: 3.39 → 2.20 ZION
  ⚔️ Olan Mbeki: 12.92 → 8.40 ZION
  ⚔️ Yue Han: 3.39 → 2.20 ZION
  ⚔️ Maximilian Redgrave: 5.76 → 3.74 ZION
  ⚔️ Estelle Ellington: 4.70 → 3.06 ZION
  ⚔️ Kofi Mensah: 2.61 → 1.70 ZION
  💀 Sola Ekwueme DIED in Civil War!
  ⚔️ Amit Singh: 23.26 → 15.12 ZION
  ⚔️ Olan Yamamoto 3: 7.79 → 5.06 ZION
  ⚔️ Lena Petrov 2: 7.29 → 4.74 ZION
  💀 Ricardo Alvarez DIED in Civil War!
  ⚔️ Tove Eriksson: 2.61 → 1.70 ZION
  💀 Seun Madueke DIED in Civil War!
  ⚔️ Arthur Walton: 29.92 → 19.45 ZION
  ⚔️ Amina Ndlovu: 3.39 → 2.20 ZION
  ⚔️ Kavya Malhotra: 5.82 → 3.78 ZION
  💀 Nnamdi Ibrahim DIED in Civil War!
  ⚔️ Matteo Ricci: 23.49 → 15.27 ZION
  ⚔️ Vess Mbeki 4: 9.13 → 5.93 ZION
  ⚔️ Diya Yadav: 3.60 → 2.34 ZION
  ⚔️ Asha Singh: 2.61 → 1.70 ZION
  💀 Sigrid Kristensen DIED in Civil War!
  ⚔️ Shota Hashimoto: 2.61 → 1.70 ZION
  ⚔️ Leonardo Perrin: 1.79 → 1.16 ZION
  ⚔️ Tae Seo: 1.69 → 1.10 ZION
  ⚔️ Vex Whitmore: 32.80 → 21.32 ZION
  ⚔️ Tara Okafor 4: 7.88 → 5.12 ZION
  ⚔️ Santiago Paredes: 5.23 → 3.40 ZION
  ⚔️ Ingrid Johansen: 21.96 → 14.27 ZION
  💀 Rajat Desai DIED in Civil War!
  ⚔️ Pierre Faure: 119.07 → 77.40 ZION
  ⚔️ Leticia Araujo: 6.28 → 4.08 ZION
  ⚔️ Nasser Darwish: 6.04 → 3.93 ZION
  ⚔️ Lena Rossi: 12.65 → 8.22 ZION
  ⚔️ Mariana Suarez: 1.79 → 1.16 ZION
  ⚔️ Riya Chauhan: 2.61 → 1.70 ZION
  ⚔️ Clara Somerset: 6.72 → 4.37 ZION
  ⚔️ Jisoo Chen: 5.23 → 3.40 ZION
  ⚔️ Cecilia Merrick: 2.61 → 1.70 ZION
  ⚔️ Aylin Bozkurt: 2.61 → 1.70 ZION
  💀 Rin Kato DIED in Civil War!
  💀 Soojin Choi DIED in Civil War!
  ⚔️ Javier Vega: 28.56 → 18.56 ZION
  ⚔️ Rin Okada: 3.39 → 2.20 ZION
  ⚔️ Orin Petrov 2: 12.42 → 8.07 ZION
  ⚔️ Mire Parker 2: 4.24 → 2.76 ZION
  💀 Gabriel Santos DIED in Civil War!
  ⚔️ Maximilian Sterling: 2.61 → 1.70 ZION
  ⚔️ Natalia Costa: 2.61 → 1.70 ZION
  ⚔️ Vikram Chopra: 1.79 → 1.16 ZION
  💀 Dorian Wentworth DIED in Civil War!
  ⚔️ Bilal Fahmy: 2.61 → 1.70 ZION
  ⚔️ Lena Garcia: 16.94 → 11.01 ZION
  ⚔️ Mire Kapoor 4: 19.00 → 12.35 ZION
  ⚔️ Sota Yamaguchi: 2.61 → 1.70 ZION
  💀 Tara Rossi 2 DIED in Civil War!
  ⚔️ Abasi Keita: 28.65 → 18.62 ZION
  ⚔️ Ryota Ogawa: 4.39 → 2.85 ZION
  ⚔️ Amara Kone: 2.61 → 1.70 ZION
  ⚔️ Tae Lin: 2.61 → 1.70 ZION
  ⚔️ Hao Gao: 4.70 → 3.06 ZION
  ⚔️ Patricia Ibarra: 2.61 → 1.70 ZION
  ⚔️ Vess Parker: 2.10 → 1.37 ZION
  ⚔️ Kojo Toure: 2.78 → 1.81 ZION
  ⚔️ Bram Mbeki 3: 14.47 → 9.41 ZION
  ⚔️ Sera Kowalski 2: 13.71 → 8.91 ZION
  ⚔️ Natalia Mendoza: 2.61 → 1.70 ZION
  ⚔️ Radhika Mishra: 3.39 → 2.20 ZION
  ⚔️ Jisoo Feng: 2.61 → 1.70 ZION
  ⚔️ Alva Svensson: 2.61 → 1.70 ZION
  ⚔️ Zola Okoye: 3.39 → 2.20 ZION
  ⚔️ Orin Okafor 2: 9.48 → 6.16 ZION
  ⚔️ Ragnar Nielsen: 4.27 → 2.78 ZION
  ⚔️ Valeria Martinez: 2.61 → 1.70 ZION
  ⚔️ Caio Teixeira: 3.39 → 2.20 ZION
  ⚔️ Kavya Iyer: 3.39 → 2.20 ZION
  💀 Pelin Tas DIED in Civil War!
  💀 Damian Ellington DIED in Civil War!
  ⚔️ Cesar Castillo: 1.69 → 1.10 ZION
  ⚔️ Kola Ekwueme: 3.00 → 1.95 ZION
  ⚔️ Mire Santos: 3.39 → 2.20 ZION
  ⚔️ Bilal Alami: 2.61 → 1.70 ZION
  ⚔️ Selin Karaca: 21.56 → 14.01 ZION
  ⚔️ Leandro Oliveira: 2.61 → 1.70 ZION
  ⚔️ Defne Cetin: 3.39 → 2.20 ZION
  ⚔️ Ricardo Garcia: 186.05 → 120.93 ZION
  ⚔️ Mire Yamamoto 2: 7.37 → 4.79 ZION
  ⚔️ Kael Okafor: 30.47 → 19.81 ZION
  ⚔️ Vess Mbeki: 13.16 → 8.55 ZION
  ⚔️ Bram Garcia 4: 17.10 → 11.12 ZION
  ⚔️ Mire Parker: 11.59 → 7.53 ZION
  ⚔️ Alessia Bianchi: 4.70 → 3.06 ZION
  ⚔️ Tariq Sharif: 3.39 → 2.20 ZION
  ⚔️ Orin Mbeki 2: 13.02 → 8.46 ZION
  ⚔️ Pablo Ortega: 4.70 → 3.06 ZION
  ⚔️ Vex Tanaka: 30.06 → 19.54 ZION
  ⚔️ Vinicius Almeida: 3.39 → 2.20 ZION
  ⚔️ Vess Tanaka: 2.64 → 1.72 ZION
  ⚔️ Claire Dubois: 3.60 → 2.34 ZION
  ⚔️ Zorn Garcia: 30.47 → 19.81 ZION
  ⚔️ Mire Rossi: 15.24 → 9.91 ZION
  💀 Fernanda Suarez DIED in Civil War!
  ⚔️ Adrian Redgrave: 1.69 → 1.10 ZION
  ⚔️ Lena Rossi 2: 2.55 → 1.66 ZION
  ⚔️ Yuki Mori: 6.80 → 4.42 ZION
  ⚔️ Amahle Sow: 1.79 → 1.16 ZION
  ⚔️ Olan Diallo: 2.61 → 1.70 ZION
  ⚔️ Bram Diallo: 3.43 → 2.23 ZION
  ⚔️ Takashi Kobayashi: 33.93 → 22.05 ZION
  ⚔️ Akari Ikeda: 4.44 → 2.89 ZION
  ⚔️ Leticia Almeida: 2.61 → 1.70 ZION
  ⚔️ Sven Pedersen: 2.61 → 1.70 ZION
  ⚔️ Natalia Vargas: 184.18 → 119.72 ZION
  ⚔️ Bianca Leroy: 3.39 → 2.20 ZION
  ⚔️ Natalie Whitmore: 2.61 → 1.70 ZION
  ⚔️ Mandla Chirwa: 4.70 → 3.06 ZION
  ⚔️ Rashid Taher: 3.39 → 2.20 ZION
  ⚔️ Yuna Okada: 1.69 → 1.10 ZION
  ⚔️ Ida Olofsson: 2.61 → 1.70 ZION
  ⚔️ Andres Acosta: 1.79 → 1.16 ZION
  ⚔️ Natsumi Tanaka: 2.61 → 1.70 ZION
  ⚔️ Bram Santos: 2.63 → 1.71 ZION
  ⚔️ Olan Diallo 2: 12.89 → 8.38 ZION
  ⚔️ Paola Escobar: 6.80 → 4.42 ZION
  💀 Kai He DIED in Civil War!
  ⚔️ Ragna Hansen: 28.70 → 18.66 ZION
  ⚔️ Derya Celik: 23.26 → 15.12 ZION
  💀 Faris Adib DIED in Civil War!
  ⚔️ Funke Okonkwo: 3.39 → 2.20 ZION
  ⚔️ Hugo Roux: 6.11 → 3.97 ZION
  ⚔️ Giovanni Bernard: 2.61 → 1.70 ZION
  ⚔️ Thiago Oliveira: 2.61 → 1.70 ZION
  ⚔️ Christian Pembroke: 2.61 → 1.70 ZION
  ⚔️ Davide Faure: 6.05 → 3.93 ZION
  💀 Nabil Zein DIED in Civil War!
  ⚔️ Lena Petrov 3: 5.90 → 3.84 ZION
  ⚔️ Gustavo Ribeiro: 6.04 → 3.93 ZION
  ⚔️ Mire Loginov: 16.94 → 11.01 ZION
  ⚔️ Matteo Gallo: 6.41 → 4.17 ZION
  ⚔️ Bram Tanaka: 2.09 → 1.36 ZION
  ⚔️ Hande Tas: 187.92 → 122.15 ZION
  ⚔️ Greta Gustafsson: 2.61 → 1.70 ZION
  ⚔️ Vex Okafor: 29.30 → 19.05 ZION
  ⚔️ Leila Saad: 3.39 → 2.20 ZION
  ⚔️ Tara Yamamoto 2: 8.64 → 5.62 ZION
  ⚔️ Yasmin Haddad: 6.11 → 3.97 ZION
  ⚔️ Yetunde Onyeka: 2.61 → 1.70 ZION
  ⚔️ Zorn Nguyen: 20.69 → 13.45 ZION
  ⚔️ Orin Yamamoto 2: 6.74 → 4.38 ZION
  ⚔️ Olan Okafor 2: 10.43 → 6.78 ZION
  ⚔️ Bram Kowalski: 6.66 → 4.33 ZION
  ⚔️ Amanda Almeida: 2.61 → 1.70 ZION
  💀 Pranav Bansal DIED in Civil War!
  💀 Sera Tanaka DIED in Civil War!
  ⚔️ Sameer Tripathi: 2.61 → 1.70 ZION
  💀 Marco Laurent DIED in Civil War!
  ⚔️ Brynja Nystrom: 3.00 → 1.95 ZION
  ⚔️ Tommaso Perrin: 148.84 → 96.75 ZION
  ⚔️ Olan Okafor 3: 9.58 → 6.23 ZION
  ⚔️ Defne Kilic: 4.70 → 3.06 ZION
  ⚔️ Matteo Michel: 6.04 → 3.93 ZION
  ⚔️ Gabriel Marin: 5.71 → 3.71 ZION
  ⚔️ Chidi Arowolo: 3.39 → 2.20 ZION
  ⚔️ Kang Jung: 2.61 → 1.70 ZION
  ⚔️ Lena Diallo 2: 10.31 → 6.70 ZION
  ⚔️ Sola Udo: 5.67 → 3.69 ZION
  ⚔️ Vanessa Andrade: 2.61 → 1.70 ZION
  💀 Pelin Kara DIED in Civil War!
  💀 Yousef Saleh DIED in Civil War!
  ⚔️ Nanami Kimura: 3.39 → 2.20 ZION
  💀 Francesco Fontana DIED in Civil War!
  ⚔️ Orin Garcia: 4.11 → 2.67 ZION
  💀 Selim Bulut DIED in Civil War!
  ⚔️ Rahul Bhat: 4.70 → 3.06 ZION
  ⚔️ Sera Kapoor 2: 6.57 → 4.27 ZION
  ⚔️ Rami Rahman: 6.04 → 3.93 ZION
  💀 Vivienne Fairchild DIED in Civil War!
  ⚔️ Reina Fujita: 3.00 → 1.95 ZION
  💀 Yusuf Bulut DIED in Civil War!
  ⚔️ Xinyi Feng: 192.24 → 124.96 ZION
  ⚔️ Lan Shin: 2.95 → 1.92 ZION
  ⚔️ Tara Diallo 2: 11.83 → 7.69 ZION
  ⚔️ Sora Seo: 2.61 → 1.70 ZION
  💀 Daniela Cortez DIED in Civil War!
  ⚔️ Bram Parker 2: 8.81 → 5.73 ZION
  ⚔️ Anika Saxena: 2.61 → 1.70 ZION
  💀 Matheus Freitas DIED in Civil War!
  ⚔️ Cain Parker: 32.56 → 21.16 ZION
  ⚔️ Theodore Kingsley: 2.62 → 1.70 ZION
  ⚔️ Chiara Lambert: 4.45 → 2.89 ZION
  ⚔️ Sera Okafor: 17.10 → 11.12 ZION
  ⚔️ Andres Ramirez: 23.25 → 15.11 ZION
  ⚔️ Bram Okafor 2: 17.60 → 11.44 ZION
  ⚔️ Clara Crawford: 3.39 → 2.20 ZION
  ⚔️ Adaeze Moyo: 4.70 → 3.06 ZION
  💀 Tau Abebe DIED in Civil War!
  ⚔️ Uche Mohammed: 206.12 → 133.98 ZION
  ⚔️ Derya Tas: 3.39 → 2.20 ZION
  ⚔️ Adewale Onyeka: 2.61 → 1.70 ZION
  ⚔️ Murat Erdem: 268.73 → 174.67 ZION
  ⚔️ Vess Santos 2: 16.15 → 10.50 ZION
  💀 Luis Ibarra DIED in Civil War!
  ⚔️ Manon Moreau: 4.70 → 3.06 ZION
  ⚔️ Vess Santos 5: 9.58 → 6.23 ZION
  ⚔️ Gustavo Costa: 1.69 → 1.10 ZION
  ⚔️ Olan Yamamoto 2: 9.40 → 6.11 ZION
  💀 Stellan Nystrom DIED in Civil War!
  ⚔️ Pranav Bhat: 3.40 → 2.21 ZION
  💀 Elise Moreau DIED in Civil War!
  ⚔️ Diego Cardoso: 25.84 → 16.80 ZION
  ⚔️ Bram Santos 2: 9.40 → 6.11 ZION
  💀 Mandla Ba DIED in Civil War!
  ⚔️ Mire Garcia 2: 13.03 → 8.47 ZION
  ⚔️ Iman Zein: 3.39 → 2.20 ZION
  ⚔️ Fela Bello: 3.00 → 1.95 ZION
  ⚔️ Mire Kapoor: 3.43 → 2.23 ZION
  ⚔️ Bhekizizwe Nyang: 5.74 → 3.73 ZION
  ⚔️ Bukola Madueke: 2.61 → 1.70 ZION
  ⚔️ Lena Yamamoto 2: 14.62 → 9.50 ZION
  ⚔️ Mire Kapoor 3: 11.00 → 7.15 ZION
  ⚔️ Bhekizizwe Ba: 28.65 → 18.62 ZION
  ⚔️ Olan Kowalski: 11.19 → 7.27 ZION
  ⚔️ Vess Tanaka 2: 11.84 → 7.70 ZION
  ⚔️ Hala Sharif: 2.61 → 1.70 ZION
  ⚔️ Zara Khoury: 25.59 → 16.63 ZION
  💀 Annelise Lennox DIED in Civil War!
  ⚔️ Laura Whitmore: 3.39 → 2.20 ZION
  ⚔️ Antoine Bonnet: 3.39 → 2.20 ZION
  💀 Daichi Ito DIED in Civil War!
  ⚔️ Tara Rossi: 3.80 → 2.47 ZION
  💀 Samira Khoury DIED in Civil War!
  ⚔️ Bram Kowalski 3: 4.15 → 2.70 ZION
  💀 Ifeanyi Fashola DIED in Civil War!
  ⚔️ Kunle Onyeka: 4.65 → 3.02 ZION
  ⚔️ Misaki Hasegawa: 1.69 → 1.10 ZION
  ⚔️ Titilayo Nwosu: 3.39 → 2.20 ZION
  ⚔️ Vess Mbeki 5: 15.34 → 9.97 ZION
  ⚔️ Tara Okafor 3: 11.11 → 7.22 ZION
  ⚔️ Orin Okafor 3: 8.09 → 5.26 ZION
  ⚔️ Bram Okafor 4: 12.22 → 7.94 ZION
  ⚔️ Priya Yadav: 4.70 → 3.06 ZION
  ⚔️ Dagny Madsen: 6.11 → 3.97 ZION
  ⚔️ Dorian Remington: 3.39 → 2.20 ZION
  ⚔️ Dev Kulkarni: 1.69 → 1.10 ZION
  ⚔️ Kael Castellan: 35.81 → 23.28 ZION
  ⚔️ Tommaso Costa: 23.26 → 15.12 ZION
  ⚔️ Pooja Sharma: 2.61 → 1.70 ZION
  ⚔️ Mire Santos 2: 17.11 → 11.12 ZION
  ⚔️ Femi Akinola: 2.61 → 1.70 ZION
  ⚔️ Lena Santos 3: 6.80 → 4.42 ZION
  ⚔️ Fatima Khoury: 1.69 → 1.10 ZION
  ⚔️ Linnea Bergstrom: 2.61 → 1.70 ZION
  ⚔️ Sinan Bulut: 22.39 → 14.55 ZION
  ⚔️ Nandi Diop: 23.25 → 15.11 ZION
  ⚔️ Sven Lindqvist: 4.23 → 2.75 ZION
  💀 Kola Afolabi DIED in Civil War!
  ⚔️ Mire Nguyen 3: 3.49 → 2.27 ZION
  ⚔️ Olan Petrov 2: 3.21 → 2.09 ZION
  ⚔️ Nia Keita: 1.56 → 1.01 ZION
  ⚔️ Andrea Navarro: 2.61 → 1.70 ZION
  ⚔️ Emilio Acosta: 3.39 → 2.20 ZION
  ⚔️ Nyasha Dlamini: 1.69 → 1.10 ZION
  💀 Hao Shin DIED in Civil War!
  ⚔️ Drake Drakon: 29.60 → 19.24 ZION
  ⚔️ Vex Stormborn: 40.21 → 26.14 ZION
  ⚔️ Reem Hamid: 2.61 → 1.70 ZION
  ⚔️ Olan Parker: 13.03 → 8.47 ZION
  ⚔️ Santiago Peralta: 5.61 → 3.65 ZION
  ⚔️ Johan Pedersen: 206.71 → 134.36 ZION
  💀 Pelin Koc DIED in Civil War!
  ⚔️ Ishaan Nair: 3.39 → 2.20 ZION
  ⚔️ Vivienne Kingsley: 4.17 → 2.71 ZION
  ⚔️ Bram Tanaka 3: 13.81 → 8.98 ZION
  ⚔️ Chioma Mohammed: 1.69 → 1.10 ZION
  ⚔️ Folake Bamidele: 1.79 → 1.16 ZION
  💀 Nabil Najjar DIED in Civil War!
  ⚔️ Tariq Saad: 3.52 → 2.29 ZION
  ⚔️ Adrian Lennox: 1.69 → 1.10 ZION
  ⚔️ Olan Kapoor: 2.61 → 1.70 ZION
  ⚔️ Beatrice Sterling: 194.09 → 126.16 ZION
  💀 Ayana Diallo DIED in Civil War!
  ⚔️ Minji Shin: 4.65 → 3.02 ZION
  ⚔️ Sera Santos 2: 9.48 → 6.16 ZION
  ⚔️ Vess Loginov: 2.92 → 1.90 ZION
  ⚔️ Alisha Sharma: 3.39 → 2.20 ZION
  ⚔️ Bram Mueller 4: 10.10 → 6.56 ZION
  ⚔️ Tara Mbeki: 3.73 → 2.42 ZION
  ⚔️ Aiko Ikeda: 30.23 → 19.65 ZION
  ⚔️ Orin Loginov 2: 16.94 → 11.01 ZION
  💀 Clara Sinclair DIED in Civil War!
  ⚔️ Ayodele Onyeka: 3.39 → 2.20 ZION
  ⚔️ Erik Johansson: 185.08 → 120.30 ZION
  💀 Elin Kristensen DIED in Civil War!
  ⚔️ Sonal Saxena: 2.61 → 1.70 ZION
  ⚔️ Cain Ravenswood: 35.65 → 23.17 ZION
  ⚔️ Orin Mbeki: 11.59 → 7.53 ZION
  ⚔️ Ayodele Eze: 2.61 → 1.70 ZION
  ⚔️ Thiago Nascimento: 3.39 → 2.20 ZION
  ⚔️ Dina Haddad: 22.04 → 14.33 ZION
  💀 Fernanda Gonzalez DIED in Civil War!
  ⚔️ Kazuki Kimura: 3.39 → 2.20 ZION
  💀 Alfred Montgomery DIED in Civil War!
  ⚔️ Johan Johansson: 2.61 → 1.70 ZION
  ⚔️ Sebastian Hawthorne: 3.39 → 2.20 ZION
  ⚔️ Kristian Bergstrom: 1.69 → 1.10 ZION
  ⚔️ Neslihan Tas: 22.05 → 14.33 ZION
  💀 Adele Romano DIED in Civil War!
  ⚔️ Lena Kapoor: 11.24 → 7.31 ZION
  ⚔️ Lena Loginov 4: 12.07 → 7.85 ZION
  ⚔️ Sofia Garcia: 6.04 → 3.93 ZION
  ⚔️ Defne Celik: 4.70 → 3.06 ZION
  ⚔️ Sera Santos: 10.38 → 6.75 ZION
  ⚔️ Adewale Mohammed: 1.79 → 1.16 ZION
  ⚔️ Liv Olofsson: 4.70 → 3.06 ZION
  ⚔️ Bianca Moreau: 30.54 → 19.85 ZION
  ⚔️ Helga Svendsen: 28.65 → 18.62 ZION
  ⚔️ Javier Romero: 1.69 → 1.10 ZION
  ⚔️ Chao Han: 3.39 → 2.20 ZION
  ⚔️ Amina Mansour: 5.99 → 3.89 ZION
  💀 Sade Adeleke DIED in Civil War!
  ⚔️ Min Kwon: 3.39 → 2.20 ZION
  ⚔️ Dele Ajayi: 4.41 → 2.87 ZION
  ⚔️ Ida Svendsen: 6.11 → 3.97 ZION
  💀 Eduardo Dias DIED in Civil War!
  ⚔️ Emre Polat: 4.71 → 3.06 ZION
  ⚔️ Dina Shammas: 186.05 → 120.93 ZION
  💀 Nyasha Chirwa DIED in Civil War!
  ⚔️ Jorge Fuentes: 3.39 → 2.20 ZION
  ⚔️ Orin Kowalski 2: 16.76 → 10.89 ZION
  ⚔️ Kai Seo: 2.61 → 1.70 ZION
  💀 Bo Jung DIED in Civil War!
  💀 Axel Jensen DIED in Civil War!
  ⚔️ Nicolas Crawford: 1.69 → 1.10 ZION
  ⚔️ Tristan Whitmore: 30.53 → 19.84 ZION
  ⚔️ Nomsa Bello: 6.66 → 4.33 ZION
  ⚔️ Noemie Moreau: 4.68 → 3.04 ZION
  ⚔️ Carla Ortega: 193.49 → 125.77 ZION
  ⚔️ Amara Banda: 3.39 → 2.20 ZION
  💀 Valentina Rojas DIED in Civil War!
  ⚔️ Carlos Diaz: 1.69 → 1.10 ZION
  ⚔️ Lena Okafor: 2.70 → 1.76 ZION
  ⚔️ Nandi Nkrumah: 4.41 → 2.87 ZION
  ⚔️ Ayodele Ogunleye: 2.61 → 1.70 ZION
  💀 Melis Cetin DIED in Civil War!
  ⚔️ Tariq Hakim: 1.69 → 1.10 ZION
  ⚔️ Juliette Perrin: 187.93 → 122.15 ZION
  ⚔️ Andre Souza: 4.41 → 2.87 ZION
  ⚔️ Yong Xu: 1.69 → 1.10 ZION
  ⚔️ Rami Darwish: 1.69 → 1.10 ZION
  ⚔️ Linnea Nielsen: 3.39 → 2.20 ZION
  💀 Ananya Verma DIED in Civil War!
  ⚔️ Mire Nguyen 2: 3.15 → 2.05 ZION
  ⚔️ Sakura Goto: 3.60 → 2.34 ZION
  ⚔️ Rami Majid: 3.39 → 2.20 ZION
  ⚔️ Emi Yamaguchi: 4.70 → 3.06 ZION
  ⚔️ Hyun Zhang: 20.60 → 13.39 ZION
  ⚔️ Xia Chen: 4.39 → 2.85 ZION
  ⚔️ Bruno Ferreira: 2.61 → 1.70 ZION
  ⚔️ Nikhil Verma: 22.04 → 14.33 ZION
  ⚔️ Idris Bello: 3.39 → 2.20 ZION
  ⚔️ Hiro Ito: 2.61 → 1.70 ZION
  💀 Kojo Ndlovu DIED in Civil War!
  💀 Nari Lee DIED in Civil War!
  ⚔️ Ginevra Michel: 2.61 → 1.70 ZION
  ⚔️ Cain Coldwell: 29.15 → 18.95 ZION
  ⚔️ Orin Petrov 3: 13.66 → 8.88 ZION
  ⚔️ Marina Blackwood: 4.23 → 2.75 ZION
  ⚔️ Lena Petrov: 1.73 → 1.12 ZION
  ⚔️ Raze Blackwood: 40.62 → 26.40 ZION
  ⚔️ Bram Mueller 3: 11.32 → 7.36 ZION
  💀 Mateo Martinez DIED in Civil War!
  ⚔️ Nikhil Reddy: 4.61 → 3.00 ZION
  ⚔️ Tara Garcia: 3.80 → 2.47 ZION
  ⚔️ Liv Ekstrom: 3.39 → 2.20 ZION
  ⚔️ Annelise Fitzgerald: 3.39 → 2.20 ZION
  💀 Ricardo Salazar DIED in Civil War!
  ⚔️ Qiao Park: 23.26 → 15.12 ZION
  ⚔️ Claire Laurent: 4.70 → 3.06 ZION
  ⚔️ Serkan Guler: 3.39 → 2.20 ZION
  ⚔️ Kojo Bello: 150.34 → 97.72 ZION
  ⚔️ Sera Mbeki: 13.03 → 8.47 ZION
  ⚔️ Lan Zhang: 6.11 → 3.97 ZION
  ⚔️ Camille Faure: 3.39 → 2.20 ZION
  ⚔️ Orin Loginov 3: 6.57 → 4.27 ZION
  ⚔️ Zorn Vexlar: 18.57 → 12.07 ZION
  ⚔️ Tara Parker 2: 7.88 → 5.12 ZION
  💀 Kaori Hasegawa DIED in Civil War!
  ⚔️ Vess Santos: 3.43 → 2.23 ZION
  ⚔️ Can Aydin: 2.61 → 1.70 ZION
  ⚔️ Dorn Blackstone: 23.44 → 15.24 ZION
  ⚔️ Nozomi Shimizu: 4.23 → 2.75 ZION
  ⚔️ Abena Okoye: 1.79 → 1.16 ZION
  💀 Rohan Chauhan DIED in Civil War!
  ⚔️ Tara Tanaka 3: 3.62 → 2.35 ZION
  💀 Fatima Haddad DIED in Civil War!
  ⚔️ Burak Polat: 3.39 → 2.20 ZION
  ⚔️ Mire Petrov: 13.65 → 8.87 ZION
  ⚔️ Aylin Kurt: 2.61 → 1.70 ZION
  ⚔️ Yue Sun: 3.39 → 2.20 ZION
  ⚔️ Drake Diallo: 33.97 → 22.08 ZION
  ⚔️ Benedict Sterling: 4.68 → 3.04 ZION
  💀 Claire Chevalier DIED in Civil War!
  💀 Bruna Ferreira DIED in Civil War!
  ⚔️ Jomo Chirwa: 6.79 → 4.41 ZION
  ⚔️ Tsubasa Saito: 3.39 → 2.20 ZION
  ⚔️ Mariam Mansour: 3.39 → 2.20 ZION
  💀 Andres Romero DIED in Civil War!
  ⚔️ Pierre Ferrari: 1.69 → 1.10 ZION
  ⚔️ Bilal Saad: 2.61 → 1.70 ZION
  ⚔️ Lucas Rocha: 2.61 → 1.70 ZION
  ⚔️ Tara Okafor 2: 17.11 → 11.12 ZION
  ⚔️ Bram Parker: 7.37 → 4.79 ZION
  ⚔️ Fernanda Freitas: 2.61 → 1.70 ZION
  ⚔️ Anika Jain: 2.61 → 1.70 ZION
  💀 Nasser Fahmy DIED in Civil War!
  ⚔️ Hiro Nakamura: 2.61 → 1.70 ZION
  💀 Patricia Salazar DIED in Civil War!
  ⚔️ Vess Petrov 3: 13.14 → 8.54 ZION
  ⚔️ Vess Okafor 2: 11.84 → 7.70 ZION
  ⚔️ Vess Kowalski 4: 17.58 → 11.43 ZION
  ⚔️ Paola Romero: 3.40 → 2.21 ZION
  ⚔️ Bianca Lopez: 3.39 → 2.20 ZION
  ⚔️ Olan Mueller 2: 6.76 → 4.39 ZION
  ⚔️ Sera Kowalski: 17.11 → 11.12 ZION
  💀 Orin Loginov DIED in Civil War!
  ⚔️ Chao Deng: 4.93 → 3.20 ZION
  ⚔️ Amara Diop: 247.66 → 160.98 ZION
  ⚔️ Lena Rossi 4: 15.44 → 10.04 ZION
  ⚔️ Tanvi Kapoor: 1.79 → 1.16 ZION
  💀 Sameer Desai DIED in Civil War!
  ⚔️ Amal Abbas: 3.39 → 2.20 ZION
  ⚔️ Lena Okafor 2: 11.63 → 7.56 ZION
  💀 Diana Hartwell DIED in Civil War!
  ⚔️ Bram Yamamoto: 10.34 → 6.72 ZION
  ⚔️ Tara Nguyen 2: 13.03 → 8.47 ZION
  ⚔️ Yong Feng: 118.20 → 76.83 ZION
  ⚔️ Asuka Hashimoto: 3.39 → 2.20 ZION
  ⚔️ Lethabo Banda: 238.31 → 154.90 ZION
  ⚔️ Hyun Wang: 2.61 → 1.70 ZION
  ⚔️ Rashid Nasser: 3.39 → 2.20 ZION
  💀 Andre Araujo DIED in Civil War!
  ⚔️ Ayo Akinyi: 303.94 → 197.56 ZION
  💀 Dele Okafor DIED in Civil War!
  ⚔️ Rania Hamdan: 3.39 → 2.20 ZION
  ⚔️ Matteo Moretti: 2.61 → 1.70 ZION
  ⚔️ Amaka Adeleke: 2.61 → 1.70 ZION
  ⚔️ Valeria Gonzalez: 4.48 → 2.91 ZION
  ⚔️ Valentina Ortega: 2.61 → 1.70 ZION
  ⚔️ Francesca Roux: 2.61 → 1.70 ZION
  ⚔️ Seda Arslan: 2.61 → 1.70 ZION
  ⚔️ Raze Thornton: 26.05 → 16.93 ZION
  ⚔️ Caio Barbosa: 3.39 → 2.20 ZION
  ⚔️ Jae Kwon: 28.81 → 18.73 ZION
  💀 Yasemin Aydin DIED in Civil War!
  💀 Kaito Abe DIED in Civil War!
  ⚔️ Sven Svensson: 30.23 → 19.65 ZION
  ⚔️ Greta Kristensen: 265.57 → 172.62 ZION
  ⚔️ Lena Nguyen: 16.94 → 11.01 ZION
  ⚔️ Abasi Moyo: 23.26 → 15.12 ZION
  ⚔️ Dev Singh: 1.79 → 1.16 ZION
  ⚔️ Orin Yamamoto: 3.42 → 2.22 ZION
  ⚔️ Can Tas: 5.46 → 3.55 ZION
  💀 Sofia Hartwell DIED in Civil War!
  ⚔️ Hakan Demir: 2.61 → 1.70 ZION
  ⚔️ Lena Mueller: 16.94 → 11.01 ZION
  ⚔️ Maja Nystrom: 2.95 → 1.92 ZION
  ⚔️ Lucas Oliveira: 3.39 → 2.20 ZION
  ⚔️ Bruna Oliveira: 28.65 → 18.62 ZION
  ⚔️ Vex Diallo: 23.30 → 15.15 ZION
  ⚔️ Rafael Salazar: 2.61 → 1.70 ZION
  💀 Pelin Erdem DIED in Civil War!
  💀 Lucia Mendoza DIED in Civil War!
  ⚔️ Orin Santos: 3.39 → 2.20 ZION
  💀 Liliana Rojas DIED in Civil War!
  ⚔️ Sera Diallo 2: 11.98 → 7.79 ZION
  ⚔️ Murat Aksoy: 367.79 → 239.06 ZION
  💀 Amir Nasri DIED in Civil War!
  ⚔️ Olan Kapoor 2: 11.72 → 7.62 ZION
  ⚔️ Nozomi Mori: 2.61 → 1.70 ZION
  ⚔️ Tara Tanaka 2: 11.74 → 7.63 ZION
  ⚔️ Louis Costa: 2.61 → 1.70 ZION
  ⚔️ Ece Karaca: 4.70 → 3.06 ZION
  ⚔️ Bruna Souza: 1.69 → 1.10 ZION
  ⚔️ Stellan Lindberg: 2.61 → 1.70 ZION
  ⚔️ Sera Loginov: 3.42 → 2.22 ZION
  ⚔️ Nasser Khalil: 6.11 → 3.97 ZION
  ⚔️ Selin Yildiz: 1.79 → 1.16 ZION
  ⚔️ Hyun Kim: 6.72 → 4.37 ZION
  ⚔️ Orin Diallo 2: 15.25 → 9.91 ZION
  ⚔️ Hiro Inoue: 3.39 → 2.20 ZION
  ⚔️ Maximilian Lennox: 4.65 → 3.02 ZION
  ⚔️ Brynja Johansen: 1.69 → 1.10 ZION
  ⚔️ Noemie Bernard: 4.70 → 3.06 ZION
  💀 Hao Park DIED in Civil War!
  ⚔️ Nari Zhao: 3.39 → 2.20 ZION
  ⚔️ Cain Yamamoto: 5.59 → 3.63 ZION
  ⚔️ Abasi Diallo: 4.31 → 2.80 ZION
  ⚔️ Mandla Mbeki: 4.70 → 3.06 ZION
  ⚔️ Sylvia Carlton: 2.61 → 1.70 ZION
  💀 Etienne Chevalier DIED in Civil War!
  💀 Amaka Okoro DIED in Civil War!
  ⚔️ Fela Afolayan: 6.11 → 3.97 ZION
  ⚔️ Tarik Koc: 30.23 → 19.65 ZION
  ⚔️ Kabir Mehta: 2.61 → 1.70 ZION
  ⚔️ Kojo Traore: 2.61 → 1.70 ZION
  ⚔️ Tomas Martinez: 3.39 → 2.20 ZION
  ⚔️ Sigrid Larsson: 4.41 → 2.87 ZION
  ⚔️ Pranav Reddy: 5.64 → 3.67 ZION
  ⚔️ Carlos Acosta: 6.11 → 3.97 ZION
  ⚔️ Kabir Bansal: 3.00 → 1.95 ZION
  ⚔️ Miguel Rojas: 30.54 → 19.85 ZION
  ⚔️ Hugo Holloway: 3.39 → 2.20 ZION
  💀 Hector Fuentes DIED in Civil War!
  💀 Chiara Faure DIED in Civil War!
  💀 Lola Ekwueme DIED in Civil War!
  💀 Lina Gao DIED in Civil War!
  ⚔️ Vess Loginov 2: 12.65 → 8.22 ZION
  ⚔️ Dorn Santos: 49.53 → 32.19 ZION
  ⚔️ Sakura Hasegawa: 4.41 → 2.87 ZION
  ⚔️ Drake Petrov: 29.01 → 18.86 ZION
  💀 Femi Madueke DIED in Civil War!
  ⚔️ Sade Udo: 2.61 → 1.70 ZION
  ⚔️ Nandi Okoro: 23.26 → 15.12 ZION
  💀 Ngozi Afolabi DIED in Civil War!
  ⚔️ Imani Mugabe: 1.79 → 1.16 ZION
  ⚔️ Vex Thornton: 38.00 → 24.70 ZION
  ⚔️ Bram Diallo 3: 13.15 → 8.55 ZION
  ⚔️ Sven Karlsson: 2.61 → 1.70 ZION
  💀 Mahmoud Darwish DIED in Civil War!
  ⚔️ Caio Moura: 3.39 → 2.20 ZION
  ⚔️ Bram Okafor: 6.56 → 4.26 ZION
  ⚔️ Kristian Lindberg: 4.68 → 3.04 ZION
  ⚔️ Dagny Holm: 4.61 → 3.00 ZION
  ⚔️ Nkechi Mohammed: 1.79 → 1.16 ZION
  ⚔️ Toma Fujita: 1.69 → 1.10 ZION
  ⚔️ Mahmoud Bakr: 4.65 → 3.02 ZION
  ⚔️ Sola Onyeka: 228.53 → 148.54 ZION
  ⚔️ Tara Kapoor: 2.36 → 1.53 ZION
  💀 Alessandro Lambert DIED in Civil War!
  ⚔️ Vess Mueller: 18.05 → 11.73 ZION
  ⚔️ Sera Diallo 3: 8.11 → 5.27 ZION
  ⚔️ Pablo Castillo: 4.41 → 2.87 ZION
  ⚔️ Linnea Johansen: 2.61 → 1.70 ZION
  💀 Yasemin Kurt DIED in Civil War!
  ⚔️ Ece Ilhan: 22.04 → 14.33 ZION
  ⚔️ Zeynep Bozkurt: 4.41 → 2.87 ZION
  ⚔️ Kavya Arora: 3.39 → 2.20 ZION
  ⚔️ Mahmoud Haddad: 2.61 → 1.70 ZION
  ⚔️ Mire Diallo 2: 2.06 → 1.34 ZION
  ⚔️ Tara Garcia 2: 5.59 → 3.63 ZION
  ⚔️ Ayana Diop: 2.61 → 1.70 ZION
  ⚔️ Emma Michel: 2.61 → 1.70 ZION
  💀 Andre Machado DIED in Civil War!
  ⚔️ Kenji Saito: 187.93 → 122.15 ZION
  ⚔️ Aditya Saxena: 2.61 → 1.70 ZION
  ⚔️ Yuki Ikeda: 6.11 → 3.97 ZION
  💀 Tae Xu DIED in Civil War!
  ⚔️ Neel Verma: 22.19 → 14.42 ZION
  ⚔️ Jorge Gonzalez: 3.39 → 2.20 ZION
  ⚔️ Vess Parker 2: 13.03 → 8.47 ZION
  ⚔️ Cedric Somerset: 3.39 → 2.20 ZION
  ⚔️ Mire Petrov 2: 9.03 → 5.87 ZION
  ⚔️ Brynja Gustafsson: 2.61 → 1.70 ZION
  ⚔️ Elena Holloway: 2.61 → 1.70 ZION
  ⚔️ Bram Garcia 2: 13.40 → 8.71 ZION
  💀 Bo He DIED in Civil War!
  ⚔️ Fatma Koc: 2.61 → 1.70 ZION
  ⚔️ Victor Redgrave: 22.39 → 14.55 ZION
  ⚔️ Benedict Beckett: 3.39 → 2.20 ZION

📊 Deaths: 100 | Alive: 1264
✅ Catastrophe cycle complete!
