
⚔️  ZION Clan Cycle - 2026-05-10 01:00
⚔️  Marek (elite) joined Iron Fist — paid 42.50 ZION dues
⚔️  Orion (elite) joined Iron Fist — paid 42.50 ZION dues
⚔️  Samir (elite) joined Iron Fist — paid 42.50 ZION dues
⚔️  Kaelar (elite) joined Shadow Order — paid 42.50 ZION dues
⚔️  Hugo (elite) joined Iron Fist — paid 42.50 ZION dues
⚔️  Dorian (elite) joined Shadow Order — paid 42.50 ZION dues
⚔️  Tariq (elite) joined Shadow Order — paid 42.50 ZION dues
⚔️  Mateo (elite) joined Iron Fist — paid 42.50 ZION dues
⚔️  Kael (middle) joined Shadow Order — paid 5.95 ZION dues
⚔️  Soren (elite) joined Iron Fist — paid 34.00 ZION dues
⚔️  Dorn (middle) joined Golden Dawn — paid 5.95 ZION dues
⚔️  Haruto (elite) joined Golden Dawn — paid 34.00 ZION dues
⚔️  Vex (elite) joined Golden Dawn — paid 5.95 ZION dues
⚔️  Luca (elite) joined Shadow Order — paid 34.00 ZION dues
⚔️  Drake (middle) joined Golden Dawn — paid 5.95 ZION dues
⚔️  Axel (elite) joined Iron Fist — paid 5.95 ZION dues
⚔️  Omar (elite) joined Iron Fist — paid 34.00 ZION dues
⚔️  Dorn (elite) joined Golden Dawn — paid 5.95 ZION dues
⚔️  Dante (elite) joined Shadow Order — paid 34.00 ZION dues
⚔️  Cain (elite) joined Golden Dawn — paid 5.95 ZION dues
⚔️  Zaid (elite) joined Golden Dawn — paid 34.00 ZION dues
⚔️  Vex (middle) joined Iron Fist — paid 5.95 ZION dues
⚔️  Axel (middle) joined Iron Fist — paid 5.95 ZION dues
⚔️  Vess (middle) joined Iron Fist — paid 2.38 ZION dues
⚔️  Minjun (elite) joined Golden Dawn — paid 42.50 ZION dues
⚔️  Vihaan (elite) joined Golden Dawn — paid 42.50 ZION dues
⚔️  Tereza (middle) joined Golden Dawn — paid 4.25 ZION dues
⚔️  Thiago (elite) joined Iron Fist — paid 34.00 ZION dues
⚔️  Tatsuya (elite) joined Iron Fist — paid 34.00 ZION dues
⚔️  Ibrahim (elite) joined Golden Dawn — paid 34.00 ZION dues
⚔️  Lena (middle) joined Golden Dawn — paid 2.38 ZION dues
⚔️  Lena (middle) joined Golden Dawn — paid 2.38 ZION dues
⚔️  Orin (middle) joined Shadow Order — paid 2.38 ZION dues
⚔️  Tara (middle) joined Iron Fist — paid 2.38 ZION dues
⚔️  Olan (middle) joined Shadow Order — paid 2.38 ZION dues
⚔️  Mire (middle) joined Golden Dawn — paid 2.38 ZION dues
⚔️  Vess (middle) joined Iron Fist — paid 2.38 ZION dues
⚔️  Vess (middle) joined Shadow Order — paid 2.38 ZION dues
⚔️  Fatima (middle) joined Iron Fist — paid 4.25 ZION dues
⚔️  Vess (middle) joined Shadow Order — paid 2.38 ZION dues
⚔️  Nari A (middle) joined Golden Dawn — paid 0.85 ZION dues
⚔️  Mire (middle) joined Iron Fist — paid 2.38 ZION dues
⚔️  Sera (middle) joined Shadow Order — paid 2.38 ZION dues
⚔️  Zara A (middle) joined Golden Dawn — paid 0.85 ZION dues
⚔️  Lena (middle) joined Golden Dawn — paid 2.38 ZION dues
⚔️  Noor (middle) joined Shadow Order — paid 4.25 ZION dues
⚔️  Farid (middle) joined Shadow Order — paid 4.25 ZION dues
⚔️  Mei (middle) joined Golden Dawn — paid 4.25 ZION dues
⚔️  Thandi (middle) joined Golden Dawn — paid 4.25 ZION dues
⚔️  Camila (middle) joined Golden Dawn — paid 4.25 ZION dues
⚔️  Asha (middle) joined Iron Fist — paid 4.25 ZION dues
⚔️  Alba (middle) joined Shadow Order — paid 4.25 ZION dues
⚔️  Anika (middle) joined Iron Fist — paid 4.25 ZION dues
⚔️  Petra (middle) joined Golden Dawn — paid 4.25 ZION dues
⚔️  Noura (middle) joined Golden Dawn — paid 0.85 ZION dues
⚔️  Rhea (middle) joined Iron Fist — paid 0.85 ZION dues
⚔️  Defne (middle) joined Golden Dawn — paid 0.85 ZION dues
⚔️  Anaya (middle) joined Shadow Order — paid 0.85 ZION dues
⚔️  Mila (middle) joined Golden Dawn — paid 0.85 ZION dues
⚔️  Chiara (middle) joined Iron Fist — paid 0.85 ZION dues
⚔️  Bram (middle) joined Iron Fist — paid 2.38 ZION dues
⚔️  Lucia B (middle) joined Shadow Order — paid 0.85 ZION dues
⚔️  Mire (middle) joined Shadow Order — paid 2.38 ZION dues
⚔️  Lena (middle) joined Golden Dawn — paid 2.38 ZION dues
⚔️  Olan (middle) joined Golden Dawn — paid 2.38 ZION dues
⚔️  Jiwoo B (middle) joined Iron Fist — paid 0.85 ZION dues
⚔️  Vess (middle) joined Iron Fist — paid 2.38 ZION dues
⚔️  Nia B (middle) joined Shadow Order — paid 0.85 ZION dues
⚔️  Defne B (middle) joined Golden Dawn — paid 0.85 ZION dues
⚔️  Sera (middle) joined Golden Dawn — paid 2.38 ZION dues
⚔️  Thandi B (middle) joined Shadow Order — paid 0.85 ZION dues
⚔️  Olan (middle) joined Golden Dawn — paid 2.38 ZION dues
⚔️  Marco B (middle) joined Golden Dawn — paid 0.85 ZION dues
⚔️  Vess (middle) joined Iron Fist — paid 2.38 ZION dues
⚔️  Elif (middle) joined Shadow Order — paid 4.25 ZION dues
⚔️  Mariam (middle) joined Shadow Order — paid 4.25 ZION dues
⚔️  Ksenia (middle) joined Shadow Order — paid 4.25 ZION dues
⚔️  Isabel (middle) joined Shadow Order — paid 0.85 ZION dues
⚔️  Elif B (middle) joined Shadow Order — paid 0.85 ZION dues
⚔️  Zara (middle) joined Shadow Order — paid 4.25 ZION dues
⚔️  Selin B (middle) joined Iron Fist — paid 0.85 ZION dues
⚔️  Bram (middle) joined Iron Fist — paid 2.38 ZION dues
⚔️  Sera (middle) joined Iron Fist — paid 2.38 ZION dues
⚔️  Vess (middle) joined Iron Fist — paid 2.38 ZION dues
⚔️  Olan (middle) joined Golden Dawn — paid 2.38 ZION dues
⚔️  Noura C (middle) joined Golden Dawn — paid 0.85 ZION dues
⚔️  Farid C (middle) joined Shadow Order — paid 0.85 ZION dues
⚔️  Kavya C (middle) joined Shadow Order — paid 0.85 ZION dues
⚔️  Tara (middle) joined Shadow Order — paid 2.38 ZION dues
⚔️  Mei C (middle) joined Iron Fist — paid 0.85 ZION dues
⚔️  Bram (middle) joined Iron Fist — paid 2.38 ZION dues
⚔️  Lena (middle) joined Iron Fist — paid 2.38 ZION dues
⚔️  Marco C (middle) joined Golden Dawn — paid 0.85 ZION dues
⚔️  Sera (middle) joined Golden Dawn — paid 2.38 ZION dues
⚔️  Layla C (middle) joined Shadow Order — paid 0.85 ZION dues
⚔️  Petra C (middle) joined Iron Fist — paid 0.85 ZION dues
⚔️  Olan (middle) joined Iron Fist — paid 2.38 ZION dues
⚔️  Mariam C (middle) joined Shadow Order — paid 0.85 ZION dues
⚔️  Zara C (middle) joined Golden Dawn — paid 0.85 ZION dues
⚔️  Lena (middle) joined Shadow Order — paid 2.38 ZION dues
⚔️  Tereza D (middle) joined Iron Fist — paid 0.85 ZION dues
⚔️  Noor D (middle) joined Iron Fist — paid 0.85 ZION dues
⚔️  Rhea D (middle) joined Iron Fist — paid 0.85 ZION dues
⚔️  Mei D (middle) joined Golden Dawn — paid 0.85 ZION dues
⚔️  Tara (middle) joined Iron Fist — paid 2.38 ZION dues
⚔️  Thandi D (middle) joined Iron Fist — paid 0.85 ZION dues
⚔️  Bram (middle) joined Golden Dawn — paid 2.38 ZION dues
⚔️  Sumin D (middle) joined Iron Fist — paid 0.85 ZION dues
⚔️  Amahle D (middle) joined Iron Fist — paid 0.85 ZION dues
⚔️  Vess (middle) joined Golden Dawn — paid 2.38 ZION dues
⚔️  Anaya D (middle) joined Iron Fist — paid 0.85 ZION dues
⚔️  Mire (middle) joined Golden Dawn — paid 2.38 ZION dues
⚔️  Mila D (middle) joined Shadow Order — paid 0.85 ZION dues
⚔️  Olan (middle) joined Golden Dawn — paid 2.38 ZION dues
⚔️  Vess (middle) joined Shadow Order — paid 2.38 ZION dues
⚔️  Iryna D (middle) joined Shadow Order — paid 0.85 ZION dues
⚔️  Vess (middle) joined Golden Dawn — paid 2.38 ZION dues
⚔️  Vess (middle) joined Iron Fist — paid 2.38 ZION dues
⚔️  Lucia E (middle) joined Iron Fist — paid 0.85 ZION dues
⚔️  Imani E (middle) joined Iron Fist — paid 0.85 ZION dues
⚔️  Bram (middle) joined Shadow Order — paid 2.38 ZION dues
⚔️  Samira E (middle) joined Shadow Order — paid 0.85 ZION dues
⚔️  Rhea E (middle) joined Iron Fist — paid 0.85 ZION dues
⚔️  Nia E (middle) joined Golden Dawn — paid 0.85 ZION dues
⚔️  Defne E (middle) joined Golden Dawn — paid 0.85 ZION dues
⚔️  Lucia A (middle) joined Golden Dawn — paid 0.85 ZION dues
⚔️  Salma A (middle) joined Golden Dawn — paid 0.85 ZION dues
⚔️  Jiwoo A (middle) joined Golden Dawn — paid 0.85 ZION dues
⚔️  Ines (middle) joined Iron Fist — paid 4.25 ZION dues
⚔️  Leila A (middle) joined Iron Fist — paid 4.25 ZION dues
⚔️  Tereza A (middle) joined Shadow Order — paid 4.25 ZION dues
⚔️  Noura A (middle) joined Iron Fist — paid 4.25 ZION dues
⚔️  Samira A (middle) joined Golden Dawn — paid 4.25 ZION dues
⚔️  Rhea A (middle) joined Golden Dawn — paid 4.25 ZION dues
⚔️  Nia A (middle) joined Golden Dawn — paid 4.25 ZION dues
⚔️  Defne A (middle) joined Shadow Order — paid 4.25 ZION dues
⚔️  Thandi A (middle) joined Iron Fist — paid 4.25 ZION dues
⚔️  Dalia A (middle) joined Iron Fist — paid 4.25 ZION dues
⚔️  Anika A (middle) joined Shadow Order — paid 4.25 ZION dues
⚔️  Nadia A (middle) joined Shadow Order — paid 4.25 ZION dues
⚔️  Elif A (middle) joined Shadow Order — paid 4.25 ZION dues
⚔️  Zuri A (middle) joined Shadow Order — paid 4.25 ZION dues
⚔️  Sofia A (middle) joined Shadow Order — paid 4.25 ZION dues
⚔️  Sakura A (middle) joined Golden Dawn — paid 4.25 ZION dues
⚔️  Aaliyah B (middle) joined Golden Dawn — paid 4.25 ZION dues
⚔️  Esra B (middle) joined Golden Dawn — paid 4.25 ZION dues
⚔️  Samira B (middle) joined Golden Dawn — paid 4.25 ZION dues
⚔️  Mei B (middle) joined Golden Dawn — paid 4.25 ZION dues
⚔️  Priya B (middle) joined Iron Fist — paid 4.25 ZION dues
⚔️  Layla B (middle) joined Iron Fist — paid 4.25 ZION dues
⚔️  Ksenia B (middle) joined Shadow Order — paid 4.25 ZION dues
⚔️  Yara B (middle) joined Golden Dawn — paid 4.25 ZION dues
⚔️  Ines B (middle) joined Golden Dawn — paid 4.25 ZION dues
⚔️  Salma C (middle) joined Shadow Order — paid 4.25 ZION dues
⚔️  Leila C (middle) joined Iron Fist — paid 4.25 ZION dues
⚔️  Jiwoo C (middle) joined Iron Fist — paid 4.25 ZION dues
⚔️  Hana C (middle) joined Shadow Order — paid 4.25 ZION dues
⚔️  Fatima C (middle) joined Shadow Order — paid 4.25 ZION dues
⚔️  Rhea C (middle) joined Iron Fist — paid 4.25 ZION dues
⚔️  Linh C (middle) joined Iron Fist — paid 4.25 ZION dues
⚔️  Nia C (middle) joined Golden Dawn — paid 4.25 ZION dues
⚔️  Thandi C (middle) joined Iron Fist — paid 4.25 ZION dues
⚔️  Elena C (middle) joined Iron Fist — paid 4.25 ZION dues
⚔️  Camila C (middle) joined Iron Fist — paid 4.25 ZION dues
⚔️  Mila C (middle) joined Iron Fist — paid 4.25 ZION dues
⚔️  Dalia C (middle) joined Golden Dawn — paid 4.25 ZION dues
⚔️  Chiara C (middle) joined Golden Dawn — paid 4.25 ZION dues
⚔️  Iryna C (middle) joined Golden Dawn — paid 4.25 ZION dues
⚔️  Elif C (middle) joined Shadow Order — paid 4.25 ZION dues
⚔️  Ksenia C (middle) joined Iron Fist — paid 4.25 ZION dues
⚔️  Sofia C (middle) joined Shadow Order — paid 4.25 ZION dues
⚔️  Amina C (middle) joined Iron Fist — paid 4.25 ZION dues
⚔️  Selin C (middle) joined Iron Fist — paid 4.25 ZION dues
⚔️  Hana D (middle) joined Golden Dawn — paid 4.25 ZION dues
⚔️  Fatima D (middle) joined Shadow Order — paid 4.25 ZION dues
⚔️  Noura D (middle) joined Shadow Order — paid 4.25 ZION dues
⚔️  Esra D (middle) joined Iron Fist — paid 4.25 ZION dues
⚔️  Nia D (middle) joined Iron Fist — paid 4.25 ZION dues
⚔️  Kavya D (middle) joined Shadow Order — paid 4.25 ZION dues
⚔️  Marco D (middle) joined Iron Fist — paid 4.25 ZION dues
⚔️  Ksenia D (middle) joined Shadow Order — paid 4.25 ZION dues
⚔️  Sofia D (middle) joined Golden Dawn — paid 4.25 ZION dues
⚔️  Yara D (middle) joined Golden Dawn — paid 4.25 ZION dues
⚔️  Soraya D (middle) joined Iron Fist — paid 4.25 ZION dues
⚔️  Isabel D (middle) joined Golden Dawn — paid 4.25 ZION dues
⚔️  Sakura D (middle) joined Iron Fist — paid 4.25 ZION dues
⚔️  Selin D (middle) joined Golden Dawn — paid 4.25 ZION dues
⚔️  Salma E (middle) joined Shadow Order — paid 4.25 ZION dues
⚔️  Fatima E (middle) joined Iron Fist — paid 4.25 ZION dues
⚔️  Noura E (middle) joined Shadow Order — paid 4.25 ZION dues
⚔️  Farid E (middle) joined Iron Fist — paid 4.25 ZION dues
⚔️  Kavya E (middle) joined Golden Dawn — paid 4.25 ZION dues
⚔️  Diya E (middle) joined Golden Dawn — paid 4.25 ZION dues

📊 Clan Stats:
  🏰 Iron Fist: 81 members | 601.34 ZION treasury
  🏰 Golden Dawn: 74 members | 515.52 ZION treasury
  🏰 Shadow Order: 60 members | 360.41 ZION treasury

✅ 193 agents joined clans!

⚔️  WAR: Iron Fist vs Golden Dawn!
🏆 Iron Fist WINS! Takes 257.76 ZION from Golden Dawn

⚔️  ZION Clan Cycle - 2026-05-11 01:00
⚔️  Zorn Kapoor (middle) joined Iron Fist — paid 5.95 ZION dues
⚔️  Vex Garcia (middle) joined Shadow Order — paid 5.95 ZION dues
⚔️  Drake Stormborn (elite) joined Iron Fist — paid 5.95 ZION dues
⚔️  Raze Blackwood (elite) joined Shadow Order — paid 5.95 ZION dues
⚔️  Sera Rossi (middle) joined Golden Dawn — paid 2.38 ZION dues
⚔️  Olan Kowalski (middle) joined Shadow Order — paid 2.38 ZION dues
⚔️  Orin Mbeki (middle) joined Shadow Order — paid 2.38 ZION dues
⚔️  Lena Nguyen (middle) joined Iron Fist — paid 2.38 ZION dues
⚔️  Ozge Karaca (middle) joined Golden Dawn — paid 0.85 ZION dues
⚔️  Olan Garcia (middle) joined Iron Fist — paid 2.38 ZION dues
⚔️  Mire Tanaka (middle) joined Shadow Order — paid 2.38 ZION dues
⚔️  Tara Kowalski (middle) joined Iron Fist — paid 2.38 ZION dues
⚔️  Orin Kowalski (middle) joined Golden Dawn — paid 2.38 ZION dues
⚔️  Priya Yadav (middle) joined Iron Fist — paid 0.85 ZION dues
⚔️  Orin Santos (middle) joined Golden Dawn — paid 2.38 ZION dues
⚔️  Nkechi Ojo (middle) joined Shadow Order — paid 0.85 ZION dues
⚔️  Pooja Chauhan (middle) joined Iron Fist — paid 0.85 ZION dues
⚔️  Orin Tanaka (middle) joined Iron Fist — paid 2.38 ZION dues
⚔️  Tara Okafor (middle) joined Shadow Order — paid 2.38 ZION dues
⚔️  Beatriz Teixeira (middle) joined Iron Fist — paid 0.85 ZION dues
⚔️  Sera Loginov (middle) joined Golden Dawn — paid 2.38 ZION dues
⚔️  Tara Tanaka (middle) joined Iron Fist — paid 2.38 ZION dues
⚔️  Vess Petrov (middle) joined Iron Fist — paid 2.38 ZION dues
⚔️  Hugo Romano (middle) joined Iron Fist — paid 0.85 ZION dues
⚔️  Brynja Nystrom (middle) joined Iron Fist — paid 0.85 ZION dues
⚔️  Kabir Bansal (middle) joined Iron Fist — paid 0.85 ZION dues
⚔️  Olan Parker (middle) joined Iron Fist — paid 2.38 ZION dues
⚔️  Kola Ekwueme (middle) joined Golden Dawn — paid 0.85 ZION dues
⚔️  Vess Nguyen (middle) joined Iron Fist — paid 2.38 ZION dues
⚔️  Estelle Ellington (middle) joined Iron Fist — paid 0.85 ZION dues
⚔️  Yasmin Haddad (middle) joined Golden Dawn — paid 0.85 ZION dues
⚔️  Ginevra Bianchi (middle) joined Iron Fist — paid 0.85 ZION dues
⚔️  Bram Nguyen (middle) joined Golden Dawn — paid 2.38 ZION dues
⚔️  Zeynep Bozkurt (middle) joined Iron Fist — paid 0.85 ZION dues
⚔️  Mire Parker (middle) joined Iron Fist — paid 2.38 ZION dues
⚔️  Dorian Kingsley (middle) joined Iron Fist — paid 0.85 ZION dues
⚔️  Orin Yamamoto (middle) joined Shadow Order — paid 2.38 ZION dues
⚔️  Yuna Song (middle) joined Shadow Order — paid 0.85 ZION dues
⚔️  Sera Santos (middle) joined Iron Fist — paid 2.38 ZION dues
⚔️  Mire Loginov (middle) joined Iron Fist — paid 2.38 ZION dues
⚔️  Olan Nguyen (middle) joined Iron Fist — paid 2.38 ZION dues
⚔️  Vess Garcia (middle) joined Iron Fist — paid 2.38 ZION dues
⚔️  Jae Tang (middle) joined Iron Fist — paid 0.85 ZION dues
⚔️  Mire Yamamoto (middle) joined Iron Fist — paid 2.38 ZION dues
⚔️  Lena Diallo (middle) joined Iron Fist — paid 2.38 ZION dues
⚔️  Tara Rossi 2 (middle) joined Golden Dawn — paid 2.38 ZION dues
⚔️  Olan Diallo (middle) joined Iron Fist — paid 2.38 ZION dues
⚔️  Olan Santos (middle) joined Shadow Order — paid 2.38 ZION dues
⚔️  Lena Okafor (middle) joined Shadow Order — paid 2.38 ZION dues
⚔️  Clara Harrington (elite) joined Iron Fist — paid 34.00 ZION dues
⚔️  Carla Ortega (elite) joined Shadow Order — paid 34.00 ZION dues
⚔️  Frida Rasmussen (elite) joined Shadow Order — paid 34.00 ZION dues
⚔️  Abasi Akinyi (elite) joined Golden Dawn — paid 34.00 ZION dues
⚔️  Alfred Blackwood (elite) joined Shadow Order — paid 34.00 ZION dues
⚔️  Akin Ogunleye (elite) joined Iron Fist — paid 34.00 ZION dues
⚔️  Sigrid Larsson (middle) joined Iron Fist — paid 0.85 ZION dues
⚔️  Noemie Bernard (middle) joined Golden Dawn — paid 0.85 ZION dues
⚔️  Astrid Lindberg (elite) joined Golden Dawn — paid 42.50 ZION dues
⚔️  Kai Lin (elite) joined Golden Dawn — paid 42.50 ZION dues
⚔️  Sefu Diop (elite) joined Shadow Order — paid 42.50 ZION dues
⚔️  Kwame Mwangi (elite) joined Iron Fist — paid 42.50 ZION dues
⚔️  Murat Aksoy (elite) joined Golden Dawn — paid 42.50 ZION dues
⚔️  Beatrice Sterling (elite) joined Shadow Order — paid 42.50 ZION dues
⚔️  Kazuki Shimizu (elite) joined Iron Fist — paid 42.50 ZION dues
⚔️  Erik Johansson (elite) joined Golden Dawn — paid 42.50 ZION dues
⚔️  Kenji Saito (elite) joined Iron Fist — paid 42.50 ZION dues
⚔️  Tommaso Perrin (elite) joined Iron Fist — paid 42.50 ZION dues
⚔️  Sola Onyeka (elite) joined Iron Fist — paid 42.50 ZION dues
⚔️  Dina Shammas (elite) joined Shadow Order — paid 42.50 ZION dues
⚔️  Axel Andersson (elite) joined Golden Dawn — paid 42.50 ZION dues
⚔️  Lola Adebayo (middle) joined Shadow Order — paid 4.25 ZION dues
⚔️  Abasi Keita (middle) joined Golden Dawn — paid 4.25 ZION dues
⚔️  Sota Kato (middle) joined Golden Dawn — paid 4.25 ZION dues
⚔️  Riya Malhotra (middle) joined Iron Fist — paid 4.25 ZION dues
⚔️  Ida Svendsen (middle) joined Golden Dawn — paid 4.25 ZION dues
⚔️  Jomo Akinyi (middle) joined Shadow Order — paid 4.25 ZION dues
⚔️  Sebastian Sterling (middle) joined Golden Dawn — paid 4.25 ZION dues
⚔️  Damilola Bamidele (middle) joined Shadow Order — paid 4.25 ZION dues
⚔️  Sola Udo (middle) joined Golden Dawn — paid 4.25 ZION dues
⚔️  Buse Dogan (middle) joined Golden Dawn — paid 4.25 ZION dues
⚔️  Dong Zhao (middle) joined Golden Dawn — paid 4.25 ZION dues
⚔️  Theodore Kingsley (middle) joined Iron Fist — paid 4.25 ZION dues
⚔️  Nandi Diop (middle) joined Golden Dawn — paid 4.25 ZION dues
⚔️  Adeline Somerset (middle) joined Shadow Order — paid 4.25 ZION dues
⚔️  Bhekizizwe Nyang (middle) joined Iron Fist — paid 4.25 ZION dues
⚔️  Meilin Chen (middle) joined Golden Dawn — paid 4.25 ZION dues
⚔️  Dina Fahmy (middle) joined Shadow Order — paid 4.25 ZION dues
⚔️  Hala Al-Rashid (middle) joined Golden Dawn — paid 4.25 ZION dues
⚔️  Liv Olofsson (middle) joined Iron Fist — paid 4.25 ZION dues
⚔️  Femi Balogun (middle) joined Shadow Order — paid 4.25 ZION dues
⚔️  Matteo Ricci (middle) joined Shadow Order — paid 4.25 ZION dues
⚔️  Kwame Ba (middle) joined Golden Dawn — paid 4.25 ZION dues
⚔️  Carlos Acosta (middle) joined Shadow Order — paid 4.25 ZION dues
⚔️  Gustavo Ribeiro (middle) joined Golden Dawn — paid 4.25 ZION dues
⚔️  Estelle Fairfax (middle) joined Golden Dawn — paid 4.25 ZION dues
⚔️  Abasi Moyo (middle) joined Golden Dawn — paid 4.25 ZION dues
⚔️  Arthur Walton (middle) joined Iron Fist — paid 4.25 ZION dues
⚔️  Andres Ramirez (middle) joined Shadow Order — paid 4.25 ZION dues
⚔️  Gabriela Ibarra (middle) joined Golden Dawn — paid 4.25 ZION dues
⚔️  Victor Kensington (middle) joined Golden Dawn — paid 4.25 ZION dues
⚔️  Chiara Lambert (middle) joined Iron Fist — paid 4.25 ZION dues
⚔️  Kazuki Nakamura (middle) joined Golden Dawn — paid 4.25 ZION dues
⚔️  Nandi Okoro (middle) joined Shadow Order — paid 4.25 ZION dues
⚔️  Maja Nystrom (middle) joined Shadow Order — paid 4.25 ZION dues
⚔️  Yasmin Alami (middle) joined Golden Dawn — paid 4.25 ZION dues
⚔️  Juliana Rocha (middle) joined Shadow Order — paid 4.25 ZION dues
⚔️  Mahmoud Bakr (middle) joined Golden Dawn — paid 4.25 ZION dues
⚔️  Folake Ojo (middle) joined Iron Fist — paid 4.25 ZION dues
⚔️  Fatima Saad (middle) joined Shadow Order — paid 4.25 ZION dues
⚔️  Hyun Zhang (middle) joined Golden Dawn — paid 4.25 ZION dues
⚔️  Yuki Ikeda (middle) joined Iron Fist — paid 4.25 ZION dues
⚔️  Ece Ilhan (middle) joined Golden Dawn — paid 4.25 ZION dues
⚔️  Melis Erdem (middle) joined Shadow Order — paid 4.25 ZION dues
⚔️  Etienne Bonnet (middle) joined Iron Fist — paid 4.25 ZION dues
⚔️  Laura Holloway (middle) joined Golden Dawn — paid 4.25 ZION dues
⚔️  Helga Svendsen (middle) joined Golden Dawn — paid 4.25 ZION dues
⚔️  Juliette Gallo (middle) joined Iron Fist — paid 4.25 ZION dues
⚔️  Bruna Oliveira (middle) joined Golden Dawn — paid 4.25 ZION dues
⚔️  Davide Faure (middle) joined Golden Dawn — paid 4.25 ZION dues
⚔️  Victor Lockwood (middle) joined Iron Fist — paid 4.25 ZION dues
⚔️  Diego Rojas (middle) joined Shadow Order — paid 4.25 ZION dues
⚔️  Rami Rahman (middle) joined Iron Fist — paid 4.25 ZION dues
⚔️  Aylin Kilic (middle) joined Golden Dawn — paid 4.25 ZION dues
⚔️  Abasi Diallo (middle) joined Golden Dawn — paid 4.25 ZION dues
⚔️  Jelani Mbeki (middle) joined Iron Fist — paid 4.25 ZION dues
⚔️  Nabil Al-Rashid (middle) joined Golden Dawn — paid 4.25 ZION dues
⚔️  Adaeze Traore (middle) joined Golden Dawn — paid 4.25 ZION dues
⚔️  Frida Lindqvist (middle) joined Iron Fist — paid 4.25 ZION dues
⚔️  Tau Toure (middle) joined Shadow Order — paid 4.25 ZION dues
⚔️  Zara Majid (middle) joined Golden Dawn — paid 4.25 ZION dues
⚔️  Lan Zhang (middle) joined Iron Fist — paid 4.25 ZION dues
⚔️  Pablo Ortega (middle) joined Shadow Order — paid 4.25 ZION dues
⚔️  Tristan Whitmore (middle) joined Shadow Order — paid 4.25 ZION dues
⚔️  Sven Norberg (middle) joined Shadow Order — paid 4.25 ZION dues
⚔️  Javier Cortez (middle) joined Golden Dawn — paid 4.25 ZION dues
⚔️  Hyeon Sun (middle) joined Shadow Order — paid 4.25 ZION dues
⚔️  Fernando Peralta (middle) joined Iron Fist — paid 4.25 ZION dues
⚔️  Haruka Matsumoto (middle) joined Golden Dawn — paid 4.25 ZION dues
⚔️  Nasser Khalil (middle) joined Iron Fist — paid 4.25 ZION dues
⚔️  Sakura Hasegawa (middle) joined Shadow Order — paid 4.25 ZION dues
⚔️  Andre Souza (middle) joined Iron Fist — paid 4.25 ZION dues
⚔️  Marco Leroy (middle) joined Iron Fist — paid 0.85 ZION dues
⚔️  Rafael Rojas (middle) joined Iron Fist — paid 0.85 ZION dues
⚔️  Manon Moreau (middle) joined Shadow Order — paid 0.85 ZION dues
⚔️  Nandi Nkrumah (middle) joined Golden Dawn — paid 0.85 ZION dues
⚔️  Adaeze Moyo (middle) joined Golden Dawn — paid 4.25 ZION dues
⚔️  Yusuf Yilmaz (middle) joined Iron Fist — paid 4.25 ZION dues
⚔️  Amina Mansour (middle) joined Golden Dawn — paid 4.25 ZION dues
⚔️  Bisi Ekwueme (middle) joined Golden Dawn — paid 4.25 ZION dues
⚔️  Dina Haddad (middle) joined Golden Dawn — paid 4.25 ZION dues
⚔️  Nikhil Verma (middle) joined Shadow Order — paid 4.25 ZION dues
⚔️  Selim Guler (middle) joined Iron Fist — paid 4.25 ZION dues
⚔️  Tristan Somerset (middle) joined Shadow Order — paid 4.25 ZION dues
⚔️  Bhekizizwe Ba (middle) joined Iron Fist — paid 4.25 ZION dues
⚔️  Nozomi Shimizu (middle) joined Golden Dawn — paid 4.25 ZION dues
⚔️  Dele Ajayi (middle) joined Golden Dawn — paid 4.25 ZION dues
⚔️  Nikhil Reddy (middle) joined Golden Dawn — paid 4.25 ZION dues
⚔️  Maximilian Lennox (middle) joined Iron Fist — paid 4.25 ZION dues

📊 Clan Stats:
  🏰 Iron Fist: 142 members | 1294.98 ZION treasury
  🏰 Shadow Order: 101 members | 718.77 ZION treasury
  🏰 Golden Dawn: 130 members | 688.54 ZION treasury

✅ 158 agents joined clans!

⚔️  WAR: Golden Dawn vs Shadow Order!
🏆 Golden Dawn WINS! Takes 359.38 ZION from Shadow Order

⚔️  ZION Clan Cycle - 2026-05-12 01:00
⚔️  Cain Stormborn (elite) joined Iron Fist — paid 5.06 ZION dues
⚔️  Vex Stormborn (elite) joined Shadow Order — paid 5.06 ZION dues
⚔️  Dorn Parker (middle) joined Shadow Order — paid 5.03 ZION dues
⚔️  Vess Mueller (middle) joined Golden Dawn — paid 2.80 ZION dues
⚔️  Vess Tanaka (middle) joined Shadow Order — paid 2.02 ZION dues
⚔️  Vess Kapoor (middle) joined Iron Fist — paid 2.02 ZION dues
⚔️  Bram Santos (middle) joined Golden Dawn — paid 2.02 ZION dues
⚔️  Vess Mbeki (middle) joined Golden Dawn — paid 2.02 ZION dues
⚔️  Lena Mueller (middle) joined Golden Dawn — paid 2.02 ZION dues
⚔️  Sera Diallo (middle) joined Iron Fist — paid 2.00 ZION dues
⚔️  Mire Mueller (middle) joined Golden Dawn — paid 2.00 ZION dues
⚔️  Mire Diallo (middle) joined Iron Fist — paid 2.00 ZION dues
⚔️  Mire Rossi (middle) joined Golden Dawn — paid 2.00 ZION dues
⚔️  Orin Mueller (middle) joined Shadow Order — paid 2.00 ZION dues
⚔️  Tara Nguyen 3 (middle) joined Shadow Order — paid 2.00 ZION dues
⚔️  Lena Kowalski (middle) joined Shadow Order — paid 2.00 ZION dues
⚔️  Lena Garcia (middle) joined Shadow Order — paid 2.00 ZION dues
⚔️  Mire Nguyen (middle) joined Iron Fist — paid 1.93 ZION dues
⚔️  Vess Okafor (middle) joined Golden Dawn — paid 2.02 ZION dues
⚔️  Qiao Zhao (middle) joined Golden Dawn — paid 0.72 ZION dues
⚔️  Bram Rossi (middle) joined Iron Fist — paid 1.93 ZION dues
⚔️  Orin Diallo (middle) joined Iron Fist — paid 1.82 ZION dues
⚔️  Vess Okafor 2 (middle) joined Shadow Order — paid 1.82 ZION dues
⚔️  Mire Okafor (middle) joined Shadow Order — paid 1.82 ZION dues
⚔️  Olan Okafor (middle) joined Iron Fist — paid 1.82 ZION dues
⚔️  Vess Tanaka 2 (middle) joined Iron Fist — paid 1.82 ZION dues
⚔️  Orin Diallo 2 (middle) joined Golden Dawn — paid 1.80 ZION dues
⚔️  Mire Kapoor 2 (middle) joined Shadow Order — paid 1.80 ZION dues
⚔️  Marina Blackwood (middle) joined Shadow Order — paid 0.72 ZION dues
⚔️  Mire Diallo 2 (middle) joined Golden Dawn — paid 1.80 ZION dues
⚔️  Lena Santos (middle) joined Iron Fist — paid 1.73 ZION dues
⚔️  Alessia Bianchi (middle) joined Shadow Order — paid 0.72 ZION dues
⚔️  Vex Petrov (middle) joined Iron Fist — paid 4.84 ZION dues
⚔️  Sung Shin (middle) joined Iron Fist — paid 0.72 ZION dues
⚔️  Bram Parker (middle) joined Shadow Order — paid 1.13 ZION dues
⚔️  Claire Laurent (middle) joined Golden Dawn — paid 0.72 ZION dues
⚔️  Tara Garcia 2 (middle) joined Golden Dawn — paid 1.13 ZION dues
⚔️  Tara Mueller 2 (middle) joined Iron Fist — paid 1.13 ZION dues
⚔️  Samir Nasri (middle) joined Shadow Order — paid 0.72 ZION dues
⚔️  Mire Garcia (middle) joined Shadow Order — paid 0.40 ZION dues
⚔️  Tara Santos (middle) joined Shadow Order — paid 0.40 ZION dues
⚔️  Tara Parker (middle) joined Golden Dawn — paid 2.02 ZION dues
⚔️  Sera Mbeki 2 (middle) joined Golden Dawn — paid 1.04 ZION dues
⚔️  Reem Barakat (middle) joined Iron Fist — paid 0.72 ZION dues
⚔️  Bram Garcia (middle) joined Shadow Order — paid 0.41 ZION dues
⚔️  Vess Santos (middle) joined Iron Fist — paid 0.41 ZION dues
⚔️  Bram Loginov (middle) joined Iron Fist — paid 0.41 ZION dues
⚔️  Tara Nguyen 4 (middle) joined Shadow Order — paid 1.03 ZION dues
⚔️  Lena Mbeki (middle) joined Golden Dawn — paid 0.37 ZION dues
⚔️  Vess Rossi 2 (middle) joined Iron Fist — paid 1.02 ZION dues
⚔️  Orin Yamamoto 2 (middle) joined Iron Fist — paid 1.02 ZION dues
⚔️  Sera Parker 3 (middle) joined Iron Fist — paid 1.02 ZION dues
⚔️  Mire Parker 2 (middle) joined Golden Dawn — paid 0.93 ZION dues
⚔️  Tara Mueller 3 (middle) joined Shadow Order — paid 0.92 ZION dues
⚔️  Orin Garcia (middle) joined Iron Fist — paid 0.33 ZION dues
⚔️  Kojo Kamara (middle) joined Iron Fist — paid 0.72 ZION dues
⚔️  Hugo Roux (middle) joined Golden Dawn — paid 0.72 ZION dues
⚔️  Orin Rossi (middle) joined Iron Fist — paid 2.02 ZION dues
⚔️  Sven Lindqvist (middle) joined Shadow Order — paid 0.72 ZION dues
⚔️  Dagny Madsen (middle) joined Golden Dawn — paid 0.72 ZION dues
⚔️  Zorn Ironside (elite) joined Shadow Order — paid 4.89 ZION dues
⚔️  Salma Khoury (middle) joined Golden Dawn — paid 0.55 ZION dues
⚔️  Noemie Moreau (middle) joined Golden Dawn — paid 0.55 ZION dues
⚔️  Sera Tanaka (middle) joined Iron Fist — paid 2.02 ZION dues
⚔️  Imani Okoro (middle) joined Shadow Order — paid 0.72 ZION dues
⚔️  Tara Petrov (middle) joined Shadow Order — paid 1.83 ZION dues
⚔️  Vess Diallo (middle) joined Shadow Order — paid 1.83 ZION dues
⚔️  Nari Kwon (middle) joined Shadow Order — paid 0.72 ZION dues
⚔️  Nia Keita (middle) joined Golden Dawn — paid 0.72 ZION dues
⚔️  Lena Petrov (middle) joined Shadow Order — paid 0.41 ZION dues
⚔️  Tara Diallo (middle) joined Iron Fist — paid 2.02 ZION dues
⚔️  Mire Kapoor (middle) joined Golden Dawn — paid 2.02 ZION dues
⚔️  Diya Yadav (middle) joined Golden Dawn — paid 0.55 ZION dues
⚔️  Karin Nielsen (middle) joined Shadow Order — paid 0.55 ZION dues
⚔️  Zaid Saleh (middle) joined Iron Fist — paid 0.72 ZION dues
⚔️  Chidi Madueke (middle) joined Golden Dawn — paid 0.72 ZION dues
⚔️  Lena Parker (middle) joined Iron Fist — paid 2.02 ZION dues
⚔️  Olan Petrov (middle) joined Golden Dawn — paid 2.02 ZION dues
⚔️  Mire Petrov (middle) joined Iron Fist — paid 1.85 ZION dues
⚔️  Samira Sharif (elite) joined Golden Dawn — paid 43.29 ZION dues
⚔️  Yong Feng (elite) joined Shadow Order — paid 28.73 ZION dues
⚔️  Greta Kristensen (elite) joined Shadow Order — paid 35.96 ZION dues
⚔️  Rin Sasaki (middle) joined Iron Fist — paid 3.61 ZION dues
⚔️  Kavya Malhotra (middle) joined Iron Fist — paid 3.44 ZION dues
⚔️  Onur Bulut (middle) joined Iron Fist — paid 3.44 ZION dues
⚔️  Rohan Tripathi (middle) joined Golden Dawn — paid 0.69 ZION dues
⚔️  Amara Diop (elite) joined Iron Fist — paid 43.52 ZION dues
⚔️  Neslihan Tas (middle) joined Golden Dawn — paid 3.61 ZION dues
⚔️  Neha Jain (middle) joined Golden Dawn — paid 3.61 ZION dues
⚔️  Akari Ikeda (middle) joined Shadow Order — paid 3.44 ZION dues
⚔️  Lars Lundberg (middle) joined Iron Fist — paid 3.44 ZION dues
⚔️  Sefu Nyang (middle) joined Golden Dawn — paid 3.44 ZION dues
⚔️  Ahmet Bozkurt (middle) joined Shadow Order — paid 3.61 ZION dues
⚔️  Ricardo Garcia (elite) joined Golden Dawn — paid 28.90 ZION dues
⚔️  Juliette Perrin (elite) joined Golden Dawn — paid 36.12 ZION dues
⚔️  Pierre Faure (elite) joined Golden Dawn — paid 28.61 ZION dues
⚔️  Arthur Merrick (elite) joined Golden Dawn — paid 35.76 ZION dues
⚔️  Xinyi Feng (elite) joined Shadow Order — paid 28.90 ZION dues
⚔️  Martina Lefevre (elite) joined Shadow Order — paid 35.76 ZION dues
⚔️  Estelle Somerset (elite) joined Iron Fist — paid 35.76 ZION dues
⚔️  Sofia Garcia (middle) joined Shadow Order — paid 0.72 ZION dues
⚔️  Buse Toprak (middle) joined Golden Dawn — paid 0.72 ZION dues
⚔️  Defne Celik (middle) joined Golden Dawn — paid 3.61 ZION dues
⚔️  Miguel Rojas (middle) joined Iron Fist — paid 3.61 ZION dues
⚔️  Priscila Araujo (middle) joined Iron Fist — paid 3.58 ZION dues
⚔️  Amit Singh (middle) joined Iron Fist — paid 3.61 ZION dues
⚔️  Jomo Kone (middle) joined Golden Dawn — paid 3.61 ZION dues
⚔️  Halima Omondi (middle) joined Shadow Order — paid 3.16 ZION dues
⚔️  Joao Lima (middle) joined Golden Dawn — paid 3.61 ZION dues
⚔️  Sylvia Thornton (middle) joined Shadow Order — paid 3.58 ZION dues
⚔️  Aiko Ikeda (middle) joined Iron Fist — paid 3.58 ZION dues
⚔️  Ragnar Nielsen (middle) joined Iron Fist — paid 3.58 ZION dues
⚔️  Sofia Merrick (middle) joined Iron Fist — paid 3.58 ZION dues
⚔️  Matteo Michel (middle) joined Shadow Order — paid 3.58 ZION dues
⚔️  Torben Ekstrom (middle) joined Shadow Order — paid 0.72 ZION dues
⚔️  Vivienne Kingsley (middle) joined Golden Dawn — paid 0.72 ZION dues
⚔️  Ricardo Paredes (middle) joined Golden Dawn — paid 3.61 ZION dues
⚔️  Santiago Peralta (middle) joined Iron Fist — paid 3.58 ZION dues
⚔️  Antoine Bianchi (middle) joined Golden Dawn — paid 3.61 ZION dues
⚔️  Lan Shin (middle) joined Golden Dawn — paid 0.72 ZION dues
⚔️  Maximilian Redgrave (middle) joined Golden Dawn — paid 3.44 ZION dues
⚔️  Gustavo Lima (middle) joined Iron Fist — paid 3.61 ZION dues
⚔️  Thandi Dlamini (middle) joined Golden Dawn — paid 3.58 ZION dues
⚔️  Fela Afolayan (middle) joined Iron Fist — paid 0.72 ZION dues
⚔️  Burak Bayrak (middle) joined Shadow Order — paid 0.72 ZION dues
⚔️  Neslihan Kara (middle) joined Iron Fist — paid 0.69 ZION dues
⚔️  Kojo Toure (middle) joined Iron Fist — paid 0.69 ZION dues
⚔️  Zaid Rahman (middle) joined Iron Fist — paid 3.58 ZION dues
⚔️  Qiao Park (middle) joined Golden Dawn — paid 3.61 ZION dues
⚔️  Victor Redgrave (middle) joined Golden Dawn — paid 3.44 ZION dues
⚔️  Mandla Chirwa (middle) joined Iron Fist — paid 0.72 ZION dues
⚔️  Mariana Costa (middle) joined Iron Fist — paid 3.61 ZION dues
⚔️  Amit Arora (middle) joined Iron Fist — paid 3.61 ZION dues

📊 Clan Stats:
  🏰 Iron Fist: 190 members | 1475.66 ZION treasury
  🏰 Golden Dawn: 176 members | 1300.23 ZION treasury
  🏰 Shadow Order: 140 members | 551.94 ZION treasury

✅ 133 agents joined clans!

⚔️  WAR: Shadow Order vs Golden Dawn!
🏆 Golden Dawn WINS! Takes 275.97 ZION from Shadow Order

⚔️  ZION Clan Cycle - 2026-05-13 01:00
⚔️  Drake Okafor (middle) joined Shadow Order — paid 4.26 ZION dues
⚔️  Kael Thornton (elite) joined Iron Fist — paid 3.87 ZION dues
⚔️  Drake Parker (middle) joined Shadow Order — paid 4.30 ZION dues
⚔️  Dorn Loginov (middle) joined Golden Dawn — paid 3.81 ZION dues
⚔️  Raze Kapoor (middle) joined Iron Fist — paid 4.30 ZION dues
⚔️  Cain Coldwell (elite) joined Iron Fist — paid 3.81 ZION dues
⚔️  Raze Thornton (elite) joined Iron Fist — paid 3.40 ZION dues
⚔️  Zorn Okafor (middle) joined Shadow Order — paid 3.10 ZION dues
⚔️  Axel Okafor (middle) joined Golden Dawn — paid 3.07 ZION dues
⚔️  Drake Drakon (elite) joined Iron Fist — paid 3.87 ZION dues
⚔️  Zorn Garcia (middle) joined Golden Dawn — paid 3.06 ZION dues
⚔️  Dorn Blackstone (elite) joined Shadow Order — paid 3.06 ZION dues
⚔️  Zorn Santos (middle) joined Shadow Order — paid 3.06 ZION dues
⚔️  Kael Diallo (middle) joined Golden Dawn — paid 0.62 ZION dues
⚔️  Axel Castellan (elite) joined Golden Dawn — paid 4.30 ZION dues
⚔️  Sera Mbeki 4 (middle) joined Golden Dawn — paid 1.72 ZION dues
⚔️  Olan Diallo 2 (middle) joined Iron Fist — paid 1.70 ZION dues
⚔️  Orin Mbeki 2 (middle) joined Golden Dawn — paid 1.70 ZION dues
⚔️  Tara Kapoor 2 (middle) joined Iron Fist — paid 1.69 ZION dues
⚔️  Lena Rossi 2 (middle) joined Shadow Order — paid 1.69 ZION dues
⚔️  Orin Kowalski 2 (middle) joined Iron Fist — paid 1.69 ZION dues
⚔️  Orin Petrov 2 (middle) joined Shadow Order — paid 1.62 ZION dues
⚔️  Sera Garcia 2 (middle) joined Shadow Order — paid 1.55 ZION dues
⚔️  Tara Diallo 2 (middle) joined Shadow Order — paid 1.55 ZION dues
⚔️  Bram Mueller 2 (middle) joined Golden Dawn — paid 1.55 ZION dues
⚔️  Bram Garcia 2 (middle) joined Iron Fist — paid 1.53 ZION dues
⚔️  Vess Kowalski (middle) joined Shadow Order — paid 1.72 ZION dues
⚔️  Zorn Castellan (elite) joined Iron Fist — paid 3.70 ZION dues
⚔️  Vex Loginov (middle) joined Iron Fist — paid 0.68 ZION dues
⚔️  Tara Tanaka 2 (middle) joined Shadow Order — paid 1.55 ZION dues
⚔️  Vess Loginov 3 (middle) joined Golden Dawn — paid 1.48 ZION dues
⚔️  Lena Kapoor (middle) joined Shadow Order — paid 1.47 ZION dues
⚔️  Tara Okafor 3 (middle) joined Shadow Order — paid 1.45 ZION dues
⚔️  Mire Kapoor 3 (middle) joined Iron Fist — paid 1.44 ZION dues
⚔️  Drake Garcia (middle) joined Golden Dawn — paid 4.25 ZION dues
⚔️  Dorn Castellan (elite) joined Shadow Order — paid 4.25 ZION dues
⚔️  Tara Okafor 4 (middle) joined Shadow Order — paid 0.96 ZION dues
⚔️  Bram Petrov (middle) joined Golden Dawn — paid 0.34 ZION dues
⚔️  Bram Santos 2 (middle) joined Golden Dawn — paid 0.95 ZION dues
⚔️  Olan Rossi (middle) joined Golden Dawn — paid 1.69 ZION dues
⚔️  Sera Petrov (middle) joined Golden Dawn — paid 0.34 ZION dues
⚔️  Vess Mbeki 4 (middle) joined Golden Dawn — paid 0.92 ZION dues
⚔️  Mire Kowalski (middle) joined Shadow Order — paid 1.62 ZION dues
⚔️  Orin Kowalski 3 (middle) joined Iron Fist — paid 0.87 ZION dues
⚔️  Lena Loginov 2 (middle) joined Shadow Order — paid 0.87 ZION dues
⚔️  Bram Mbeki 2 (middle) joined Iron Fist — paid 0.86 ZION dues
⚔️  Mire Diallo 3 (middle) joined Golden Dawn — paid 0.29 ZION dues
⚔️  Sera Rossi 3 (middle) joined Shadow Order — paid 0.78 ZION dues
⚔️  Bram Kowalski 3 (middle) joined Shadow Order — paid 0.76 ZION dues
⚔️  Mire Nguyen 3 (middle) joined Golden Dawn — paid 0.68 ZION dues
⚔️  Olan Loginov 2 (middle) joined Golden Dawn — paid 0.68 ZION dues
⚔️  Bram Mueller (middle) joined Golden Dawn — paid 0.34 ZION dues
⚔️  Elena Crawford (middle) joined Shadow Order — paid 0.62 ZION dues
⚔️  Olan Yamamoto 2 (middle) joined Golden Dawn — paid 0.95 ZION dues
⚔️  Mire Diallo 4 (middle) joined Golden Dawn — paid 0.88 ZION dues
⚔️  Tara Mueller (middle) joined Golden Dawn — paid 0.17 ZION dues
⚔️  Bram Tanaka (middle) joined Shadow Order — paid 0.27 ZION dues
⚔️  Pranav Bhat (middle) joined Golden Dawn — paid 0.45 ZION dues
⚔️  Sera Garcia (middle) joined Shadow Order — paid 1.53 ZION dues
⚔️  Vess Tanaka 3 (middle) joined Iron Fist — paid 0.87 ZION dues
⚔️  Olan Mueller 2 (middle) joined Shadow Order — paid 0.85 ZION dues
⚔️  Tara Yamamoto (middle) joined Shadow Order — paid 0.34 ZION dues
⚔️  Mire Santos (middle) joined Golden Dawn — paid 1.70 ZION dues
⚔️  Jin Tang (middle) joined Shadow Order — paid 0.62 ZION dues
⚔️  Defne Kilic (middle) joined Golden Dawn — paid 0.62 ZION dues
⚔️  Mandla Mbeki (middle) joined Golden Dawn — paid 0.62 ZION dues
⚔️  Jorge Ramirez (middle) joined Golden Dawn — paid 0.62 ZION dues
⚔️  Kristian Lindberg (middle) joined Iron Fist — paid 0.47 ZION dues
⚔️  Benedict Sterling (middle) joined Iron Fist — paid 0.47 ZION dues
⚔️  Rahul Bhat (middle) joined Golden Dawn — paid 0.62 ZION dues
⚔️  Leticia Souza (middle) joined Golden Dawn — paid 0.62 ZION dues
⚔️  Kola Obi (middle) joined Golden Dawn — paid 0.62 ZION dues
⚔️  Emi Yamaguchi (middle) joined Golden Dawn — paid 0.62 ZION dues
⚔️  Fela Bello (middle) joined Shadow Order — paid 0.62 ZION dues
⚔️  Claire Dubois (middle) joined Iron Fist — paid 0.47 ZION dues
⚔️  Cecilia Windsor (middle) joined Shadow Order — paid 0.62 ZION dues
⚔️  Bram Yamamoto (middle) joined Golden Dawn — paid 1.58 ZION dues
⚔️  Orin Okafor (middle) joined Iron Fist — paid 0.14 ZION dues
⚔️  Ayo Akinyi (elite) joined Golden Dawn — paid 30.56 ZION dues
⚔️  Sinan Bulut (middle) joined Shadow Order — paid 2.93 ZION dues
⚔️  Dorian Somerset (middle) joined Shadow Order — paid 2.93 ZION dues
⚔️  Gabriel Marin (middle) joined Iron Fist — paid 0.57 ZION dues
⚔️  Ece Karaca (middle) joined Iron Fist — paid 0.61 ZION dues
⚔️  Vinicius Freitas (middle) joined Iron Fist — paid 3.07 ZION dues
⚔️  Jae Kwon (middle) joined Iron Fist — paid 2.93 ZION dues
⚔️  Ishaan Kapoor (middle) joined Iron Fist — paid 3.04 ZION dues
⚔️  Iman Al-Rashid (middle) joined Iron Fist — paid 0.42 ZION dues
⚔️  Seun Adebayo (middle) joined Shadow Order — paid 3.04 ZION dues
⚔️  Xia Chen (middle) joined Shadow Order — paid 0.57 ZION dues
⚔️  Melis Kurt (elite) joined Shadow Order — paid 19.46 ZION dues
⚔️  Riko Hashimoto (middle) joined Shadow Order — paid 0.61 ZION dues
⚔️  Nils Hansen (elite) joined Iron Fist — paid 24.32 ZION dues
⚔️  Natalia Vargas (elite) joined Iron Fist — paid 30.40 ZION dues
⚔️  Giovanni Conte (elite) joined Golden Dawn — paid 30.71 ZION dues
⚔️  Manon Costa (middle) joined Shadow Order — paid 0.61 ZION dues
⚔️  Yusuf Polat (middle) joined Iron Fist — paid 0.61 ZION dues
⚔️  Reina Fujita (middle) joined Iron Fist — paid 0.62 ZION dues
⚔️  Bianca Moreau (middle) joined Iron Fist — paid 3.07 ZION dues
⚔️  Thandi Keita (middle) joined Iron Fist — paid 3.07 ZION dues
⚔️  Amara Omondi (middle) joined Iron Fist — paid 0.62 ZION dues
⚔️  Jae Han (middle) joined Shadow Order — paid 0.45 ZION dues
⚔️  Haruto Hayashi (middle) joined Iron Fist — paid 0.62 ZION dues
⚔️  Ragna Johansson (middle) joined Iron Fist — paid 0.61 ZION dues
⚔️  Daichi Ishikawa (middle) joined Shadow Order — paid 2.84 ZION dues
⚔️  Jisoo Kim (middle) joined Iron Fist — paid 2.84 ZION dues
⚔️  Neel Khanna (middle) joined Iron Fist — paid 3.04 ZION dues
⚔️  Pablo Castillo (middle) joined Shadow Order — paid 0.61 ZION dues
⚔️  Sven Svensson (middle) joined Golden Dawn — paid 3.04 ZION dues
⚔️  Nasser Darwish (middle) joined Shadow Order — paid 0.61 ZION dues
⚔️  Ryota Ogawa (middle) joined Iron Fist — paid 2.87 ZION dues
⚔️  Selin Karaca (middle) joined Iron Fist — paid 3.04 ZION dues
⚔️  Tomas Escobar (middle) joined Shadow Order — paid 3.07 ZION dues
⚔️  Minji Shin (middle) joined Golden Dawn — paid 0.61 ZION dues
⚔️  Dominic Wentworth (middle) joined Iron Fist — paid 2.90 ZION dues
⚔️  Dagny Holm (middle) joined Iron Fist — paid 0.60 ZION dues
⚔️  Javier Vega (middle) joined Iron Fist — paid 2.90 ZION dues
⚔️  Jamal Farouk (middle) joined Iron Fist — paid 3.01 ZION dues
⚔️  Imran Khalil (middle) joined Golden Dawn — paid 2.84 ZION dues
⚔️  Francesco Fournier (middle) joined Golden Dawn — paid 3.07 ZION dues
⚔️  Sakura Goto (middle) joined Golden Dawn — paid 0.47 ZION dues
⚔️  Roland Ellington (middle) joined Shadow Order — paid 2.93 ZION dues
⚔️  Tommaso Costa (middle) joined Shadow Order — paid 3.04 ZION dues

📊 Clan Stats:
  🏰 Golden Dawn: 215 members | 1689.37 ZION treasury
  🏰 Iron Fist: 232 members | 1607.29 ZION treasury
  🏰 Shadow Order: 181 members | 364.77 ZION treasury

✅ 122 agents joined clans!

⚔️  ZION Clan Cycle - 2026-05-14 01:00
⚔️  Cain Parker (middle) joined Golden Dawn — paid 3.62 ZION dues
⚔️  Vex Whitmore (elite) joined Iron Fist — paid 3.64 ZION dues
⚔️  Kael Okafor (middle) joined Shadow Order — paid 3.39 ZION dues
⚔️  Dorn Santos (middle) joined Shadow Order — paid 5.50 ZION dues
⚔️  Vex Okafor (middle) joined Shadow Order — paid 3.26 ZION dues
⚔️  Dorn Goldstein (elite) joined Shadow Order — paid 3.22 ZION dues
⚔️  Lena Loginov (middle) joined Iron Fist — paid 1.29 ZION dues
⚔️  Dorn Thornton (elite) joined Golden Dawn — paid 2.08 ZION dues
⚔️  Zorn Vexlar (elite) joined Iron Fist — paid 2.06 ZION dues
⚔️  Lena Okafor 2 (middle) joined Golden Dawn — paid 1.29 ZION dues
⚔️  Vess Petrov 4 (middle) joined Shadow Order — paid 1.88 ZION dues
⚔️  Sera Okafor 2 (middle) joined Iron Fist — paid 1.74 ZION dues
⚔️  Cain Yamamoto (middle) joined Iron Fist — paid 0.62 ZION dues
⚔️  Lena Rossi 4 (middle) joined Golden Dawn — paid 1.72 ZION dues
⚔️  Lena Mueller 2 (middle) joined Iron Fist — paid 1.69 ZION dues
⚔️  Tara Garcia 4 (middle) joined Iron Fist — paid 1.68 ZION dues
⚔️  Vess Santos 4 (middle) joined Iron Fist — paid 1.61 ZION dues
⚔️  Mire Tanaka 2 (middle) joined Shadow Order — paid 1.58 ZION dues
⚔️  Orin Loginov 2 (middle) joined Iron Fist — paid 1.88 ZION dues
⚔️  Vex Diallo (middle) joined Iron Fist — paid 2.59 ZION dues
⚔️  Bram Rossi 2 (middle) joined Shadow Order — paid 1.50 ZION dues
⚔️  Lena Rossi 3 (middle) joined Shadow Order — paid 1.30 ZION dues
⚔️  Olan Mueller 3 (middle) joined Iron Fist — paid 1.37 ZION dues
⚔️  Mire Kowalski 2 (middle) joined Golden Dawn — paid 1.37 ZION dues
⚔️  Lena Kapoor 2 (middle) joined Golden Dawn — paid 1.29 ZION dues
⚔️  Sera Yamamoto 4 (middle) joined Golden Dawn — paid 1.24 ZION dues
⚔️  Vess Garcia 4 (middle) joined Iron Fist — paid 1.24 ZION dues
⚔️  Tara Parker 3 (middle) joined Shadow Order — paid 1.23 ZION dues
⚔️  Bram Mueller 4 (middle) joined Golden Dawn — paid 1.12 ZION dues
⚔️  Lena Santos 2 (middle) joined Shadow Order — paid 1.30 ZION dues
⚔️  Mire Loginov 4 (middle) joined Iron Fist — paid 1.05 ZION dues
⚔️  Bram Mbeki (middle) joined Shadow Order — paid 0.36 ZION dues
⚔️  Tara Yamamoto 2 (middle) joined Iron Fist — paid 0.96 ZION dues
⚔️  Orin Diallo 4 (middle) joined Iron Fist — paid 0.95 ZION dues
⚔️  Orin Okafor 3 (middle) joined Golden Dawn — paid 0.90 ZION dues
⚔️  Orin Mueller 2 (middle) joined Shadow Order — paid 0.82 ZION dues
⚔️  Olan Kapoor 2 (middle) joined Shadow Order — paid 1.30 ZION dues
⚔️  Tara Garcia 3 (middle) joined Golden Dawn — paid 0.29 ZION dues
⚔️  Sera Mbeki (middle) joined Shadow Order — paid 1.45 ZION dues
⚔️  Lena Diallo 2 (middle) joined Golden Dawn — paid 1.15 ZION dues
⚔️  Vex Tanaka (middle) joined Iron Fist — paid 3.34 ZION dues
⚔️  Vess Kowalski 3 (middle) joined Shadow Order — paid 1.51 ZION dues
⚔️  Sera Kowalski 2 (middle) joined Golden Dawn — paid 1.52 ZION dues
⚔️  Vess Petrov 3 (middle) joined Golden Dawn — paid 1.46 ZION dues
⚔️  Lena Garcia 3 (middle) joined Shadow Order — paid 0.82 ZION dues
⚔️  Lena Garcia 4 (middle) joined Golden Dawn — paid 0.80 ZION dues
⚔️  Lena Petrov 3 (middle) joined Golden Dawn — paid 0.66 ZION dues
⚔️  Lena Santos 3 (middle) joined Iron Fist — paid 0.76 ZION dues
⚔️  Orin Loginov 3 (middle) joined Iron Fist — paid 0.73 ZION dues
⚔️  Sera Kapoor 2 (middle) joined Shadow Order — paid 0.73 ZION dues
⚔️  Lena Tanaka 2 (middle) joined Shadow Order — paid 0.25 ZION dues
⚔️  Sera Santos 2 (middle) joined Shadow Order — paid 1.05 ZION dues
⚔️  Olan Loginov (middle) joined Shadow Order — paid 0.04 ZION dues
⚔️  Sekou Akinyi (middle) joined Iron Fist — paid 3.36 ZION dues
⚔️  Olan Yamamoto (middle) joined Golden Dawn — paid 0.38 ZION dues
⚔️  Imran Hamdan (elite) joined Shadow Order — paid 28.55 ZION dues
⚔️  Shin Nakajima (elite) joined Iron Fist — paid 29.12 ZION dues
⚔️  Tara Loginov (middle) joined Shadow Order — paid 1.90 ZION dues
⚔️  Rashid Hakim (middle) joined Iron Fist — paid 0.68 ZION dues
⚔️  Orin Petrov (middle) joined Golden Dawn — paid 0.38 ZION dues
⚔️  Sera Yamamoto (middle) joined Golden Dawn — paid 1.90 ZION dues
⚔️  Lethabo Banda (elite) joined Shadow Order — paid 26.48 ZION dues
⚔️  Valentina Girard (middle) joined Iron Fist — paid 0.49 ZION dues
⚔️  Sera Loginov 2 (middle) joined Shadow Order — paid 0.38 ZION dues
⚔️  Tara Nguyen 2 (middle) joined Golden Dawn — paid 1.45 ZION dues
⚔️  Mire Loginov 2 (middle) joined Shadow Order — paid 1.86 ZION dues
⚔️  Sera Rossi 2 (middle) joined Iron Fist — paid 1.78 ZION dues
⚔️  Dorn Voltaire (elite) joined Golden Dawn — paid 8.65 ZION dues
⚔️  Tara Loginov 3 (middle) joined Golden Dawn — paid 1.37 ZION dues
⚔️  Tara Okafor 2 (middle) joined Golden Dawn — paid 1.90 ZION dues
⚔️  Mire Santos 2 (middle) joined Golden Dawn — paid 1.90 ZION dues
⚔️  Vess Okafor 3 (middle) joined Golden Dawn — paid 0.82 ZION dues
⚔️  Drake Petrov (middle) joined Golden Dawn — paid 3.22 ZION dues
⚔️  Vess Santos 2 (middle) joined Golden Dawn — paid 1.79 ZION dues
⚔️  Yuri Wu (middle) joined Iron Fist — paid 0.49 ZION dues
⚔️  Orin Diallo 3 (middle) joined Iron Fist — paid 1.71 ZION dues
⚔️  Sera Kowalski (middle) joined Iron Fist — paid 1.90 ZION dues
⚔️  Mire Mbeki (middle) joined Golden Dawn — paid 1.66 ZION dues
⚔️  Olan Nguyen 2 (middle) joined Golden Dawn — paid 0.97 ZION dues
⚔️  Sera Yamamoto 2 (middle) joined Shadow Order — paid 0.81 ZION dues
⚔️  Olan Kapoor (middle) joined Iron Fist — paid 0.29 ZION dues
⚔️  Haruto Hashimoto (middle) joined Iron Fist — paid 0.52 ZION dues
⚔️  Andre Correia (middle) joined Shadow Order — paid 0.61 ZION dues
⚔️  Vess Yamamoto (middle) joined Golden Dawn — paid 0.29 ZION dues
⚔️  Tarik Koc (middle) joined Shadow Order — paid 3.36 ZION dues
⚔️  Bram Okafor (middle) joined Golden Dawn — paid 0.73 ZION dues
⚔️  Kojo Bello (elite) joined Iron Fist — paid 16.70 ZION dues
⚔️  Mio Yamamoto (middle) joined Shadow Order — paid 0.49 ZION dues
⚔️  Emre Polat (middle) joined Golden Dawn — paid 0.52 ZION dues
⚔️  Ingrid Johansen (middle) joined Golden Dawn — paid 2.44 ZION dues
⚔️  Pranav Reddy (middle) joined Iron Fist — paid 0.63 ZION dues
⚔️  Xinyi Zhou (middle) joined Golden Dawn — paid 0.52 ZION dues
⚔️  Olan Yamamoto 3 (middle) joined Golden Dawn — paid 0.87 ZION dues
⚔️  Leon Lennox (middle) joined Golden Dawn — paid 3.19 ZION dues
⚔️  Ahmet Celik (middle) joined Shadow Order — paid 3.36 ZION dues
⚔️  Hao Gao (middle) joined Shadow Order — paid 0.52 ZION dues
⚔️  Kunle Onyeka (middle) joined Shadow Order — paid 0.52 ZION dues
⚔️  Florence Hartwell (middle) joined Iron Fist — paid 0.35 ZION dues
⚔️  Yuto Saito (middle) joined Golden Dawn — paid 0.35 ZION dues
⚔️  Vess Rossi (middle) joined Shadow Order — paid 0.12 ZION dues
⚔️  Hande Tas (elite) joined Iron Fist — paid 20.88 ZION dues
⚔️  Derya Celik (middle) joined Golden Dawn — paid 2.58 ZION dues
⚔️  Nnamdi Madueke (middle) joined Golden Dawn — paid 0.52 ZION dues
⚔️  Beatriz Cardoso (middle) joined Iron Fist — paid 0.52 ZION dues
⚔️  Murat Cetin (elite) joined Golden Dawn — paid 17.57 ZION dues
⚔️  Ifeanyi Ojo (middle) joined Iron Fist — paid 0.51 ZION dues
⚔️  Benedict Fairchild (elite) joined Shadow Order — paid 20.47 ZION dues
⚔️  Bruno Cortez (elite) joined Golden Dawn — paid 20.88 ZION dues
⚔️  Adewale Nnamani (middle) joined Shadow Order — paid 0.67 ZION dues
⚔️  Tae Kim (middle) joined Shadow Order — paid 0.49 ZION dues
⚔️  Marina Windsor (middle) joined Shadow Order — paid 2.42 ZION dues
⚔️  Joao Gomes (middle) joined Golden Dawn — paid 0.52 ZION dues
⚔️  Adel Abbas (middle) joined Iron Fist — paid 0.52 ZION dues
⚔️  Jing Gao (middle) joined Shadow Order — paid 0.50 ZION dues
⚔️  Ragna Hansen (middle) joined Iron Fist — paid 3.19 ZION dues
⚔️  Can Tas (middle) joined Iron Fist — paid 0.61 ZION dues
⚔️  Valeria Gonzalez (middle) joined Iron Fist — paid 0.50 ZION dues
⚔️  Paola Romero (middle) joined Golden Dawn — paid 0.38 ZION dues
⚔️  Neel Verma (middle) joined Iron Fist — paid 2.47 ZION dues

📊 Clan Stats:
  🏰 Golden Dawn: 257 members | 1787.63 ZION treasury
  🏰 Iron Fist: 271 members | 1723.71 ZION treasury
  🏰 Shadow Order: 219 members | 490.77 ZION treasury

✅ 119 agents joined clans!

⚔️  ZION Clan Cycle - 2026-05-15 01:00
⚔️  Cain Kowalski (middle) joined Shadow Order — paid 3.17 ZION dues
⚔️  Dorn Okafor (middle) joined Golden Dawn — paid 2.77 ZION dues
⚔️  Dorn Yamamoto (middle) joined Golden Dawn — paid 2.05 ZION dues
⚔️  Cain Mueller (middle) joined Golden Dawn — paid 1.82 ZION dues
⚔️  Cain Kapoor (middle) joined Iron Fist — paid 1.75 ZION dues
⚔️  Mire Mbeki 2 (middle) joined Golden Dawn — paid 1.90 ZION dues
⚔️  Tara Diallo 3 (middle) joined Golden Dawn — paid 1.74 ZION dues
⚔️  Tara Nguyen 6 (middle) joined Iron Fist — paid 1.48 ZION dues
⚔️  Tara Kowalski 2 (middle) joined Golden Dawn — paid 1.34 ZION dues
⚔️  Mire Loginov 6 (middle) joined Iron Fist — paid 1.11 ZION dues
⚔️  Bram Diallo 4 (middle) joined Iron Fist — paid 1.10 ZION dues
⚔️  Tara Diallo 4 (middle) joined Iron Fist — paid 1.01 ZION dues
⚔️  Bram Kapoor 2 (middle) joined Iron Fist — paid 0.99 ZION dues
⚔️  Bram Tanaka 4 (middle) joined Shadow Order — paid 0.94 ZION dues
⚔️  Sera Loginov 5 (middle) joined Shadow Order — paid 0.89 ZION dues
⚔️  Bram Tanaka 5 (middle) joined Iron Fist — paid 0.87 ZION dues
⚔️  Lena Mueller 3 (middle) joined Golden Dawn — paid 0.81 ZION dues
⚔️  Lena Mbeki 4 (middle) joined Golden Dawn — paid 0.79 ZION dues
⚔️  Orin Mbeki 3 (middle) joined Iron Fist — paid 0.76 ZION dues
⚔️  Axel Yamamoto (middle) joined Golden Dawn — paid 2.59 ZION dues
⚔️  Vess Nguyen 2 (middle) joined Iron Fist — paid 1.57 ZION dues
⚔️  Kael Yamamoto (middle) joined Golden Dawn — paid 0.56 ZION dues
⚔️  Lena Parker 2 (middle) joined Iron Fist — paid 0.72 ZION dues
⚔️  Vess Garcia 5 (middle) joined Shadow Order — paid 0.72 ZION dues
⚔️  Bram Santos 3 (middle) joined Golden Dawn — paid 0.68 ZION dues
⚔️  Olan Okafor 3 (middle) joined Golden Dawn — paid 0.36 ZION dues
⚔️  Lena Loginov 4 (middle) joined Golden Dawn — paid 0.50 ZION dues
⚔️  Tara Mbeki 2 (middle) joined Golden Dawn — paid 1.22 ZION dues
⚔️  Lena Mbeki 3 (middle) joined Iron Fist — paid 0.89 ZION dues
⚔️  Mire Diallo 5 (middle) joined Shadow Order — paid 1.02 ZION dues
⚔️  Orin Parker 3 (middle) joined Iron Fist — paid 0.95 ZION dues
⚔️  Mire Loginov 5 (middle) joined Iron Fist — paid 0.81 ZION dues
⚔️  Mire Nguyen 4 (middle) joined Iron Fist — paid 0.58 ZION dues
⚔️  Bram Garcia 3 (middle) joined Shadow Order — paid 0.41 ZION dues
⚔️  Kael Drakon (elite) joined Iron Fist — paid 2.06 ZION dues
⚔️  Mire Parker 3 (middle) joined Shadow Order — paid 0.62 ZION dues
⚔️  Orin Okafor 2 (middle) joined Iron Fist — paid 0.35 ZION dues
⚔️  Diego Cardoso (middle) joined Golden Dawn — paid 1.41 ZION dues
⚔️  Mire Yamamoto 2 (middle) joined Shadow Order — paid 0.41 ZION dues
⚔️  Paola Escobar (middle) joined Iron Fist — paid 0.38 ZION dues
⚔️  Tara Kapoor (middle) joined Iron Fist — paid 0.13 ZION dues
⚔️  Sera Diallo 3 (middle) joined Shadow Order — paid 0.45 ZION dues
⚔️  Jiwoo Sun (middle) joined Shadow Order — paid 0.20 ZION dues
⚔️  Tara Nguyen (middle) joined Iron Fist — paid 1.13 ZION dues
⚔️  Lena Mbeki 2 (middle) joined Golden Dawn — paid 1.43 ZION dues
⚔️  Zorn Nguyen (middle) joined Iron Fist — paid 1.13 ZION dues
⚔️  Vess Garcia 3 (middle) joined Shadow Order — paid 1.43 ZION dues
⚔️  Zorn Rossi (middle) joined Shadow Order — paid 0.47 ZION dues
⚔️  Bram Garcia 4 (middle) joined Iron Fist — paid 0.94 ZION dues
⚔️  Cain Ravenswood (elite) joined Shadow Order — paid 1.97 ZION dues
⚔️  Vess Kowalski 4 (middle) joined Shadow Order — paid 0.97 ZION dues
⚔️  Lena Okafor 3 (middle) joined Shadow Order — paid 0.81 ZION dues
⚔️  Olan Okafor 2 (middle) joined Golden Dawn — paid 0.58 ZION dues
⚔️  Bram Parker 2 (middle) joined Golden Dawn — paid 0.49 ZION dues
⚔️  Kael Vexlar (elite) joined Golden Dawn — paid 2.92 ZION dues
⚔️  Mire Petrov 2 (middle) joined Iron Fist — paid 0.50 ZION dues
⚔️  Folami Chirwa (middle) joined Shadow Order — paid 0.43 ZION dues
⚔️  Mire Garcia 4 (middle) joined Iron Fist — paid 1.04 ZION dues
⚔️  Orin Kapoor (middle) joined Iron Fist — paid 0.08 ZION dues
⚔️  Sera Parker (middle) joined Golden Dawn — paid 0.24 ZION dues
⚔️  Estelle Merrick (middle) joined Golden Dawn — paid 0.44 ZION dues
⚔️  Vess Mbeki 2 (middle) joined Shadow Order — paid 0.88 ZION dues
⚔️  Lena Diallo 3 (middle) joined Golden Dawn — paid 0.70 ZION dues
⚔️  Olan Tanaka (middle) joined Iron Fist — paid 0.29 ZION dues
⚔️  Sera Loginov 3 (middle) joined Iron Fist — paid 0.27 ZION dues
⚔️  Sera Mueller (middle) joined Shadow Order — paid 0.46 ZION dues
⚔️  Clara Somerset (middle) joined Iron Fist — paid 0.37 ZION dues
⚔️  Olan Mbeki (middle) joined Shadow Order — paid 0.71 ZION dues
⚔️  Vess Petrov 2 (middle) joined Shadow Order — paid 1.43 ZION dues
⚔️  Orin Parker 2 (middle) joined Golden Dawn — paid 1.43 ZION dues
⚔️  Tara Mbeki (middle) joined Iron Fist — paid 0.21 ZION dues
⚔️  Orin Petrov 3 (middle) joined Shadow Order — paid 0.76 ZION dues
⚔️  Sera Okafor (middle) joined Iron Fist — paid 0.94 ZION dues
⚔️  Lena Tanaka (middle) joined Iron Fist — paid 0.70 ZION dues
⚔️  Tara Parker 2 (middle) joined Golden Dawn — paid 0.43 ZION dues
⚔️  Sera Nguyen (middle) joined Golden Dawn — paid 0.16 ZION dues
⚔️  Vess Garcia 2 (middle) joined Golden Dawn — paid 0.69 ZION dues
⚔️  Fernanda Monteiro (elite) joined Shadow Order — paid 18.16 ZION dues
⚔️  Alejandro Reyes (middle) joined Iron Fist — paid 0.58 ZION dues
⚔️  Yuri Lin (middle) joined Shadow Order — paid 2.03 ZION dues
⚔️  Kemi Adeleke (middle) joined Golden Dawn — paid 0.01 ZION dues
⚔️  Nkechi Ekanem (middle) joined Golden Dawn — paid 0.24 ZION dues
⚔️  Zola Adewale (middle) joined Iron Fist — paid 0.30 ZION dues
⚔️  Nomsa Bello (middle) joined Golden Dawn — paid 0.20 ZION dues
⚔️  Yuki Mori (middle) joined Golden Dawn — paid 0.38 ZION dues
⚔️  Remy Fournier (middle) joined Iron Fist — paid 0.30 ZION dues
⚔️  Mio Ishikawa (middle) joined Iron Fist — paid 0.44 ZION dues
⚔️  Santiago Paredes (middle) joined Shadow Order — paid 0.29 ZION dues
⚔️  Vivienne Lockwood (middle) joined Iron Fist — paid 0.55 ZION dues
⚔️  Seok Wang (middle) joined Iron Fist — paid 0.42 ZION dues
⚔️  Sven Holm (middle) joined Golden Dawn — paid 2.05 ZION dues

📊 Clan Stats:
  🏰 Golden Dawn: 288 members | 1820.58 ZION treasury
  🏰 Iron Fist: 307 members | 1751.43 ZION treasury
  🏰 Shadow Order: 243 members | 530.40 ZION treasury

✅ 91 agents joined clans!

⚔️  ZION Clan Cycle - 2026-05-16 01:00
⚔️  Ares Navarro (middle) joined Iron Fist — paid 2.67 ZION dues
⚔️  Ares Icarus (elite) joined Shadow Order — paid 2.45 ZION dues
⚔️  Kael Castellano (middle) joined Shadow Order — paid 2.21 ZION dues
⚔️  Ares Voss (elite) joined Golden Dawn — paid 1.88 ZION dues
⚔️  Gideon Everton (elite) joined Golden Dawn — paid 1.86 ZION dues
⚔️  Darius Hexum (elite) joined Shadow Order — paid 1.76 ZION dues
⚔️  Zara Adeyemi (middle) joined Iron Fist — paid 1.20 ZION dues
⚔️  Gaia Obasi (middle) joined Iron Fist — paid 1.06 ZION dues
⚔️  Beck Tran (middle) joined Golden Dawn — paid 0.86 ZION dues
⚔️  Kurt Ramirez (middle) joined Iron Fist — paid 0.77 ZION dues
⚔️  Sana Ekwueme (middle) joined Shadow Order — paid 0.75 ZION dues
⚔️  Kira Nakata (middle) joined Iron Fist — paid 0.72 ZION dues
⚔️  Tara Suzuki (middle) joined Golden Dawn — paid 0.69 ZION dues
⚔️  Sera Loginov 4 (middle) joined Golden Dawn — paid 1.22 ZION dues
⚔️  Sera Mbeki 5 (middle) joined Iron Fist — paid 1.17 ZION dues
⚔️  Axel Kowalski (middle) joined Shadow Order — paid 0.53 ZION dues
⚔️  Bram Loginov 2 (middle) joined Iron Fist — paid 1.08 ZION dues
⚔️  Sera Parker 4 (middle) joined Iron Fist — paid 0.93 ZION dues
⚔️  Mire Yamamoto 3 (middle) joined Golden Dawn — paid 0.89 ZION dues
⚔️  Olan Mbeki 2 (middle) joined Iron Fist — paid 0.75 ZION dues
⚔️  Vess Yamamoto 2 (middle) joined Shadow Order — paid 0.71 ZION dues
⚔️  Tara Parker 4 (middle) joined Shadow Order — paid 0.60 ZION dues
⚔️  Vess Diallo 2 (middle) joined Shadow Order — paid 0.21 ZION dues
⚔️  Bram Rossi 3 (middle) joined Shadow Order — paid 0.58 ZION dues
⚔️  Olan Nguyen 3 (middle) joined Iron Fist — paid 0.51 ZION dues
⚔️  Sera Rossi 4 (middle) joined Iron Fist — paid 0.86 ZION dues
⚔️  Vitor Cavalcante (middle) joined Iron Fist — paid 0.22 ZION dues
⚔️  Tove Hansen (middle) joined Golden Dawn — paid 0.35 ZION dues
⚔️  Vex Goldstein (elite) joined Iron Fist — paid 1.88 ZION dues
⚔️  Lena Rossi (middle) joined Shadow Order — paid 0.59 ZION dues
⚔️  Mire Nguyen 5 (middle) joined Iron Fist — paid 0.98 ZION dues
⚔️  Cain Tanaka (middle) joined Shadow Order — paid 1.36 ZION dues
⚔️  Axel Kapoor (middle) joined Iron Fist — paid 2.33 ZION dues
⚔️  Tara Santos 2 (middle) joined Iron Fist — paid 0.50 ZION dues
⚔️  Vex Thornton (elite) joined Golden Dawn — paid 1.79 ZION dues
⚔️  Kesia Adewale (middle) joined Golden Dawn — paid 0.32 ZION dues
⚔️  Jomo Chirwa (middle) joined Golden Dawn — paid 0.32 ZION dues
⚔️  Tara Rossi (middle) joined Golden Dawn — paid 0.03 ZION dues
⚔️  Emre Yaman (middle) joined Iron Fist — paid 0.23 ZION dues
⚔️  Helga Bergstrom (middle) joined Golden Dawn — paid 0.26 ZION dues
⚔️  Bram Diallo 2 (middle) joined Golden Dawn — paid 1.24 ZION dues
⚔️  Bram Okafor 4 (middle) joined Iron Fist — paid 0.57 ZION dues
⚔️  Bram Kapoor (middle) joined Golden Dawn — paid 0.48 ZION dues
⚔️  Bram Kowalski (middle) joined Golden Dawn — paid 0.14 ZION dues
⚔️  Mire Garcia 2 (middle) joined Shadow Order — paid 0.44 ZION dues
⚔️  Bram Okafor 2 (middle) joined Golden Dawn — paid 0.82 ZION dues
⚔️  Lena Yamamoto 2 (middle) joined Iron Fist — paid 0.69 ZION dues
⚔️  Kael Castellan (elite) joined Shadow Order — paid 1.68 ZION dues
⚔️  Tariq Saad (middle) joined Iron Fist — paid 0.17 ZION dues
⚔️  Sera Nguyen 2 (middle) joined Shadow Order — paid 0.59 ZION dues
⚔️  Adel Taher (elite) joined Golden Dawn — paid 15.39 ZION dues
⚔️  Olan Petrov 2 (middle) joined Iron Fist — paid 0.01 ZION dues
⚔️  Marcos Machado (elite) joined Golden Dawn — paid 12.82 ZION dues
⚔️  Iman Adib (middle) joined Iron Fist — paid 0.38 ZION dues
⚔️  Diego Cavalcante (middle) joined Shadow Order — paid 0.49 ZION dues
⚔️  Zara Khoury (middle) joined Golden Dawn — paid 1.05 ZION dues
⚔️  Fatma Erdem (middle) joined Iron Fist — paid 0.38 ZION dues
⚔️  Sefu Mugabe (middle) joined Shadow Order — paid 0.49 ZION dues

📊 Clan Stats:
  🏰 Golden Dawn: 307 members | 1862.99 ZION treasury
  🏰 Iron Fist: 330 members | 1771.50 ZION treasury
  🏰 Shadow Order: 259 members | 545.84 ZION treasury

✅ 58 agents joined clans!
