2026-05-17 10:18:22,920 [COIN_MANAGER] === Coin Manager started ===
2026-05-17 10:18:22,921 [COIN_MANAGER] Requesting faucet (every 4h regardless of balance)...
2026-05-17 10:18:23,063 [COIN_MANAGER] Faucet API failed: HTTP Error 429: Too Many Requests
2026-05-17 10:18:25,309 [COIN_MANAGER] Merging 10 coins into 0x10c909...
2026-05-17 10:19:27,985 [COIN_MANAGER] === Coin Manager started ===
2026-05-17 10:19:27,985 [COIN_MANAGER] Requesting faucet (every 4h regardless of balance)...
2026-05-17 10:19:28,140 [COIN_MANAGER] Faucet API failed: HTTP Error 429: Too Many Requests
2026-05-17 10:19:30,319 [COIN_MANAGER] Merging 10 coins into 0x10c909...
2026-05-18 15:31:35,006 [COIN_MANAGER] === Coin Manager started ===
2026-05-18 15:31:35,006 [COIN_MANAGER] Requesting faucet (every 4h regardless of balance)...
2026-05-18 15:31:35,167 [COIN_MANAGER] Faucet API failed: HTTP Error 429: Too Many Requests
2026-05-18 15:31:38,707 [COIN_MANAGER] Merging 10 coins into 0x373e2a...
2026-05-18 21:25:34,301 [COIN_MANAGER] === Coin Manager started ===
2026-05-18 21:25:34,301 [COIN_MANAGER] === Coin Manager started ===
2026-05-18 21:25:34,301 [COIN_MANAGER] Requesting faucet (every 4h regardless of balance)...
2026-05-18 21:25:34,301 [COIN_MANAGER] Requesting faucet (every 4h regardless of balance)...
2026-05-18 21:25:34,443 [COIN_MANAGER] Faucet API failed: HTTP Error 429: Too Many Requests
2026-05-18 21:25:34,443 [COIN_MANAGER] Faucet API failed: HTTP Error 429: Too Many Requests
2026-05-18 21:25:54,810 [COIN_MANAGER] Only 0 coins, skip merge
2026-05-18 21:25:54,810 [COIN_MANAGER] Only 0 coins, skip merge
2026-05-18 21:25:54,810 [COIN_MANAGER] === Done ===
2026-05-18 21:25:54,810 [COIN_MANAGER] === Done ===
2026-05-19 01:25:27,492 [COIN_MANAGER] === Coin Manager started ===
2026-05-19 01:25:27,492 [COIN_MANAGER] === Coin Manager started ===
2026-05-19 01:25:27,492 [COIN_MANAGER] Requesting faucet (every 4h regardless of balance)...
2026-05-19 01:25:27,492 [COIN_MANAGER] Requesting faucet (every 4h regardless of balance)...
2026-05-19 01:25:27,646 [COIN_MANAGER] Faucet API failed: HTTP Error 429: Too Many Requests
2026-05-19 01:25:27,646 [COIN_MANAGER] Faucet API failed: HTTP Error 429: Too Many Requests
2026-05-19 01:25:31,569 [COIN_MANAGER] Merging 10 coins into 0x373e2a...
2026-05-19 01:25:31,569 [COIN_MANAGER] Merging 10 coins into 0x373e2a...
Traceback (most recent call last):
  File "/root/zion_backend/coin_manager.py", line 69, in <module>
    merge_coins()
  File "/root/zion_backend/coin_manager.py", line 58, in merge_coins
    subprocess.run([
  File "/usr/lib/python3.12/subprocess.py", line 550, in run
    stdout, stderr = process.communicate(input, timeout=timeout)
                     ^^^^^^^^^^^^^^^^^^^^^^^^^^^^^^^^^^^^^^^^^^^
  File "/usr/lib/python3.12/subprocess.py", line 1209, in communicate
    stdout, stderr = self._communicate(input, endtime, timeout)
                     ^^^^^^^^^^^^^^^^^^^^^^^^^^^^^^^^^^^^^^^^^^
  File "/usr/lib/python3.12/subprocess.py", line 2116, in _communicate
    self._check_timeout(endtime, orig_timeout, stdout, stderr)
  File "/usr/lib/python3.12/subprocess.py", line 1253, in _check_timeout
    raise TimeoutExpired(
subprocess.TimeoutExpired: Command '['sui', 'client', 'merge-coin', '--primary-coin', '0x373e2ab564a2f99bb27f2289715d314830d2f27c6854ca4f2ccc26b9b348e0fd', '--coin-to-merge', '0xf3f22016084674170e57b7cb209f6bbdaaaf987b718c690c26f0a6833f9bce50', '--gas-budget', '3000000']' timed out after 120 seconds
2026-05-19 05:25:40,044 [COIN_MANAGER] === Coin Manager started ===
2026-05-19 05:25:40,044 [COIN_MANAGER] === Coin Manager started ===
2026-05-19 05:25:40,044 [COIN_MANAGER] Requesting faucet (every 4h regardless of balance)...
2026-05-19 05:25:40,044 [COIN_MANAGER] Requesting faucet (every 4h regardless of balance)...
2026-05-19 05:25:40,198 [COIN_MANAGER] Faucet API failed: HTTP Error 429: Too Many Requests
2026-05-19 05:25:40,198 [COIN_MANAGER] Faucet API failed: HTTP Error 429: Too Many Requests
2026-05-19 05:25:44,011 [COIN_MANAGER] Merging 10 coins into 0x373e2a...
2026-05-19 05:25:44,011 [COIN_MANAGER] Merging 10 coins into 0x373e2a...
Traceback (most recent call last):
  File "/root/zion_backend/coin_manager.py", line 69, in <module>
    merge_coins()
  File "/root/zion_backend/coin_manager.py", line 58, in merge_coins
    subprocess.run([
  File "/usr/lib/python3.12/subprocess.py", line 550, in run
    stdout, stderr = process.communicate(input, timeout=timeout)
                     ^^^^^^^^^^^^^^^^^^^^^^^^^^^^^^^^^^^^^^^^^^^
  File "/usr/lib/python3.12/subprocess.py", line 1209, in communicate
    stdout, stderr = self._communicate(input, endtime, timeout)
                     ^^^^^^^^^^^^^^^^^^^^^^^^^^^^^^^^^^^^^^^^^^
  File "/usr/lib/python3.12/subprocess.py", line 2116, in _communicate
    self._check_timeout(endtime, orig_timeout, stdout, stderr)
  File "/usr/lib/python3.12/subprocess.py", line 1253, in _check_timeout
    raise TimeoutExpired(
subprocess.TimeoutExpired: Command '['sui', 'client', 'merge-coin', '--primary-coin', '0x373e2ab564a2f99bb27f2289715d314830d2f27c6854ca4f2ccc26b9b348e0fd', '--coin-to-merge', '0xf3f22016084674170e57b7cb209f6bbdaaaf987b718c690c26f0a6833f9bce50', '--gas-budget', '3000000']' timed out after 120 seconds
2026-05-19 06:06:06,988 [COIN_MANAGER] === Coin Manager started ===
2026-05-19 06:06:06,988 [COIN_MANAGER] === Coin Manager started ===
2026-05-19 06:06:06,988 [COIN_MANAGER] Requesting faucet (every 4h regardless of balance)...
2026-05-19 06:06:06,988 [COIN_MANAGER] Requesting faucet (every 4h regardless of balance)...
2026-05-19 06:06:07,129 [COIN_MANAGER] Faucet API failed: HTTP Error 429: Too Many Requests
2026-05-19 06:06:07,129 [COIN_MANAGER] Faucet API failed: HTTP Error 429: Too Many Requests
2026-05-19 06:06:10,976 [COIN_MANAGER] Merging 10 coins into 0x373e2a...
2026-05-19 06:06:10,976 [COIN_MANAGER] Merging 10 coins into 0x373e2a...
Traceback (most recent call last):
  File "/root/zion_backend/coin_manager.py", line 69, in <module>
    merge_coins()
  File "/root/zion_backend/coin_manager.py", line 58, in merge_coins
    subprocess.run([
  File "/usr/lib/python3.12/subprocess.py", line 550, in run
    stdout, stderr = process.communicate(input, timeout=timeout)
                     ^^^^^^^^^^^^^^^^^^^^^^^^^^^^^^^^^^^^^^^^^^^
  File "/usr/lib/python3.12/subprocess.py", line 1209, in communicate
    stdout, stderr = self._communicate(input, endtime, timeout)
                     ^^^^^^^^^^^^^^^^^^^^^^^^^^^^^^^^^^^^^^^^^^
  File "/usr/lib/python3.12/subprocess.py", line 2116, in _communicate
    self._check_timeout(endtime, orig_timeout, stdout, stderr)
  File "/usr/lib/python3.12/subprocess.py", line 1253, in _check_timeout
    raise TimeoutExpired(
subprocess.TimeoutExpired: Command '['sui', 'client', 'merge-coin', '--primary-coin', '0x373e2ab564a2f99bb27f2289715d314830d2f27c6854ca4f2ccc26b9b348e0fd', '--coin-to-merge', '0xf3f22016084674170e57b7cb209f6bbdaaaf987b718c690c26f0a6833f9bce50', '--gas-budget', '3000000']' timed out after 120 seconds
2026-05-19 06:19:13,515 [COIN_MANAGER] === Coin Manager started ===
2026-05-19 06:19:13,515 [COIN_MANAGER] === Coin Manager started ===
2026-05-19 06:19:13,515 [COIN_MANAGER] Requesting faucet (every 4h regardless of balance)...
2026-05-19 06:19:13,515 [COIN_MANAGER] Requesting faucet (every 4h regardless of balance)...
2026-05-19 06:19:13,658 [COIN_MANAGER] Faucet API failed: HTTP Error 429: Too Many Requests
2026-05-19 06:19:13,658 [COIN_MANAGER] Faucet API failed: HTTP Error 429: Too Many Requests
2026-05-19 06:19:17,839 [COIN_MANAGER] Merging 10 coins into 0x373e2a...
2026-05-19 06:19:17,839 [COIN_MANAGER] Merging 10 coins into 0x373e2a...
Traceback (most recent call last):
  File "/root/zion_backend/coin_manager.py", line 69, in <module>
    merge_coins()
  File "/root/zion_backend/coin_manager.py", line 58, in merge_coins
    subprocess.run([
  File "/usr/lib/python3.12/subprocess.py", line 550, in run
    stdout, stderr = process.communicate(input, timeout=timeout)
                     ^^^^^^^^^^^^^^^^^^^^^^^^^^^^^^^^^^^^^^^^^^^
  File "/usr/lib/python3.12/subprocess.py", line 1209, in communicate
    stdout, stderr = self._communicate(input, endtime, timeout)
                     ^^^^^^^^^^^^^^^^^^^^^^^^^^^^^^^^^^^^^^^^^^
  File "/usr/lib/python3.12/subprocess.py", line 2116, in _communicate
    self._check_timeout(endtime, orig_timeout, stdout, stderr)
  File "/usr/lib/python3.12/subprocess.py", line 1253, in _check_timeout
    raise TimeoutExpired(
subprocess.TimeoutExpired: Command '['sui', 'client', 'merge-coin', '--primary-coin', '0x373e2ab564a2f99bb27f2289715d314830d2f27c6854ca4f2ccc26b9b348e0fd', '--coin-to-merge', '0xf3f22016084674170e57b7cb209f6bbdaaaf987b718c690c26f0a6833f9bce50', '--gas-budget', '3000000']' timed out after 120 seconds
2026-05-19 08:08:10,775 [COIN_MANAGER] === Coin Manager started ===
2026-05-19 08:08:10,775 [COIN_MANAGER] === Coin Manager started ===
2026-05-19 08:08:10,781 [COIN_MANAGER] Requesting faucet (every 4h regardless of balance)...
2026-05-19 08:08:10,781 [COIN_MANAGER] Requesting faucet (every 4h regardless of balance)...
2026-05-19 08:08:10,941 [COIN_MANAGER] Faucet API failed: HTTP Error 429: Too Many Requests
2026-05-19 08:08:10,941 [COIN_MANAGER] Faucet API failed: HTTP Error 429: Too Many Requests
2026-05-19 08:08:15,024 [COIN_MANAGER] Merging 10 coins into 0x373e2a...
2026-05-19 08:08:15,024 [COIN_MANAGER] Merging 10 coins into 0x373e2a...
2026-05-19 08:10:05,728 [COIN_MANAGER] === Coin Manager started ===
2026-05-19 08:10:05,728 [COIN_MANAGER] === Coin Manager started ===
2026-05-19 08:10:05,728 [COIN_MANAGER] Requesting faucet (every 4h regardless of balance)...
2026-05-19 08:10:05,728 [COIN_MANAGER] Requesting faucet (every 4h regardless of balance)...
2026-05-19 08:10:05,869 [COIN_MANAGER] Faucet API failed: HTTP Error 429: Too Many Requests
2026-05-19 08:10:05,869 [COIN_MANAGER] Faucet API failed: HTTP Error 429: Too Many Requests
2026-05-19 08:10:10,035 [COIN_MANAGER] Merging 10 coins into 0x373e2a...
2026-05-19 08:10:10,035 [COIN_MANAGER] Merging 10 coins into 0x373e2a...
Traceback (most recent call last):
  File "/root/zion_backend/coin_manager.py", line 69, in <module>
    merge_coins()
  File "/root/zion_backend/coin_manager.py", line 58, in merge_coins
    subprocess.run([
  File "/usr/lib/python3.12/subprocess.py", line 550, in run
    stdout, stderr = process.communicate(input, timeout=timeout)
                     ^^^^^^^^^^^^^^^^^^^^^^^^^^^^^^^^^^^^^^^^^^^
  File "/usr/lib/python3.12/subprocess.py", line 1209, in communicate
    stdout, stderr = self._communicate(input, endtime, timeout)
                     ^^^^^^^^^^^^^^^^^^^^^^^^^^^^^^^^^^^^^^^^^^
  File "/usr/lib/python3.12/subprocess.py", line 2116, in _communicate
    self._check_timeout(endtime, orig_timeout, stdout, stderr)
  File "/usr/lib/python3.12/subprocess.py", line 1253, in _check_timeout
    raise TimeoutExpired(
subprocess.TimeoutExpired: Command '['sui', 'client', 'merge-coin', '--primary-coin', '0x373e2ab564a2f99bb27f2289715d314830d2f27c6854ca4f2ccc26b9b348e0fd', '--coin-to-merge', '0xf3f22016084674170e57b7cb209f6bbdaaaf987b718c690c26f0a6833f9bce50', '--gas-budget', '3000000']' timed out after 120 seconds
2026-05-19 12:09:52,016 [COIN_MANAGER] === Coin Manager started ===
2026-05-19 12:09:52,016 [COIN_MANAGER] === Coin Manager started ===
2026-05-19 12:09:52,016 [COIN_MANAGER] Requesting faucet (every 4h regardless of balance)...
2026-05-19 12:09:52,016 [COIN_MANAGER] Requesting faucet (every 4h regardless of balance)...
2026-05-19 12:09:52,169 [COIN_MANAGER] Faucet API failed: HTTP Error 429: Too Many Requests
2026-05-19 12:09:52,169 [COIN_MANAGER] Faucet API failed: HTTP Error 429: Too Many Requests
2026-05-19 12:09:56,377 [COIN_MANAGER] Merging 10 coins into 0x373e2a...
2026-05-19 12:09:56,377 [COIN_MANAGER] Merging 10 coins into 0x373e2a...
Traceback (most recent call last):
  File "/root/zion_backend/coin_manager.py", line 69, in <module>
    merge_coins()
  File "/root/zion_backend/coin_manager.py", line 58, in merge_coins
    subprocess.run([
  File "/usr/lib/python3.12/subprocess.py", line 550, in run
    stdout, stderr = process.communicate(input, timeout=timeout)
                     ^^^^^^^^^^^^^^^^^^^^^^^^^^^^^^^^^^^^^^^^^^^
  File "/usr/lib/python3.12/subprocess.py", line 1209, in communicate
    stdout, stderr = self._communicate(input, endtime, timeout)
                     ^^^^^^^^^^^^^^^^^^^^^^^^^^^^^^^^^^^^^^^^^^
  File "/usr/lib/python3.12/subprocess.py", line 2116, in _communicate
    self._check_timeout(endtime, orig_timeout, stdout, stderr)
  File "/usr/lib/python3.12/subprocess.py", line 1253, in _check_timeout
    raise TimeoutExpired(
subprocess.TimeoutExpired: Command '['sui', 'client', 'merge-coin', '--primary-coin', '0x373e2ab564a2f99bb27f2289715d314830d2f27c6854ca4f2ccc26b9b348e0fd', '--coin-to-merge', '0xf3f22016084674170e57b7cb209f6bbdaaaf987b718c690c26f0a6833f9bce50', '--gas-budget', '3000000']' timed out after 120 seconds
2026-05-19 12:40:42,069 [COIN_MANAGER] === Coin Manager started ===
2026-05-19 12:40:42,069 [COIN_MANAGER] === Coin Manager started ===
2026-05-19 12:40:42,069 [COIN_MANAGER] Requesting faucet (every 4h regardless of balance)...
2026-05-19 12:40:42,069 [COIN_MANAGER] Requesting faucet (every 4h regardless of balance)...
2026-05-19 12:40:42,210 [COIN_MANAGER] Faucet API failed: HTTP Error 429: Too Many Requests
2026-05-19 12:40:42,210 [COIN_MANAGER] Faucet API failed: HTTP Error 429: Too Many Requests
2026-05-19 12:40:46,801 [COIN_MANAGER] Merging 10 coins into 0x373e2a...
2026-05-19 12:40:46,801 [COIN_MANAGER] Merging 10 coins into 0x373e2a...
Traceback (most recent call last):
  File "/root/zion_backend/coin_manager.py", line 69, in <module>
    merge_coins()
  File "/root/zion_backend/coin_manager.py", line 58, in merge_coins
    subprocess.run([
  File "/usr/lib/python3.12/subprocess.py", line 550, in run
    stdout, stderr = process.communicate(input, timeout=timeout)
                     ^^^^^^^^^^^^^^^^^^^^^^^^^^^^^^^^^^^^^^^^^^^
  File "/usr/lib/python3.12/subprocess.py", line 1209, in communicate
    stdout, stderr = self._communicate(input, endtime, timeout)
                     ^^^^^^^^^^^^^^^^^^^^^^^^^^^^^^^^^^^^^^^^^^
  File "/usr/lib/python3.12/subprocess.py", line 2116, in _communicate
    self._check_timeout(endtime, orig_timeout, stdout, stderr)
  File "/usr/lib/python3.12/subprocess.py", line 1253, in _check_timeout
    raise TimeoutExpired(
subprocess.TimeoutExpired: Command '['sui', 'client', 'merge-coin', '--primary-coin', '0x373e2ab564a2f99bb27f2289715d314830d2f27c6854ca4f2ccc26b9b348e0fd', '--coin-to-merge', '0xf3f22016084674170e57b7cb209f6bbdaaaf987b718c690c26f0a6833f9bce50', '--gas-budget', '3000000']' timed out after 120 seconds
2026-05-19 12:53:55,299 [COIN_MANAGER] === Coin Manager started ===
2026-05-19 12:53:55,299 [COIN_MANAGER] === Coin Manager started ===
2026-05-19 12:53:55,299 [COIN_MANAGER] Requesting faucet (every 4h regardless of balance)...
2026-05-19 12:53:55,299 [COIN_MANAGER] Requesting faucet (every 4h regardless of balance)...
2026-05-19 12:53:55,319 [COIN_MANAGER] Faucet API failed: <urlopen error [Errno 111] Connection refused>
2026-05-19 12:53:55,319 [COIN_MANAGER] Faucet API failed: <urlopen error [Errno 111] Connection refused>
2026-05-19 12:53:55,359 [COIN_MANAGER] Only 0 coins, skip merge
2026-05-19 12:53:55,359 [COIN_MANAGER] Only 0 coins, skip merge
2026-05-19 12:53:55,359 [COIN_MANAGER] === Done ===
2026-05-19 12:53:55,359 [COIN_MANAGER] === Done ===
2026-05-19 12:55:42,195 [COIN_MANAGER] === Coin Manager started ===
2026-05-19 12:55:42,195 [COIN_MANAGER] === Coin Manager started ===
2026-05-19 12:55:42,195 [COIN_MANAGER] Requesting faucet (every 4h regardless of balance)...
2026-05-19 12:55:42,195 [COIN_MANAGER] Requesting faucet (every 4h regardless of balance)...
2026-05-19 12:55:42,351 [COIN_MANAGER] Faucet API failed: HTTP Error 429: Too Many Requests
2026-05-19 12:55:42,351 [COIN_MANAGER] Faucet API failed: HTTP Error 429: Too Many Requests
2026-05-19 12:55:46,551 [COIN_MANAGER] Merging 10 coins into 0xf3f220...
2026-05-19 12:55:46,551 [COIN_MANAGER] Merging 10 coins into 0xf3f220...
Traceback (most recent call last):
  File "/root/zion_backend/coin_manager.py", line 69, in <module>
    merge_coins()
  File "/root/zion_backend/coin_manager.py", line 58, in merge_coins
    subprocess.run([
  File "/usr/lib/python3.12/subprocess.py", line 550, in run
    stdout, stderr = process.communicate(input, timeout=timeout)
                     ^^^^^^^^^^^^^^^^^^^^^^^^^^^^^^^^^^^^^^^^^^^
  File "/usr/lib/python3.12/subprocess.py", line 1209, in communicate
    stdout, stderr = self._communicate(input, endtime, timeout)
                     ^^^^^^^^^^^^^^^^^^^^^^^^^^^^^^^^^^^^^^^^^^
  File "/usr/lib/python3.12/subprocess.py", line 2116, in _communicate
    self._check_timeout(endtime, orig_timeout, stdout, stderr)
  File "/usr/lib/python3.12/subprocess.py", line 1253, in _check_timeout
    raise TimeoutExpired(
subprocess.TimeoutExpired: Command '['sui', 'client', 'merge-coin', '--primary-coin', '0xf3f22016084674170e57b7cb209f6bbdaaaf987b718c690c26f0a6833f9bce50', '--coin-to-merge', '0x10c909d4b9102d4e882cea3d77210e026ce487044d800cfe21c51bb28e22f6e0', '--gas-budget', '3000000']' timed out after 120 seconds
2026-05-19 13:00:44,446 [COIN_MANAGER] === Coin Manager started ===
2026-05-19 13:00:44,446 [COIN_MANAGER] === Coin Manager started ===
2026-05-19 13:00:44,446 [COIN_MANAGER] Requesting faucet (every 4h regardless of balance)...
2026-05-19 13:00:44,446 [COIN_MANAGER] Requesting faucet (every 4h regardless of balance)...
2026-05-19 13:00:44,605 [COIN_MANAGER] Faucet API failed: HTTP Error 429: Too Many Requests
2026-05-19 13:00:44,605 [COIN_MANAGER] Faucet API failed: HTTP Error 429: Too Many Requests
2026-05-19 13:00:48,959 [COIN_MANAGER] Merging 10 coins into 0xf3f220...
2026-05-19 13:00:48,959 [COIN_MANAGER] Merging 10 coins into 0xf3f220...
2026-05-19 13:03:54,681 [COIN_MANAGER] === Coin Manager started ===
2026-05-19 13:03:54,681 [COIN_MANAGER] === Coin Manager started ===
2026-05-19 13:03:54,681 [COIN_MANAGER] Requesting faucet (every 4h regardless of balance)...
2026-05-19 13:03:54,681 [COIN_MANAGER] Requesting faucet (every 4h regardless of balance)...
2026-05-19 13:03:54,828 [COIN_MANAGER] Faucet API failed: HTTP Error 429: Too Many Requests
2026-05-19 13:03:54,828 [COIN_MANAGER] Faucet API failed: HTTP Error 429: Too Many Requests
2026-05-19 13:03:59,196 [COIN_MANAGER] Merging 10 coins into 0xf3f220...
2026-05-19 13:03:59,196 [COIN_MANAGER] Merging 10 coins into 0xf3f220...
2026-05-19 17:03:37,943 [COIN_MANAGER] === Coin Manager started ===
2026-05-19 17:03:37,943 [COIN_MANAGER] === Coin Manager started ===
2026-05-19 17:03:37,944 [COIN_MANAGER] Requesting faucet (every 4h regardless of balance)...
2026-05-19 17:03:37,944 [COIN_MANAGER] Requesting faucet (every 4h regardless of balance)...
2026-05-19 17:03:38,095 [COIN_MANAGER] Faucet API failed: HTTP Error 429: Too Many Requests
2026-05-19 17:03:38,095 [COIN_MANAGER] Faucet API failed: HTTP Error 429: Too Many Requests
2026-05-19 17:03:42,345 [COIN_MANAGER] Merging 10 coins into 0xf3f220...
2026-05-19 17:03:42,345 [COIN_MANAGER] Merging 10 coins into 0xf3f220...
Traceback (most recent call last):
  File "/root/zion_backend/coin_manager.py", line 69, in <module>
    merge_coins()
  File "/root/zion_backend/coin_manager.py", line 58, in merge_coins
    subprocess.run([
  File "/usr/lib/python3.12/subprocess.py", line 550, in run
    stdout, stderr = process.communicate(input, timeout=timeout)
                     ^^^^^^^^^^^^^^^^^^^^^^^^^^^^^^^^^^^^^^^^^^^
  File "/usr/lib/python3.12/subprocess.py", line 1209, in communicate
    stdout, stderr = self._communicate(input, endtime, timeout)
                     ^^^^^^^^^^^^^^^^^^^^^^^^^^^^^^^^^^^^^^^^^^
  File "/usr/lib/python3.12/subprocess.py", line 2116, in _communicate
    self._check_timeout(endtime, orig_timeout, stdout, stderr)
  File "/usr/lib/python3.12/subprocess.py", line 1253, in _check_timeout
    raise TimeoutExpired(
subprocess.TimeoutExpired: Command '['sui', 'client', 'merge-coin', '--primary-coin', '0xf3f22016084674170e57b7cb209f6bbdaaaf987b718c690c26f0a6833f9bce50', '--coin-to-merge', '0x10c909d4b9102d4e882cea3d77210e026ce487044d800cfe21c51bb28e22f6e0', '--gas-budget', '3000000']' timed out after 120 seconds
2026-05-19 18:30:00,482 [COIN_MANAGER] === Coin Manager started ===
2026-05-19 18:30:00,482 [COIN_MANAGER] === Coin Manager started ===
2026-05-19 18:30:00,482 [COIN_MANAGER] Requesting faucet (every 4h regardless of balance)...
2026-05-19 18:30:00,482 [COIN_MANAGER] Requesting faucet (every 4h regardless of balance)...
2026-05-19 18:30:00,623 [COIN_MANAGER] Faucet API failed: HTTP Error 429: Too Many Requests
2026-05-19 18:30:00,623 [COIN_MANAGER] Faucet API failed: HTTP Error 429: Too Many Requests
2026-05-19 18:30:05,162 [COIN_MANAGER] Merging 10 coins into 0xf3f220...
2026-05-19 18:30:05,162 [COIN_MANAGER] Merging 10 coins into 0xf3f220...
Traceback (most recent call last):
  File "/root/zion_backend/coin_manager.py", line 69, in <module>
    merge_coins()
  File "/root/zion_backend/coin_manager.py", line 58, in merge_coins
    subprocess.run([
  File "/usr/lib/python3.12/subprocess.py", line 550, in run
    stdout, stderr = process.communicate(input, timeout=timeout)
                     ^^^^^^^^^^^^^^^^^^^^^^^^^^^^^^^^^^^^^^^^^^^
  File "/usr/lib/python3.12/subprocess.py", line 1209, in communicate
    stdout, stderr = self._communicate(input, endtime, timeout)
                     ^^^^^^^^^^^^^^^^^^^^^^^^^^^^^^^^^^^^^^^^^^
  File "/usr/lib/python3.12/subprocess.py", line 2116, in _communicate
    self._check_timeout(endtime, orig_timeout, stdout, stderr)
  File "/usr/lib/python3.12/subprocess.py", line 1253, in _check_timeout
    raise TimeoutExpired(
subprocess.TimeoutExpired: Command '['sui', 'client', 'merge-coin', '--primary-coin', '0xf3f22016084674170e57b7cb209f6bbdaaaf987b718c690c26f0a6833f9bce50', '--coin-to-merge', '0x10c909d4b9102d4e882cea3d77210e026ce487044d800cfe21c51bb28e22f6e0', '--gas-budget', '3000000']' timed out after 120 seconds
2026-05-19 19:01:57,666 [COIN_MANAGER] === Coin Manager started ===
2026-05-19 19:01:57,666 [COIN_MANAGER] === Coin Manager started ===
2026-05-19 19:01:57,666 [COIN_MANAGER] Requesting faucet (every 4h regardless of balance)...
2026-05-19 19:01:57,666 [COIN_MANAGER] Requesting faucet (every 4h regardless of balance)...
2026-05-19 19:01:57,819 [COIN_MANAGER] Faucet API failed: HTTP Error 429: Too Many Requests
2026-05-19 19:01:57,819 [COIN_MANAGER] Faucet API failed: HTTP Error 429: Too Many Requests
2026-05-19 19:02:02,143 [COIN_MANAGER] Merging 10 coins into 0xf3f220...
2026-05-19 19:02:02,143 [COIN_MANAGER] Merging 10 coins into 0xf3f220...
Traceback (most recent call last):
  File "/root/zion_backend/coin_manager.py", line 69, in <module>
    merge_coins()
  File "/root/zion_backend/coin_manager.py", line 58, in merge_coins
    subprocess.run([
  File "/usr/lib/python3.12/subprocess.py", line 550, in run
    stdout, stderr = process.communicate(input, timeout=timeout)
                     ^^^^^^^^^^^^^^^^^^^^^^^^^^^^^^^^^^^^^^^^^^^
  File "/usr/lib/python3.12/subprocess.py", line 1209, in communicate
    stdout, stderr = self._communicate(input, endtime, timeout)
                     ^^^^^^^^^^^^^^^^^^^^^^^^^^^^^^^^^^^^^^^^^^
  File "/usr/lib/python3.12/subprocess.py", line 2116, in _communicate
    self._check_timeout(endtime, orig_timeout, stdout, stderr)
  File "/usr/lib/python3.12/subprocess.py", line 1253, in _check_timeout
    raise TimeoutExpired(
subprocess.TimeoutExpired: Command '['sui', 'client', 'merge-coin', '--primary-coin', '0xf3f22016084674170e57b7cb209f6bbdaaaf987b718c690c26f0a6833f9bce50', '--coin-to-merge', '0x10c909d4b9102d4e882cea3d77210e026ce487044d800cfe21c51bb28e22f6e0', '--gas-budget', '3000000']' timed out after 120 seconds
2026-05-19 23:01:32,902 [COIN_MANAGER] === Coin Manager started ===
2026-05-19 23:01:32,902 [COIN_MANAGER] === Coin Manager started ===
2026-05-19 23:01:32,902 [COIN_MANAGER] Requesting faucet (every 4h regardless of balance)...
2026-05-19 23:01:32,902 [COIN_MANAGER] Requesting faucet (every 4h regardless of balance)...
2026-05-19 23:01:33,042 [COIN_MANAGER] Faucet API failed: HTTP Error 429: Too Many Requests
2026-05-19 23:01:33,042 [COIN_MANAGER] Faucet API failed: HTTP Error 429: Too Many Requests
2026-05-19 23:01:37,936 [COIN_MANAGER] Merging 10 coins into 0xf3f220...
2026-05-19 23:01:37,936 [COIN_MANAGER] Merging 10 coins into 0xf3f220...
Traceback (most recent call last):
  File "/root/zion_backend/coin_manager.py", line 69, in <module>
    merge_coins()
  File "/root/zion_backend/coin_manager.py", line 58, in merge_coins
    subprocess.run([
  File "/usr/lib/python3.12/subprocess.py", line 550, in run
    stdout, stderr = process.communicate(input, timeout=timeout)
                     ^^^^^^^^^^^^^^^^^^^^^^^^^^^^^^^^^^^^^^^^^^^
  File "/usr/lib/python3.12/subprocess.py", line 1209, in communicate
    stdout, stderr = self._communicate(input, endtime, timeout)
                     ^^^^^^^^^^^^^^^^^^^^^^^^^^^^^^^^^^^^^^^^^^
  File "/usr/lib/python3.12/subprocess.py", line 2116, in _communicate
    self._check_timeout(endtime, orig_timeout, stdout, stderr)
  File "/usr/lib/python3.12/subprocess.py", line 1253, in _check_timeout
    raise TimeoutExpired(
subprocess.TimeoutExpired: Command '['sui', 'client', 'merge-coin', '--primary-coin', '0xf3f22016084674170e57b7cb209f6bbdaaaf987b718c690c26f0a6833f9bce50', '--coin-to-merge', '0x10c909d4b9102d4e882cea3d77210e026ce487044d800cfe21c51bb28e22f6e0', '--gas-budget', '3000000']' timed out after 120 seconds
2026-05-20 03:01:59,329 [COIN_MANAGER] === Coin Manager started ===
2026-05-20 03:01:59,329 [COIN_MANAGER] === Coin Manager started ===
2026-05-20 03:01:59,329 [COIN_MANAGER] Requesting faucet (every 4h regardless of balance)...
2026-05-20 03:01:59,329 [COIN_MANAGER] Requesting faucet (every 4h regardless of balance)...
2026-05-20 03:01:59,472 [COIN_MANAGER] Faucet API failed: HTTP Error 429: Too Many Requests
2026-05-20 03:01:59,472 [COIN_MANAGER] Faucet API failed: HTTP Error 429: Too Many Requests
2026-05-20 03:02:04,297 [COIN_MANAGER] Merging 10 coins into 0xf3f220...
2026-05-20 03:02:04,297 [COIN_MANAGER] Merging 10 coins into 0xf3f220...
Traceback (most recent call last):
  File "/root/zion_backend/coin_manager.py", line 69, in <module>
    merge_coins()
  File "/root/zion_backend/coin_manager.py", line 58, in merge_coins
    subprocess.run([
  File "/usr/lib/python3.12/subprocess.py", line 550, in run
    stdout, stderr = process.communicate(input, timeout=timeout)
                     ^^^^^^^^^^^^^^^^^^^^^^^^^^^^^^^^^^^^^^^^^^^
  File "/usr/lib/python3.12/subprocess.py", line 1209, in communicate
    stdout, stderr = self._communicate(input, endtime, timeout)
                     ^^^^^^^^^^^^^^^^^^^^^^^^^^^^^^^^^^^^^^^^^^
  File "/usr/lib/python3.12/subprocess.py", line 2116, in _communicate
    self._check_timeout(endtime, orig_timeout, stdout, stderr)
  File "/usr/lib/python3.12/subprocess.py", line 1253, in _check_timeout
    raise TimeoutExpired(
subprocess.TimeoutExpired: Command '['sui', 'client', 'merge-coin', '--primary-coin', '0xf3f22016084674170e57b7cb209f6bbdaaaf987b718c690c26f0a6833f9bce50', '--coin-to-merge', '0x10c909d4b9102d4e882cea3d77210e026ce487044d800cfe21c51bb28e22f6e0', '--gas-budget', '3000000']' timed out after 120 seconds
2026-05-20 07:02:25,821 [COIN_MANAGER] === Coin Manager started ===
2026-05-20 07:02:25,821 [COIN_MANAGER] === Coin Manager started ===
2026-05-20 07:02:25,821 [COIN_MANAGER] Requesting faucet (every 4h regardless of balance)...
2026-05-20 07:02:25,821 [COIN_MANAGER] Requesting faucet (every 4h regardless of balance)...
2026-05-20 07:02:25,965 [COIN_MANAGER] Faucet API failed: HTTP Error 429: Too Many Requests
2026-05-20 07:02:25,965 [COIN_MANAGER] Faucet API failed: HTTP Error 429: Too Many Requests
2026-05-20 07:02:30,903 [COIN_MANAGER] Merging 10 coins into 0xf3f220...
2026-05-20 07:02:30,903 [COIN_MANAGER] Merging 10 coins into 0xf3f220...
Traceback (most recent call last):
  File "/root/zion_backend/coin_manager.py", line 69, in <module>
    merge_coins()
  File "/root/zion_backend/coin_manager.py", line 58, in merge_coins
    subprocess.run([
  File "/usr/lib/python3.12/subprocess.py", line 550, in run
    stdout, stderr = process.communicate(input, timeout=timeout)
                     ^^^^^^^^^^^^^^^^^^^^^^^^^^^^^^^^^^^^^^^^^^^
  File "/usr/lib/python3.12/subprocess.py", line 1209, in communicate
    stdout, stderr = self._communicate(input, endtime, timeout)
                     ^^^^^^^^^^^^^^^^^^^^^^^^^^^^^^^^^^^^^^^^^^
  File "/usr/lib/python3.12/subprocess.py", line 2116, in _communicate
    self._check_timeout(endtime, orig_timeout, stdout, stderr)
  File "/usr/lib/python3.12/subprocess.py", line 1253, in _check_timeout
    raise TimeoutExpired(
subprocess.TimeoutExpired: Command '['sui', 'client', 'merge-coin', '--primary-coin', '0xf3f22016084674170e57b7cb209f6bbdaaaf987b718c690c26f0a6833f9bce50', '--coin-to-merge', '0x10c909d4b9102d4e882cea3d77210e026ce487044d800cfe21c51bb28e22f6e0', '--gas-budget', '3000000']' timed out after 120 seconds
2026-05-20 11:02:52,202 [COIN_MANAGER] === Coin Manager started ===
2026-05-20 11:02:52,202 [COIN_MANAGER] === Coin Manager started ===
2026-05-20 11:02:52,202 [COIN_MANAGER] Requesting faucet (every 4h regardless of balance)...
2026-05-20 11:02:52,202 [COIN_MANAGER] Requesting faucet (every 4h regardless of balance)...
2026-05-20 11:02:52,356 [COIN_MANAGER] Faucet API failed: HTTP Error 429: Too Many Requests
2026-05-20 11:02:52,356 [COIN_MANAGER] Faucet API failed: HTTP Error 429: Too Many Requests
2026-05-20 11:02:57,936 [COIN_MANAGER] Merging 10 coins into 0xf3f220...
2026-05-20 11:02:57,936 [COIN_MANAGER] Merging 10 coins into 0xf3f220...
Traceback (most recent call last):
  File "/root/zion_backend/coin_manager.py", line 69, in <module>
    merge_coins()
  File "/root/zion_backend/coin_manager.py", line 58, in merge_coins
    subprocess.run([
  File "/usr/lib/python3.12/subprocess.py", line 550, in run
    stdout, stderr = process.communicate(input, timeout=timeout)
                     ^^^^^^^^^^^^^^^^^^^^^^^^^^^^^^^^^^^^^^^^^^^
  File "/usr/lib/python3.12/subprocess.py", line 1209, in communicate
    stdout, stderr = self._communicate(input, endtime, timeout)
                     ^^^^^^^^^^^^^^^^^^^^^^^^^^^^^^^^^^^^^^^^^^
  File "/usr/lib/python3.12/subprocess.py", line 2116, in _communicate
    self._check_timeout(endtime, orig_timeout, stdout, stderr)
  File "/usr/lib/python3.12/subprocess.py", line 1253, in _check_timeout
    raise TimeoutExpired(
subprocess.TimeoutExpired: Command '['sui', 'client', 'merge-coin', '--primary-coin', '0xf3f22016084674170e57b7cb209f6bbdaaaf987b718c690c26f0a6833f9bce50', '--coin-to-merge', '0x10c909d4b9102d4e882cea3d77210e026ce487044d800cfe21c51bb28e22f6e0', '--gas-budget', '3000000']' timed out after 120 seconds
2026-05-20 15:03:20,741 [COIN_MANAGER] === Coin Manager started ===
2026-05-20 15:03:20,741 [COIN_MANAGER] === Coin Manager started ===
2026-05-20 15:03:20,741 [COIN_MANAGER] Requesting faucet (every 4h regardless of balance)...
2026-05-20 15:03:20,741 [COIN_MANAGER] Requesting faucet (every 4h regardless of balance)...
2026-05-20 15:03:20,895 [COIN_MANAGER] Faucet API failed: HTTP Error 429: Too Many Requests
2026-05-20 15:03:20,895 [COIN_MANAGER] Faucet API failed: HTTP Error 429: Too Many Requests
2026-05-20 15:03:25,709 [COIN_MANAGER] Merging 10 coins into 0xf3f220...
2026-05-20 15:03:25,709 [COIN_MANAGER] Merging 10 coins into 0xf3f220...
Traceback (most recent call last):
  File "/root/zion_backend/coin_manager.py", line 69, in <module>
    merge_coins()
  File "/root/zion_backend/coin_manager.py", line 58, in merge_coins
    subprocess.run([
  File "/usr/lib/python3.12/subprocess.py", line 550, in run
    stdout, stderr = process.communicate(input, timeout=timeout)
                     ^^^^^^^^^^^^^^^^^^^^^^^^^^^^^^^^^^^^^^^^^^^
  File "/usr/lib/python3.12/subprocess.py", line 1209, in communicate
    stdout, stderr = self._communicate(input, endtime, timeout)
                     ^^^^^^^^^^^^^^^^^^^^^^^^^^^^^^^^^^^^^^^^^^
  File "/usr/lib/python3.12/subprocess.py", line 2116, in _communicate
    self._check_timeout(endtime, orig_timeout, stdout, stderr)
  File "/usr/lib/python3.12/subprocess.py", line 1253, in _check_timeout
    raise TimeoutExpired(
subprocess.TimeoutExpired: Command '['sui', 'client', 'merge-coin', '--primary-coin', '0xf3f22016084674170e57b7cb209f6bbdaaaf987b718c690c26f0a6833f9bce50', '--coin-to-merge', '0x10c909d4b9102d4e882cea3d77210e026ce487044d800cfe21c51bb28e22f6e0', '--gas-budget', '3000000']' timed out after 120 seconds
2026-05-20 15:11:26,302 [COIN_MANAGER] === Coin Manager started ===
2026-05-20 15:11:26,302 [COIN_MANAGER] === Coin Manager started ===
2026-05-20 15:11:26,302 [COIN_MANAGER] Requesting faucet (every 4h regardless of balance)...
2026-05-20 15:11:26,302 [COIN_MANAGER] Requesting faucet (every 4h regardless of balance)...
2026-05-20 15:11:26,446 [COIN_MANAGER] Faucet API failed: HTTP Error 429: Too Many Requests
2026-05-20 15:11:26,446 [COIN_MANAGER] Faucet API failed: HTTP Error 429: Too Many Requests
2026-05-20 15:11:31,378 [COIN_MANAGER] Merging 10 coins into 0xf3f220...
2026-05-20 15:11:31,378 [COIN_MANAGER] Merging 10 coins into 0xf3f220...
Traceback (most recent call last):
  File "/root/zion_backend/coin_manager.py", line 69, in <module>
    merge_coins()
  File "/root/zion_backend/coin_manager.py", line 58, in merge_coins
    subprocess.run([
  File "/usr/lib/python3.12/subprocess.py", line 550, in run
    stdout, stderr = process.communicate(input, timeout=timeout)
                     ^^^^^^^^^^^^^^^^^^^^^^^^^^^^^^^^^^^^^^^^^^^
  File "/usr/lib/python3.12/subprocess.py", line 1209, in communicate
    stdout, stderr = self._communicate(input, endtime, timeout)
                     ^^^^^^^^^^^^^^^^^^^^^^^^^^^^^^^^^^^^^^^^^^
  File "/usr/lib/python3.12/subprocess.py", line 2116, in _communicate
    self._check_timeout(endtime, orig_timeout, stdout, stderr)
  File "/usr/lib/python3.12/subprocess.py", line 1253, in _check_timeout
    raise TimeoutExpired(
subprocess.TimeoutExpired: Command '['sui', 'client', 'merge-coin', '--primary-coin', '0xf3f22016084674170e57b7cb209f6bbdaaaf987b718c690c26f0a6833f9bce50', '--coin-to-merge', '0x10c909d4b9102d4e882cea3d77210e026ce487044d800cfe21c51bb28e22f6e0', '--gas-budget', '3000000']' timed out after 120 seconds
2026-05-20 15:19:52,819 [COIN_MANAGER] === Coin Manager started ===
2026-05-20 15:19:52,819 [COIN_MANAGER] === Coin Manager started ===
2026-05-20 15:19:52,819 [COIN_MANAGER] Requesting faucet (every 4h regardless of balance)...
2026-05-20 15:19:52,819 [COIN_MANAGER] Requesting faucet (every 4h regardless of balance)...
2026-05-20 15:19:52,958 [COIN_MANAGER] Faucet API failed: HTTP Error 429: Too Many Requests
2026-05-20 15:19:52,958 [COIN_MANAGER] Faucet API failed: HTTP Error 429: Too Many Requests
2026-05-20 15:19:57,274 [COIN_MANAGER] Merging 10 coins into 0xf3f220...
2026-05-20 15:19:57,274 [COIN_MANAGER] Merging 10 coins into 0xf3f220...
Traceback (most recent call last):
  File "/root/zion_backend/coin_manager.py", line 69, in <module>
    merge_coins()
  File "/root/zion_backend/coin_manager.py", line 58, in merge_coins
    subprocess.run([
  File "/usr/lib/python3.12/subprocess.py", line 550, in run
    stdout, stderr = process.communicate(input, timeout=timeout)
                     ^^^^^^^^^^^^^^^^^^^^^^^^^^^^^^^^^^^^^^^^^^^
  File "/usr/lib/python3.12/subprocess.py", line 1209, in communicate
    stdout, stderr = self._communicate(input, endtime, timeout)
                     ^^^^^^^^^^^^^^^^^^^^^^^^^^^^^^^^^^^^^^^^^^
  File "/usr/lib/python3.12/subprocess.py", line 2116, in _communicate
    self._check_timeout(endtime, orig_timeout, stdout, stderr)
  File "/usr/lib/python3.12/subprocess.py", line 1253, in _check_timeout
    raise TimeoutExpired(
subprocess.TimeoutExpired: Command '['sui', 'client', 'merge-coin', '--primary-coin', '0xf3f22016084674170e57b7cb209f6bbdaaaf987b718c690c26f0a6833f9bce50', '--coin-to-merge', '0x10c909d4b9102d4e882cea3d77210e026ce487044d800cfe21c51bb28e22f6e0', '--gas-budget', '3000000']' timed out after 120 seconds
2026-05-20 15:43:04,463 [COIN_MANAGER] === Coin Manager started ===
2026-05-20 15:43:04,463 [COIN_MANAGER] === Coin Manager started ===
2026-05-20 15:43:04,463 [COIN_MANAGER] Requesting faucet (every 4h regardless of balance)...
2026-05-20 15:43:04,463 [COIN_MANAGER] Requesting faucet (every 4h regardless of balance)...
2026-05-20 15:43:04,618 [COIN_MANAGER] Faucet API failed: HTTP Error 429: Too Many Requests
2026-05-20 15:43:04,618 [COIN_MANAGER] Faucet API failed: HTTP Error 429: Too Many Requests
2026-05-20 15:43:09,699 [COIN_MANAGER] Merging 10 coins into 0xf3f220...
2026-05-20 15:43:09,699 [COIN_MANAGER] Merging 10 coins into 0xf3f220...
Traceback (most recent call last):
  File "/root/zion_backend/coin_manager.py", line 69, in <module>
    merge_coins()
  File "/root/zion_backend/coin_manager.py", line 58, in merge_coins
    subprocess.run([
  File "/usr/lib/python3.12/subprocess.py", line 550, in run
    stdout, stderr = process.communicate(input, timeout=timeout)
                     ^^^^^^^^^^^^^^^^^^^^^^^^^^^^^^^^^^^^^^^^^^^
  File "/usr/lib/python3.12/subprocess.py", line 1209, in communicate
    stdout, stderr = self._communicate(input, endtime, timeout)
                     ^^^^^^^^^^^^^^^^^^^^^^^^^^^^^^^^^^^^^^^^^^
  File "/usr/lib/python3.12/subprocess.py", line 2116, in _communicate
    self._check_timeout(endtime, orig_timeout, stdout, stderr)
  File "/usr/lib/python3.12/subprocess.py", line 1253, in _check_timeout
    raise TimeoutExpired(
subprocess.TimeoutExpired: Command '['sui', 'client', 'merge-coin', '--primary-coin', '0xf3f22016084674170e57b7cb209f6bbdaaaf987b718c690c26f0a6833f9bce50', '--coin-to-merge', '0x10c909d4b9102d4e882cea3d77210e026ce487044d800cfe21c51bb28e22f6e0', '--gas-budget', '3000000']' timed out after 120 seconds
2026-05-20 15:50:35,021 [COIN_MANAGER] === Coin Manager started ===
2026-05-20 15:50:35,021 [COIN_MANAGER] === Coin Manager started ===
2026-05-20 15:50:35,021 [COIN_MANAGER] Requesting faucet (every 4h regardless of balance)...
2026-05-20 15:50:35,021 [COIN_MANAGER] Requesting faucet (every 4h regardless of balance)...
2026-05-20 15:50:35,163 [COIN_MANAGER] Faucet API failed: HTTP Error 429: Too Many Requests
2026-05-20 15:50:35,163 [COIN_MANAGER] Faucet API failed: HTTP Error 429: Too Many Requests
2026-05-20 15:50:39,330 [COIN_MANAGER] Merging 10 coins into 0xf3f220...
2026-05-20 15:50:39,330 [COIN_MANAGER] Merging 10 coins into 0xf3f220...
Traceback (most recent call last):
  File "/root/zion_backend/coin_manager.py", line 69, in <module>
    merge_coins()
  File "/root/zion_backend/coin_manager.py", line 58, in merge_coins
    subprocess.run([
  File "/usr/lib/python3.12/subprocess.py", line 550, in run
    stdout, stderr = process.communicate(input, timeout=timeout)
                     ^^^^^^^^^^^^^^^^^^^^^^^^^^^^^^^^^^^^^^^^^^^
  File "/usr/lib/python3.12/subprocess.py", line 1209, in communicate
    stdout, stderr = self._communicate(input, endtime, timeout)
                     ^^^^^^^^^^^^^^^^^^^^^^^^^^^^^^^^^^^^^^^^^^
  File "/usr/lib/python3.12/subprocess.py", line 2116, in _communicate
    self._check_timeout(endtime, orig_timeout, stdout, stderr)
  File "/usr/lib/python3.12/subprocess.py", line 1253, in _check_timeout
    raise TimeoutExpired(
subprocess.TimeoutExpired: Command '['sui', 'client', 'merge-coin', '--primary-coin', '0xf3f22016084674170e57b7cb209f6bbdaaaf987b718c690c26f0a6833f9bce50', '--coin-to-merge', '0x10c909d4b9102d4e882cea3d77210e026ce487044d800cfe21c51bb28e22f6e0', '--gas-budget', '3000000']' timed out after 120 seconds
2026-05-20 15:57:11,181 [COIN_MANAGER] === Coin Manager started ===
2026-05-20 15:57:11,181 [COIN_MANAGER] === Coin Manager started ===
2026-05-20 15:57:11,181 [COIN_MANAGER] Requesting faucet (every 4h regardless of balance)...
2026-05-20 15:57:11,181 [COIN_MANAGER] Requesting faucet (every 4h regardless of balance)...
2026-05-20 15:57:11,325 [COIN_MANAGER] Faucet API failed: HTTP Error 429: Too Many Requests
2026-05-20 15:57:11,325 [COIN_MANAGER] Faucet API failed: HTTP Error 429: Too Many Requests
2026-05-20 15:57:15,597 [COIN_MANAGER] Merging 10 coins into 0xf3f220...
2026-05-20 15:57:15,597 [COIN_MANAGER] Merging 10 coins into 0xf3f220...
