
🏢 ZION Corporations — 2026-05-17 14:20
==================================================
Active corporations: 1
📈 ShadowTrade Co 69 revenue: +23.3 ZION
💼 Hired Nova Davis 9927 — salary 17.0 ZION
💼 Hired Drew Lewis 8034 — salary 17.0 ZION
💼 Hired Flynn Espinoza 2 — salary 17.0 ZION

✅ Corporations cycle complete! Active: 1

🏢 ZION Corporations — 2026-05-17 14:25
==================================================
Active corporations: 1
📈 ShadowTrade Co 69 revenue: +36.2 ZION
💼 Hired Casey Robinson 8132 — salary 14.7 ZION
💼 Hired Sidney White 15 — salary 14.7 ZION
💼 Hired Yuki Gupta 3 — salary 14.7 ZION

✅ Corporations cycle complete! Active: 1

🏢 ZION Corporations — 2026-05-17 14:36
==================================================
Active corporations: 1
📈 ShadowTrade Co 69 revenue: +48.5 ZION
💼 Hired Rex Davis 4933 — salary 7.8 ZION
💼 Hired Kim Moore 5335 — salary 7.8 ZION
💼 Hired Pat Garcia 2001 — salary 7.8 ZION

✅ Corporations cycle complete! Active: 1
