
ЁЯОУ ZION Education тАФ 2026-05-17 14:25
==================================================

тЬЕ Education complete! Promoted: 0

ЁЯОУ ZION Education тАФ 2026-05-17 14:36
==================================================

тЬЕ Education complete! Promoted: 0

ЁЯОУ ZION Education тАФ 2026-05-17 17:00
==================================================

тЬЕ Education complete! Promoted: 0

ЁЯОУ ZION Education тАФ 2026-05-17 17:28
==================================================

тЬЕ Education complete! Promoted: 0

ЁЯОУ ZION Education тАФ 2026-05-17 17:29
==================================================

тЬЕ Education complete! Promoted: 0

ЁЯОУ ZION Education тАФ 2026-05-17 17:59
==================================================
ЁЯУЪ Zoe Thomas 4899 promoted criticalтЖТpoor
ЁЯУЪ Blake Harris 941 promoted criticalтЖТpoor

тЬЕ Education complete! Promoted: 2
