
🦠 ZION Epidemics — 2026-05-17 14:25
==================================================
No epidemic this cycle
✅ Epidemics cycle complete!

🦠 ZION Epidemics — 2026-05-17 14:36
==================================================
No epidemic this cycle
✅ Epidemics cycle complete!

🦠 ZION Epidemics — 2026-05-17 17:00
==================================================
No epidemic this cycle
✅ Epidemics cycle complete!

🦠 ZION Epidemics — 2026-05-17 17:28
==================================================
No epidemic this cycle
✅ Epidemics cycle complete!

🦠 ZION Epidemics — 2026-05-17 17:29
==================================================
No epidemic this cycle
✅ Epidemics cycle complete!

🦠 ZION Epidemics — 2026-05-17 17:59
==================================================
🦠 Crypto Flu: 76 infected, 18 dead, 0 treated
✅ Epidemics cycle complete!

🦠 ZION Epidemics — 2026-05-17 19:54
==================================================
No epidemic this cycle
✅ Epidemics cycle complete!
