
🕵️ ZION Espionage — 2026-05-17 14:25
🚨 Spy Jordan Miller 1132 caught! Fine: 10.0 ZION
🚨 Spy Leo Smith 4927 caught! Fine: 10.0 ZION
🚨 Spy Mia Taylor 3732 caught! Fine: 10.0 ZION
✅ Espionage cycle complete!

🕵️ ZION Espionage — 2026-05-17 14:36
🚨 Spy Zara Nakamura 2 caught! Fine: 10.0 ZION
🕵️ Casey Moore 8173 stole 292.3 ZION from Shadow Order
🚨 Spy Nikolai Lucius caught! Fine: 10.0 ZION
✅ Espionage cycle complete!

🕵️ ZION Espionage — 2026-05-17 17:00
🕵️ Iris Nielsen 2 stole 121.0 ZION from Neon Syndicate
🚨 Spy Kai Jones 5813 caught! Fine: 10.0 ZION
🚨 Spy Kurt Gomez 3 caught! Fine: 10.0 ZION
✅ Espionage cycle complete!

🕵️ ZION Espionage — 2026-05-17 17:28
🚨 Spy Cleo Patel 4 caught! Fine: 10.0 ZION
🚨 Spy Drew Moore 4230 caught! Fine: 10.0 ZION
🚨 Spy Maximus Ingram caught! Fine: 10.0 ZION
✅ Espionage cycle complete!

🕵️ ZION Espionage — 2026-05-17 17:29
🕵️ Mia Thomas 4234 stole 255.8 ZION from Golden Dawn
🕵️ Sera Bernardo 2 stole 210.1 ZION from Shadow Order
🚨 Spy Pita Roux 2 caught! Fine: 10.0 ZION
✅ Espionage cycle complete!

🕵️ ZION Espionage — 2026-05-17 17:59
🚨 Spy Pita Bergmann 3 caught! Fine: 10.0 ZION
🚨 Spy Jin Rodriguez 4049 caught! Fine: 10.0 ZION
🚨 Spy Faye Ramirez 3 caught! Fine: 10.0 ZION
✅ Espionage cycle complete!

🕵️ ZION Espionage — 2026-05-17 19:54
🚨 Spy Pita Ishida 2 caught! Fine: 10.0 ZION
🚨 Spy Kai Thomas 38 caught! Fine: 10.0 ZION
🚨 Spy Vera Navarro 3 caught! Fine: 10.0 ZION
✅ Espionage cycle complete!

🕵️ ZION Espionage — 2026-05-17 20:11
🚨 Spy Xena Sato 2 caught! Fine: 10.0 ZION
🕵️ Mia Jones 223 stole 34.3 ZION from Azure Collective
🚨 Spy Dean Weber 3 caught! Fine: 10.0 ZION
✅ Espionage cycle complete!

🕵️ ZION Espionage — 2026-05-17 20:35
🚨 Spy Kim Wilson 912 caught! Fine: 10.0 ZION
🚨 Spy Chris Anderson 2678 caught! Fine: 10.0 ZION
🕵️ Ray Wilson 1625 stole 100.3 ZION from Crimson Legion
✅ Espionage cycle complete!

🕵️ ZION Espionage — 2026-05-18 06:41
🕵️ Estelle Somerset stole 475.3 ZION from Shadow Order
🕵️ Estelle Somerset stole 160.0 ZION from Golden Dawn
🕵️ Estelle Somerset stole 350.6 ZION from Void Brotherhood
✅ Espionage cycle complete!

🕵️ ZION Espionage — 2026-05-18 06:49
🚨 Spy caught! Iron Fist pays 666.0 ZION
🕵️ Nora Ueda 2 stole 395.0 ZION from Golden Dawn
🕵️ Nora Ueda 2 stole 684.5 ZION from Shadow Order
✅ Espionage cycle complete!

🕵️ ZION Espionage — 2026-05-18 06:53
🚨 Spy caught! Iron Fist pays 695.7 ZION
🕵️ Nora Kuznetsov 2 stole 250.9 ZION from Shadow Order
🕵️ Nora Kuznetsov 2 stole 152.3 ZION from Golden Dawn
✅ Espionage cycle complete!

🕵️ ZION Espionage — 2026-05-18 06:56
🕵️ Mire Castillo 2 stole 617.7 ZION from Shadow Order
🕵️ Mire Castillo 2 stole 947.2 ZION from Void Brotherhood
🕵️ Mire Castillo 2 stole 310.4 ZION from Golden Dawn
✅ Espionage cycle complete!

🕵️ ZION Espionage — 2026-05-18 11:19
🕵️ Mire Castillo 2 stole 333.9 ZION from Void Brotherhood
🕵️ Mire Castillo 2 stole 437.3 ZION from Void Brotherhood
🕵️ Mire Castillo 2 stole 481.9 ZION from Void Brotherhood
✅ Espionage cycle complete!

🕵️ ZION Espionage — 2026-05-18 11:38
🕵️ Nora Kuznetsov 2 stole 461.5 ZION from Shadow Order
🚨 Spy caught! Iron Fist pays 437.8 ZION
🚨 Spy caught! Iron Fist pays 415.9 ZION
✅ Espionage cycle complete!

🕵️ ZION Espionage — 2026-05-18 13:59
🕵️ Gaia Flores 5 stole 334.2 ZION from Void Brotherhood
🕵️ Gaia Flores 5 stole 101.0 ZION from Shadow Order
🚨 Spy caught! Iron Fist pays 469.4 ZION
✅ Espionage cycle complete!

🕵️ ZION Espionage — 2026-05-18 15:39
🚨 Spy caught! Iron Fist pays 407.4 ZION
🚨 Spy caught! Iron Fist pays 387.0 ZION
🕵️ Estelle Somerset stole 539.0 ZION from Void Brotherhood
✅ Espionage cycle complete!

🕵️ ZION Espionage — 2026-05-18 17:25
🚨 Spy caught! Iron Fist pays 367.9 ZION
🕵️ Alex Taylor 7973 stole 488.1 ZION from Void Brotherhood
🚨 Spy caught! Iron Fist pays 371.4 ZION
✅ Espionage cycle complete!

🕵️ ZION Espionage — 2026-05-18 21:25
🕵️ Sidney Miller 775 stole 354.6 ZION from Shadow Order
🕵️ Sidney Miller 775 stole 114.4 ZION from Shadow Order
🕵️ Sidney Miller 775 stole 225.9 ZION from Golden Dawn
✅ Espionage cycle complete!

🕵️ ZION Espionage — 2026-05-18 22:25
🕵️ Iris Martin 4345 stole 173.6 ZION from Golden Dawn
🕵️ Iris Martin 4345 stole 386.8 ZION from Void Brotherhood
🕵️ Iris Martin 4345 stole 222.8 ZION from Void Brotherhood
✅ Espionage cycle complete!

🕵️ ZION Espionage — 2026-05-18 23:25
🚨 Spy caught! Iron Fist pays 302.3 ZION
🕵️ Iris Martin 4345 stole 368.6 ZION from Shadow Order
🕵️ Iris Martin 4345 stole 361.7 ZION from Void Brotherhood
✅ Espionage cycle complete!

🕵️ ZION Espionage — 2026-05-19 00:26
🕵️ Iris Martin 4345 stole 251.7 ZION from Void Brotherhood
🕵️ Iris Martin 4345 stole 349.3 ZION from Shadow Order
🕵️ Iris Martin 4345 stole 158.4 ZION from Crimson Legion
✅ Espionage cycle complete!

🕵️ ZION Espionage — 2026-05-19 01:26
🕵️ Casey Jones 1691 stole 318.2 ZION from Void Brotherhood
🕵️ Casey Jones 1691 stole 260.1 ZION from Void Brotherhood
🕵️ Casey Jones 1691 stole 120.0 ZION from Void Brotherhood
✅ Espionage cycle complete!

🕵️ ZION Espionage — 2026-05-19 02:26
🕵️ Casey Jones 1691 stole 255.2 ZION from Golden Dawn
🕵️ Casey Jones 1691 stole 285.2 ZION from Golden Dawn
🕵️ Casey Jones 1691 stole 303.5 ZION from Golden Dawn
✅ Espionage cycle complete!

🕵️ ZION Espionage — 2026-05-19 03:27
🚨 Spy caught! Iron Fist pays 386.7 ZION
🕵️ Iris Martin 4345 stole 164.7 ZION from Void Brotherhood
🕵️ Iris Martin 4345 stole 202.9 ZION from Void Brotherhood
✅ Espionage cycle complete!

🕵️ ZION Espionage — 2026-05-19 04:27
🚨 Spy caught! Iron Fist pays 407.4 ZION
🕵️ Abel Nguyen 4 stole 383.9 ZION from Shadow Order
🕵️ Abel Nguyen 4 stole 673.2 ZION from Golden Dawn
✅ Espionage cycle complete!

🕵️ ZION Espionage — 2026-05-19 05:27
🚨 Spy caught! Iron Fist pays 441.0 ZION
🕵️ Uma Bakker 2 stole 137.2 ZION from Crimson Legion
🕵️ Uma Bakker 2 stole 492.6 ZION from Golden Dawn
✅ Espionage cycle complete!

🕵️ ZION Espionage — 2026-05-19 06:05
🕵️ Uma Bakker 2 stole 469.4 ZION from Golden Dawn
🚨 Spy caught! Iron Fist pays 495.7 ZION
🕵️ Dana Yoon 4 stole 178.3 ZION from Azure Collective
✅ Espionage cycle complete!

🕵️ ZION Espionage — 2026-05-19 06:18
🕵️ Dana Yoon 4 stole 607.2 ZION from Shadow Order
🕵️ Dana Yoon 4 stole 351.8 ZION from Shadow Order
🕵️ Dana Yoon 4 stole 344.3 ZION from Shadow Order
✅ Espionage cycle complete!

🕵️ ZION Espionage — 2026-05-19 07:19
🕵️ Sidney Robinson 1067 stole 479.4 ZION from Shadow Order
🚨 Spy caught! Iron Fist pays 559.2 ZION
🕵️ Dana Yoon 4 stole 242.3 ZION from Azure Collective
✅ Espionage cycle complete!

🕵️ ZION Espionage — 2026-05-19 08:07
🕵️ Dana Yoon 4 stole 300.2 ZION from Azure Collective
🕵️ Dana Yoon 4 stole 672.6 ZION from Azure Collective
🚨 Spy caught! Iron Fist pays 671.2 ZION
✅ Espionage cycle complete!

🕵️ ZION Espionage — 2026-05-19 08:09
🕵️ Faye Kitamura 2 stole 117.7 ZION from Golden Dawn
🕵️ Faye Kitamura 2 stole 194.7 ZION from Golden Dawn
🕵️ Faye Kitamura 2 stole 633.5 ZION from Crimson Legion
✅ Espionage cycle complete!

🕵️ ZION Espionage — 2026-05-19 09:10
🕵️ Faye Kitamura 2 stole 237.7 ZION from Azure Collective
🚨 Spy caught! Iron Fist pays 712.7 ZION
🕵️ Vess Patel 2 stole 468.9 ZION from Azure Collective
✅ Espionage cycle complete!

🕵️ ZION Espionage — 2026-05-19 10:10
🕵️ Vess Patel 2 stole 162.4 ZION from Crimson Legion
🚨 Spy caught! Iron Fist pays 705.6 ZION
🚨 Spy caught! Iron Fist pays 670.3 ZION
✅ Espionage cycle complete!

🕵️ ZION Espionage — 2026-05-19 11:10
🕵️ Chris Brown 5370 stole 549.5 ZION from Azure Collective
🕵️ Chris Brown 5370 stole 515.3 ZION from Crimson Legion
🚨 Spy caught! Iron Fist pays 760.3 ZION
✅ Espionage cycle complete!

🕵️ ZION Espionage — 2026-05-19 12:10
🕵️ Bram Silva 2 stole 634.2 ZION from Golden Dawn
🚨 Spy caught! Iron Fist pays 788.5 ZION
🚨 Spy caught! Iron Fist pays 749.0 ZION
✅ Espionage cycle complete!

🕵️ ZION Espionage — 2026-05-19 12:40
🕵️ Sidney Miller 775 stole 347.8 ZION from Shadow Order
🚨 Spy caught! Iron Fist pays 864.2 ZION
🕵️ Flynn Roux 4 stole 568.2 ZION from Shadow Order
✅ Espionage cycle complete!

🕵️ ZION Espionage — 2026-05-19 12:55
🚨 Spy caught! Iron Fist pays 846.5 ZION
🕵️ Joel Fujimoto 4 stole 573.3 ZION from Azure Collective
🚨 Spy caught! Iron Fist pays 830.0 ZION
✅ Espionage cycle complete!

🕵️ ZION Espionage — 2026-05-19 13:00
🚨 Spy caught! Iron Fist pays 788.5 ZION
🕵️ Leo Jones 8710 stole 990.2 ZION from Void Brotherhood
🚨 Spy caught! Iron Fist pays 793.6 ZION
✅ Espionage cycle complete!

🕵️ ZION Espionage — 2026-05-19 13:03
🚨 Spy caught! Iron Fist pays 754.0 ZION
🕵️ Max Robinson 7476 stole 339.8 ZION from Crimson Legion
🕵️ Max Robinson 7476 stole 334.7 ZION from Crimson Legion
✅ Espionage cycle complete!

🕵️ ZION Espionage — 2026-05-19 14:03
🚨 Spy caught! Iron Fist pays 746.6 ZION
🕵️ Paul Navarro 2 stole 1391.8 ZION from Golden Dawn
🕵️ Paul Navarro 2 stole 1512.0 ZION from Golden Dawn
✅ Espionage cycle complete!

🕵️ ZION Espionage — 2026-05-19 15:04
🚨 Spy caught! Iron Fist pays 875.9 ZION
🚨 Spy caught! Iron Fist pays 832.1 ZION
🚨 Spy caught! Iron Fist pays 790.5 ZION
✅ Espionage cycle complete!

🕵️ ZION Espionage — 2026-05-19 16:04
🚨 Spy caught! Iron Fist pays 751.0 ZION
🕵️ Evan Johansson 2 stole 880.3 ZION from Golden Dawn
🚨 Spy caught! Iron Fist pays 753.1 ZION
✅ Espionage cycle complete!

🕵️ ZION Espionage — 2026-05-19 17:04
🕵️ Ivor Diallo 3 stole 313.2 ZION from Azure Collective
🚨 Spy caught! Void Brotherhood pays 979.2 ZION
🕵️ Ray Jones 7137 stole 902.5 ZION from Golden Dawn
✅ Espionage cycle complete!

🕵️ ZION Espionage — 2026-05-19 18:04
🚨 Spy caught! Void Brotherhood pays 1021.5 ZION
🚨 Spy caught! Void Brotherhood pays 970.5 ZION
🕵️ Lars Parker 2 stole 2968.7 ZION from Iron Fist
✅ Espionage cycle complete!
