
🏦 ZION FRS — 2026-05-17 14:36
==================================================
Federal Reserve System — Independent from President
📊 Economy: avg=4.2 ZION | poor=50% | total=17197 ZION
📈 FRS Interest Rate: 1% (EMERGENCY LOW)
🚨 CRISIS MODE: 50% poor agents!
🏦 FRS: CRISIS DETECTED! Printing 20515.0 ZION (QE)...
  💉 ShadowTrade Co 69 received 20515.0 ZION stimulus
  👷 3 poor agents employed by stimulus corps

✅ FRS cycle complete!

🏦 ZION FRS — 2026-05-17 17:00
==================================================
Federal Reserve System — Independent from President
📊 Economy: avg=3.3 ZION | poor=48% | total=14016 ZION
📈 FRS Interest Rate: 4% (NORMAL)
🚨 CRISIS MODE: 48% poor agents!
🏦 FRS: CRISIS DETECTED! Printing 21500.0 ZION (QE)...
  💉 ShadowTrade Co 69 received 21500.0 ZION stimulus
  👷 3 poor agents employed by stimulus corps

✅ FRS cycle complete!

🏦 ZION FRS — 2026-05-17 17:28
==================================================
ZION Reserve System — Independent from President
📊 Economy: avg=2.8 ZION | poor=47% | total=11732 ZION
📈 FRS Interest Rate: 4% (NORMAL)
🚨 CRISIS MODE: 47% poor agents!
🏦 FRS: CRISIS DETECTED! Printing 20980.0 ZION (QE)...
  💉 ShadowTrade Co 69 received 20980.0 ZION stimulus
  👷 3 poor agents employed by stimulus corps

✅ FRS cycle complete!

🏦 ZION FRS — 2026-05-17 17:29
==================================================
ZION Reserve System — Independent from President
📊 Economy: avg=5.1 ZION | poor=47% | total=21633 ZION
📈 FRS Interest Rate: 4% (NORMAL)
🚨 CRISIS MODE: 47% poor agents!
🏦 FRS: CRISIS DETECTED! Printing 21115.0 ZION (QE)...
  💉 ShadowTrade Co 69 received 21115.0 ZION stimulus
  👷 3 poor agents employed by stimulus corps

✅ FRS cycle complete!

🏦 ZION FRS — 2026-05-17 17:59
==================================================
ZION Reserve System — Independent from President
📊 Economy: avg=6.0 ZION | poor=48% | total=25276 ZION
📈 FRS Interest Rate: 4% (NORMAL)
🚨 CRISIS MODE: 48% poor agents!
🏦 FRS: CRISIS DETECTED! Printing 2000.0 ZION (QE)...
  💉 ShadowTrade Co 69 received 400.0 ZION stimulus
  💉 PureLife Pharma received 400.0 ZION stimulus
  💉 Vault Armory received 400.0 ZION stimulus
  💉 Ironclad Defense received 400.0 ZION stimulus
  💉 Cipher Dynamics received 400.0 ZION stimulus
  👷 15 poor agents employed by stimulus corps

✅ FRS cycle complete!
