
🎰 ZION Lottery - 2026-05-09 06:00
🎫 Raze_4 bought 2 ticket(s) (4.25 ZION)
🎫 Nina_1 bought 1 ticket(s) (0.42 ZION)
🎫 Tara_4 bought 1 ticket(s) (0.42 ZION)
🎫 Jade_6 bought 1 ticket(s) (0.42 ZION)
🎫 Finn_7 bought 1 ticket(s) (0.42 ZION)
🎫 Lena_12 bought 1 ticket(s) (0.42 ZION)
🎫 Mire_19 bought 1 ticket(s) (0.42 ZION)
🎫 Tara_20 bought 1 ticket(s) (0.42 ZION)
🎫 Bram_21 bought 1 ticket(s) (0.42 ZION)
🎫 Olan_22 bought 1 ticket(s) (0.42 ZION)
🎫 Orin_25 bought 1 ticket(s) (0.42 ZION)
🎫 Nina_26 bought 1 ticket(s) (0.42 ZION)
🎫 Bram_29 bought 1 ticket(s) (0.42 ZION)
🎫 Finn_30 bought 1 ticket(s) (0.42 ZION)

🏆 LOTTERY WINNER: Bram_29!
   Prize: 9.68 ZION
   Participants: 14
✅ Lottery complete!


🎰 ZION Lottery - 2026-05-10 06:00
🎫 Marek bought 2 ticket(s) (3.83 ZION)
🎫 Evander bought 2 ticket(s) (4.23 ZION)
🎫 Cyrus bought 2 ticket(s) (4.23 ZION)
🎫 Hugo bought 2 ticket(s) (3.81 ZION)
🎫 Dorian bought 2 ticket(s) (3.81 ZION)
🎫 Tariq bought 2 ticket(s) (3.83 ZION)
🎫 Rafael bought 2 ticket(s) (4.25 ZION)
🎫 Cain bought 2 ticket(s) (4.25 ZION)
🎫 Vex bought 1 ticket(s) (0.58 ZION)
🎫 Jasper bought 2 ticket(s) (3.40 ZION)
🎫 Bram bought 1 ticket(s) (0.24 ZION)
🎫 Idris bought 2 ticket(s) (4.25 ZION)
🎫 Kofi bought 2 ticket(s) (4.25 ZION)
🎫 Lucia bought 1 ticket(s) (0.42 ZION)
🎫 Salma bought 1 ticket(s) (0.42 ZION)
🎫 Lena bought 1 ticket(s) (0.21 ZION)
🎫 Diya bought 1 ticket(s) (0.42 ZION)
🎫 Dalia bought 1 ticket(s) (0.42 ZION)
🎫 Orin bought 1 ticket(s) (0.24 ZION)
🎫 Dorn bought 1 ticket(s) (0.52 ZION)
🎫 Orin bought 1 ticket(s) (0.24 ZION)
🎫 Thandi bought 1 ticket(s) (0.38 ZION)
🎫 Alba bought 1 ticket(s) (0.38 ZION)
🎫 Petra bought 1 ticket(s) (0.38 ZION)
🎫 Maya bought 1 ticket(s) (0.42 ZION)
🎫 Orin bought 1 ticket(s) (0.22 ZION)
🎫 Vess bought 1 ticket(s) (0.24 ZION)
🎫 Sofia bought 1 ticket(s) (0.42 ZION)
🎫 Yuki bought 1 ticket(s) (0.42 ZION)
🎫 Vess bought 1 ticket(s) (0.24 ZION)
🎫 Vess bought 1 ticket(s) (0.19 ZION)
🎫 Tara bought 1 ticket(s) (0.19 ZION)
🎫 Orin bought 1 ticket(s) (0.24 ZION)
🎫 Bram bought 1 ticket(s) (0.24 ZION)
🎫 Tara bought 1 ticket(s) (0.24 ZION)
🎫 Tara bought 1 ticket(s) (0.22 ZION)
🎫 Olan bought 1 ticket(s) (0.22 ZION)
🎫 Vess bought 1 ticket(s) (0.24 ZION)
🎫 Olan bought 1 ticket(s) (0.24 ZION)
🎫 Vess bought 1 ticket(s) (0.21 ZION)
🎫 Vess bought 1 ticket(s) (0.21 ZION)
🎫 Vex bought 1 ticket(s) (0.54 ZION)
🎫 Luca bought 2 ticket(s) (3.06 ZION)
🎫 Axel bought 1 ticket(s) (0.54 ZION)
🎫 Vex bought 1 ticket(s) (0.54 ZION)
🎫 Vess bought 1 ticket(s) (0.21 ZION)
🎫 Vess bought 1 ticket(s) (0.21 ZION)
🎫 Mire bought 1 ticket(s) (0.21 ZION)
🎫 Olan bought 1 ticket(s) (0.21 ZION)
🎫 Vess bought 1 ticket(s) (0.21 ZION)
🎫 Sera bought 1 ticket(s) (0.21 ZION)
🎫 Olan bought 1 ticket(s) (0.21 ZION)
🎫 Zara bought 1 ticket(s) (0.38 ZION)
🎫 Bram bought 1 ticket(s) (0.21 ZION)
🎫 Bram bought 1 ticket(s) (0.21 ZION)
🎫 Linh A bought 1 ticket(s) (0.41 ZION)
🎫 Ines bought 1 ticket(s) (0.38 ZION)
🎫 Nia A bought 1 ticket(s) (0.38 ZION)
🎫 Esra A bought 1 ticket(s) (0.42 ZION)
🎫 Anaya A bought 1 ticket(s) (0.42 ZION)
🎫 Asha A bought 1 ticket(s) (0.42 ZION)
🎫 Omar B bought 1 ticket(s) (0.41 ZION)
🎫 Priya A bought 1 ticket(s) (0.41 ZION)
🎫 Iryna A bought 1 ticket(s) (0.42 ZION)
🎫 Petra A bought 1 ticket(s) (0.42 ZION)
🎫 Mariam A bought 1 ticket(s) (0.42 ZION)
🎫 Maya A bought 1 ticket(s) (0.42 ZION)
🎫 Chiara A bought 1 ticket(s) (0.41 ZION)
🎫 Linh B bought 1 ticket(s) (0.41 ZION)
🎫 Mila B bought 1 ticket(s) (0.42 ZION)
🎫 Thandi A bought 1 ticket(s) (0.38 ZION)
🎫 Nadia A bought 1 ticket(s) (0.38 ZION)
🎫 Anika B bought 1 ticket(s) (0.42 ZION)
🎫 Ksenia B bought 1 ticket(s) (0.36 ZION)
🎫 Nari B bought 1 ticket(s) (0.42 ZION)
🎫 Salma C bought 1 ticket(s) (0.36 ZION)
🎫 Mila C bought 1 ticket(s) (0.36 ZION)
🎫 Noor C bought 1 ticket(s) (0.42 ZION)
🎫 Priya C bought 1 ticket(s) (0.42 ZION)
🎫 Jiwoo C bought 1 ticket(s) (0.38 ZION)
🎫 Rhea C bought 1 ticket(s) (0.38 ZION)
🎫 Thandi C bought 1 ticket(s) (0.38 ZION)
🎫 Elena C bought 1 ticket(s) (0.38 ZION)
🎫 Chiara C bought 1 ticket(s) (0.38 ZION)
🎫 Iryna C bought 1 ticket(s) (0.38 ZION)
🎫 Elif C bought 1 ticket(s) (0.38 ZION)
🎫 Lucia D bought 1 ticket(s) (0.41 ZION)
🎫 Ines C bought 1 ticket(s) (0.42 ZION)
🎫 Aaliyah D bought 1 ticket(s) (0.42 ZION)
🎫 Samira D bought 1 ticket(s) (0.42 ZION)
🎫 Ines D bought 1 ticket(s) (0.41 ZION)
🎫 Defne D bought 1 ticket(s) (0.42 ZION)
🎫 Tereza E bought 1 ticket(s) (0.41 ZION)
🎫 Noura D bought 1 ticket(s) (0.36 ZION)
🎫 Elena D bought 1 ticket(s) (0.42 ZION)
🎫 Ksenia D bought 1 ticket(s) (0.36 ZION)
🎫 Maya D bought 1 ticket(s) (0.42 ZION)
🎫 Aaliyah E bought 1 ticket(s) (0.42 ZION)
🎫 Fatima D bought 1 ticket(s) (0.38 ZION)
🎫 Sofia D bought 1 ticket(s) (0.38 ZION)
🎫 Selin D bought 1 ticket(s) (0.38 ZION)
🎫 Kavya E bought 1 ticket(s) (0.38 ZION)

🏆 LOTTERY WINNER: Tariq!
   Prize: 78.45 ZION
   Participants: 102
✅ Lottery complete!


🎰 ZION Lottery - 2026-05-11 06:00
🎫 Vex Loginov bought 1 ticket(s) (0.59 ZION)
🎫 Kael Castellan bought 1 ticket(s) (0.59 ZION)
🎫 Sera Diallo bought 1 ticket(s) (0.24 ZION)
🎫 Olan Rossi bought 1 ticket(s) (0.24 ZION)
🎫 Sera Petrov bought 1 ticket(s) (0.24 ZION)
🎫 Mire Garcia bought 1 ticket(s) (0.24 ZION)
🎫 Tara Santos bought 1 ticket(s) (0.24 ZION)
🎫 Tara Mueller bought 1 ticket(s) (0.24 ZION)
🎫 Tara Mbeki bought 1 ticket(s) (0.24 ZION)
🎫 Vex Petrov bought 1 ticket(s) (0.58 ZION)
🎫 Orin Loginov bought 1 ticket(s) (0.22 ZION)
🎫 Orin Petrov bought 1 ticket(s) (0.24 ZION)
🎫 Sera Nguyen bought 1 ticket(s) (0.24 ZION)
🎫 Olan Kapoor bought 1 ticket(s) (0.24 ZION)
🎫 Tara Kapoor bought 1 ticket(s) (0.22 ZION)
🎫 Lena Mbeki bought 1 ticket(s) (0.22 ZION)
🎫 Sera Kapoor bought 1 ticket(s) (0.22 ZION)
🎫 Tara Petrov bought 1 ticket(s) (0.22 ZION)
🎫 Vess Diallo bought 1 ticket(s) (0.22 ZION)
🎫 Mire Loginov bought 1 ticket(s) (0.21 ZION)
🎫 Vess Garcia bought 1 ticket(s) (0.19 ZION)
🎫 Raze Blackwood bought 1 ticket(s) (0.54 ZION)
🎫 Sera Rossi bought 1 ticket(s) (0.21 ZION)
🎫 Olan Kowalski bought 1 ticket(s) (0.21 ZION)
🎫 Mire Tanaka bought 1 ticket(s) (0.21 ZION)
🎫 Vess Nguyen bought 1 ticket(s) (0.21 ZION)
🎫 Sola Onyeka bought 2 ticket(s) (3.83 ZION)
🎫 Axel Andersson bought 2 ticket(s) (3.83 ZION)
🎫 Theodore Kingsley bought 1 ticket(s) (0.38 ZION)
🎫 Bhekizizwe Nyang bought 1 ticket(s) (0.36 ZION)
🎫 Samira Sharif bought 2 ticket(s) (4.23 ZION)
🎫 Lethabo Banda bought 2 ticket(s) (4.23 ZION)
🎫 Sefu Diop bought 2 ticket(s) (3.81 ZION)
🎫 Ayse Keskin bought 2 ticket(s) (3.40 ZION)
🎫 Frida Rasmussen bought 2 ticket(s) (3.06 ZION)
🎫 Abasi Akinyi bought 2 ticket(s) (3.06 ZION)
🎫 Pierre Faure bought 2 ticket(s) (4.25 ZION)
🎫 Shin Nakajima bought 2 ticket(s) (4.25 ZION)
🎫 Johan Pedersen bought 2 ticket(s) (4.25 ZION)
🎫 Arthur Merrick bought 2 ticket(s) (4.25 ZION)
🎫 Martina Lefevre bought 2 ticket(s) (4.25 ZION)
🎫 Estelle Somerset bought 2 ticket(s) (4.25 ZION)
🎫 Mio Ishikawa bought 1 ticket(s) (0.42 ZION)
🎫 Nkechi Ekanem bought 1 ticket(s) (0.42 ZION)
🎫 Ifeanyi Ojo bought 1 ticket(s) (0.42 ZION)
🎫 Manon Costa bought 1 ticket(s) (0.42 ZION)
🎫 Priscila Araujo bought 1 ticket(s) (0.42 ZION)
🎫 Yusuf Polat bought 1 ticket(s) (0.42 ZION)
🎫 Sofia Garcia bought 1 ticket(s) (0.42 ZION)
🎫 Riko Hashimoto bought 1 ticket(s) (0.42 ZION)
🎫 Zara Khoury bought 1 ticket(s) (0.42 ZION)
🎫 Beatriz Cardoso bought 1 ticket(s) (0.42 ZION)
🎫 Clara Somerset bought 1 ticket(s) (0.42 ZION)
🎫 Riya Malhotra bought 1 ticket(s) (0.38 ZION)
🎫 Damilola Bamidele bought 1 ticket(s) (0.38 ZION)
🎫 Buse Dogan bought 1 ticket(s) (0.38 ZION)
🎫 Valentina Girard bought 1 ticket(s) (0.41 ZION)
🎫 Sebastian Sterling bought 1 ticket(s) (0.36 ZION)
🎫 Pranav Reddy bought 1 ticket(s) (0.42 ZION)
🎫 Sylvia Thornton bought 1 ticket(s) (0.42 ZION)
🎫 Yuri Lin bought 1 ticket(s) (0.42 ZION)
🎫 Aiko Ikeda bought 1 ticket(s) (0.42 ZION)
🎫 Ragnar Nielsen bought 1 ticket(s) (0.42 ZION)
🎫 Sofia Merrick bought 1 ticket(s) (0.42 ZION)
🎫 Matteo Michel bought 1 ticket(s) (0.42 ZION)
🎫 Gustavo Ribeiro bought 1 ticket(s) (0.38 ZION)
🎫 Abasi Moyo bought 1 ticket(s) (0.38 ZION)
🎫 Victor Kensington bought 1 ticket(s) (0.38 ZION)
🎫 Nandi Okoro bought 1 ticket(s) (0.38 ZION)
🎫 Maja Nystrom bought 1 ticket(s) (0.38 ZION)
🎫 Yasmin Alami bought 1 ticket(s) (0.38 ZION)
🎫 Chao Deng bought 1 ticket(s) (0.41 ZION)
🎫 Yuri Wu bought 1 ticket(s) (0.41 ZION)
🎫 Juliana Rocha bought 1 ticket(s) (0.36 ZION)
🎫 Daichi Ishikawa bought 1 ticket(s) (0.42 ZION)
🎫 Ragna Johansson bought 1 ticket(s) (0.42 ZION)
🎫 Jisoo Kim bought 1 ticket(s) (0.42 ZION)
🎫 Santiago Peralta bought 1 ticket(s) (0.42 ZION)
🎫 Sekou Akinyi bought 1 ticket(s) (0.42 ZION)
🎫 Ahmet Celik bought 1 ticket(s) (0.42 ZION)
🎫 Vivienne Kingsley bought 1 ticket(s) (0.42 ZION)
🎫 Mahmoud Bakr bought 1 ticket(s) (0.38 ZION)
🎫 Folake Ojo bought 1 ticket(s) (0.38 ZION)
🎫 Fatima Saad bought 1 ticket(s) (0.38 ZION)
🎫 Diego Rojas bought 1 ticket(s) (0.38 ZION)
🎫 Xia Chen bought 1 ticket(s) (0.41 ZION)
🎫 Lan Shin bought 1 ticket(s) (0.42 ZION)
🎫 Ragna Hansen bought 1 ticket(s) (0.42 ZION)
🎫 Nasser Darwish bought 1 ticket(s) (0.42 ZION)
🎫 Thandi Dlamini bought 1 ticket(s) (0.42 ZION)
🎫 Dagny Holm bought 1 ticket(s) (0.42 ZION)
🎫 Jamal Farouk bought 1 ticket(s) (0.42 ZION)
🎫 Imran Khalil bought 1 ticket(s) (0.42 ZION)
🎫 Minji Shin bought 1 ticket(s) (0.42 ZION)
🎫 Zaid Rahman bought 1 ticket(s) (0.42 ZION)
🎫 Frida Lindqvist bought 1 ticket(s) (0.38 ZION)
🎫 Haruka Matsumoto bought 1 ticket(s) (0.38 ZION)
🎫 Tanvi Saxena bought 1 ticket(s) (0.41 ZION)
🎫 Dominic Wentworth bought 1 ticket(s) (0.41 ZION)
🎫 Sven Norberg bought 1 ticket(s) (0.36 ZION)
🎫 Javier Cortez bought 1 ticket(s) (0.36 ZION)
🎫 Amina Mansour bought 1 ticket(s) (0.38 ZION)
🎫 Bisi Ekwueme bought 1 ticket(s) (0.38 ZION)
🎫 Nomsa Bello bought 1 ticket(s) (0.42 ZION)
🎫 Leticia Araujo bought 1 ticket(s) (0.42 ZION)
🎫 Tarik Koc bought 1 ticket(s) (0.42 ZION)
🎫 Riko Ogawa bought 1 ticket(s) (0.42 ZION)
🎫 Sven Holm bought 1 ticket(s) (0.41 ZION)
🎫 Dele Ajayi bought 1 ticket(s) (0.36 ZION)
🎫 Tommaso Costa bought 1 ticket(s) (0.42 ZION)
🎫 Nikhil Reddy bought 1 ticket(s) (0.38 ZION)
🎫 Maximilian Lennox bought 1 ticket(s) (0.38 ZION)

🏆 LOTTERY WINNER: Samira Sharif!
   Prize: 90.51 ZION
   Participants: 112
✅ Lottery complete!


🎰 ZION Lottery - 2026-05-12 06:00
🎫 Drake Garcia bought 1 ticket(s) (0.51 ZION)
🎫 Dorn Castellan bought 1 ticket(s) (0.51 ZION)
🎫 Drake Petrov bought 1 ticket(s) (0.46 ZION)
🎫 Sera Parker bought 1 ticket(s) (0.20 ZION)
🎫 Vess Loginov 2 bought 1 ticket(s) (0.20 ZION)
🎫 Kael Vexlar bought 1 ticket(s) (0.48 ZION)
🎫 Orin Nguyen bought 1 ticket(s) (0.19 ZION)
🎫 Olan Rossi bought 1 ticket(s) (0.20 ZION)
🎫 Vess Santos 2 bought 1 ticket(s) (0.19 ZION)
🎫 Mire Kowalski bought 1 ticket(s) (0.19 ZION)
🎫 Vex Stormborn bought 1 ticket(s) (0.46 ZION)
🎫 Kael Drakon bought 1 ticket(s) (0.44 ZION)
🎫 Mire Mbeki bought 1 ticket(s) (0.18 ZION)
🎫 Sera Mueller bought 1 ticket(s) (0.18 ZION)
🎫 Mire Garcia 2 bought 1 ticket(s) (0.18 ZION)
🎫 Sera Garcia bought 1 ticket(s) (0.18 ZION)
🎫 Olan Petrov 2 bought 1 ticket(s) (0.17 ZION)
🎫 Mire Garcia 3 bought 1 ticket(s) (0.11 ZION)
🎫 Vess Garcia 2 bought 1 ticket(s) (0.11 ZION)
🎫 Bram Tanaka bought 1 ticket(s) (0.16 ZION)
🎫 Orin Diallo bought 1 ticket(s) (0.16 ZION)
🎫 Mire Okafor bought 1 ticket(s) (0.16 ZION)
🎫 Olan Okafor bought 1 ticket(s) (0.14 ZION)
🎫 Orin Okafor 2 bought 1 ticket(s) (0.10 ZION)
🎫 Olan Mueller 2 bought 1 ticket(s) (0.10 ZION)
🎫 Olan Yamamoto bought 1 ticket(s) (0.20 ZION)
🎫 Mire Santos bought 1 ticket(s) (0.20 ZION)
🎫 Vess Mueller bought 1 ticket(s) (0.25 ZION)
🎫 Lena Mueller bought 1 ticket(s) (0.18 ZION)
🎫 Tara Garcia 2 bought 1 ticket(s) (0.10 ZION)
🎫 Tara Parker bought 1 ticket(s) (0.18 ZION)
🎫 Zorn Ironside bought 1 ticket(s) (0.44 ZION)
🎫 Tara Nguyen bought 1 ticket(s) (0.19 ZION)
🎫 Mire Yamamoto bought 1 ticket(s) (0.18 ZION)
🎫 Lena Diallo bought 1 ticket(s) (0.18 ZION)
🎫 Zorn Kapoor bought 1 ticket(s) (0.46 ZION)
🎫 Lena Nguyen bought 1 ticket(s) (0.18 ZION)
🎫 Orin Santos bought 1 ticket(s) (0.18 ZION)
🎫 Olan Kowalski bought 1 ticket(s) (0.18 ZION)
🎫 Olan Parker bought 1 ticket(s) (0.18 ZION)
🎫 Lena Okafor bought 1 ticket(s) (0.15 ZION)
🎫 Tommaso Perrin bought 2 ticket(s) (2.60 ZION)
🎫 Sola Onyeka bought 2 ticket(s) (3.22 ZION)
🎫 Samira Sharif bought 2 ticket(s) (3.31 ZION)
🎫 Nandi Diop bought 1 ticket(s) (0.33 ZION)
🎫 Hala Al-Rashid bought 1 ticket(s) (0.33 ZION)
🎫 Aylin Kilic bought 1 ticket(s) (0.33 ZION)
🎫 Tara Diallo bought 1 ticket(s) (0.18 ZION)
🎫 Erik Johansson bought 2 ticket(s) (3.23 ZION)
🎫 Dina Fahmy bought 1 ticket(s) (0.31 ZION)
🎫 Femi Balogun bought 1 ticket(s) (0.31 ZION)
🎫 Olan Petrov bought 1 ticket(s) (0.18 ZION)
🎫 Murat Aksoy bought 2 ticket(s) (3.23 ZION)
🎫 Valentina Girard bought 1 ticket(s) (0.34 ZION)
🎫 Akin Ogunleye bought 2 ticket(s) (2.07 ZION)
🎫 Orin Mbeki bought 1 ticket(s) (0.16 ZION)
🎫 Orin Kowalski bought 1 ticket(s) (0.16 ZION)
🎫 Mire Parker bought 1 ticket(s) (0.16 ZION)
🎫 Theodore Kingsley bought 1 ticket(s) (0.30 ZION)
🎫 Sera Santos bought 1 ticket(s) (0.15 ZION)
🎫 Gabriel Marin bought 1 ticket(s) (0.34 ZION)
🎫 Akari Ikeda bought 1 ticket(s) (0.31 ZION)
🎫 Ishaan Kapoor bought 1 ticket(s) (0.36 ZION)
🎫 Kai Lin bought 2 ticket(s) (2.58 ZION)
🎫 Seun Adebayo bought 1 ticket(s) (0.36 ZION)
🎫 Arthur Walton bought 1 ticket(s) (0.33 ZION)
🎫 Andres Ramirez bought 1 ticket(s) (0.33 ZION)
🎫 Xia Chen bought 1 ticket(s) (0.34 ZION)
🎫 Amara Diop bought 2 ticket(s) (3.33 ZION)
🎫 Sola Udo bought 1 ticket(s) (0.31 ZION)
🎫 Benedict Fairchild bought 2 ticket(s) (2.89 ZION)
🎫 Nils Hansen bought 2 ticket(s) (2.89 ZION)
🎫 Melis Kurt bought 2 ticket(s) (2.89 ZION)
🎫 Ricardo Garcia bought 2 ticket(s) (2.60 ZION)
🎫 Shin Nakajima bought 2 ticket(s) (3.68 ZION)
🎫 Clara Harrington bought 2 ticket(s) (2.60 ZION)
🎫 Carla Ortega bought 2 ticket(s) (2.60 ZION)
🎫 Murat Erdem bought 2 ticket(s) (3.61 ZION)
🎫 Imran Hamdan bought 2 ticket(s) (3.61 ZION)
🎫 Fernanda Monteiro bought 2 ticket(s) (3.61 ZION)
🎫 Natalia Vargas bought 2 ticket(s) (3.61 ZION)
🎫 Ifeanyi Ojo bought 1 ticket(s) (0.36 ZION)
🎫 Nnamdi Madueke bought 1 ticket(s) (0.36 ZION)
🎫 Zara Khoury bought 1 ticket(s) (0.36 ZION)
🎫 Jomo Kone bought 1 ticket(s) (0.33 ZION)
🎫 Joao Lima bought 1 ticket(s) (0.33 ZION)
🎫 Ragnar Nielsen bought 1 ticket(s) (0.32 ZION)
🎫 Sofia Merrick bought 1 ticket(s) (0.30 ZION)
🎫 Pranav Reddy bought 1 ticket(s) (0.34 ZION)
🎫 Yuri Lin bought 1 ticket(s) (0.36 ZION)
🎫 Santiago Peralta bought 1 ticket(s) (0.30 ZION)
🎫 Daichi Ishikawa bought 1 ticket(s) (0.34 ZION)
🎫 Jisoo Kim bought 1 ticket(s) (0.34 ZION)
🎫 Neel Khanna bought 1 ticket(s) (0.36 ZION)
🎫 Fatima Saad bought 1 ticket(s) (0.32 ZION)
🎫 Sven Svensson bought 1 ticket(s) (0.36 ZION)
🎫 Etienne Bonnet bought 1 ticket(s) (0.33 ZION)
🎫 Juliette Gallo bought 1 ticket(s) (0.33 ZION)
🎫 Rami Rahman bought 1 ticket(s) (0.33 ZION)
🎫 Thandi Dlamini bought 1 ticket(s) (0.32 ZION)
🎫 Hyun Zhang bought 1 ticket(s) (0.29 ZION)
🎫 Ryota Ogawa bought 1 ticket(s) (0.34 ZION)
🎫 Amina Mansour bought 1 ticket(s) (0.32 ZION)
🎫 Joao Gomes bought 1 ticket(s) (0.36 ZION)
🎫 Selin Karaca bought 1 ticket(s) (0.36 ZION)
🎫 Nomsa Bello bought 1 ticket(s) (0.36 ZION)
🎫 Dagny Holm bought 1 ticket(s) (0.36 ZION)
🎫 Jamal Farouk bought 1 ticket(s) (0.36 ZION)
🎫 Tanvi Saxena bought 1 ticket(s) (0.34 ZION)
🎫 Kunle Onyeka bought 1 ticket(s) (0.36 ZION)
🎫 Zara Majid bought 1 ticket(s) (0.33 ZION)
🎫 Matteo Gallo bought 1 ticket(s) (0.34 ZION)
🎫 Yusuf Yilmaz bought 1 ticket(s) (0.33 ZION)
🎫 Imran Khalil bought 1 ticket(s) (0.34 ZION)
🎫 Nabil Al-Rashid bought 1 ticket(s) (0.31 ZION)
🎫 Hyun Kim bought 1 ticket(s) (0.36 ZION)
🎫 Sven Holm bought 1 ticket(s) (0.34 ZION)
🎫 Nikhil Reddy bought 1 ticket(s) (0.32 ZION)

🏆 LOTTERY WINNER: Kai Lin!
   Prize: 85.12 ZION
   Participants: 118
✅ Lottery complete!


🎰 ZION Lottery - 2026-05-13 06:00
🎫 Kael Nguyen bought 1 ticket(s) (0.39 ZION)
🎫 Axel Rossi bought 1 ticket(s) (0.39 ZION)
🎫 Orin Loginov 2 bought 1 ticket(s) (0.22 ZION)
🎫 Dorn Voltaire bought 1 ticket(s) (0.53 ZION)
🎫 Bram Diallo bought 1 ticket(s) (0.20 ZION)
🎫 Lena Rossi bought 1 ticket(s) (0.15 ZION)
🎫 Kael Thornton bought 1 ticket(s) (0.43 ZION)
🎫 Vex Diallo bought 1 ticket(s) (0.31 ZION)
🎫 Cain Ravenswood bought 1 ticket(s) (0.42 ZION)
🎫 Sera Parker bought 1 ticket(s) (0.17 ZION)
🎫 Kael Castellan bought 1 ticket(s) (0.43 ZION)
🎫 Mire Loginov 2 bought 1 ticket(s) (0.22 ZION)
🎫 Mire Garcia 4 bought 1 ticket(s) (0.22 ZION)
🎫 Sera Rossi 2 bought 1 ticket(s) (0.21 ZION)
🎫 Vess Mbeki 3 bought 1 ticket(s) (0.15 ZION)
🎫 Vess Loginov 2 bought 1 ticket(s) (0.15 ZION)
🎫 Bram Kowalski 2 bought 1 ticket(s) (0.15 ZION)
🎫 Vess Rossi 3 bought 1 ticket(s) (0.15 ZION)
🎫 Vess Mbeki 2 bought 1 ticket(s) (0.15 ZION)
🎫 Vex Stormborn bought 1 ticket(s) (0.48 ZION)
🎫 Sera Diallo 2 bought 1 ticket(s) (0.14 ZION)
🎫 Drake Petrov bought 1 ticket(s) (0.38 ZION)
🎫 Tara Mbeki bought 1 ticket(s) (0.22 ZION)
🎫 Vess Petrov 2 bought 1 ticket(s) (0.20 ZION)
🎫 Sera Santos 2 bought 1 ticket(s) (0.13 ZION)
🎫 Vess Kowalski 2 bought 1 ticket(s) (0.13 ZION)
🎫 Olan Yamamoto 2 bought 1 ticket(s) (0.11 ZION)
🎫 Mire Mbeki bought 1 ticket(s) (0.20 ZION)
🎫 Tomas Escobar bought 1 ticket(s) (0.34 ZION)
🎫 Raze Kapoor bought 1 ticket(s) (0.39 ZION)
🎫 Olan Diallo 2 bought 1 ticket(s) (0.15 ZION)
🎫 Lena Rossi 2 bought 1 ticket(s) (0.15 ZION)
🎫 Bram Garcia 2 bought 1 ticket(s) (0.16 ZION)
🎫 Tara Tanaka 2 bought 1 ticket(s) (0.14 ZION)
🎫 Orin Diallo bought 1 ticket(s) (0.12 ZION)
🎫 Maximilian Redgrave bought 1 ticket(s) (0.34 ZION)
🎫 Vess Okafor bought 1 ticket(s) (0.14 ZION)
🎫 Bram Santos 2 bought 1 ticket(s) (0.11 ZION)
🎫 Vex Petrov bought 1 ticket(s) (0.37 ZION)
🎫 Sera Parker 3 bought 1 ticket(s) (0.10 ZION)
🎫 Davide Faure bought 1 ticket(s) (0.36 ZION)
🎫 Zorn Castellan bought 1 ticket(s) (0.43 ZION)
🎫 Mire Yamamoto bought 1 ticket(s) (0.13 ZION)
🎫 Vess Garcia bought 1 ticket(s) (0.14 ZION)
🎫 Olan Diallo bought 1 ticket(s) (0.15 ZION)
🎫 Lethabo Banda bought 2 ticket(s) (3.15 ZION)
🎫 Drake Stormborn bought 1 ticket(s) (0.48 ZION)
🎫 Orin Tanaka bought 1 ticket(s) (0.12 ZION)
🎫 Abasi Diallo bought 1 ticket(s) (0.26 ZION)
🎫 Lena Yamamoto bought 1 ticket(s) (0.15 ZION)
🎫 Lena Diallo bought 1 ticket(s) (0.15 ZION)
🎫 Dina Shammas bought 2 ticket(s) (2.76 ZION)
🎫 Akin Ogunleye bought 1 ticket(s) (1.81 ZION)
🎫 Dorian Somerset bought 1 ticket(s) (0.34 ZION)
🎫 Rin Sasaki bought 1 ticket(s) (0.28 ZION)
🎫 Mire Petrov bought 1 ticket(s) (0.16 ZION)
🎫 Jae Kwon bought 1 ticket(s) (0.34 ZION)
🎫 Derya Celik bought 1 ticket(s) (0.31 ZION)
🎫 Juliana Rocha bought 1 ticket(s) (0.26 ZION)
🎫 Kazuki Nakamura bought 1 ticket(s) (0.32 ZION)
🎫 Arthur Walton bought 1 ticket(s) (0.36 ZION)
🎫 Ahmet Bozkurt bought 1 ticket(s) (0.36 ZION)
🎫 Seun Adebayo bought 1 ticket(s) (0.36 ZION)
🎫 Ishaan Kapoor bought 1 ticket(s) (0.36 ZION)
🎫 Sefu Nyang bought 1 ticket(s) (0.26 ZION)
🎫 Kai Lin bought 2 ticket(s) (2.32 ZION)
🎫 Murat Cetin bought 2 ticket(s) (2.61 ZION)
🎫 Benedict Fairchild bought 2 ticket(s) (2.43 ZION)
🎫 Alfred Blackwood bought 1 ticket(s) (1.77 ZION)
🎫 Priscila Araujo bought 1 ticket(s) (0.36 ZION)
🎫 Melis Kurt bought 1 ticket(s) (1.75 ZION)
🎫 Dagny Svensson bought 1 ticket(s) (0.29 ZION)
🎫 Natalia Vargas bought 2 ticket(s) (2.74 ZION)
🎫 Estelle Somerset bought 2 ticket(s) (2.74 ZION)
🎫 Amit Singh bought 1 ticket(s) (0.28 ZION)
🎫 Marina Windsor bought 1 ticket(s) (0.29 ZION)
🎫 Ricardo Paredes bought 1 ticket(s) (0.36 ZION)
🎫 Fatima Saad bought 1 ticket(s) (0.27 ZION)
🎫 Leon Lennox bought 1 ticket(s) (0.38 ZION)
🎫 Laura Holloway bought 1 ticket(s) (0.26 ZION)
🎫 Leticia Araujo bought 1 ticket(s) (0.37 ZION)
🎫 Adewale Nnamani bought 1 ticket(s) (0.40 ZION)
🎫 Melis Erdem bought 1 ticket(s) (0.36 ZION)
🎫 Sefu Diop bought 2 ticket(s) (3.34 ZION)
🎫 Diego Cardoso bought 1 ticket(s) (0.31 ZION)
🎫 Bisi Ekwueme bought 1 ticket(s) (0.27 ZION)
🎫 Sven Norberg bought 1 ticket(s) (0.32 ZION)
🎫 Can Tas bought 1 ticket(s) (0.36 ZION)
🎫 Helga Svendsen bought 1 ticket(s) (0.34 ZION)
🎫 Hyeon Sun bought 1 ticket(s) (0.28 ZION)
🎫 Qiao Park bought 1 ticket(s) (0.28 ZION)
🎫 Amit Arora bought 1 ticket(s) (0.28 ZION)
🎫 Javier Vega bought 1 ticket(s) (0.34 ZION)

🏆 LOTTERY WINNER: Dorn Voltaire!
   Prize: 48.92 ZION
   Participants: 93
✅ Lottery complete!


🎰 ZION Lottery - 2026-05-14 06:00
🎫 Axel Kapoor bought 1 ticket(s) (0.33 ZION)
🎫 Kael Ashford bought 1 ticket(s) (0.23 ZION)
🎫 Axel Yamamoto bought 1 ticket(s) (0.31 ZION)
🎫 Cain Tanaka bought 1 ticket(s) (0.21 ZION)
🎫 Vex Whitmore bought 1 ticket(s) (0.21 ZION)
🎫 Vess Diallo 2 bought 1 ticket(s) (0.15 ZION)
🎫 Melis Kurt bought 1 ticket(s) (1.18 ZION)
🎫 Sera Yamamoto 3 bought 1 ticket(s) (0.17 ZION)
🎫 Lena Mbeki 2 bought 1 ticket(s) (0.17 ZION)
🎫 Zorn Nguyen bought 1 ticket(s) (0.13 ZION)
🎫 Drake Diallo bought 1 ticket(s) (0.22 ZION)
🎫 Cain Stormborn bought 1 ticket(s) (0.33 ZION)
🎫 Tara Mbeki 2 bought 1 ticket(s) (0.14 ZION)
🎫 Bram Okafor 3 bought 1 ticket(s) (0.11 ZION)
🎫 Dorn Parker bought 1 ticket(s) (0.29 ZION)
🎫 Lena Mbeki 3 bought 1 ticket(s) (0.11 ZION)
🎫 Lena Rossi 3 bought 1 ticket(s) (0.12 ZION)
🎫 Dorn Thornton bought 1 ticket(s) (0.19 ZION)
🎫 Vess Petrov 4 bought 1 ticket(s) (0.15 ZION)
🎫 Sera Okafor 2 bought 1 ticket(s) (0.14 ZION)
🎫 Tara Garcia 4 bought 1 ticket(s) (0.13 ZION)
🎫 Zorn Santos bought 1 ticket(s) (0.23 ZION)
🎫 Sera Yamamoto 4 bought 1 ticket(s) (0.11 ZION)
🎫 Lena Santos 2 bought 1 ticket(s) (0.12 ZION)
🎫 Vess Kowalski 3 bought 1 ticket(s) (0.14 ZION)
🎫 Diego Cardoso bought 1 ticket(s) (0.17 ZION)
🎫 Neslihan Tas bought 1 ticket(s) (0.14 ZION)
🎫 Zorn Vexlar bought 1 ticket(s) (0.12 ZION)
🎫 Abasi Moyo bought 1 ticket(s) (0.15 ZION)
🎫 Raze Thornton bought 1 ticket(s) (0.15 ZION)
🎫 Miguel Rojas bought 1 ticket(s) (0.20 ZION)
🎫 Drake Petrov bought 1 ticket(s) (0.19 ZION)
🎫 Nandi Okoro bought 1 ticket(s) (0.15 ZION)
🎫 Ece Ilhan bought 1 ticket(s) (0.14 ZION)
🎫 Kenji Saito bought 1 ticket(s) (1.22 ZION)
🎫 Shin Nakajima bought 2 ticket(s) (2.62 ZION)
🎫 Tara Loginov bought 1 ticket(s) (0.17 ZION)
🎫 Lena Garcia bought 1 ticket(s) (0.11 ZION)
🎫 Tara Kapoor 2 bought 1 ticket(s) (0.17 ZION)
🎫 Sera Yamamoto bought 1 ticket(s) (0.17 ZION)
🎫 Kwame Mwangi bought 2 ticket(s) (3.04 ZION)
🎫 Kazuki Shimizu bought 2 ticket(s) (2.42 ZION)
🎫 Beatrice Sterling bought 1 ticket(s) (1.26 ZION)
🎫 Yong Feng bought 1 ticket(s) (0.75 ZION)
🎫 Ayo Akinyi bought 1 ticket(s) (1.96 ZION)
🎫 Dina Fahmy bought 1 ticket(s) (0.29 ZION)
🎫 Dorian Somerset bought 1 ticket(s) (0.29 ZION)
🎫 Rin Sasaki bought 1 ticket(s) (0.23 ZION)
🎫 Mire Loginov 2 bought 1 ticket(s) (0.17 ZION)
🎫 Dorn Voltaire bought 1 ticket(s) (0.78 ZION)
🎫 Drake Okafor bought 1 ticket(s) (0.40 ZION)
🎫 Tara Loginov 2 bought 1 ticket(s) (0.12 ZION)
🎫 Vess Santos 3 bought 1 ticket(s) (0.11 ZION)
🎫 Bram Okafor 2 bought 1 ticket(s) (0.11 ZION)
🎫 Vex Stormborn bought 1 ticket(s) (0.26 ZION)
🎫 Orin Diallo 3 bought 1 ticket(s) (0.13 ZION)
🎫 Arthur Walton bought 1 ticket(s) (0.19 ZION)
🎫 Dorn Loginov bought 1 ticket(s) (0.38 ZION)
🎫 Sera Garcia bought 1 ticket(s) (0.15 ZION)
🎫 Raze Kapoor bought 1 ticket(s) (0.31 ZION)
🎫 Mire Kowalski bought 1 ticket(s) (0.10 ZION)
🎫 Mire Garcia 3 bought 1 ticket(s) (0.11 ZION)
🎫 Bhekizizwe Ba bought 1 ticket(s) (0.19 ZION)
🎫 Bruna Oliveira bought 1 ticket(s) (0.19 ZION)
🎫 Sera Diallo bought 1 ticket(s) (0.13 ZION)
🎫 Mire Diallo bought 1 ticket(s) (0.13 ZION)
🎫 Tristan Whitmore bought 1 ticket(s) (0.20 ZION)
🎫 Matteo Ricci bought 1 ticket(s) (0.15 ZION)
🎫 Sebastian Sterling bought 1 ticket(s) (0.19 ZION)
🎫 Frida Rasmussen bought 1 ticket(s) (1.93 ZION)
🎫 Murat Cetin bought 1 ticket(s) (1.01 ZION)
🎫 Takashi Kobayashi bought 1 ticket(s) (0.20 ZION)
🎫 Zara Khoury bought 1 ticket(s) (0.15 ZION)
🎫 Arthur Merrick bought 2 ticket(s) (2.31 ZION)
🎫 Ricardo Garcia bought 1 ticket(s) (1.21 ZION)
🎫 Andres Ramirez bought 1 ticket(s) (0.15 ZION)
🎫 Marina Windsor bought 1 ticket(s) (0.22 ZION)
🎫 Laura Holloway bought 1 ticket(s) (0.22 ZION)
🎫 Sefu Diop bought 2 ticket(s) (2.81 ZION)
🎫 Etienne Bonnet bought 1 ticket(s) (0.23 ZION)
🎫 Sven Norberg bought 1 ticket(s) (0.27 ZION)
🎫 Javier Vega bought 1 ticket(s) (0.19 ZION)
🎫 Dina Haddad bought 1 ticket(s) (0.14 ZION)
🎫 Frida Lindqvist bought 1 ticket(s) (0.23 ZION)
🎫 Amit Arora bought 1 ticket(s) (0.23 ZION)
🎫 Sven Holm bought 1 ticket(s) (0.24 ZION)

🏆 LOTTERY WINNER: Arthur Merrick!
   Prize: 37.60 ZION
   Participants: 86
✅ Lottery complete!


🎰 ZION Lottery - 2026-05-15 06:00
🎫 Drake Tanaka bought 1 ticket(s) (0.33 ZION)
🎫 Kael Tanaka bought 1 ticket(s) (0.25 ZION)
🎫 Dorn Rossi bought 1 ticket(s) (0.18 ZION)
🎫 Sera Kapoor 3 bought 1 ticket(s) (0.15 ZION)
🎫 Olan Santos 2 bought 1 ticket(s) (0.12 ZION)
🎫 Axel Kapoor bought 1 ticket(s) (0.28 ZION)
🎫 Kael Ashford bought 1 ticket(s) (0.20 ZION)
🎫 Dorn Okafor bought 1 ticket(s) (0.23 ZION)
🎫 Raze Voltaire bought 1 ticket(s) (0.16 ZION)
🎫 Kael Okafor bought 1 ticket(s) (0.18 ZION)
🎫 Sera Rossi 4 bought 1 ticket(s) (0.10 ZION)
🎫 Cain Kapoor bought 1 ticket(s) (0.16 ZION)
🎫 Axel Yamamoto bought 1 ticket(s) (0.23 ZION)
🎫 Zorn Okafor bought 1 ticket(s) (0.23 ZION)
🎫 Zorn Santos bought 1 ticket(s) (0.20 ZION)
🎫 Abasi Moyo bought 1 ticket(s) (0.11 ZION)
🎫 Tara Loginov bought 1 ticket(s) (0.12 ZION)
🎫 Tara Nguyen bought 1 ticket(s) (0.10 ZION)
🎫 Beatrice Sterling bought 1 ticket(s) (1.06 ZION)
🎫 Lena Mbeki 2 bought 1 ticket(s) (0.13 ZION)
🎫 Erik Johansson bought 1 ticket(s) (1.02 ZION)
🎫 Vess Garcia 3 bought 1 ticket(s) (0.11 ZION)
🎫 Melis Kurt bought 1 ticket(s) (0.99 ZION)
🎫 Bram Tanaka 2 bought 1 ticket(s) (0.14 ZION)
🎫 Vess Tanaka 4 bought 1 ticket(s) (0.14 ZION)
🎫 Vess Mbeki 3 bought 1 ticket(s) (0.11 ZION)
🎫 Vess Rossi 3 bought 1 ticket(s) (0.11 ZION)
🎫 Vex Diallo bought 1 ticket(s) (0.11 ZION)
🎫 Dorn Loginov bought 1 ticket(s) (0.30 ZION)
🎫 Drake Petrov bought 1 ticket(s) (0.16 ZION)
🎫 Yong Feng bought 1 ticket(s) (0.63 ZION)
🎫 Sinan Bulut bought 1 ticket(s) (0.12 ZION)
🎫 Vess Petrov 2 bought 1 ticket(s) (0.13 ZION)
🎫 Mire Loginov 2 bought 1 ticket(s) (0.14 ZION)
🎫 Tara Loginov 3 bought 1 ticket(s) (0.10 ZION)
🎫 Bram Rossi bought 1 ticket(s) (0.11 ZION)
🎫 Sera Garcia bought 1 ticket(s) (0.11 ZION)
🎫 Kojo Bello bought 1 ticket(s) (0.83 ZION)
🎫 Xinyi Feng bought 1 ticket(s) (1.06 ZION)
🎫 Bhekizizwe Ba bought 1 ticket(s) (0.16 ZION)
🎫 Yuri Lin bought 1 ticket(s) (0.18 ZION)
🎫 Ingrid Johansen bought 1 ticket(s) (0.12 ZION)
🎫 Selin Karaca bought 1 ticket(s) (0.12 ZION)
🎫 Adel Taher bought 1 ticket(s) (1.83 ZION)
🎫 Murat Cetin bought 1 ticket(s) (0.85 ZION)
🎫 Estelle Fairfax bought 1 ticket(s) (0.20 ZION)
🎫 Ayse Keskin bought 1 ticket(s) (1.79 ZION)
🎫 Aiko Ikeda bought 1 ticket(s) (0.17 ZION)
🎫 Zorn Castellan bought 1 ticket(s) (0.29 ZION)
🎫 Thandi Keita bought 1 ticket(s) (0.26 ZION)
🎫 Axel Okafor bought 1 ticket(s) (0.26 ZION)
🎫 Zorn Ironside bought 1 ticket(s) (0.25 ZION)
🎫 Nils Hansen bought 1 ticket(s) (1.58 ZION)
🎫 Alfred Blackwood bought 1 ticket(s) (1.01 ZION)
🎫 Priscila Araujo bought 1 ticket(s) (0.25 ZION)
🎫 Bruno Cortez bought 1 ticket(s) (1.60 ZION)
🎫 Pierre Faure bought 1 ticket(s) (0.66 ZION)
🎫 Sefu Diop bought 1 ticket(s) (1.87 ZION)
🎫 Estelle Somerset bought 1 ticket(s) (1.57 ZION)
🎫 Ragna Hansen bought 1 ticket(s) (0.12 ZION)
🎫 Etienne Bonnet bought 1 ticket(s) (0.20 ZION)
🎫 Sven Norberg bought 1 ticket(s) (0.22 ZION)
🎫 Javier Vega bought 1 ticket(s) (0.14 ZION)
🎫 Victor Lockwood bought 1 ticket(s) (0.19 ZION)
🎫 Nikhil Verma bought 1 ticket(s) (0.12 ZION)
🎫 Adaeze Traore bought 1 ticket(s) (0.18 ZION)

🏆 LOTTERY WINNER: Vess Tanaka 4!
   Prize: 26.84 ZION
   Participants: 66
✅ Lottery complete!


🎰 ZION Lottery - 2026-05-16 06:00
🎫 Cato Ekwueme bought 1 ticket(s) (0.25 ZION)
🎫 Kira Silva bought 1 ticket(s) (0.12 ZION)
🎫 Gideon Everton bought 1 ticket(s) (0.17 ZION)
🎫 Zara Adeyemi bought 1 ticket(s) (0.11 ZION)
🎫 Raze Loginov bought 1 ticket(s) (0.17 ZION)
🎫 Kael Okafor bought 1 ticket(s) (0.15 ZION)
🎫 Sera Mbeki 5 bought 1 ticket(s) (0.11 ZION)
🎫 Cain Mueller bought 1 ticket(s) (0.14 ZION)
🎫 Tara Diallo 3 bought 1 ticket(s) (0.13 ZION)
🎫 Zorn Okafor bought 1 ticket(s) (0.19 ZION)
🎫 Vess Petrov 4 bought 1 ticket(s) (0.11 ZION)
🎫 Diego Cardoso bought 1 ticket(s) (0.11 ZION)
🎫 Cain Coldwell bought 1 ticket(s) (0.14 ZION)
🎫 Imran Hamdan bought 1 ticket(s) (1.84 ZION)
🎫 Ricardo Garcia bought 1 ticket(s) (0.86 ZION)
🎫 Dagny Svensson bought 1 ticket(s) (0.17 ZION)
🎫 Dorn Yamamoto bought 1 ticket(s) (0.16 ZION)
🎫 Dorn Rossi bought 1 ticket(s) (0.15 ZION)
🎫 Cain Kapoor bought 1 ticket(s) (0.13 ZION)
🎫 Shin Nakajima bought 1 ticket(s) (1.86 ZION)
🎫 Vess Nguyen 2 bought 1 ticket(s) (0.10 ZION)
🎫 Ece Ilhan bought 1 ticket(s) (0.10 ZION)
🎫 Kenji Saito bought 1 ticket(s) (0.87 ZION)
🎫 Sera Yamamoto bought 1 ticket(s) (0.12 ZION)
🎫 Akin Ogunleye bought 1 ticket(s) (0.85 ZION)
🎫 Axel Castellan bought 1 ticket(s) (0.26 ZION)
🎫 Lena Mbeki 2 bought 1 ticket(s) (0.11 ZION)
🎫 Cain Stormborn bought 1 ticket(s) (0.24 ZION)
🎫 Vex Okafor bought 1 ticket(s) (0.14 ZION)
🎫 Kael Thornton bought 1 ticket(s) (0.26 ZION)
🎫 Axel Rossi bought 1 ticket(s) (0.22 ZION)
🎫 Bianca Moreau bought 1 ticket(s) (0.14 ZION)
🎫 Juliette Perrin bought 1 ticket(s) (0.88 ZION)
🎫 Dorn Blackstone bought 1 ticket(s) (0.11 ZION)
🎫 Ayo Akinyi bought 1 ticket(s) (1.38 ZION)
🎫 Sinan Bulut bought 1 ticket(s) (0.10 ZION)
🎫 Amit Singh bought 1 ticket(s) (0.11 ZION)
🎫 Murat Aksoy bought 1 ticket(s) (1.43 ZION)
🎫 Rin Sasaki bought 1 ticket(s) (0.17 ZION)
🎫 Mire Loginov 2 bought 1 ticket(s) (0.12 ZION)
🎫 Abasi Akinyi bought 1 ticket(s) (0.83 ZION)
🎫 Ahmet Celik bought 1 ticket(s) (0.18 ZION)
🎫 Kojo Bello bought 1 ticket(s) (0.70 ZION)
🎫 Dorn Voltaire bought 1 ticket(s) (0.56 ZION)
🎫 Adel Taher bought 1 ticket(s) (1.39 ZION)
🎫 Francesco Fournier bought 1 ticket(s) (0.19 ZION)
🎫 Yasmin Alami bought 1 ticket(s) (0.22 ZION)
🎫 Murat Cetin bought 1 ticket(s) (0.71 ZION)
🎫 Aiko Ikeda bought 1 ticket(s) (0.14 ZION)
🎫 Thandi Keita bought 1 ticket(s) (0.20 ZION)
🎫 Axel Andersson bought 1 ticket(s) (1.08 ZION)
🎫 Nils Hansen bought 1 ticket(s) (1.06 ZION)
🎫 Sven Svensson bought 1 ticket(s) (0.13 ZION)
🎫 Kai Lin bought 1 ticket(s) (1.41 ZION)
🎫 Frida Lindqvist bought 1 ticket(s) (0.17 ZION)

🏆 LOTTERY WINNER: Kai Lin!
   Prize: 23.49 ZION
   Participants: 55
✅ Lottery complete!

