
📦 ZION Market — 2026-05-17 14:25
==================================================
Prices: food=9.5 water=3.2 energy=12.1
🌾 Food price normal: 9.5 ZION
📦 Murat Aksoy traded — profit 25.0 ZION

✅ Market cycle complete!

📦 ZION Market — 2026-05-17 14:36
==================================================
Prices: food=7.5 water=6.3 energy=6.3
🌾 Food price normal: 7.5 ZION
📦 Murat Aksoy traded — profit 26.7 ZION

✅ Market cycle complete!

📦 ZION Market — 2026-05-17 17:00
==================================================
Prices: food=2.3 water=7.4 energy=2.1
🌾 Food price normal: 2.3 ZION
📦 Murat Aksoy traded — profit 27.4 ZION

✅ Market cycle complete!

📦 ZION Market — 2026-05-17 17:28
==================================================
Prices: food=6.9 water=6.0 energy=7.6
🌾 Food price normal: 6.9 ZION
📦 Murat Aksoy traded — profit 18.6 ZION

✅ Market cycle complete!

📦 ZION Market — 2026-05-17 17:29
==================================================
Prices: food=8.9 water=1.7 energy=8.3
🌾 Food price normal: 8.9 ZION
📦 Murat Aksoy traded — profit 18.0 ZION

✅ Market cycle complete!

📦 ZION Market — 2026-05-17 17:59
==================================================
Prices: food=4.3 water=2.5 energy=5.8
🌾 Food price normal: 4.3 ZION
📦 Murat Aksoy traded — profit 6.8 ZION

✅ Market cycle complete!
