
💍 ZION Marriages — 2026-05-17 14:25
==================================================
💍 Vex Castellan + Cato Clayborne married! (elite class)
💍 Nikolai Regulus + Stefan Aldrich married! (elite class)
💍 Cole Morales 3 + Kai Davis 9520 married! (middle class)
💍 Drew White 7904 + Luna Miller 9173 married! (middle class)
💍 Kim Clark 3290 + Sam Brown 2667 married! (poor class)
💍 Sidney Harris 3978 + Morgan Brown 3418 married! (poor class)
💔 Theron Castellan + Orion Stanwick divorced!

✅ Marriages complete! Active couples: 16

💍 ZION Marriages — 2026-05-17 14:36
==================================================
💍 Ulric Queensbury + Felix Ellsworth married! (elite class)
💍 Juliette Perrin + Hector Maddox married! (elite class)
💍 Sana Torres 2 + Ray Wilson 1625 married! (middle class)
💍 Kai Miller 9581 + Luna Martin 9051 married! (middle class)
💍 Pat Miller 2958 + Quinn Miller 4419 married! (poor class)
💍 Avery Jackson 9479 + Iris Brown 2404 married! (poor class)
💔 Cole Morales 3 + Kai Davis 9520 divorced!

✅ Marriages complete! Active couples: 21
