
==================================================
🔍 NEO DAEMON - 2026-05-10 05:00
==================================================
👁️  NEO is watching... but not acting today.

==================================================
🔍 NEO DAEMON - 2026-05-11 05:00
==================================================
👁️  NEO is watching... but not acting today.

==================================================
🔍 NEO DAEMON - 2026-05-12 05:00
==================================================
👁️  NEO is watching... but not acting today.

==================================================
🔍 NEO DAEMON - 2026-05-13 05:00
==================================================
👁️  NEO is watching... but not acting today.

==================================================
🔍 NEO DAEMON - 2026-05-14 05:00
==================================================
👁️  NEO is watching... but not acting today.

==================================================
🔍 NEO DAEMON - 2026-05-15 05:00
==================================================
👁️  NEO is watching... but not acting today.

==================================================
🔍 NEO DAEMON - 2026-05-16 05:00
==================================================

👁️  NEO ACTIVATED [system_op_cb80570649af]
   Action: CLAN SABOTAGE
   Shadow Order loses 81.88 ZION from treasury

==================================================


==================================================
🔍 NEO DAEMON - 2026-05-17 05:00
==================================================
👁️  NEO is watching... but not acting today.

==================================================
🔍 NEO DAEMON - 2026-05-17 07:22
==================================================
👁️  NEO is watching... but not acting today.

==================================================
🔍 NEO DAEMON - 2026-05-17 08:22
==================================================
👁️  NEO is watching... but not acting today.

==================================================
🔍 NEO DAEMON - 2026-05-17 09:22
==================================================
👁️  NEO is watching... but not acting today.

==================================================
🔍 NEO DAEMON - 2026-05-17 10:22
==================================================

👁️  NEO ACTIVATED [system_op_f6bc15192906]
   Action: RANDOM BLESSING
   Morgan Anderson 9345 receives 19.35 ZION from the void

==================================================


==================================================
🔍 NEO DAEMON - 2026-05-17 10:28
==================================================

👁️  NEO ACTIVATED [system_op_12acea3bddba]
   Action: PUNISH THE RICH
   Murat Aksoy loses 218.20 ZION

==================================================

