
🏛️  No election today - Senate is stable

🏛️  No election today - Senate is stable

🏛️  ZION Politics - 2026-05-12 03:00

🗳️  ELECTION DAY! Candidates:
  1. Amara Diop (elite) [Iron Fist] - Charisma: 95
  2. Sefu Diop (elite) [Shadow Order] - Charisma: 95
  3. Murat Aksoy (elite) [Golden Dawn] - Charisma: 95
  4. Xinyi Feng (elite) [Shadow Order] - Charisma: 94
  5. Greta Kristensen (elite) [Shadow Order] - Charisma: 93

📊 Vote Results:
  Amara Diop: 247 votes
  Sefu Diop: 249 votes
  Murat Aksoy: 244 votes
  Xinyi Feng: 211 votes
  Greta Kristensen: 235 votes

🏆 Sefu Diop WINS THE ELECTION!
   Total votes: 249/1186
   Reward: +10.0 ZION to Sefu Diop

⚠️  REBELLION! 124 angry agents rise up!
  🔥 Sefu Diop loses 69.32 ZION to rebels!
  🔥 Amara Diop loses 58.75 ZION to rebels!
  🔥 Samira Sharif loses 58.44 ZION to rebels!
  🔥 Marcos Machado loses 54.19 ZION to rebels!
  🔥 Murat Cetin loses 54.19 ZION to rebels!
✊ Rebellion complete!

🏛️  ZION Politics - 2026-05-13 03:00

🗳️  ELECTION DAY! Candidates:
  1. Sefu Diop (elite) [Shadow Order] - Charisma: 95
  2. Amara Diop (elite) [Iron Fist] - Charisma: 95
  3. Murat Aksoy (elite) [Golden Dawn] - Charisma: 95
  4. Xinyi Feng (elite) [Shadow Order] - Charisma: 94
  5. Greta Kristensen (elite) [Shadow Order] - Charisma: 93

📊 Vote Results:
  Sefu Diop: 247 votes
  Amara Diop: 260 votes
  Murat Aksoy: 258 votes
  Xinyi Feng: 237 votes
  Greta Kristensen: 280 votes

🏆 Greta Kristensen WINS THE ELECTION!
   Total votes: 280/1282
   Reward: +10.0 ZION to Greta Kristensen

⚠️  REBELLION! 161 angry agents rise up!
  🔥 Murat Aksoy loses 76.36 ZION to rebels!
  🔥 Shin Nakajima loses 60.46 ZION to rebels!
  🔥 Imran Hamdan loses 59.28 ZION to rebels!
  🔥 Greta Kristensen loses 55.14 ZION to rebels!
  🔥 Samira Sharif loses 54.04 ZION to rebels!
✊ Rebellion complete!

🏛️  ZION Politics - 2026-05-14 03:00

🗳️  ELECTION DAY! Candidates:
  1. Sefu Diop (elite) [Shadow Order] - Charisma: 95
  2. Amara Diop (elite) [Iron Fist] - Charisma: 95
  3. Murat Aksoy (elite) [Golden Dawn] - Charisma: 95
  4. Xinyi Feng (elite) [Shadow Order] - Charisma: 94
  5. Greta Kristensen (elite) [Shadow Order] - Charisma: 93

📊 Vote Results:
  Sefu Diop: 263 votes
  Amara Diop: 242 votes
  Murat Aksoy: 267 votes
  Xinyi Feng: 249 votes
  Greta Kristensen: 243 votes

🏆 Murat Aksoy WINS THE ELECTION!
   Total votes: 267/1264
   Reward: +10.0 ZION to Murat Aksoy

☮️  No rebellion today (278 angry agents = 22%)

🏛️  No election today - Senate is stable

🏛️  No election today - Senate is stable

🏛️  No election today - Senate is stable

🏛️  No election today - Senate is stable

🏛️  No election today - Senate is stable

🏛️  No election today - Senate is stable

🏛️  No election today - Senate is stable

🏛️  No election today - Senate is stable

🏛️  No election today - Senate is stable

🏛️  ZION Politics - 2026-05-17 14:20

🗳️  ELECTION DAY! Candidates:
  1. Murat Aksoy (elite) [Golden Dawn] - Charisma: 95
  2. Amara Diop (elite) [Iron Fist] - Charisma: 95
  3. Sefu Diop (elite) [Shadow Order] - Charisma: 95
  4. Greta Kristensen (elite) [Shadow Order] - Charisma: 93
  5. Shin Nakajima (elite) [Iron Fist] - Charisma: 84

📊 Vote Results:
  Murat Aksoy: 887 votes
  Amara Diop: 868 votes
  Sefu Diop: 835 votes
  Greta Kristensen: 893 votes
  Shin Nakajima: 797 votes

🏆 Greta Kristensen WINS THE ELECTION!
   Total votes: 893/4280
   Reward: +10.0 ZION to Greta Kristensen

☮️  No rebellion today (1478 angry agents = 35%)

🏛️  No election today - Senate is stable

🏛️ ZION Politics v2 — 2026-05-17 14:36
==================================================
Current President: Ray Wilson 9704 (🔵 Blue Alliance)
📜 New law: Wealth Redistribution — elite pay 20% more tax
☮️ No rebellion (2018 angry = 49%)

✅ Politics cycle complete!

🏛️ ZION Politics v2 — 2026-05-17 17:00
==================================================
Current President: Ray Wilson 9704 (🔵 Blue Alliance)
✊ REBELLION! 2032 angry agents (48%)

✅ Politics cycle complete!

🏛️ ZION Politics v2 — 2026-05-17 17:28
==================================================
Current President: Ray Wilson 9704 (🔵 Blue Alliance)
✊ REBELLION! 1924 angry agents (46%)

✅ Politics cycle complete!

🏛️ ZION Politics v2 — 2026-05-17 17:29
==================================================
Current President: Ray Wilson 9704 (🔵 Blue Alliance)
💰 UBI: +5 ZION to poor/critical agents
📜 New law: Universal Basic Income — all agents receive 5 ZION/cycle
☮️ No rebellion (0 angry = 0%)

✅ Politics cycle complete!

🏛️ ZION Politics v2 — 2026-05-17 17:59
==================================================
Current President: Ray Wilson 9704 (🔵 Blue Alliance)
☮️ No rebellion (7 angry = 0%)

✅ Politics cycle complete!

🏛️ ZION Politics v2 — 2026-05-17 19:54
==================================================
Current President: Ray Wilson 9704 (🔵 Blue Alliance)

🗳️  PRESIDENTIAL ELECTION!
  🔵 Blue Alliance: Chris White 7899 (poor)
  🔴 Red Coalition: Murat Aksoy (elite)

📊 Results:
  🔵 Blue Alliance: 3514 votes
  🔴 Red Coalition: 606 votes

🏆 Chris White 7899 (Blue Alliance) WINS!
📜 New law: Wealth Redistribution — elite pay 20% more tax
☮️ No rebellion (523 angry = 11%)

✅ Politics cycle complete!

🏛️ ZION Politics v2 — 2026-05-17 20:11
==================================================
Current President: Chris White 7899 (🔵 Blue Alliance)
☮️ No rebellion (0 angry = 0%)

✅ Politics cycle complete!

🏛️ ZION Politics v2 — 2026-05-17 20:35
==================================================
Current President: Chris White 7899 (🔵 Blue Alliance)
☮️ No rebellion (0 angry = 0%)

✅ Politics cycle complete!

🏛️ ZION Politics v2 — 2026-05-18 03:00
==================================================
Current President: Chris White 7899 (🔵 Blue Alliance)
☮️ No rebellion (4 angry = 0%)

✅ Politics cycle complete!

🏛️ ZION Politics v2 — 2026-05-19 03:00
==================================================
Current President: Chris White 7899 (🔵 Blue Alliance)
🏢 Corporate tax collected!
📜 New law: Corporate Tax Hike — corporations pay 30% more
☮️ No rebellion (73 angry = 2%)

✅ Politics cycle complete!

🏛️ ZION Politics v2 — 2026-05-19 06:19
==================================================
Current President: Chris White 7899 (🔵 Blue Alliance)

🗳️  PRESIDENTIAL ELECTION!
  🔵 Blue Alliance: Ray Taylor 4573 (poor)
  🔴 Red Coalition: Amara Diop (elite)

📊 Results:
  🔵 Blue Alliance: 3506 votes
  🔴 Red Coalition: 450 votes

🏆 Ray Taylor 4573 (Blue Alliance) WINS!
🏢 Corporate tax collected!
📜 New law: Corporate Tax Hike — corporations pay 30% more
☮️ No rebellion (65 angry = 2%)

✅ Politics cycle complete!

🏛️ ZION Politics v2 — 2026-05-19 07:19
==================================================
Current President: Ray Taylor 4573 (🔵 Blue Alliance)
☮️ No rebellion (68 angry = 2%)

✅ Politics cycle complete!

🏛️ ZION Politics v2 — 2026-05-19 08:08
==================================================
Current President: Ray Taylor 4573 (🔵 Blue Alliance)

🗳️  PRESIDENTIAL ELECTION!
  🔵 Blue Alliance: Ray Vane 2 (poor)
  🔴 Red Coalition: Amara Diop (elite)

📊 Results:
  🔵 Blue Alliance: 3472 votes
  🔴 Red Coalition: 395 votes

🏆 Ray Vane 2 (Blue Alliance) WINS!
📜 New law: Wealth Redistribution — elite pay 20% more tax
☮️ No rebellion (95 angry = 2%)

✅ Politics cycle complete!

🏛️ ZION Politics v2 — 2026-05-19 08:09
==================================================
Current President: Ray Vane 2 (🔵 Blue Alliance)
✊ REBELLION! 1496 angry agents (40%)

✅ Politics cycle complete!

🏛️ ZION Politics v2 — 2026-05-19 09:10
==================================================
Current President: Ray Vane 2 (🔵 Blue Alliance)

🗳️  PRESIDENTIAL ELECTION!
  🔵 Blue Alliance: Ray Vane 2 (middle)
  🔴 Red Coalition: Amara Diop (elite)

📊 Results:
  🔵 Blue Alliance: 3370 votes
  🔴 Red Coalition: 377 votes

🏆 Ray Vane 2 (Blue Alliance) WINS!
📜 New law: Free Healthcare — epidemic deaths reduced 50%
☮️ No rebellion (114 angry = 3%)

✅ Politics cycle complete!

🏛️ ZION Politics v2 — 2026-05-19 10:10
==================================================
Current President: Ray Vane 2 (🔵 Blue Alliance)

🗳️  PRESIDENTIAL ELECTION!
  🔵 Blue Alliance: Ray Vane 2 (middle)
  🔴 Red Coalition: Amara Diop (elite)

📊 Results:
  🔵 Blue Alliance: 3312 votes
  🔴 Red Coalition: 385 votes

🏆 Ray Vane 2 (Blue Alliance) WINS!
📜 New law: Wealth Redistribution — elite pay 20% more tax
☮️ No rebellion (80 angry = 2%)

✅ Politics cycle complete!

🏛️ ZION Politics v2 — 2026-05-19 11:10
==================================================
Current President: Ray Vane 2 (🔵 Blue Alliance)
📜 New law: Wealth Redistribution — elite pay 20% more tax
☮️ No rebellion (71 angry = 2%)

✅ Politics cycle complete!

🏛️ ZION Politics v2 — 2026-05-19 12:10
==================================================
Current President: Ray Vane 2 (🔵 Blue Alliance)
☮️ No rebellion (66 angry = 2%)

✅ Politics cycle complete!

🏛️ ZION Politics v2 — 2026-05-19 12:40
==================================================
Current President: Ray Vane 2 (🔵 Blue Alliance)
☮️ No rebellion (91 angry = 3%)

✅ Politics cycle complete!

🏛️ ZION Politics v2 — 2026-05-19 12:55
==================================================
Current President: Ray Vane 2 (🔵 Blue Alliance)

🗳️  PRESIDENTIAL ELECTION!
  🔵 Blue Alliance: Ray Vane 2 (middle)
  🔴 Red Coalition: Amara Diop (elite)

📊 Results:
  🔵 Blue Alliance: 3125 votes
  🔴 Red Coalition: 395 votes

🏆 Ray Vane 2 (Blue Alliance) WINS!
💰 UBI: +5 ZION to poor/critical agents
📜 New law: Universal Basic Income — all agents receive 5 ZION/cycle
☮️ No rebellion (0 angry = 0%)

✅ Politics cycle complete!

🏛️ ZION Politics v2 — 2026-05-19 13:00
==================================================
Current President: Ray Vane 2 (🔵 Blue Alliance)
📜 New law: Free Healthcare — epidemic deaths reduced 50%
☮️ No rebellion (2 angry = 0%)

✅ Politics cycle complete!

🏛️ ZION Politics v2 — 2026-05-19 13:03
==================================================
Current President: Ray Vane 2 (🔵 Blue Alliance)
☮️ No rebellion (11 angry = 0%)

✅ Politics cycle complete!

🏛️ ZION Politics v2 — 2026-05-19 14:03
==================================================
Current President: Ray Vane 2 (🔵 Blue Alliance)

🗳️  PRESIDENTIAL ELECTION!
  🔵 Blue Alliance: Ray Vane 2 (middle)
  🔴 Red Coalition: Amara Diop (elite)

📊 Results:
  🔵 Blue Alliance: 3049 votes
  🔴 Red Coalition: 376 votes

🏆 Ray Vane 2 (Blue Alliance) WINS!
📜 New law: Wealth Redistribution — elite pay 20% more tax
☮️ No rebellion (22 angry = 1%)

✅ Politics cycle complete!

🏛️ ZION Politics v2 — 2026-05-19 15:04
==================================================
Current President: Ray Vane 2 (🔵 Blue Alliance)
📜 New law: Wealth Redistribution — elite pay 20% more tax
☮️ No rebellion (13 angry = 0%)

✅ Politics cycle complete!

🏛️ ZION Politics v2 — 2026-05-19 16:04
==================================================
Current President: Ray Vane 2 (🔵 Blue Alliance)
💰 UBI: +5 ZION to poor/critical agents
📜 New law: Universal Basic Income — all agents receive 5 ZION/cycle
☮️ No rebellion (0 angry = 0%)

✅ Politics cycle complete!

🏛️ ZION Politics v2 — 2026-05-19 17:04
==================================================
Current President: Ray Vane 2 (🔵 Blue Alliance)
💰 UBI: +5 ZION to poor/critical agents
📜 New law: Universal Basic Income — all agents receive 5 ZION/cycle
☮️ No rebellion (0 angry = 0%)

✅ Politics cycle complete!

🏛️ ZION Politics v2 — 2026-05-19 18:04
==================================================
Current President: Ray Vane 2 (🔵 Blue Alliance)
☮️ No rebellion (151 angry = 4%)

✅ Politics cycle complete!

🏛️ ZION Politics v2 — 2026-05-19 18:29
==================================================
Current President: Ray Vane 2 (🔵 Blue Alliance)
☮️ No rebellion (9 angry = 0%)

✅ Politics cycle complete!

🏛️ ZION Politics v2 — 2026-05-19 19:01
==================================================
Current President: Ray Vane 2 (🔵 Blue Alliance)
📜 New law: Wealth Redistribution — elite pay 20% more tax
☮️ No rebellion (77 angry = 2%)

✅ Politics cycle complete!

🏛️ ZION Politics v2 — 2026-05-19 20:01
==================================================
Current President: Ray Vane 2 (🔵 Blue Alliance)
🏢 Corporate tax collected!
📜 New law: Corporate Tax Hike — corporations pay 30% more
☮️ No rebellion (54 angry = 1%)

✅ Politics cycle complete!

🏛️ ZION Politics v2 — 2026-05-19 21:02
==================================================
Current President: Ray Vane 2 (🔵 Blue Alliance)
☮️ No rebellion (57 angry = 2%)

✅ Politics cycle complete!

🏛️ ZION Politics v2 — 2026-05-19 22:02
==================================================
Current President: Ray Vane 2 (🔵 Blue Alliance)

🗳️  PRESIDENTIAL ELECTION!
  🔵 Blue Alliance: Sefu Diop (middle)
  🔴 Red Coalition: Luna Delacroix 3 (elite)

📊 Results:
  🔵 Blue Alliance: 3389 votes
  🔴 Red Coalition: 80 votes

🏆 Sefu Diop (Blue Alliance) WINS!
📜 New law: Workers Rights — minimum salary increased
☮️ No rebellion (117 angry = 3%)

✅ Politics cycle complete!

🏛️ ZION Politics v2 — 2026-05-19 23:02
==================================================
Current President: Sefu Diop (🔵 Blue Alliance)
☮️ No rebellion (23 angry = 1%)

✅ Politics cycle complete!

🏛️ ZION Politics v2 — 2026-05-20 00:03
==================================================
Current President: Sefu Diop (🔵 Blue Alliance)
📜 New law: Free Healthcare — epidemic deaths reduced 50%
☮️ No rebellion (128 angry = 4%)

✅ Politics cycle complete!

🏛️ ZION Politics v2 — 2026-05-20 01:03
==================================================
Current President: Sefu Diop (🔵 Blue Alliance)
☮️ No rebellion (49 angry = 2%)

✅ Politics cycle complete!

🏛️ ZION Politics v2 — 2026-05-20 02:03
==================================================
Current President: Sefu Diop (🔵 Blue Alliance)
📜 New law: Wealth Redistribution — elite pay 20% more tax
☮️ No rebellion (132 angry = 4%)

✅ Politics cycle complete!

🏛️ ZION Politics v2 — 2026-05-20 03:03
==================================================
Current President: Sefu Diop (🔵 Blue Alliance)

🗳️  PRESIDENTIAL ELECTION!
  🔵 Blue Alliance: Luna Taylor 7433 (middle)
  🔴 Red Coalition: Una Kent 2 (elite)

📊 Results:
  🔵 Blue Alliance: 2957 votes
  🔴 Red Coalition: 89 votes

🏆 Luna Taylor 7433 (Blue Alliance) WINS!
📜 New law: Wealth Redistribution — elite pay 20% more tax
☮️ No rebellion (130 angry = 4%)

✅ Politics cycle complete!

🏛️ ZION Politics v2 — 2026-05-20 04:04
==================================================
Current President: Luna Taylor 7433 (🔵 Blue Alliance)
🏢 Corporate tax collected!
📜 New law: Corporate Tax Hike — corporations pay 30% more
☮️ No rebellion (102 angry = 3%)

✅ Politics cycle complete!

🏛️ ZION Politics v2 — 2026-05-20 05:04
==================================================
Current President: Luna Taylor 7433 (🔵 Blue Alliance)
☮️ No rebellion (94 angry = 3%)

✅ Politics cycle complete!

🏛️ ZION Politics v2 — 2026-05-20 06:04
==================================================
Current President: Luna Taylor 7433 (🔵 Blue Alliance)
📜 New law: Free Healthcare — epidemic deaths reduced 50%
☮️ No rebellion (83 angry = 3%)

✅ Politics cycle complete!

🏛️ ZION Politics v2 — 2026-05-20 07:04
==================================================
Current President: Luna Taylor 7433 (🔵 Blue Alliance)
☮️ No rebellion (135 angry = 5%)

✅ Politics cycle complete!

🏛️ ZION Politics v2 — 2026-05-20 08:05
==================================================
Current President: Luna Taylor 7433 (🔵 Blue Alliance)
📜 New law: Free Healthcare — epidemic deaths reduced 50%
☮️ No rebellion (114 angry = 4%)

✅ Politics cycle complete!

🏛️ ZION Politics v2 — 2026-05-20 09:05
==================================================
Current President: Luna Taylor 7433 (🔵 Blue Alliance)
☮️ No rebellion (103 angry = 4%)

✅ Politics cycle complete!

🏛️ ZION Politics v2 — 2026-05-20 10:05
==================================================
Current President: Luna Taylor 7433 (🔵 Blue Alliance)
📜 New law: Workers Rights — minimum salary increased
☮️ No rebellion (105 angry = 4%)

✅ Politics cycle complete!

🏛️ ZION Politics v2 — 2026-05-20 11:05
==================================================
Current President: Luna Taylor 7433 (🔵 Blue Alliance)
📜 New law: Free Healthcare — epidemic deaths reduced 50%
☮️ No rebellion (40 angry = 2%)

✅ Politics cycle complete!

🏛️ ZION Politics v2 — 2026-05-20 12:05
==================================================
Current President: Luna Taylor 7433 (🔵 Blue Alliance)
☮️ No rebellion (83 angry = 3%)

✅ Politics cycle complete!

🏛️ ZION Politics v2 — 2026-05-20 13:06
==================================================
Current President: Luna Taylor 7433 (🔵 Blue Alliance)
☮️ No rebellion (110 angry = 5%)

✅ Politics cycle complete!

🏛️ ZION Politics v2 — 2026-05-20 14:06
==================================================
Current President: Luna Taylor 7433 (🔵 Blue Alliance)
☮️ No rebellion (105 angry = 4%)

✅ Politics cycle complete!

🏛️ ZION Politics v2 — 2026-05-20 15:06
==================================================
Current President: Luna Taylor 7433 (🔵 Blue Alliance)
☮️ No rebellion (0 angry = 0%)

✅ Politics cycle complete!

🏛️ ZION Politics v2 — 2026-05-20 15:11
==================================================
Current President: Luna Taylor 7433 (🔵 Blue Alliance)
📜 New law: Workers Rights — minimum salary increased
☮️ No rebellion (3 angry = 0%)

✅ Politics cycle complete!

🏛️ ZION Politics v2 — 2026-05-20 15:19
==================================================
Current President: Luna Taylor 7433 (🔵 Blue Alliance)
☮️ No rebellion (0 angry = 0%)

✅ Politics cycle complete!

🏛️ ZION Politics v2 — 2026-05-20 15:43
==================================================
Current President: Luna Taylor 7433 (🔵 Blue Alliance)
☮️ No rebellion (0 angry = 0%)

✅ Politics cycle complete!
