
🚔 ZION Police — 2026-05-17 14:18
==================================================
🚔 Arrested Werner Zephyr — fine 0.1 ZION
🚔 Arrested Hector Defoe — fine 0.1 ZION
🚔 Arrested Wolfgang Yarborough — fine 0.2 ZION
Tax evaders arrested: 3
🚔 Raided clan Golden Dawn — 357.1 ZION confiscated
🛡️ Aid to Riley Smith 6253: +5.0 ZION
🛡️ Aid to Kai Jackson 5663: +5.0 ZION
🛡️ Aid to Jordan Smith 7038: +5.0 ZION
🛡️ Aid to Chris Jones 3372: +5.0 ZION
🛡️ Aid to Chris Clark 5568: +5.0 ZION
⚖️ Busted Murat Aksoy for corruption — 168.9 ZION

✅ Police cycle complete! Alive agents: 5182

🚔 ZION Police — 2026-05-17 14:20
==================================================
🚔 Arrested Valerian Ormond — fine 0.1 ZION
🚔 Arrested Gideon Ashford — fine 0.2 ZION
🚔 Arrested Valerian Clayborne — fine 0.1 ZION
Tax evaders arrested: 3
🚔 Raided clan Shadow Order — 71.2 ZION confiscated
🛡️ Aid to Ray Thomas 1935: +5.0 ZION
🛡️ Aid to Pat Miller 4309: +5.0 ZION
🛡️ Aid to Luna Garcia 702: +5.0 ZION
🛡️ Aid to Jordan Davis 9768: +5.0 ZION
🛡️ Aid to Sidney Anderson 4551: +5.0 ZION

✅ Police cycle complete! Alive agents: 4280

🚔 ZION Police — 2026-05-17 14:25
==================================================
🚔 Arrested Magnus Noctis — fine 0.1 ZION
🚔 Arrested Morgan Robinson 5936 — fine 0.1 ZION
🚔 Arrested Ignatius Ashford — fine 0.1 ZION
Tax evaders arrested: 3
🚔 Raided clan Shadow Order — 70.2 ZION confiscated
🛡️ Aid to Jamie Wilson 7663: +5.0 ZION
🛡️ Aid to Luna Clark 5885: +5.0 ZION
🛡️ Aid to Leo Clark 964: +5.0 ZION
🛡️ Aid to Jordan Wilson 5695: +5.0 ZION
🛡️ Aid to Chris Clark 4321: +5.0 ZION
⚖️ Busted Murat Aksoy for corruption — 127.9 ZION

✅ Police cycle complete! Alive agents: 4200
