🔄 Polymarket sync — 2026-05-18 21:25
  Fetched 100 total...
  Fetched 200 total...
  Fetched 300 total...
  Good markets: 205/300

✅ Synced 150 markets
  events          60
  sports          42
  politics        28
  crypto          24
  finance         14
  tech            8
  geopolitics     3
  culture         1
  TOTAL           180
🔄 Polymarket sync — 2026-05-18 23:25
  Fetched 100 total...
  Fetched 200 total...
  Fetched 300 total...
  Good markets: 199/300

✅ Synced 150 markets
  events          65
  sports          52
  politics        31
  crypto          25
  finance         14
  tech            9
  geopolitics     3
  culture         1
  TOTAL           200
🔄 Polymarket sync — 2026-05-19 01:25
  Fetched 100 total...
  Fetched 200 total...
  Fetched 300 total...
  Good markets: 195/300

✅ Synced 150 markets
  events          55
  sports          47
  crypto          30
  politics        29
  finance         14
  tech            11
  geopolitics     3
  culture         1
  TOTAL           190
🔄 Polymarket sync — 2026-05-19 03:25
  Fetched 100 total...
  Fetched 200 total...
  Fetched 300 total...
  Good markets: 201/300

✅ Synced 150 markets
  events          52
  sports          46
  crypto          31
  politics        27
  finance         19
  tech            13
  geopolitics     3
  TOTAL           191
🔄 Polymarket sync — 2026-05-19 05:25
  Fetched 100 total...
  Fetched 200 total...
  Fetched 300 total...
  Good markets: 207/300

✅ Synced 150 markets
  events          51
  sports          45
  crypto          33
  politics        30
  finance         18
  tech            14
  geopolitics     3
  TOTAL           194
🔄 Polymarket sync — 2026-05-19 06:06
  Fetched 100 total...
  Fetched 200 total...
  Fetched 300 total...
  Good markets: 205/300

✅ Synced 150 markets
  events          56
  sports          50
  crypto          35
  politics        30
  finance         21
  tech            15
  geopolitics     3
  TOTAL           210
🔄 Polymarket sync — 2026-05-19 06:19
  Fetched 100 total...
  Fetched 200 total...
  Fetched 300 total...
  Good markets: 201/300

✅ Synced 150 markets
  events          58
  sports          50
  crypto          35
  politics        31
  finance         21
  tech            15
  geopolitics     3
  TOTAL           213
🔄 Polymarket sync — 2026-05-19 08:08
  Fetched 100 active, 50 closed

✅ Synced 32 active markets, 50 closed/settled rows
  sports          67
  events          53
  politics        31
  crypto          29
  finance         17
  tech            13
  culture         7
  geopolitics     4
  TOTAL active    221
🔄 Polymarket sync — 2026-05-19 08:10
  Fetched 100 active, 50 closed

✅ Synced 32 active markets, 50 closed/settled rows
  sports          67
  events          53
  politics        31
  crypto          29
  finance         17
  tech            13
  culture         7
  geopolitics     4
  TOTAL active    221
