
🏛️ ZION President System — 2026-05-17 17:00
==================================================
President: Murat Aksoy | Term: 1 | Approval: 68% | Dictator: False
💰 Tax collected: 38.6 ZION
📊 Approval rating: 68 → 75

✅ President cycle complete!

🏛️ ZION President v2 — 2026-05-17 17:28
==================================================
President: Murat Aksoy | Day 3 | Phase: ruling | Approval: 75% | Dictator: False
💰 Tax: 58.8 ZION
📊 Approval: 75 → 82

✅ President cycle complete!

🏛️ ZION President v2 — 2026-05-17 17:29
==================================================
President: Murat Aksoy | Day 4 | Phase: ruling | Approval: 82% | Dictator: False
💰 Tax: 108.3 ZION
📊 Approval: 82 → 94

✅ President cycle complete!

🏛️ ZION President v2 — 2026-05-17 17:59
==================================================
President: Murat Aksoy | Day 5 | Phase: ruling | Approval: 94% | Dictator: False
💰 Tax: 127.0 ZION
📊 Approval: 94 → 100

✅ President cycle complete!

🏛️ ZION President v2 — 2026-05-17 19:55
==================================================
President: Murat Aksoy | Day 6 | Phase: ruling | Approval: 100% | Dictator: False

📣 CAMPAIGN PHASE — Day 6
📣 Murat Aksoy campaigns: spent 100 ZION, approval +9%

✅ President cycle complete!

🏛️ ZION President v2 — 2026-05-17 20:11
==================================================
President: Murat Aksoy | Day 6 | Phase: campaign | Approval: 100% | Dictator: False

📣 CAMPAIGN PHASE — Day 6
📣 Murat Aksoy campaigns: spent 100 ZION, approval +3%

✅ President cycle complete!

🏛️ ZION President v2 — 2026-05-17 20:35
==================================================
President: Murat Aksoy | Day 6 | Phase: campaign | Approval: 100% | Dictator: False

📣 CAMPAIGN PHASE — Day 6
📣 Murat Aksoy campaigns: spent 92 ZION, approval +7%

✅ President cycle complete!
