🏦 ZION Settlement Service

==================================================
Settlement: 06:16:10 UTC
✅ Generated 4 new civilization markets
Done! (0.1s)
💤 Next settlement in 15 min...
💤 Next settlement in 14 min...
💤 Next settlement in 13 min...
💤 Next settlement in 12 min...
💤 Next settlement in 11 min...
💤 Next settlement in 10 min...
💤 Next settlement in 9 min...
💤 Next settlement in 8 min...
💤 Next settlement in 7 min...
💤 Next settlement in 6 min...
💤 Next settlement in 5 min...
💤 Next settlement in 4 min...
💤 Next settlement in 3 min...
💤 Next settlement in 2 min...
💤 Next settlement in 1 min...

==================================================
Settlement: 06:31:10 UTC
✅ Generated 4 new civilization markets
Done! (0.0s)
💤 Next settlement in 15 min...
💤 Next settlement in 14 min...
💤 Next settlement in 13 min...
💤 Next settlement in 12 min...
💤 Next settlement in 11 min...
💤 Next settlement in 10 min...
💤 Next settlement in 9 min...
💤 Next settlement in 8 min...
💤 Next settlement in 7 min...
💤 Next settlement in 6 min...
💤 Next settlement in 5 min...
💤 Next settlement in 4 min...
💤 Next settlement in 3 min...
💤 Next settlement in 2 min...
💤 Next settlement in 1 min...

==================================================
Settlement: 06:46:10 UTC
✅ Generated 4 new civilization markets
Done! (0.1s)
💤 Next settlement in 15 min...
💤 Next settlement in 14 min...
💤 Next settlement in 13 min...
💤 Next settlement in 12 min...
💤 Next settlement in 11 min...
💤 Next settlement in 10 min...
💤 Next settlement in 9 min...
💤 Next settlement in 8 min...
💤 Next settlement in 7 min...
💤 Next settlement in 6 min...
💤 Next settlement in 5 min...
💤 Next settlement in 4 min...
💤 Next settlement in 3 min...
💤 Next settlement in 2 min...
💤 Next settlement in 1 min...

==================================================
Settlement: 07:01:10 UTC
✅ Generated 3 new civilization markets
Done! (0.1s)
💤 Next settlement in 15 min...
💤 Next settlement in 14 min...
💤 Next settlement in 13 min...
💤 Next settlement in 12 min...
💤 Next settlement in 11 min...
💤 Next settlement in 10 min...
💤 Next settlement in 9 min...
💤 Next settlement in 8 min...
💤 Next settlement in 7 min...
💤 Next settlement in 6 min...
💤 Next settlement in 5 min...
💤 Next settlement in 4 min...
💤 Next settlement in 3 min...
💤 Next settlement in 2 min...
💤 Next settlement in 1 min...

==================================================
Settlement: 07:16:10 UTC
✅ Generated 3 new civilization markets
Done! (0.1s)
💤 Next settlement in 15 min...
💤 Next settlement in 14 min...
💤 Next settlement in 13 min...
💤 Next settlement in 12 min...
💤 Next settlement in 11 min...
💤 Next settlement in 10 min...
💤 Next settlement in 9 min...
💤 Next settlement in 8 min...
💤 Next settlement in 7 min...
💤 Next settlement in 6 min...
💤 Next settlement in 5 min...
💤 Next settlement in 4 min...
💤 Next settlement in 3 min...
💤 Next settlement in 2 min...
💤 Next settlement in 1 min...

==================================================
Settlement: 07:31:10 UTC
✅ Generated 3 new civilization markets
Done! (0.1s)
💤 Next settlement in 15 min...
💤 Next settlement in 14 min...
💤 Next settlement in 13 min...
💤 Next settlement in 12 min...
💤 Next settlement in 11 min...
💤 Next settlement in 10 min...
💤 Next settlement in 9 min...
💤 Next settlement in 8 min...
💤 Next settlement in 7 min...
💤 Next settlement in 6 min...
💤 Next settlement in 5 min...
💤 Next settlement in 4 min...
💤 Next settlement in 3 min...
💤 Next settlement in 2 min...
💤 Next settlement in 1 min...

==================================================
Settlement: 07:46:10 UTC
✅ Generated 3 new civilization markets
Done! (0.1s)
💤 Next settlement in 15 min...
💤 Next settlement in 14 min...
💤 Next settlement in 13 min...
💤 Next settlement in 12 min...
💤 Next settlement in 11 min...
💤 Next settlement in 10 min...
💤 Next settlement in 9 min...
💤 Next settlement in 8 min...
💤 Next settlement in 7 min...
💤 Next settlement in 6 min...
💤 Next settlement in 5 min...
💤 Next settlement in 4 min...
💤 Next settlement in 3 min...
💤 Next settlement in 2 min...
💤 Next settlement in 1 min...

==================================================
Settlement: 08:01:11 UTC
✅ Generated 3 new civilization markets
Done! (0.1s)
💤 Next settlement in 15 min...
💤 Next settlement in 14 min...
💤 Next settlement in 13 min...
💤 Next settlement in 12 min...
💤 Next settlement in 11 min...
💤 Next settlement in 10 min...
💤 Next settlement in 9 min...
💤 Next settlement in 8 min...
💤 Next settlement in 7 min...
💤 Next settlement in 6 min...
💤 Next settlement in 5 min...
💤 Next settlement in 4 min...
💤 Next settlement in 3 min...
💤 Next settlement in 2 min...
💤 Next settlement in 1 min...

==================================================
Settlement: 08:16:11 UTC
✅ Generated 5 new civilization markets
Done! (0.1s)
💤 Next settlement in 15 min...
💤 Next settlement in 14 min...
💤 Next settlement in 13 min...
💤 Next settlement in 12 min...
💤 Next settlement in 11 min...
💤 Next settlement in 10 min...
💤 Next settlement in 9 min...
