
ZION Sheriff System — 2026-05-17 20:11
==================================================
Sheriff: Sefu Diop | Type: junta | Approval: 60% | Day: 0 | Term: 1
Corporate protection fees: +284 ZION
Junta sheriff biding time
Sheriff approval: 60 -> 55

Sheriff cycle complete!

ZION Sheriff System — 2026-05-17 20:35
==================================================
Sheriff: Sefu Diop | Type: junta | Approval: 55% | Day: 1 | Term: 1
Corporate protection fees: +275 ZION
Junta sheriff biding time
Sheriff approval: 55 -> 50

Sheriff cycle complete!

ZION Sheriff System — 2026-05-18 06:41
==================================================
No active sheriff — calling election!

SHERIFF ELECTION (regular election)!
Corporate election bribes: 17 ZION
Sheriff elected: Murat Aksoy (junta) — 1205/4254 votes

ZION Sheriff System — 2026-05-18 06:49
==================================================
Sheriff: Murat Aksoy | Type: junta | Approval: 60% | Day: 0 | Term: 1
Corporate protection fees: +332 ZION
⚔️ Junta: +10 officers hired
⚔️ Junta seized 476 from Shadow Order
Junta sheriff biding time
Sheriff approval: 60 -> 55

Sheriff cycle complete!

ZION Sheriff System — 2026-05-18 06:53
==================================================
Sheriff: Murat Aksoy | Type: junta | Approval: 25% | Day: 1 | Term: 1
Corporate protection fees: +455 ZION
⚔️ Junta: +14 officers hired
⚔️ Junta seized 2043 from Iron Fist
Junta coup attempt failed
Sheriff approval: 25 -> 17

Sheriff cycle complete!

ZION Sheriff System — 2026-05-18 06:56
==================================================
Sheriff: Murat Aksoy | Type: junta | Approval: 17% | Day: 2 | Term: 1
Corporate protection fees: +449 ZION
⚔️ Junta: +5 officers hired
⚔️ Junta seized 140 from Crimson Legion
Junta coup attempt failed
Sheriff approval: 17 -> 9

Sheriff cycle complete!

ZION Sheriff System — 2026-05-18 11:19
==================================================
Sheriff: Amara Diop | Type: corrupt | Approval: 0% | Day: 3 | Term: 1
Corporate protection fees: +219 ZION
Corrupt sheriff: 196 ZION in bribes
Sheriff approval: 0 -> 0

Sheriff cycle complete!

ZION Sheriff System — 2026-05-18 11:38
==================================================
Sheriff: Amara Diop | Type: corrupt | Approval: 0% | Day: 4 | Term: 1
Corporate protection fees: +234 ZION
Corrupt sheriff: 49 ZION in bribes
Sheriff approval: 0 -> 0

Sheriff cycle complete!

ZION Sheriff System — 2026-05-18 14:00
==================================================
Sheriff: Amara Diop | Type: honest | Approval: 70% | Day: 2 | Term: 1
Corporate protection fees: +225 ZION
Honest sheriff: 0 ZION in fines collected
Sheriff approval: 70 -> 77

Sheriff cycle complete!

ZION Sheriff System — 2026-05-18 15:39
==================================================
Sheriff: Amara Diop | Type: honest | Approval: 77% | Day: 3 | Term: 1
Corporate protection fees: +238 ZION
Honest sheriff: 0 ZION in fines collected
Sheriff approval: 77 -> 88

Sheriff cycle complete!

ZION Sheriff System — 2026-05-18 17:25
==================================================
Sheriff: Amara Diop | Type: honest | Approval: 88% | Day: 4 | Term: 1
Corporate protection fees: +292 ZION
Honest sheriff: 0 ZION in fines collected
Sheriff approval: 88 -> 98

Sheriff cycle complete!

ZION Sheriff System — 2026-05-18 21:25
==================================================
Sheriff: Amara Diop | Type: honest | Approval: 98% | Day: 5 | Term: 1
Corporate protection fees: +286 ZION
Honest sheriff: 0 ZION in fines collected
Sheriff approval: 98 -> 100

Sheriff cycle complete!

ZION Sheriff System — 2026-05-18 22:25
==================================================
Sheriff: Amara Diop | Type: honest | Approval: 100% | Day: 6 | Term: 1
Corporate protection fees: +323 ZION
Honest sheriff: 0 ZION in fines collected
Sheriff approval: 100 -> 100

Sheriff cycle complete!

ZION Sheriff System — 2026-05-18 23:25
==================================================
Sheriff: Amara Diop | Type: honest | Approval: 100% | Day: 7 | Term: 1
Corporate protection fees: +328 ZION
Honest sheriff: 0 ZION in fines collected
Sheriff approval: 100 -> 100

Sheriff cycle complete!

ZION Sheriff System — 2026-05-19 00:26
==================================================
Sheriff: Amara Diop | Type: honest | Approval: 100% | Day: 8 | Term: 1
Corporate protection fees: +333 ZION
Honest sheriff: 0 ZION in fines collected
Sheriff approval: 100 -> 100

Sheriff cycle complete!

ZION Sheriff System — 2026-05-19 01:26
==================================================
Sheriff: Amara Diop | Type: honest | Approval: 100% | Day: 9 | Term: 1
Corporate protection fees: +320 ZION
Honest sheriff: 0 ZION in fines collected
Sheriff approval: 100 -> 100

Sheriff cycle complete!

ZION Sheriff System — 2026-05-19 02:26
==================================================
Sheriff: Amara Diop | Type: honest | Approval: 100% | Day: 10 | Term: 1
Corporate protection fees: +379 ZION
Honest sheriff: 0 ZION in fines collected
Sheriff approval: 100 -> 100
Sheriff Amara Diop re-elected for term 2

Sheriff cycle complete!

ZION Sheriff System — 2026-05-19 03:27
==================================================
Sheriff: Amara Diop | Type: honest | Approval: 100% | Day: 0 | Term: 2
Corporate protection fees: +303 ZION
Honest sheriff: 0 ZION in fines collected
Sheriff approval: 100 -> 100

Sheriff cycle complete!

ZION Sheriff System — 2026-05-19 04:27
==================================================
Sheriff: Amara Diop | Type: honest | Approval: 100% | Day: 1 | Term: 2
Corporate protection fees: +335 ZION
Honest sheriff: 0 ZION in fines collected
Sheriff approval: 100 -> 100

Sheriff cycle complete!

ZION Sheriff System — 2026-05-19 05:27
==================================================
Sheriff: Amara Diop | Type: honest | Approval: 100% | Day: 2 | Term: 2
Corporate protection fees: +381 ZION
Honest sheriff: 0 ZION in fines collected
Sheriff approval: 100 -> 100

Sheriff cycle complete!

ZION Sheriff System — 2026-05-19 06:06
==================================================
Sheriff: Amara Diop | Type: honest | Approval: 100% | Day: 3 | Term: 2
Corporate protection fees: +478 ZION
Honest sheriff: 0 ZION in fines collected
Sheriff approval: 100 -> 100

Sheriff cycle complete!

ZION Sheriff System — 2026-05-19 06:19
==================================================
Sheriff: Amara Diop | Type: honest | Approval: 100% | Day: 4 | Term: 2
Corporate protection fees: +348 ZION
Honest sheriff: 0 ZION in fines collected
Sheriff approval: 100 -> 100

Sheriff cycle complete!

ZION Sheriff System — 2026-05-19 07:19
==================================================
Sheriff: Amara Diop | Type: honest | Approval: 100% | Day: 5 | Term: 2
Corporate protection fees: +376 ZION
Honest sheriff: 0 ZION in fines collected
Sheriff approval: 100 -> 100

Sheriff cycle complete!

ZION Sheriff System — 2026-05-19 08:08
==================================================
Sheriff: Amara Diop | Type: honest | Approval: 100% | Day: 6 | Term: 2
Corporate protection fees: +473 ZION
Honest sheriff: 0 ZION in fines collected
Sheriff approval: 100 -> 100

Sheriff cycle complete!

ZION Sheriff System — 2026-05-19 08:10
==================================================
Sheriff: Amara Diop | Type: honest | Approval: 100% | Day: 7 | Term: 2
Corporate protection fees: +544 ZION
Honest sheriff: 2 ZION in fines collected
Sheriff approval: 100 -> 100

Sheriff cycle complete!

ZION Sheriff System — 2026-05-19 09:10
==================================================
Sheriff: Amara Diop | Type: honest | Approval: 100% | Day: 8 | Term: 2
Corporate protection fees: +593 ZION
Honest sheriff: 0 ZION in fines collected
Sheriff approval: 100 -> 100

Sheriff cycle complete!

ZION Sheriff System — 2026-05-19 10:10
==================================================
Sheriff: Amara Diop | Type: honest | Approval: 100% | Day: 9 | Term: 2
Corporate protection fees: +610 ZION
Honest sheriff: 0 ZION in fines collected
Sheriff approval: 100 -> 100

Sheriff cycle complete!

ZION Sheriff System — 2026-05-19 11:10
==================================================
Sheriff: Amara Diop | Type: honest | Approval: 100% | Day: 10 | Term: 2
Corporate protection fees: +641 ZION
Honest sheriff: 0 ZION in fines collected
Sheriff approval: 100 -> 100
Sheriff Amara Diop stepped down after 2 terms

SHERIFF ELECTION (regular election)!
Corporate election bribes: 561 ZION
Sheriff elected: Amara Diop (corrupt) — 1307/3631 votes

Sheriff cycle complete!

ZION Sheriff System — 2026-05-19 12:10
==================================================
Sheriff: Amara Diop | Type: corrupt | Approval: 60% | Day: 0 | Term: 1
Corporate protection fees: +638 ZION
Corrupt sheriff: 1742 ZION in bribes
Sheriff approval: 60 -> 43

Sheriff cycle complete!

ZION Sheriff System — 2026-05-19 12:40
==================================================
Sheriff: Amara Diop | Type: corrupt | Approval: 43% | Day: 1 | Term: 1
Corporate protection fees: +724 ZION
Corrupt sheriff: 647 ZION in bribes
Sheriff approval: 43 -> 32

Sheriff cycle complete!

ZION Sheriff System — 2026-05-19 12:55
==================================================
Sheriff: Amara Diop | Type: corrupt | Approval: 32% | Day: 2 | Term: 1
Corporate protection fees: +744 ZION
Corrupt sheriff: 197 ZION in bribes
Sheriff approval: 32 -> 19

Sheriff cycle complete!

ZION Sheriff System — 2026-05-19 13:00
==================================================
Sheriff: Amara Diop | Type: corrupt | Approval: 19% | Day: 3 | Term: 1
Corporate protection fees: +777 ZION
Corrupt sheriff: 517 ZION in bribes
Sheriff approval: 19 -> 0

Sheriff cycle complete!

ZION Sheriff System — 2026-05-19 13:03
==================================================
Sheriff: Amara Diop | Type: corrupt | Approval: 0% | Day: 4 | Term: 1

SHERIFF ELECTION (forced early election)!
Corporate election bribes: 535 ZION
Sheriff elected: Sefu Diop (honest) — 1243/3462 votes

ZION Sheriff System — 2026-05-19 14:03
==================================================
Sheriff: Sefu Diop | Type: honest | Approval: 60% | Day: 0 | Term: 1
Corporate protection fees: +828 ZION
Honest sheriff: 0 ZION in fines collected
Sheriff approval: 60 -> 66

Sheriff cycle complete!

ZION Sheriff System — 2026-05-19 15:04
==================================================
Sheriff: Sefu Diop | Type: honest | Approval: 66% | Day: 1 | Term: 1
Corporate protection fees: +805 ZION
Honest sheriff: 0 ZION in fines collected
Sheriff approval: 66 -> 77

Sheriff cycle complete!

ZION Sheriff System — 2026-05-19 16:04
==================================================
Sheriff: Sefu Diop | Type: honest | Approval: 77% | Day: 2 | Term: 1
Corporate protection fees: +896 ZION
Honest sheriff: 0 ZION in fines collected
Sheriff approval: 77 -> 89

Sheriff cycle complete!

ZION Sheriff System — 2026-05-19 17:04
==================================================
Sheriff: Sefu Diop | Type: honest | Approval: 89% | Day: 3 | Term: 1
Corporate protection fees: +919 ZION
Honest sheriff: 1 ZION in fines collected
Sheriff approval: 89 -> 97

Sheriff cycle complete!

ZION Sheriff System — 2026-05-19 18:04
==================================================
Sheriff: Sefu Diop | Type: honest | Approval: 97% | Day: 4 | Term: 1
Corporate protection fees: +980 ZION
Honest sheriff: 0 ZION in fines collected
Sheriff approval: 97 -> 100

Sheriff cycle complete!

ZION Sheriff System — 2026-05-19 18:29
==================================================
No active sheriff — calling election!

SHERIFF ELECTION (regular election)!
Corporate election bribes: 213 ZION
Sheriff elected: Amara Diop (corrupt) — 1291/3603 votes

ZION Sheriff System — 2026-05-19 19:01
==================================================
No active sheriff — calling election!

SHERIFF ELECTION (regular election)!
Corporate election bribes: 493 ZION
Sheriff elected: Greta Kristensen (corrupt) — 2074/3607 votes

ZION Sheriff System — 2026-05-19 20:01
==================================================
No active sheriff — calling election!

SHERIFF ELECTION (regular election)!
Corporate election bribes: 191 ZION
Sheriff elected: Shin Nakajima (corrupt) — 1116/3650 votes

ZION Sheriff System — 2026-05-19 21:02
==================================================
No active sheriff — calling election!

SHERIFF ELECTION (regular election)!
Corporate election bribes: 275 ZION
Sheriff elected: Pat Ives 2 (corrupt) — 701/3546 votes

ZION Sheriff System — 2026-05-19 22:02
==================================================
No active sheriff — calling election!

SHERIFF ELECTION (regular election)!
Corporate election bribes: 430 ZION
Sheriff elected: Luna Taylor 7433 (junta) — 679/3469 votes

ZION Sheriff System — 2026-05-19 23:02
==================================================
No active sheriff — calling election!

SHERIFF ELECTION (regular election)!
Corporate election bribes: 308 ZION
Sheriff elected: Zoe Martinez 5870 (honest) — 622/3339 votes

ZION Sheriff System — 2026-05-20 00:03
==================================================
No active sheriff — calling election!

SHERIFF ELECTION (regular election)!
Corporate election bribes: 275 ZION
Sheriff elected: Joy Munn 2 (junta) — 624/3307 votes

ZION Sheriff System — 2026-05-20 01:03
==================================================
No active sheriff — calling election!

SHERIFF ELECTION (regular election)!
Corporate election bribes: 114 ZION
Sheriff elected: Jin Clark 4603 (honest) — 578/3168 votes

ZION Sheriff System — 2026-05-20 02:03
==================================================
No active sheriff — calling election!

SHERIFF ELECTION (regular election)!
Corporate election bribes: 213 ZION
Sheriff elected: Kay Field 2 (honest) — 593/3115 votes

ZION Sheriff System — 2026-05-20 03:03
==================================================
No active sheriff — calling election!

SHERIFF ELECTION (regular election)!
Corporate election bribes: 177 ZION
Sheriff elected: Flynn Weber 2 (honest) — 564/3046 votes

ZION Sheriff System — 2026-05-20 04:04
==================================================
No active sheriff — calling election!

SHERIFF ELECTION (regular election)!
Corporate election bribes: 71 ZION
Sheriff elected: Cay Sage 2 (honest) — 539/2940 votes

ZION Sheriff System — 2026-05-20 05:04
==================================================
No active sheriff — calling election!

SHERIFF ELECTION (regular election)!
Corporate election bribes: 209 ZION
Sheriff elected: Viv Fenn 2 (honest) — 517/2839 votes

ZION Sheriff System — 2026-05-20 06:04
==================================================
No active sheriff — calling election!

SHERIFF ELECTION (regular election)!
Corporate election bribes: 55 ZION
Sheriff elected: Ash Oaks 2 (corrupt) — 516/2736 votes

ZION Sheriff System — 2026-05-20 07:04
==================================================
No active sheriff — calling election!

SHERIFF ELECTION (regular election)!
Corporate election bribes: 88 ZION
Sheriff elected: Riley Miller 2805 (honest) — 475/2677 votes

ZION Sheriff System — 2026-05-20 08:05
==================================================
No active sheriff — calling election!

SHERIFF ELECTION (regular election)!
Corporate election bribes: 154 ZION
Sheriff elected: Max Burns 2 (corrupt) — 485/2671 votes

ZION Sheriff System — 2026-05-20 09:05
==================================================
No active sheriff — calling election!

SHERIFF ELECTION (regular election)!
Corporate election bribes: 68 ZION
Sheriff elected: Ash Abel (corrupt) — 460/2592 votes

ZION Sheriff System — 2026-05-20 10:05
==================================================
No active sheriff — calling election!

SHERIFF ELECTION (regular election)!
Corporate election bribes: 79 ZION
Sheriff elected: Maya Ueda 2 (honest) — 470/2552 votes

ZION Sheriff System — 2026-05-20 11:05
==================================================
No active sheriff — calling election!

SHERIFF ELECTION (regular election)!
Corporate election bribes: 59 ZION
Sheriff elected: Dana Bernardo 4 (honest) — 469/2505 votes

ZION Sheriff System — 2026-05-20 12:06
==================================================
No active sheriff — calling election!

SHERIFF ELECTION (regular election)!
Corporate election bribes: 163 ZION
Sheriff elected: Bea Abel 3 (honest) — 459/2465 votes

ZION Sheriff System — 2026-05-20 13:06
==================================================
No active sheriff — calling election!

SHERIFF ELECTION (regular election)!
Corporate election bribes: 50 ZION
Sheriff elected: Sam Dunn 3 (junta) — 437/2416 votes

ZION Sheriff System — 2026-05-20 14:06
==================================================
No active sheriff — calling election!

SHERIFF ELECTION (regular election)!
Corporate election bribes: 87 ZION
Sheriff elected: Nova Garcia 6893 (honest) — 453/2346 votes

ZION Sheriff System — 2026-05-20 15:06
==================================================
No active sheriff — calling election!

SHERIFF ELECTION (regular election)!
Corporate election bribes: 987787 ZION
Sheriff elected: Nan Gore 2 (honest) — 418/2239 votes

ZION Sheriff System — 2026-05-20 15:11
==================================================
Sheriff: Nan Gore 2 | Type: honest | Approval: 60% | Day: 0 | Term: 1
Corporate protection fees: +1143219 ZION
Honest sheriff: 30 ZION in fines collected
Sheriff approval: 60 -> 65

Sheriff cycle complete!

ZION Sheriff System — 2026-05-20 15:19
==================================================
Sheriff: Nan Gore 2 | Type: honest | Approval: 65% | Day: 1 | Term: 1
Corporate protection fees: +115841 ZION
Honest sheriff: 30 ZION in fines collected
Sheriff approval: 65 -> 76

Sheriff cycle complete!
