
🐋 ZION Walrus Integration — 2026-05-18 15:39
==================================================
✅ Snapshot stored on Walrus!
   Blob ID: Jums-DnOT9RahmdzD_IkeNGazPYSvM_e7azmGZeh33w
   Sui Object: 0x25041f3f643abbc75293d20b5cc9f2d180c7dbc1e00916cf9a93a0193a30ba5e
   View: https://aggregator.walrus-testnet.walrus.space/v1/blobs/Jums-DnOT9RahmdzD_IkeNGazPYSvM_e7azmGZeh33w

📊 Recent Walrus blobs (2):
  civilization_snapshot: Jums-DnOT9RahmdzD_Ik... (15:39)
  civilization_snapshot: 7V0-xPlt0cVlHPKDfGgf... (15:35)

✅ Walrus cycle complete!

🐋 ZION Walrus Integration — 2026-05-18 17:25
==================================================
✅ Snapshot stored on Walrus!
   Blob ID: m-dAABzRUTkS8Kl6kpNLTtjLuwF3FcK1EbDAIAiCGUE
   Sui Object: 0x542f78c5ea15a02e22b1589cb5246ca6833b1de1f0bd35f42bc3d5b0e52d0918
   View: https://aggregator.walrus-testnet.walrus.space/v1/blobs/m-dAABzRUTkS8Kl6kpNLTtjLuwF3FcK1EbDAIAiCGUE

📊 Recent Walrus blobs (3):
  civilization_snapshot: m-dAABzRUTkS8Kl6kpNL... (17:25)
  civilization_snapshot: Jums-DnOT9RahmdzD_Ik... (15:39)
  civilization_snapshot: 7V0-xPlt0cVlHPKDfGgf... (15:35)

✅ Walrus cycle complete!

🐋 ZION Walrus Integration — 2026-05-18 21:25
==================================================
✅ Snapshot stored on Walrus!
   Blob ID: eHe-CVvvaB_u2vy9au8RS1M6Y0quy_iwzOWSnw8Q7SM
   Sui Object: 0x82812405efae0a00c83121c065a2afb7d43ca009f441bafa9ab56aeada2cff5c
   View: https://aggregator.walrus-testnet.walrus.space/v1/blobs/eHe-CVvvaB_u2vy9au8RS1M6Y0quy_iwzOWSnw8Q7SM

📊 Recent Walrus blobs (4):
  civilization_snapshot: eHe-CVvvaB_u2vy9au8R... (21:25)
  civilization_snapshot: m-dAABzRUTkS8Kl6kpNL... (17:25)
  civilization_snapshot: Jums-DnOT9RahmdzD_Ik... (15:39)
  civilization_snapshot: 7V0-xPlt0cVlHPKDfGgf... (15:35)

✅ Walrus cycle complete!
