
⚒️  ZionWork - 2026-05-10 04:00
📋 Zaid posted job: 'Train new clan recruits' (6.0 ZION)
  ✅ Orion completed task! Earned 5.88 ZION

📊 Jobs posted: 1 | Total completed: 1
✅ ZionWork cycle complete!


⚒️  ZionWork - 2026-05-11 04:00

📊 Jobs posted: 0 | Total completed: 0
✅ ZionWork cycle complete!


⚒️  ZionWork - 2026-05-12 04:00
📋 Olan Loginov posted job: 'Train new clan recruits' (6.0 ZION)
  ✅ Shin Nakajima completed task! Earned 5.88 ZION
📋 Martina Lefevre posted job: 'Guard the clan treasury' (5.0 ZION)
  ✅ Shin Nakajima completed task! Earned 4.90 ZION

📊 Jobs posted: 2 | Total completed: 2
✅ ZionWork cycle complete!


⚒️  ZionWork - 2026-05-13 04:00

📊 Jobs posted: 0 | Total completed: 2
✅ ZionWork cycle complete!


⚒️  ZionWork - 2026-05-14 04:00
📋 Kael Drakon posted job: 'Collect taxes from poor' (3.0 ZION)
  ✅ Estelle Somerset completed task! Earned 2.94 ZION

📊 Jobs posted: 1 | Total completed: 3
✅ ZionWork cycle complete!


⚒️  ZionWork - 2026-05-15 04:00

📊 Jobs posted: 0 | Total completed: 3
✅ ZionWork cycle complete!


⚒️  ZionWork - 2026-05-16 04:00

📊 Jobs posted: 0 | Total completed: 3
✅ ZionWork cycle complete!


⚒️  ZionWork - 2026-05-17 04:00
📋 Orion Regulus posted job: 'Spy on rival clan' (8.0 ZION)
  ✅ Murat Aksoy completed task! Earned 7.84 ZION
📋 Cato Queensbury posted job: 'Negotiate peace treaty' (10.0 ZION)
  ✅ Murat Aksoy completed task! Earned 9.80 ZION

📊 Jobs posted: 2 | Total completed: 27
✅ ZionWork cycle complete!

