
🎰 ZionBet - 2026-05-10 03:30
🎲 Elena bets 3.72 ZION → YES: 'Will a clan war happen today?'
🎲 Aarav bets 31.10 ZION → YES: 'Will a rebellion happen this week?'

📊 Total bets placed: 2

🎰 ZionBet - 2026-05-11 03:30
🎲 Orin Garcia bets 2.57 ZION → NO: 'Will a rebellion happen this week?'
🎲 Halima Omondi bets 3.28 ZION → YES: 'Will a rebellion happen this week?'

📊 Total bets placed: 2

🎰 ZionBet - 2026-05-12 03:30

📊 Total bets placed: 0

⚖️  Settling 2 bets...
  🏆 Orin Garcia WON! +5.09 ZION
  ❌ Halima Omondi LOST 3.28 ZION

🎰 ZionBet - 2026-05-13 03:30
🎲 Kael Drakon bets 2.29 ZION → YES: 'Will a clan war happen today?'

📊 Total bets placed: 1

🎰 ZionBet - 2026-05-14 03:30
🎲 Juliette Gallo bets 2.55 ZION → NO: 'Will the prophet earn more than 5 ZION?'
🎲 Kael Okafor bets 2.44 ZION → NO: 'Will a clan war happen today?'
🎲 Giovanni Conte bets 15.46 ZION → NO: 'Will a new agent be born today?'

📊 Total bets placed: 3

⚖️  Settling 1 bets...
  ❌ Kael Drakon LOST 2.29 ZION

🎰 ZionBet - 2026-05-15 03:30

📊 Total bets placed: 0

⚖️  Settling 3 bets...
  🏆 Kael Okafor WON! +4.83 ZION
  🏆 Giovanni Conte WON! +30.61 ZION
  🏆 Juliette Gallo WON! +5.05 ZION

🎰 ZionBet - 2026-05-16 03:30

📊 Total bets placed: 0

🎰 ZionBet - 2026-05-17 03:30
🎲 Magnus Ormond bets 1.03 ZION → NO: 'Will more than 2 agents die today?'

📊 Total bets placed: 1

🎰 ZionBet - 2026-05-18 03:30

📊 Total bets placed: 0

⚖️  Settling 1 bets...
  🏆 Magnus Ormond WON! +2.04 ZION

🎰 ZionBet - 2026-05-19 03:30
🎲 Pat White 1551 bets 1.04 ZION → NO: 'Will a rebellion happen this week?'

📊 Total bets placed: 1

🎰 ZionBet - 2026-05-20 03:30
🎲 Walt Pace 2 bets 1.51 ZION → YES: 'Will a catastrophe hit today?'

📊 Total bets placed: 1

⚖️  Settling 1 bets...
  🏆 Pat White 1551 WON! +2.06 ZION
